[35m[Appium][39m Welcome to Appium v1.22.1
[35m[Appium][39m Non-default server args:
[35m[Appium][39m   port: 49264
[35m[Appium][39m   loglevel: info
[35m[Appium][39m   tmpDir: /var/folders/ng/yn0fw_vs06sd52svk474lbd40000gn/T//Katalon/Appium/Temp1655371954090
[35m[Appium][39m   chromedriverPort: 49265
[35m[Appium][39m Deprecated server args:
[35m[Appium][39m   [31m--chromedriver-port[39m => --default-capabilities
[35m[Appium][39m Default capabilities, which will be added to each request unless overridden by desired capabilities:
[35m[Appium][39m   chromedriverPort: 49265
[35m[Appium][39m Appium REST http interface listener started on 0.0.0.0:49264
[35m[HTTP][39m [37m-->[39m [37mGET[39m [37m/wd/hub/status[39m
[35m[HTTP][39m [90m{}[39m
[35m[HTTP][39m [37m<-- GET /wd/hub/status [39m[32m200[39m [90m5 ms - 68[39m
[35m[HTTP][39m [90m[39m
[35m[HTTP][39m [37m-->[39m [37mPOST[39m [37m/wd/hub/session[39m
[35m[HTTP][39m [90m{"desiredCapabilities":{"app":"/Users/a00139272/Katalon Studio/MAE/androidapp/app-dev-universal-release (1).apk","appPackage":"com.maybank2u.life.uat","noReset":true,"appWaitActivity":"*","deviceId":"002b9cc60508","deviceName":"Xiaomi 21061119AG (Android 11)","fullReset":false,"platform":"ANDROID","appActivity":"com.maybank2u.life.MainActivity","newCommandTimeout":1800,"platformVersion":"11","automationName":"uiautomator2","autoGrantPermissions":true,"platformName":"Android","udid":"002b9cc60508","systemPort":49263},"capabilities":{"firstMatch":[{"appium:app":"/Users/a00139272/Katalon Studio/MAE/androidapp/app-dev-universal-release (1).apk","appium:appActivity":"com.maybank2u.life.MainActivity","appium:appPackage":"com.maybank2u.life.uat","appium:appWaitActivity":"*","appium:autoGrantPermissions":true,"appium:automationName":"uiautomator2","deviceId":"002b9cc60508","appium:deviceName":"Xiaomi 21061119AG (Android 11)","appium:fullReset":false,"appium:newCommandTimeout":1800,"appium:noReset":true,"platform":...[39m
[35m[BaseDriver][39m The following capabilities are not standard capabilities and should have an extension prefix:
[35m[BaseDriver][39m   deviceId
[35m[BaseDriver][39m   platform
[35m[BaseDriver][39m   chromedriverPort
[35m[Appium][39m Appium v1.22.1 creating new AndroidUiautomator2Driver (v1.70.1) session
[35m[BaseDriver][39m The following capabilities were provided, but are not recognized by Appium:
[35m[BaseDriver][39m   deviceId
[35m[BaseDriver][39m   platform
[35m[BaseDriver][39m Session created with session id: f7959614-b378-4cad-8366-0e9659a16bdd
[35m[BaseDriver][39m Using local app '/Users/a00139272/Katalon Studio/MAE/androidapp/app-dev-universal-release (1).apk'
[35m[ADB][39m Found 1 'build-tools' folders under '/Users/a00139272/.katalon/tools/android_sdk' (newest first):
[35m[ADB][39m     /Users/a00139272/.katalon/tools/android_sdk/build-tools/29.0.3
[35m[ADB][39m Using 'adb' from '/Users/a00139272/.katalon/tools/android_sdk/platform-tools/adb'
[35m[AndroidDriver][39m Retrieving device list
[35m[AndroidDriver][39m Using device: 002b9cc60508
[35m[ADB][39m Using 'adb' from '/Users/a00139272/.katalon/tools/android_sdk/platform-tools/adb'
[35m[ADB][39m Getting device platform version
[35m[UiAutomator2][39m Relaxing hidden api policy
[35m[ADB][39m Using 'apksigner.jar' from '/Users/a00139272/.katalon/tools/android_sdk/build-tools/29.0.3/lib/apksigner.jar'
[35m[ADB][39m '/usr/local/lib/node_modules/appium/node_modules/appium-uiautomator2-server/apks/appium-uiautomator2-server-v4.27.0.apk' is signed with the default certificate
[35m[ADB][39m '/usr/local/lib/node_modules/appium/node_modules/appium-uiautomator2-server/apks/appium-uiautomator2-server-debug-androidTest.apk' is signed with the default certificate
[35m[UiAutomator2][39m Server packages are not going to be (re)installed
[35m[ADB][39m Adding packages ["io.appium.settings","io.appium.uiautomator2.server","io.appium.uiautomator2.server.test"] to Doze whitelist
[35m[ADB][39m '/Users/a00139272/Katalon Studio/MAE/androidapp/app-dev-universal-release (1).apk' is signed with a non-default certificate
[35m[UiAutomator2][39m Starting UIAutomator2 server 4.27.0
[35m[UiAutomator2][39m Using UIAutomator2 server from '/usr/local/lib/node_modules/appium/node_modules/appium-uiautomator2-server/apks/appium-uiautomator2-server-v4.27.0.apk' and test from '/usr/local/lib/node_modules/appium/node_modules/appium-uiautomator2-server/apks/appium-uiautomator2-server-debug-androidTest.apk'
[35m[UiAutomator2][39m Waiting up to 30000ms for UiAutomator2 to be online...
[35m[WD Proxy][39m socket hang up
[35m[WD Proxy][39m socket hang up
[35m[WD Proxy][39m socket hang up
[35m[WD Proxy][39m Determined the downstream protocol as 'W3C'
[35m[AndroidDriver][39m Screen already unlocked, doing nothing
[35m[UiAutomator2][39m Starting 'com.maybank2u.life.uat/com.maybank2u.life.MainActivity and waiting for 'com.maybank2u.life.uat/*'
[35m[Appium][39m New AndroidUiautomator2Driver session created successfully, session f7959614-b378-4cad-8366-0e9659a16bdd added to master session list
[35m[HTTP][39m [37m<-- POST /wd/hub/session [39m[32m200[39m [90m11478 ms - 1555[39m
[35m[HTTP][39m [90m[39m
[35m[HTTP][39m [37m-->[39m [37mGET[39m [37m/wd/hub/session/f7959614-b378-4cad-8366-0e9659a16bdd[39m
[35m[HTTP][39m [90m{}[39m
[35m[HTTP][39m [37m<-- GET /wd/hub/session/f7959614-b378-4cad-8366-0e9659a16bdd [39m[32m200[39m [90m14 ms - 1509[39m
[35m[HTTP][39m [90m[39m
[35m[HTTP][39m [37m-->[39m [37mGET[39m [37m/wd/hub/session/f7959614-b378-4cad-8366-0e9659a16bdd[39m
[35m[HTTP][39m [90m{}[39m
[35m[HTTP][39m [37m<-- GET /wd/hub/session/f7959614-b378-4cad-8366-0e9659a16bdd [39m[32m200[39m [90m10 ms - 1509[39m
[35m[HTTP][39m [90m[39m
[35m[HTTP][39m [37m-->[39m [37mGET[39m [37m/wd/hub/status[39m
[35m[HTTP][39m [90m{}[39m
[35m[HTTP][39m [37m<-- GET /wd/hub/status [39m[32m200[39m [90m1 ms - 68[39m
[35m[HTTP][39m [90m[39m
[35m[HTTP][39m [37m-->[39m [37mPOST[39m [37m/wd/hub/session/f7959614-b378-4cad-8366-0e9659a16bdd/timeouts[39m
[35m[HTTP][39m [90m{"implicit":40000}[39m
[35m[HTTP][39m [37m<-- POST /wd/hub/session/f7959614-b378-4cad-8366-0e9659a16bdd/timeouts [39m[32m200[39m [90m2 ms - 14[39m
[35m[HTTP][39m [90m[39m
[35m[HTTP][39m [37m-->[39m [37mGET[39m [37m/wd/hub/session/f7959614-b378-4cad-8366-0e9659a16bdd/screenshot[39m
[35m[HTTP][39m [90m{}[39m
[35m[HTTP][39m [37m<-- GET /wd/hub/session/f7959614-b378-4cad-8366-0e9659a16bdd/screenshot [39m[32m200[39m [90m542 ms - 127786[39m
[35m[HTTP][39m [90m[39m
[35m[HTTP][39m [37m-->[39m [37mGET[39m [37m/wd/hub/session/f7959614-b378-4cad-8366-0e9659a16bdd/window/rect[39m
[35m[HTTP][39m [90m{}[39m
[35m[HTTP][39m [37m<-- GET /wd/hub/session/f7959614-b378-4cad-8366-0e9659a16bdd/window/rect [39m[32m200[39m [90m16 ms - 50[39m
[35m[HTTP][39m [90m[39m
[35m[HTTP][39m [37m-->[39m [37mGET[39m [37m/wd/hub/session/f7959614-b378-4cad-8366-0e9659a16bdd/appium/device/system_bars[39m
[35m[HTTP][39m [90m{}[39m
[35m[HTTP][39m [37m<-- GET /wd/hub/session/f7959614-b378-4cad-8366-0e9659a16bdd/appium/device/system_bars [39m[32m200[39m [90m74 ms - 149[39m
[35m[HTTP][39m [90m[39m
[35m[HTTP][39m [37m-->[39m [37mGET[39m [37m/wd/hub/session/f7959614-b378-4cad-8366-0e9659a16bdd/context[39m
[35m[HTTP][39m [90m{}[39m
[35m[HTTP][39m [37m<-- GET /wd/hub/session/f7959614-b378-4cad-8366-0e9659a16bdd/context [39m[32m200[39m [90m1 ms - 22[39m
[35m[HTTP][39m [90m[39m
[35m[HTTP][39m [37m-->[39m [37mGET[39m [37m/wd/hub/session/f7959614-b378-4cad-8366-0e9659a16bdd/contexts[39m
[35m[HTTP][39m [90m{}[39m
[35m[HTTP][39m [37m<-- GET /wd/hub/session/f7959614-b378-4cad-8366-0e9659a16bdd/contexts [39m[32m200[39m [90m51 ms - 24[39m
[35m[HTTP][39m [90m[39m
[35m[HTTP][39m [37m-->[39m [37mPOST[39m [37m/wd/hub/session/f7959614-b378-4cad-8366-0e9659a16bdd/context[39m
[35m[HTTP][39m [90m{"name":"NATIVE_APP"}[39m
[35m[HTTP][39m [37m<-- POST /wd/hub/session/f7959614-b378-4cad-8366-0e9659a16bdd/context [39m[32m200[39m [90m2 ms - 14[39m
[35m[HTTP][39m [90m[39m
[35m[HTTP][39m [37m-->[39m [37mGET[39m [37m/wd/hub/session/f7959614-b378-4cad-8366-0e9659a16bdd/window/rect[39m
[35m[HTTP][39m [90m{}[39m
[35m[HTTP][39m [37m<-- GET /wd/hub/session/f7959614-b378-4cad-8366-0e9659a16bdd/window/rect [39m[32m200[39m [90m21 ms - 50[39m
[35m[HTTP][39m [90m[39m
[35m[HTTP][39m [37m-->[39m [37mPOST[39m [37m/wd/hub/session/f7959614-b378-4cad-8366-0e9659a16bdd/context[39m
[35m[HTTP][39m [90m{"name":"NATIVE_APP"}[39m
[35m[HTTP][39m [37m<-- POST /wd/hub/session/f7959614-b378-4cad-8366-0e9659a16bdd/context [39m[32m200[39m [90m2 ms - 14[39m
[35m[HTTP][39m [90m[39m
[35m[HTTP][39m [37m-->[39m [37mGET[39m [37m/wd/hub/session/f7959614-b378-4cad-8366-0e9659a16bdd/context[39m
[35m[HTTP][39m [90m{}[39m
[35m[HTTP][39m [37m<-- GET /wd/hub/session/f7959614-b378-4cad-8366-0e9659a16bdd/context [39m[32m200[39m [90m1 ms - 22[39m
[35m[HTTP][39m [90m[39m
[35m[HTTP][39m [37m-->[39m [37mGET[39m [37m/wd/hub/session/f7959614-b378-4cad-8366-0e9659a16bdd/contexts[39m
[35m[HTTP][39m [90m{}[39m
[35m[HTTP][39m [37m<-- GET /wd/hub/session/f7959614-b378-4cad-8366-0e9659a16bdd/contexts [39m[32m200[39m [90m62 ms - 24[39m
[35m[HTTP][39m [90m[39m
[35m[HTTP][39m [37m-->[39m [37mPOST[39m [37m/wd/hub/session/f7959614-b378-4cad-8366-0e9659a16bdd/context[39m
[35m[HTTP][39m [90m{"name":"NATIVE_APP"}[39m
[35m[HTTP][39m [37m<-- POST /wd/hub/session/f7959614-b378-4cad-8366-0e9659a16bdd/context [39m[32m200[39m [90m1 ms - 14[39m
[35m[HTTP][39m [90m[39m
[35m[HTTP][39m [37m-->[39m [37mGET[39m [37m/wd/hub/session/f7959614-b378-4cad-8366-0e9659a16bdd/window/rect[39m
[35m[HTTP][39m [90m{}[39m
[35m[HTTP][39m [37m<-- GET /wd/hub/session/f7959614-b378-4cad-8366-0e9659a16bdd/window/rect [39m[32m200[39m [90m20 ms - 50[39m
[35m[HTTP][39m [90m[39m
[35m[HTTP][39m [37m-->[39m [37mPOST[39m [37m/wd/hub/session/f7959614-b378-4cad-8366-0e9659a16bdd/context[39m
[35m[HTTP][39m [90m{"name":"NATIVE_APP"}[39m
[35m[HTTP][39m [37m<-- POST /wd/hub/session/f7959614-b378-4cad-8366-0e9659a16bdd/context [39m[32m200[39m [90m1 ms - 14[39m
[35m[HTTP][39m [90m[39m
[35m[HTTP][39m [37m-->[39m [37mPOST[39m [37m/wd/hub/session/f7959614-b378-4cad-8366-0e9659a16bdd/touch/perform[39m
[35m[HTTP][39m [90m{"actions":[{"action":"tap","options":{"x":360,"y":2101}},{"action":"wait","options":{"ms":50}}]}[39m
[35m[HTTP][39m [37m<-- POST /wd/hub/session/f7959614-b378-4cad-8366-0e9659a16bdd/touch/perform [39m[32m200[39m [90m1562 ms - 14[39m
[35m[HTTP][39m [90m[39m
[35m[HTTP][39m [37m-->[39m [37mPOST[39m [37m/wd/hub/session/f7959614-b378-4cad-8366-0e9659a16bdd/timeouts[39m
[35m[HTTP][39m [90m{"implicit":50}[39m
[35m[HTTP][39m [37m<-- POST /wd/hub/session/f7959614-b378-4cad-8366-0e9659a16bdd/timeouts [39m[32m200[39m [90m2 ms - 14[39m
[35m[HTTP][39m [90m[39m
[35m[HTTP][39m [37m-->[39m [37mGET[39m [37m/wd/hub/session/f7959614-b378-4cad-8366-0e9659a16bdd/window/rect[39m
[35m[HTTP][39m [90m{}[39m
[35m[HTTP][39m [37m<-- GET /wd/hub/session/f7959614-b378-4cad-8366-0e9659a16bdd/window/rect [39m[32m200[39m [90m14 ms - 50[39m
[35m[HTTP][39m [90m[39m
[35m[HTTP][39m [37m-->[39m [37mPOST[39m [37m/wd/hub/session/f7959614-b378-4cad-8366-0e9659a16bdd/elements[39m
[35m[HTTP][39m [90m{"using":"xpath","value":"//*[@class = 'android.widget.TextView' and (@text = 'Enter your 6-digit PIN' or . = 'Enter your 6-digit PIN')]"}[39m
[35m[HTTP][39m [37m<-- POST /wd/hub/session/f7959614-b378-4cad-8366-0e9659a16bdd/elements [39m[32m200[39m [90m515 ms - 139[39m
[35m[HTTP][39m [90m[39m
[35m[HTTP][39m [37m-->[39m [37mGET[39m [37m/wd/hub/session/f7959614-b378-4cad-8366-0e9659a16bdd/element/00000000-0000-01b7-ffff-ffff00000267/location[39m
[35m[HTTP][39m [90m{}[39m
[35m[W3C (f7959614)][39m Driver proxy active, passing request on via HTTP proxy
[35m[WD Proxy][39m Replacing sessionId 90231935-06e9-4f56-a06d-30862f68dd0c with f7959614-b378-4cad-8366-0e9659a16bdd
[35m[HTTP][39m [37m<-- GET /wd/hub/session/f7959614-b378-4cad-8366-0e9659a16bdd/element/00000000-0000-01b7-ffff-ffff00000267/location [39m[32m200[39m [90m17 ms - 77[39m
[35m[HTTP][39m [90m[39m
[35m[HTTP][39m [37m-->[39m [37mPOST[39m [37m/wd/hub/session/f7959614-b378-4cad-8366-0e9659a16bdd/timeouts[39m
[35m[HTTP][39m [90m{"implicit":40000}[39m
[35m[HTTP][39m [37m<-- POST /wd/hub/session/f7959614-b378-4cad-8366-0e9659a16bdd/timeouts [39m[32m200[39m [90m1 ms - 14[39m
[35m[HTTP][39m [90m[39m
[35m[HTTP][39m [37m-->[39m [37mGET[39m [37m/wd/hub/session/f7959614-b378-4cad-8366-0e9659a16bdd/element/00000000-0000-01b7-ffff-ffff00000267/displayed[39m
[35m[HTTP][39m [90m{}[39m
[35m[HTTP][39m [37m<-- GET /wd/hub/session/f7959614-b378-4cad-8366-0e9659a16bdd/element/00000000-0000-01b7-ffff-ffff00000267/displayed [39m[32m200[39m [90m15 ms - 14[39m
[35m[HTTP][39m [90m[39m
[35m[HTTP][39m [37m-->[39m [37mPOST[39m [37m/wd/hub/session/f7959614-b378-4cad-8366-0e9659a16bdd/timeouts[39m
[35m[HTTP][39m [90m{"implicit":50}[39m
[35m[HTTP][39m [37m<-- POST /wd/hub/session/f7959614-b378-4cad-8366-0e9659a16bdd/timeouts [39m[32m200[39m [90m1 ms - 14[39m
[35m[HTTP][39m [90m[39m
[35m[HTTP][39m [37m-->[39m [37mGET[39m [37m/wd/hub/session/f7959614-b378-4cad-8366-0e9659a16bdd/window/rect[39m
[35m[HTTP][39m [90m{}[39m
[35m[HTTP][39m [37m<-- GET /wd/hub/session/f7959614-b378-4cad-8366-0e9659a16bdd/window/rect [39m[32m200[39m [90m11 ms - 50[39m
[35m[HTTP][39m [90m[39m
[35m[HTTP][39m [37m-->[39m [37mPOST[39m [37m/wd/hub/session/f7959614-b378-4cad-8366-0e9659a16bdd/elements[39m
[35m[HTTP][39m [90m{"using":"xpath","value":"//*[@class = 'android.widget.TextView' and (@text = '1' or . = '1')]"}[39m
[35m[HTTP][39m [37m<-- POST /wd/hub/session/f7959614-b378-4cad-8366-0e9659a16bdd/elements [39m[32m200[39m [90m175 ms - 139[39m
[35m[HTTP][39m [90m[39m
[35m[HTTP][39m [37m-->[39m [37mGET[39m [37m/wd/hub/session/f7959614-b378-4cad-8366-0e9659a16bdd/element/00000000-0000-01b7-ffff-ffff00000272/location[39m
[35m[HTTP][39m [90m{}[39m
[35m[W3C (f7959614)][39m Driver proxy active, passing request on via HTTP proxy
[35m[WD Proxy][39m Replacing sessionId 90231935-06e9-4f56-a06d-30862f68dd0c with f7959614-b378-4cad-8366-0e9659a16bdd
[35m[HTTP][39m [37m<-- GET /wd/hub/session/f7959614-b378-4cad-8366-0e9659a16bdd/element/00000000-0000-01b7-ffff-ffff00000272/location [39m[32m200[39m [90m16 ms - 79[39m
[35m[HTTP][39m [90m[39m
[35m[HTTP][39m [37m-->[39m [37mPOST[39m [37m/wd/hub/session/f7959614-b378-4cad-8366-0e9659a16bdd/timeouts[39m
[35m[HTTP][39m [90m{"implicit":40000}[39m
[35m[HTTP][39m [37m<-- POST /wd/hub/session/f7959614-b378-4cad-8366-0e9659a16bdd/timeouts [39m[32m200[39m [90m1 ms - 14[39m
[35m[HTTP][39m [90m[39m
[35m[HTTP][39m [37m-->[39m [37mPOST[39m [37m/wd/hub/session/f7959614-b378-4cad-8366-0e9659a16bdd/element/00000000-0000-01b7-ffff-ffff00000272/click[39m
[35m[HTTP][39m [90m{"id":"00000000-0000-01b7-ffff-ffff00000272"}[39m
[35m[HTTP][39m [37m<-- POST /wd/hub/session/f7959614-b378-4cad-8366-0e9659a16bdd/element/00000000-0000-01b7-ffff-ffff00000272/click [39m[32m200[39m [90m58 ms - 14[39m
[35m[HTTP][39m [90m[39m
[35m[HTTP][39m [37m-->[39m [37mPOST[39m [37m/wd/hub/session/f7959614-b378-4cad-8366-0e9659a16bdd/timeouts[39m
[35m[HTTP][39m [90m{"implicit":50}[39m
[35m[HTTP][39m [37m<-- POST /wd/hub/session/f7959614-b378-4cad-8366-0e9659a16bdd/timeouts [39m[32m200[39m [90m1 ms - 14[39m
[35m[HTTP][39m [90m[39m
[35m[HTTP][39m [37m-->[39m [37mGET[39m [37m/wd/hub/session/f7959614-b378-4cad-8366-0e9659a16bdd/window/rect[39m
[35m[HTTP][39m [90m{}[39m
[35m[HTTP][39m [37m<-- GET /wd/hub/session/f7959614-b378-4cad-8366-0e9659a16bdd/window/rect [39m[32m200[39m [90m9 ms - 50[39m
[35m[HTTP][39m [90m[39m
[35m[HTTP][39m [37m-->[39m [37mPOST[39m [37m/wd/hub/session/f7959614-b378-4cad-8366-0e9659a16bdd/elements[39m
[35m[HTTP][39m [90m{"using":"xpath","value":"//*[@class = 'android.widget.TextView' and (@text = '1' or . = '1')]"}[39m
[35m[HTTP][39m [37m<-- POST /wd/hub/session/f7959614-b378-4cad-8366-0e9659a16bdd/elements [39m[32m200[39m [90m1740 ms - 139[39m
[35m[HTTP][39m [90m[39m
[35m[HTTP][39m [37m-->[39m [37mGET[39m [37m/wd/hub/session/f7959614-b378-4cad-8366-0e9659a16bdd/element/00000000-0000-01b7-ffff-ffff00000272/location[39m
[35m[HTTP][39m [90m{}[39m
[35m[W3C (f7959614)][39m Driver proxy active, passing request on via HTTP proxy
[35m[WD Proxy][39m Replacing sessionId 90231935-06e9-4f56-a06d-30862f68dd0c with f7959614-b378-4cad-8366-0e9659a16bdd
[35m[HTTP][39m [37m<-- GET /wd/hub/session/f7959614-b378-4cad-8366-0e9659a16bdd/element/00000000-0000-01b7-ffff-ffff00000272/location [39m[32m200[39m [90m15 ms - 79[39m
[35m[HTTP][39m [90m[39m
[35m[HTTP][39m [37m-->[39m [37mPOST[39m [37m/wd/hub/session/f7959614-b378-4cad-8366-0e9659a16bdd/timeouts[39m
[35m[HTTP][39m [90m{"implicit":40000}[39m
[35m[HTTP][39m [37m<-- POST /wd/hub/session/f7959614-b378-4cad-8366-0e9659a16bdd/timeouts [39m[32m200[39m [90m3 ms - 14[39m
[35m[HTTP][39m [90m[39m
[35m[HTTP][39m [37m-->[39m [37mPOST[39m [37m/wd/hub/session/f7959614-b378-4cad-8366-0e9659a16bdd/element/00000000-0000-01b7-ffff-ffff00000272/click[39m
[35m[HTTP][39m [90m{"id":"00000000-0000-01b7-ffff-ffff00000272"}[39m
[35m[HTTP][39m [37m<-- POST /wd/hub/session/f7959614-b378-4cad-8366-0e9659a16bdd/element/00000000-0000-01b7-ffff-ffff00000272/click [39m[32m200[39m [90m56 ms - 14[39m
[35m[HTTP][39m [90m[39m
[35m[HTTP][39m [37m-->[39m [37mPOST[39m [37m/wd/hub/session/f7959614-b378-4cad-8366-0e9659a16bdd/timeouts[39m
[35m[HTTP][39m [90m{"implicit":50}[39m
[35m[HTTP][39m [37m<-- POST /wd/hub/session/f7959614-b378-4cad-8366-0e9659a16bdd/timeouts [39m[32m200[39m [90m1 ms - 14[39m
[35m[HTTP][39m [90m[39m
[35m[HTTP][39m [37m-->[39m [37mGET[39m [37m/wd/hub/session/f7959614-b378-4cad-8366-0e9659a16bdd/window/rect[39m
[35m[HTTP][39m [90m{}[39m
[35m[HTTP][39m [37m<-- GET /wd/hub/session/f7959614-b378-4cad-8366-0e9659a16bdd/window/rect [39m[32m200[39m [90m12 ms - 50[39m
[35m[HTTP][39m [90m[39m
[35m[HTTP][39m [37m-->[39m [37mPOST[39m [37m/wd/hub/session/f7959614-b378-4cad-8366-0e9659a16bdd/elements[39m
[35m[HTTP][39m [90m{"using":"xpath","value":"//*[@class = 'android.widget.TextView' and (@text = '1' or . = '1')]"}[39m
[35m[HTTP][39m [37m<-- POST /wd/hub/session/f7959614-b378-4cad-8366-0e9659a16bdd/elements [39m[32m200[39m [90m1642 ms - 139[39m
[35m[HTTP][39m [90m[39m
[35m[HTTP][39m [37m-->[39m [37mGET[39m [37m/wd/hub/session/f7959614-b378-4cad-8366-0e9659a16bdd/element/00000000-0000-01b7-ffff-ffff00000272/location[39m
[35m[HTTP][39m [90m{}[39m
[35m[W3C (f7959614)][39m Driver proxy active, passing request on via HTTP proxy
[35m[WD Proxy][39m Replacing sessionId 90231935-06e9-4f56-a06d-30862f68dd0c with f7959614-b378-4cad-8366-0e9659a16bdd
[35m[HTTP][39m [37m<-- GET /wd/hub/session/f7959614-b378-4cad-8366-0e9659a16bdd/element/00000000-0000-01b7-ffff-ffff00000272/location [39m[32m200[39m [90m436 ms - 79[39m
[35m[HTTP][39m [90m[39m
[35m[HTTP][39m [37m-->[39m [37mPOST[39m [37m/wd/hub/session/f7959614-b378-4cad-8366-0e9659a16bdd/timeouts[39m
[35m[HTTP][39m [90m{"implicit":40000}[39m
[35m[HTTP][39m [37m<-- POST /wd/hub/session/f7959614-b378-4cad-8366-0e9659a16bdd/timeouts [39m[32m200[39m [90m2 ms - 14[39m
[35m[HTTP][39m [90m[39m
[35m[HTTP][39m [37m-->[39m [37mPOST[39m [37m/wd/hub/session/f7959614-b378-4cad-8366-0e9659a16bdd/element/00000000-0000-01b7-ffff-ffff00000272/click[39m
[35m[HTTP][39m [90m{"id":"00000000-0000-01b7-ffff-ffff00000272"}[39m
[35m[HTTP][39m [37m<-- POST /wd/hub/session/f7959614-b378-4cad-8366-0e9659a16bdd/element/00000000-0000-01b7-ffff-ffff00000272/click [39m[32m200[39m [90m51 ms - 14[39m
[35m[HTTP][39m [90m[39m
[35m[HTTP][39m [37m-->[39m [37mPOST[39m [37m/wd/hub/session/f7959614-b378-4cad-8366-0e9659a16bdd/timeouts[39m
[35m[HTTP][39m [90m{"implicit":50}[39m
[35m[HTTP][39m [37m<-- POST /wd/hub/session/f7959614-b378-4cad-8366-0e9659a16bdd/timeouts [39m[32m200[39m [90m1 ms - 14[39m
[35m[HTTP][39m [90m[39m
[35m[HTTP][39m [37m-->[39m [37mGET[39m [37m/wd/hub/session/f7959614-b378-4cad-8366-0e9659a16bdd/window/rect[39m
[35m[HTTP][39m [90m{}[39m
[35m[HTTP][39m [37m<-- GET /wd/hub/session/f7959614-b378-4cad-8366-0e9659a16bdd/window/rect [39m[32m200[39m [90m11 ms - 50[39m
[35m[HTTP][39m [90m[39m
[35m[HTTP][39m [37m-->[39m [37mPOST[39m [37m/wd/hub/session/f7959614-b378-4cad-8366-0e9659a16bdd/elements[39m
[35m[HTTP][39m [90m{"using":"xpath","value":"//*[@class = 'android.widget.TextView' and (@text = '1' or . = '1')]"}[39m
[35m[HTTP][39m [37m<-- POST /wd/hub/session/f7959614-b378-4cad-8366-0e9659a16bdd/elements [39m[32m200[39m [90m1629 ms - 139[39m
[35m[HTTP][39m [90m[39m
[35m[HTTP][39m [37m-->[39m [37mGET[39m [37m/wd/hub/session/f7959614-b378-4cad-8366-0e9659a16bdd/element/00000000-0000-01b7-ffff-ffff00000272/location[39m
[35m[HTTP][39m [90m{}[39m
[35m[W3C (f7959614)][39m Driver proxy active, passing request on via HTTP proxy
[35m[WD Proxy][39m Replacing sessionId 90231935-06e9-4f56-a06d-30862f68dd0c with f7959614-b378-4cad-8366-0e9659a16bdd
[35m[HTTP][39m [37m<-- GET /wd/hub/session/f7959614-b378-4cad-8366-0e9659a16bdd/element/00000000-0000-01b7-ffff-ffff00000272/location [39m[32m200[39m [90m17 ms - 79[39m
[35m[HTTP][39m [90m[39m
[35m[HTTP][39m [37m-->[39m [37mPOST[39m [37m/wd/hub/session/f7959614-b378-4cad-8366-0e9659a16bdd/timeouts[39m
[35m[HTTP][39m [90m{"implicit":40000}[39m
[35m[HTTP][39m [37m<-- POST /wd/hub/session/f7959614-b378-4cad-8366-0e9659a16bdd/timeouts [39m[32m200[39m [90m1 ms - 14[39m
[35m[HTTP][39m [90m[39m
[35m[HTTP][39m [37m-->[39m [37mPOST[39m [37m/wd/hub/session/f7959614-b378-4cad-8366-0e9659a16bdd/element/00000000-0000-01b7-ffff-ffff00000272/click[39m
[35m[HTTP][39m [90m{"id":"00000000-0000-01b7-ffff-ffff00000272"}[39m
[35m[HTTP][39m [37m<-- POST /wd/hub/session/f7959614-b378-4cad-8366-0e9659a16bdd/element/00000000-0000-01b7-ffff-ffff00000272/click [39m[32m200[39m [90m51 ms - 14[39m
[35m[HTTP][39m [90m[39m
[35m[HTTP][39m [37m-->[39m [37mPOST[39m [37m/wd/hub/session/f7959614-b378-4cad-8366-0e9659a16bdd/timeouts[39m
[35m[HTTP][39m [90m{"implicit":50}[39m
[35m[HTTP][39m [37m<-- POST /wd/hub/session/f7959614-b378-4cad-8366-0e9659a16bdd/timeouts [39m[32m200[39m [90m1 ms - 14[39m
[35m[HTTP][39m [90m[39m
[35m[HTTP][39m [37m-->[39m [37mGET[39m [37m/wd/hub/session/f7959614-b378-4cad-8366-0e9659a16bdd/window/rect[39m
[35m[HTTP][39m [90m{}[39m
[35m[HTTP][39m [37m<-- GET /wd/hub/session/f7959614-b378-4cad-8366-0e9659a16bdd/window/rect [39m[32m200[39m [90m8 ms - 50[39m
[35m[HTTP][39m [90m[39m
[35m[HTTP][39m [37m-->[39m [37mPOST[39m [37m/wd/hub/session/f7959614-b378-4cad-8366-0e9659a16bdd/elements[39m
[35m[HTTP][39m [90m{"using":"xpath","value":"//*[@class = 'android.widget.TextView' and (@text = '1' or . = '1')]"}[39m
[35m[HTTP][39m [37m<-- POST /wd/hub/session/f7959614-b378-4cad-8366-0e9659a16bdd/elements [39m[32m200[39m [90m1615 ms - 139[39m
[35m[HTTP][39m [90m[39m
[35m[HTTP][39m [37m-->[39m [37mGET[39m [37m/wd/hub/session/f7959614-b378-4cad-8366-0e9659a16bdd/element/00000000-0000-01b7-ffff-ffff00000272/location[39m
[35m[HTTP][39m [90m{}[39m
[35m[W3C (f7959614)][39m Driver proxy active, passing request on via HTTP proxy
[35m[WD Proxy][39m Replacing sessionId 90231935-06e9-4f56-a06d-30862f68dd0c with f7959614-b378-4cad-8366-0e9659a16bdd
[35m[HTTP][39m [37m<-- GET /wd/hub/session/f7959614-b378-4cad-8366-0e9659a16bdd/element/00000000-0000-01b7-ffff-ffff00000272/location [39m[32m200[39m [90m20 ms - 79[39m
[35m[HTTP][39m [90m[39m
[35m[HTTP][39m [37m-->[39m [37mPOST[39m [37m/wd/hub/session/f7959614-b378-4cad-8366-0e9659a16bdd/timeouts[39m
[35m[HTTP][39m [90m{"implicit":40000}[39m
[35m[HTTP][39m [37m<-- POST /wd/hub/session/f7959614-b378-4cad-8366-0e9659a16bdd/timeouts [39m[32m200[39m [90m1 ms - 14[39m
[35m[HTTP][39m [90m[39m
[35m[HTTP][39m [37m-->[39m [37mPOST[39m [37m/wd/hub/session/f7959614-b378-4cad-8366-0e9659a16bdd/element/00000000-0000-01b7-ffff-ffff00000272/click[39m
[35m[HTTP][39m [90m{"id":"00000000-0000-01b7-ffff-ffff00000272"}[39m
[35m[HTTP][39m [37m<-- POST /wd/hub/session/f7959614-b378-4cad-8366-0e9659a16bdd/element/00000000-0000-01b7-ffff-ffff00000272/click [39m[32m200[39m [90m51 ms - 14[39m
[35m[HTTP][39m [90m[39m
[35m[HTTP][39m [37m-->[39m [37mPOST[39m [37m/wd/hub/session/f7959614-b378-4cad-8366-0e9659a16bdd/timeouts[39m
[35m[HTTP][39m [90m{"implicit":50}[39m
[35m[HTTP][39m [37m<-- POST /wd/hub/session/f7959614-b378-4cad-8366-0e9659a16bdd/timeouts [39m[32m200[39m [90m1 ms - 14[39m
[35m[HTTP][39m [90m[39m
[35m[HTTP][39m [37m-->[39m [37mGET[39m [37m/wd/hub/session/f7959614-b378-4cad-8366-0e9659a16bdd/window/rect[39m
[35m[HTTP][39m [90m{}[39m
[35m[HTTP][39m [37m<-- GET /wd/hub/session/f7959614-b378-4cad-8366-0e9659a16bdd/window/rect [39m[32m200[39m [90m7 ms - 50[39m
[35m[HTTP][39m [90m[39m
[35m[HTTP][39m [37m-->[39m [37mPOST[39m [37m/wd/hub/session/f7959614-b378-4cad-8366-0e9659a16bdd/elements[39m
[35m[HTTP][39m [90m{"using":"xpath","value":"//*[@class = 'android.widget.TextView' and (@text = '2' or . = '2')]"}[39m
[35m[HTTP][39m [37m<-- POST /wd/hub/session/f7959614-b378-4cad-8366-0e9659a16bdd/elements [39m[32m200[39m [90m1592 ms - 139[39m
[35m[HTTP][39m [90m[39m
[35m[HTTP][39m [37m-->[39m [37mGET[39m [37m/wd/hub/session/f7959614-b378-4cad-8366-0e9659a16bdd/element/00000000-0000-01b7-ffff-ffff00000274/location[39m
[35m[HTTP][39m [90m{}[39m
[35m[W3C (f7959614)][39m Driver proxy active, passing request on via HTTP proxy
[35m[WD Proxy][39m Replacing sessionId 90231935-06e9-4f56-a06d-30862f68dd0c with f7959614-b378-4cad-8366-0e9659a16bdd
[35m[HTTP][39m [37m<-- GET /wd/hub/session/f7959614-b378-4cad-8366-0e9659a16bdd/element/00000000-0000-01b7-ffff-ffff00000274/location [39m[32m200[39m [90m19 ms - 79[39m
[35m[HTTP][39m [90m[39m
[35m[HTTP][39m [37m-->[39m [37mPOST[39m [37m/wd/hub/session/f7959614-b378-4cad-8366-0e9659a16bdd/timeouts[39m
[35m[HTTP][39m [90m{"implicit":40000}[39m
[35m[HTTP][39m [37m<-- POST /wd/hub/session/f7959614-b378-4cad-8366-0e9659a16bdd/timeouts [39m[32m200[39m [90m1 ms - 14[39m
[35m[HTTP][39m [90m[39m
[35m[HTTP][39m [37m-->[39m [37mPOST[39m [37m/wd/hub/session/f7959614-b378-4cad-8366-0e9659a16bdd/element/00000000-0000-01b7-ffff-ffff00000274/click[39m
[35m[HTTP][39m [90m{"id":"00000000-0000-01b7-ffff-ffff00000274"}[39m
[35m[HTTP][39m [37m<-- POST /wd/hub/session/f7959614-b378-4cad-8366-0e9659a16bdd/element/00000000-0000-01b7-ffff-ffff00000274/click [39m[32m200[39m [90m50 ms - 14[39m
[35m[HTTP][39m [90m[39m
[35m[HTTP][39m [37m-->[39m [37mPOST[39m [37m/wd/hub/session/f7959614-b378-4cad-8366-0e9659a16bdd/timeouts[39m
[35m[HTTP][39m [90m{"implicit":50}[39m
[35m[HTTP][39m [37m<-- POST /wd/hub/session/f7959614-b378-4cad-8366-0e9659a16bdd/timeouts [39m[32m200[39m [90m1 ms - 14[39m
[35m[HTTP][39m [90m[39m
[35m[HTTP][39m [37m-->[39m [37mGET[39m [37m/wd/hub/session/f7959614-b378-4cad-8366-0e9659a16bdd/window/rect[39m
[35m[HTTP][39m [90m{}[39m
[35m[HTTP][39m [37m<-- GET /wd/hub/session/f7959614-b378-4cad-8366-0e9659a16bdd/window/rect [39m[32m200[39m [90m10 ms - 50[39m
[35m[HTTP][39m [90m[39m
[35m[HTTP][39m [37m-->[39m [37mPOST[39m [37m/wd/hub/session/f7959614-b378-4cad-8366-0e9659a16bdd/elements[39m
[35m[HTTP][39m [90m{"using":"xpath","value":"//*[@class = 'android.widget.TextView' and (@text = 'MAE' or . = 'MAE')]"}[39m
[35m[HTTP][39m [37m<-- POST /wd/hub/session/f7959614-b378-4cad-8366-0e9659a16bdd/elements [39m[32m200[39m [90m256 ms - 12[39m
[35m[HTTP][39m [90m[39m
[35m[HTTP][39m [37m-->[39m [37mPOST[39m [37m/wd/hub/session/f7959614-b378-4cad-8366-0e9659a16bdd/elements[39m
[35m[HTTP][39m [90m{"using":"xpath","value":"//*[@class = 'android.widget.TextView' and (@text = 'MAE' or . = 'MAE')]"}[39m
[35m[HTTP][39m [37m<-- POST /wd/hub/session/f7959614-b378-4cad-8366-0e9659a16bdd/elements [39m[32m200[39m [90m116 ms - 12[39m
[35m[HTTP][39m [90m[39m
[35m[HTTP][39m [37m-->[39m [37mPOST[39m [37m/wd/hub/session/f7959614-b378-4cad-8366-0e9659a16bdd/elements[39m
[35m[HTTP][39m [90m{"using":"xpath","value":"//*[@class = 'android.widget.TextView' and (@text = 'MAE' or . = 'MAE')]"}[39m
[35m[HTTP][39m [37m<-- POST /wd/hub/session/f7959614-b378-4cad-8366-0e9659a16bdd/elements [39m[32m200[39m [90m101 ms - 12[39m
[35m[HTTP][39m [90m[39m
[35m[HTTP][39m [37m-->[39m [37mPOST[39m [37m/wd/hub/session/f7959614-b378-4cad-8366-0e9659a16bdd/elements[39m
[35m[HTTP][39m [90m{"using":"xpath","value":"//*[@class = 'android.widget.TextView' and (@text = 'MAE' or . = 'MAE')]"}[39m
[35m[HTTP][39m [37m<-- POST /wd/hub/session/f7959614-b378-4cad-8366-0e9659a16bdd/elements [39m[32m200[39m [90m118 ms - 12[39m
[35m[HTTP][39m [90m[39m
[35m[HTTP][39m [37m-->[39m [37mPOST[39m [37m/wd/hub/session/f7959614-b378-4cad-8366-0e9659a16bdd/elements[39m
[35m[HTTP][39m [90m{"using":"xpath","value":"//*[@class = 'android.widget.TextView' and (@text = 'MAE' or . = 'MAE')]"}[39m
[35m[HTTP][39m [37m<-- POST /wd/hub/session/f7959614-b378-4cad-8366-0e9659a16bdd/elements [39m[32m200[39m [90m112 ms - 12[39m
[35m[HTTP][39m [90m[39m
[35m[HTTP][39m [37m-->[39m [37mPOST[39m [37m/wd/hub/session/f7959614-b378-4cad-8366-0e9659a16bdd/elements[39m
[35m[HTTP][39m [90m{"using":"xpath","value":"//*[@class = 'android.widget.TextView' and (@text = 'MAE' or . = 'MAE')]"}[39m
[35m[HTTP][39m [37m<-- POST /wd/hub/session/f7959614-b378-4cad-8366-0e9659a16bdd/elements [39m[32m200[39m [90m93 ms - 12[39m
[35m[HTTP][39m [90m[39m
[35m[HTTP][39m [37m-->[39m [37mPOST[39m [37m/wd/hub/session/f7959614-b378-4cad-8366-0e9659a16bdd/elements[39m
[35m[HTTP][39m [90m{"using":"xpath","value":"//*[@class = 'android.widget.TextView' and (@text = 'MAE' or . = 'MAE')]"}[39m
[35m[HTTP][39m [37m<-- POST /wd/hub/session/f7959614-b378-4cad-8366-0e9659a16bdd/elements [39m[32m200[39m [90m94 ms - 12[39m
[35m[HTTP][39m [90m[39m
[35m[HTTP][39m [37m-->[39m [37mPOST[39m [37m/wd/hub/session/f7959614-b378-4cad-8366-0e9659a16bdd/elements[39m
[35m[HTTP][39m [90m{"using":"xpath","value":"//*[@class = 'android.widget.TextView' and (@text = 'MAE' or . = 'MAE')]"}[39m
[35m[HTTP][39m [37m<-- POST /wd/hub/session/f7959614-b378-4cad-8366-0e9659a16bdd/elements [39m[32m200[39m [90m104 ms - 12[39m
[35m[HTTP][39m [90m[39m
[35m[HTTP][39m [37m-->[39m [37mPOST[39m [37m/wd/hub/session/f7959614-b378-4cad-8366-0e9659a16bdd/elements[39m
[35m[HTTP][39m [90m{"using":"xpath","value":"//*[@class = 'android.widget.TextView' and (@text = 'MAE' or . = 'MAE')]"}[39m
[35m[HTTP][39m [37m<-- POST /wd/hub/session/f7959614-b378-4cad-8366-0e9659a16bdd/elements [39m[32m200[39m [90m104 ms - 12[39m
[35m[HTTP][39m [90m[39m
[35m[HTTP][39m [37m-->[39m [37mPOST[39m [37m/wd/hub/session/f7959614-b378-4cad-8366-0e9659a16bdd/elements[39m
[35m[HTTP][39m [90m{"using":"xpath","value":"//*[@class = 'android.widget.TextView' and (@text = 'MAE' or . = 'MAE')]"}[39m
[35m[HTTP][39m [37m<-- POST /wd/hub/session/f7959614-b378-4cad-8366-0e9659a16bdd/elements [39m[32m200[39m [90m89 ms - 12[39m
[35m[HTTP][39m [90m[39m
[35m[HTTP][39m [37m-->[39m [37mPOST[39m [37m/wd/hub/session/f7959614-b378-4cad-8366-0e9659a16bdd/elements[39m
[35m[HTTP][39m [90m{"using":"xpath","value":"//*[@class = 'android.widget.TextView' and (@text = 'MAE' or . = 'MAE')]"}[39m
[35m[HTTP][39m [37m<-- POST /wd/hub/session/f7959614-b378-4cad-8366-0e9659a16bdd/elements [39m[32m200[39m [90m96 ms - 12[39m
[35m[HTTP][39m [90m[39m
[35m[HTTP][39m [37m-->[39m [37mPOST[39m [37m/wd/hub/session/f7959614-b378-4cad-8366-0e9659a16bdd/elements[39m
[35m[HTTP][39m [90m{"using":"xpath","value":"//*[@class = 'android.widget.TextView' and (@text = 'MAE' or . = 'MAE')]"}[39m
[35m[HTTP][39m [37m<-- POST /wd/hub/session/f7959614-b378-4cad-8366-0e9659a16bdd/elements [39m[32m200[39m [90m95 ms - 12[39m
[35m[HTTP][39m [90m[39m
[35m[HTTP][39m [37m-->[39m [37mPOST[39m [37m/wd/hub/session/f7959614-b378-4cad-8366-0e9659a16bdd/elements[39m
[35m[HTTP][39m [90m{"using":"xpath","value":"//*[@class = 'android.widget.TextView' and (@text = 'MAE' or . = 'MAE')]"}[39m
[35m[HTTP][39m [37m<-- POST /wd/hub/session/f7959614-b378-4cad-8366-0e9659a16bdd/elements [39m[32m200[39m [90m95 ms - 12[39m
[35m[HTTP][39m [90m[39m
[35m[HTTP][39m [37m-->[39m [37mPOST[39m [37m/wd/hub/session/f7959614-b378-4cad-8366-0e9659a16bdd/elements[39m
[35m[HTTP][39m [90m{"using":"xpath","value":"//*[@class = 'android.widget.TextView' and (@text = 'MAE' or . = 'MAE')]"}[39m
[35m[HTTP][39m [37m<-- POST /wd/hub/session/f7959614-b378-4cad-8366-0e9659a16bdd/elements [39m[32m200[39m [90m93 ms - 12[39m
[35m[HTTP][39m [90m[39m
[35m[HTTP][39m [37m-->[39m [37mPOST[39m [37m/wd/hub/session/f7959614-b378-4cad-8366-0e9659a16bdd/elements[39m
[35m[HTTP][39m [90m{"using":"xpath","value":"//*[@class = 'android.widget.TextView' and (@text = 'MAE' or . = 'MAE')]"}[39m
[35m[HTTP][39m [37m<-- POST /wd/hub/session/f7959614-b378-4cad-8366-0e9659a16bdd/elements [39m[32m200[39m [90m101 ms - 12[39m
[35m[HTTP][39m [90m[39m
[35m[HTTP][39m [37m-->[39m [37mPOST[39m [37m/wd/hub/session/f7959614-b378-4cad-8366-0e9659a16bdd/elements[39m
[35m[HTTP][39m [90m{"using":"xpath","value":"//*[@class = 'android.widget.TextView' and (@text = 'MAE' or . = 'MAE')]"}[39m
[35m[HTTP][39m [37m<-- POST /wd/hub/session/f7959614-b378-4cad-8366-0e9659a16bdd/elements [39m[32m200[39m [90m87 ms - 12[39m
[35m[HTTP][39m [90m[39m
[35m[HTTP][39m [37m-->[39m [37mPOST[39m [37m/wd/hub/session/f7959614-b378-4cad-8366-0e9659a16bdd/elements[39m
[35m[HTTP][39m [90m{"using":"xpath","value":"//*[@class = 'android.widget.TextView' and (@text = 'MAE' or . = 'MAE')]"}[39m
[35m[HTTP][39m [37m<-- POST /wd/hub/session/f7959614-b378-4cad-8366-0e9659a16bdd/elements [39m[32m200[39m [90m92 ms - 12[39m
[35m[HTTP][39m [90m[39m
[35m[HTTP][39m [37m-->[39m [37mPOST[39m [37m/wd/hub/session/f7959614-b378-4cad-8366-0e9659a16bdd/elements[39m
[35m[HTTP][39m [90m{"using":"xpath","value":"//*[@class = 'android.widget.TextView' and (@text = 'MAE' or . = 'MAE')]"}[39m
[35m[HTTP][39m [37m<-- POST /wd/hub/session/f7959614-b378-4cad-8366-0e9659a16bdd/elements [39m[32m200[39m [90m72 ms - 12[39m
[35m[HTTP][39m [90m[39m
[35m[HTTP][39m [37m-->[39m [37mPOST[39m [37m/wd/hub/session/f7959614-b378-4cad-8366-0e9659a16bdd/elements[39m
[35m[HTTP][39m [90m{"using":"xpath","value":"//*[@class = 'android.widget.TextView' and (@text = 'MAE' or . = 'MAE')]"}[39m
[35m[HTTP][39m [37m<-- POST /wd/hub/session/f7959614-b378-4cad-8366-0e9659a16bdd/elements [39m[32m200[39m [90m81 ms - 12[39m
[35m[HTTP][39m [90m[39m
[35m[HTTP][39m [37m-->[39m [37mPOST[39m [37m/wd/hub/session/f7959614-b378-4cad-8366-0e9659a16bdd/elements[39m
[35m[HTTP][39m [90m{"using":"xpath","value":"//*[@class = 'android.widget.TextView' and (@text = 'MAE' or . = 'MAE')]"}[39m
[35m[HTTP][39m [37m<-- POST /wd/hub/session/f7959614-b378-4cad-8366-0e9659a16bdd/elements [39m[32m200[39m [90m86 ms - 12[39m
[35m[HTTP][39m [90m[39m
[35m[HTTP][39m [37m-->[39m [37mPOST[39m [37m/wd/hub/session/f7959614-b378-4cad-8366-0e9659a16bdd/elements[39m
[35m[HTTP][39m [90m{"using":"xpath","value":"//*[@class = 'android.widget.TextView' and (@text = 'MAE' or . = 'MAE')]"}[39m
[35m[HTTP][39m [37m<-- POST /wd/hub/session/f7959614-b378-4cad-8366-0e9659a16bdd/elements [39m[32m200[39m [90m73 ms - 12[39m
[35m[HTTP][39m [90m[39m
[35m[HTTP][39m [37m-->[39m [37mPOST[39m [37m/wd/hub/session/f7959614-b378-4cad-8366-0e9659a16bdd/elements[39m
[35m[HTTP][39m [90m{"using":"xpath","value":"//*[@class = 'android.widget.TextView' and (@text = 'MAE' or . = 'MAE')]"}[39m
[35m[HTTP][39m [37m<-- POST /wd/hub/session/f7959614-b378-4cad-8366-0e9659a16bdd/elements [39m[32m200[39m [90m76 ms - 12[39m
[35m[HTTP][39m [90m[39m
[35m[HTTP][39m [37m-->[39m [37mPOST[39m [37m/wd/hub/session/f7959614-b378-4cad-8366-0e9659a16bdd/elements[39m
[35m[HTTP][39m [90m{"using":"xpath","value":"//*[@class = 'android.widget.TextView' and (@text = 'MAE' or . = 'MAE')]"}[39m
[35m[HTTP][39m [37m<-- POST /wd/hub/session/f7959614-b378-4cad-8366-0e9659a16bdd/elements [39m[32m200[39m [90m85 ms - 12[39m
[35m[HTTP][39m [90m[39m
[35m[HTTP][39m [37m-->[39m [37mPOST[39m [37m/wd/hub/session/f7959614-b378-4cad-8366-0e9659a16bdd/elements[39m
[35m[HTTP][39m [90m{"using":"xpath","value":"//*[@class = 'android.widget.TextView' and (@text = 'MAE' or . = 'MAE')]"}[39m
[35m[HTTP][39m [37m<-- POST /wd/hub/session/f7959614-b378-4cad-8366-0e9659a16bdd/elements [39m[32m200[39m [90m90 ms - 12[39m
[35m[HTTP][39m [90m[39m
[35m[HTTP][39m [37m-->[39m [37mPOST[39m [37m/wd/hub/session/f7959614-b378-4cad-8366-0e9659a16bdd/elements[39m
[35m[HTTP][39m [90m{"using":"xpath","value":"//*[@class = 'android.widget.TextView' and (@text = 'MAE' or . = 'MAE')]"}[39m
[35m[HTTP][39m [37m<-- POST /wd/hub/session/f7959614-b378-4cad-8366-0e9659a16bdd/elements [39m[32m200[39m [90m94 ms - 12[39m
[35m[HTTP][39m [90m[39m
[35m[HTTP][39m [37m-->[39m [37mPOST[39m [37m/wd/hub/session/f7959614-b378-4cad-8366-0e9659a16bdd/elements[39m
[35m[HTTP][39m [90m{"using":"xpath","value":"//*[@class = 'android.widget.TextView' and (@text = 'MAE' or . = 'MAE')]"}[39m
[35m[HTTP][39m [37m<-- POST /wd/hub/session/f7959614-b378-4cad-8366-0e9659a16bdd/elements [39m[32m200[39m [90m78 ms - 12[39m
[35m[HTTP][39m [90m[39m
[35m[HTTP][39m [37m-->[39m [37mPOST[39m [37m/wd/hub/session/f7959614-b378-4cad-8366-0e9659a16bdd/elements[39m
[35m[HTTP][39m [90m{"using":"xpath","value":"//*[@class = 'android.widget.TextView' and (@text = 'MAE' or . = 'MAE')]"}[39m
[35m[HTTP][39m [37m<-- POST /wd/hub/session/f7959614-b378-4cad-8366-0e9659a16bdd/elements [39m[32m200[39m [90m68 ms - 12[39m
[35m[HTTP][39m [90m[39m
[35m[HTTP][39m [37m-->[39m [37mPOST[39m [37m/wd/hub/session/f7959614-b378-4cad-8366-0e9659a16bdd/elements[39m
[35m[HTTP][39m [90m{"using":"xpath","value":"//*[@class = 'android.widget.TextView' and (@text = 'MAE' or . = 'MAE')]"}[39m
[35m[HTTP][39m [37m<-- POST /wd/hub/session/f7959614-b378-4cad-8366-0e9659a16bdd/elements [39m[32m200[39m [90m86 ms - 12[39m
[35m[HTTP][39m [90m[39m
[35m[HTTP][39m [37m-->[39m [37mPOST[39m [37m/wd/hub/session/f7959614-b378-4cad-8366-0e9659a16bdd/elements[39m
[35m[HTTP][39m [90m{"using":"xpath","value":"//*[@class = 'android.widget.TextView' and (@text = 'MAE' or . = 'MAE')]"}[39m
[35m[HTTP][39m [37m<-- POST /wd/hub/session/f7959614-b378-4cad-8366-0e9659a16bdd/elements [39m[32m200[39m [90m75 ms - 12[39m
[35m[HTTP][39m [90m[39m
[35m[HTTP][39m [37m-->[39m [37mPOST[39m [37m/wd/hub/session/f7959614-b378-4cad-8366-0e9659a16bdd/elements[39m
[35m[HTTP][39m [90m{"using":"xpath","value":"//*[@class = 'android.widget.TextView' and (@text = 'MAE' or . = 'MAE')]"}[39m
[35m[HTTP][39m [37m<-- POST /wd/hub/session/f7959614-b378-4cad-8366-0e9659a16bdd/elements [39m[32m200[39m [90m69 ms - 12[39m
[35m[HTTP][39m [90m[39m
[35m[HTTP][39m [37m-->[39m [37mPOST[39m [37m/wd/hub/session/f7959614-b378-4cad-8366-0e9659a16bdd/elements[39m
[35m[HTTP][39m [90m{"using":"xpath","value":"//*[@class = 'android.widget.TextView' and (@text = 'MAE' or . = 'MAE')]"}[39m
[35m[HTTP][39m [37m<-- POST /wd/hub/session/f7959614-b378-4cad-8366-0e9659a16bdd/elements [39m[32m200[39m [90m83 ms - 12[39m
[35m[HTTP][39m [90m[39m
[35m[HTTP][39m [37m-->[39m [37mPOST[39m [37m/wd/hub/session/f7959614-b378-4cad-8366-0e9659a16bdd/elements[39m
[35m[HTTP][39m [90m{"using":"xpath","value":"//*[@class = 'android.widget.TextView' and (@text = 'MAE' or . = 'MAE')]"}[39m
[35m[HTTP][39m [37m<-- POST /wd/hub/session/f7959614-b378-4cad-8366-0e9659a16bdd/elements [39m[32m200[39m [90m80 ms - 12[39m
[35m[HTTP][39m [90m[39m
[35m[HTTP][39m [37m-->[39m [37mPOST[39m [37m/wd/hub/session/f7959614-b378-4cad-8366-0e9659a16bdd/elements[39m
[35m[HTTP][39m [90m{"using":"xpath","value":"//*[@class = 'android.widget.TextView' and (@text = 'MAE' or . = 'MAE')]"}[39m
[35m[HTTP][39m [37m<-- POST /wd/hub/session/f7959614-b378-4cad-8366-0e9659a16bdd/elements [39m[32m200[39m [90m78 ms - 12[39m
[35m[HTTP][39m [90m[39m
[35m[HTTP][39m [37m-->[39m [37mPOST[39m [37m/wd/hub/session/f7959614-b378-4cad-8366-0e9659a16bdd/elements[39m
[35m[HTTP][39m [90m{"using":"xpath","value":"//*[@class = 'android.widget.TextView' and (@text = 'MAE' or . = 'MAE')]"}[39m
[35m[HTTP][39m [37m<-- POST /wd/hub/session/f7959614-b378-4cad-8366-0e9659a16bdd/elements [39m[32m200[39m [90m64 ms - 12[39m
[35m[HTTP][39m [90m[39m
[35m[HTTP][39m [37m-->[39m [37mPOST[39m [37m/wd/hub/session/f7959614-b378-4cad-8366-0e9659a16bdd/elements[39m
[35m[HTTP][39m [90m{"using":"xpath","value":"//*[@class = 'android.widget.TextView' and (@text = 'MAE' or . = 'MAE')]"}[39m
[35m[HTTP][39m [37m<-- POST /wd/hub/session/f7959614-b378-4cad-8366-0e9659a16bdd/elements [39m[32m200[39m [90m79 ms - 12[39m
[35m[HTTP][39m [90m[39m
[35m[HTTP][39m [37m-->[39m [37mPOST[39m [37m/wd/hub/session/f7959614-b378-4cad-8366-0e9659a16bdd/elements[39m
[35m[HTTP][39m [90m{"using":"xpath","value":"//*[@class = 'android.widget.TextView' and (@text = 'MAE' or . = 'MAE')]"}[39m
[35m[HTTP][39m [37m<-- POST /wd/hub/session/f7959614-b378-4cad-8366-0e9659a16bdd/elements [39m[32m200[39m [90m81 ms - 12[39m
[35m[HTTP][39m [90m[39m
[35m[HTTP][39m [37m-->[39m [37mPOST[39m [37m/wd/hub/session/f7959614-b378-4cad-8366-0e9659a16bdd/elements[39m
[35m[HTTP][39m [90m{"using":"xpath","value":"//*[@class = 'android.widget.TextView' and (@text = 'MAE' or . = 'MAE')]"}[39m
[35m[HTTP][39m [37m<-- POST /wd/hub/session/f7959614-b378-4cad-8366-0e9659a16bdd/elements [39m[32m200[39m [90m78 ms - 12[39m
[35m[HTTP][39m [90m[39m
[35m[HTTP][39m [37m-->[39m [37mPOST[39m [37m/wd/hub/session/f7959614-b378-4cad-8366-0e9659a16bdd/elements[39m
[35m[HTTP][39m [90m{"using":"xpath","value":"//*[@class = 'android.widget.TextView' and (@text = 'MAE' or . = 'MAE')]"}[39m
[35m[HTTP][39m [37m<-- POST /wd/hub/session/f7959614-b378-4cad-8366-0e9659a16bdd/elements [39m[32m200[39m [90m62 ms - 12[39m
[35m[HTTP][39m [90m[39m
[35m[HTTP][39m [37m-->[39m [37mPOST[39m [37m/wd/hub/session/f7959614-b378-4cad-8366-0e9659a16bdd/elements[39m
[35m[HTTP][39m [90m{"using":"xpath","value":"//*[@class = 'android.widget.TextView' and (@text = 'MAE' or . = 'MAE')]"}[39m
[35m[HTTP][39m [37m<-- POST /wd/hub/session/f7959614-b378-4cad-8366-0e9659a16bdd/elements [39m[32m200[39m [90m92 ms - 12[39m
[35m[HTTP][39m [90m[39m
[35m[HTTP][39m [37m-->[39m [37mPOST[39m [37m/wd/hub/session/f7959614-b378-4cad-8366-0e9659a16bdd/elements[39m
[35m[HTTP][39m [90m{"using":"xpath","value":"//*[@class = 'android.widget.TextView' and (@text = 'MAE' or . = 'MAE')]"}[39m
[35m[HTTP][39m [37m<-- POST /wd/hub/session/f7959614-b378-4cad-8366-0e9659a16bdd/elements [39m[32m200[39m [90m104 ms - 12[39m
[35m[HTTP][39m [90m[39m
[35m[HTTP][39m [37m-->[39m [37mPOST[39m [37m/wd/hub/session/f7959614-b378-4cad-8366-0e9659a16bdd/elements[39m
[35m[HTTP][39m [90m{"using":"xpath","value":"//*[@class = 'android.widget.TextView' and (@text = 'MAE' or . = 'MAE')]"}[39m
[35m[HTTP][39m [37m<-- POST /wd/hub/session/f7959614-b378-4cad-8366-0e9659a16bdd/elements [39m[32m200[39m [90m97 ms - 12[39m
[35m[HTTP][39m [90m[39m
[35m[HTTP][39m [37m-->[39m [37mPOST[39m [37m/wd/hub/session/f7959614-b378-4cad-8366-0e9659a16bdd/elements[39m
[35m[HTTP][39m [90m{"using":"xpath","value":"//*[@class = 'android.widget.TextView' and (@text = 'MAE' or . = 'MAE')]"}[39m
[35m[HTTP][39m [37m<-- POST /wd/hub/session/f7959614-b378-4cad-8366-0e9659a16bdd/elements [39m[32m200[39m [90m107 ms - 12[39m
[35m[HTTP][39m [90m[39m
[35m[HTTP][39m [37m-->[39m [37mPOST[39m [37m/wd/hub/session/f7959614-b378-4cad-8366-0e9659a16bdd/elements[39m
[35m[HTTP][39m [90m{"using":"xpath","value":"//*[@class = 'android.widget.TextView' and (@text = 'MAE' or . = 'MAE')]"}[39m
[35m[HTTP][39m [37m<-- POST /wd/hub/session/f7959614-b378-4cad-8366-0e9659a16bdd/elements [39m[32m200[39m [90m122 ms - 12[39m
[35m[HTTP][39m [90m[39m
[35m[HTTP][39m [37m-->[39m [37mPOST[39m [37m/wd/hub/session/f7959614-b378-4cad-8366-0e9659a16bdd/elements[39m
[35m[HTTP][39m [90m{"using":"xpath","value":"//*[@class = 'android.widget.TextView' and (@text = 'MAE' or . = 'MAE')]"}[39m
[35m[HTTP][39m [37m<-- POST /wd/hub/session/f7959614-b378-4cad-8366-0e9659a16bdd/elements [39m[32m200[39m [90m104 ms - 12[39m
[35m[HTTP][39m [90m[39m
[35m[HTTP][39m [37m-->[39m [37mPOST[39m [37m/wd/hub/session/f7959614-b378-4cad-8366-0e9659a16bdd/elements[39m
[35m[HTTP][39m [90m{"using":"xpath","value":"//*[@class = 'android.widget.TextView' and (@text = 'MAE' or . = 'MAE')]"}[39m
[35m[HTTP][39m [37m<-- POST /wd/hub/session/f7959614-b378-4cad-8366-0e9659a16bdd/elements [39m[32m200[39m [90m86 ms - 12[39m
[35m[HTTP][39m [90m[39m
[35m[HTTP][39m [37m-->[39m [37mPOST[39m [37m/wd/hub/session/f7959614-b378-4cad-8366-0e9659a16bdd/elements[39m
[35m[HTTP][39m [90m{"using":"xpath","value":"//*[@class = 'android.widget.TextView' and (@text = 'MAE' or . = 'MAE')]"}[39m
[35m[HTTP][39m [37m<-- POST /wd/hub/session/f7959614-b378-4cad-8366-0e9659a16bdd/elements [39m[32m200[39m [90m107 ms - 12[39m
[35m[HTTP][39m [90m[39m
[35m[HTTP][39m [37m-->[39m [37mPOST[39m [37m/wd/hub/session/f7959614-b378-4cad-8366-0e9659a16bdd/elements[39m
[35m[HTTP][39m [90m{"using":"xpath","value":"//*[@class = 'android.widget.TextView' and (@text = 'MAE' or . = 'MAE')]"}[39m
[35m[HTTP][39m [37m<-- POST /wd/hub/session/f7959614-b378-4cad-8366-0e9659a16bdd/elements [39m[32m200[39m [90m104 ms - 12[39m
[35m[HTTP][39m [90m[39m
[35m[HTTP][39m [37m-->[39m [37mPOST[39m [37m/wd/hub/session/f7959614-b378-4cad-8366-0e9659a16bdd/elements[39m
[35m[HTTP][39m [90m{"using":"xpath","value":"//*[@class = 'android.widget.TextView' and (@text = 'MAE' or . = 'MAE')]"}[39m
[35m[HTTP][39m [37m<-- POST /wd/hub/session/f7959614-b378-4cad-8366-0e9659a16bdd/elements [39m[32m200[39m [90m111 ms - 12[39m
[35m[HTTP][39m [90m[39m
[35m[HTTP][39m [37m-->[39m [37mPOST[39m [37m/wd/hub/session/f7959614-b378-4cad-8366-0e9659a16bdd/elements[39m
[35m[HTTP][39m [90m{"using":"xpath","value":"//*[@class = 'android.widget.TextView' and (@text = 'MAE' or . = 'MAE')]"}[39m
[35m[HTTP][39m [37m<-- POST /wd/hub/session/f7959614-b378-4cad-8366-0e9659a16bdd/elements [39m[32m200[39m [90m83 ms - 12[39m
[35m[HTTP][39m [90m[39m
[35m[HTTP][39m [37m-->[39m [37mPOST[39m [37m/wd/hub/session/f7959614-b378-4cad-8366-0e9659a16bdd/elements[39m
[35m[HTTP][39m [90m{"using":"xpath","value":"//*[@class = 'android.widget.TextView' and (@text = 'MAE' or . = 'MAE')]"}[39m
[35m[HTTP][39m [37m<-- POST /wd/hub/session/f7959614-b378-4cad-8366-0e9659a16bdd/elements [39m[32m200[39m [90m231 ms - 12[39m
[35m[HTTP][39m [90m[39m
[35m[HTTP][39m [37m-->[39m [37mPOST[39m [37m/wd/hub/session/f7959614-b378-4cad-8366-0e9659a16bdd/elements[39m
[35m[HTTP][39m [90m{"using":"xpath","value":"//*[@class = 'android.widget.TextView' and (@text = 'MAE' or . = 'MAE')]"}[39m
[35m[HTTP][39m [37m<-- POST /wd/hub/session/f7959614-b378-4cad-8366-0e9659a16bdd/elements [39m[32m200[39m [90m1625 ms - 139[39m
[35m[HTTP][39m [90m[39m
[35m[HTTP][39m [37m-->[39m [37mGET[39m [37m/wd/hub/session/f7959614-b378-4cad-8366-0e9659a16bdd/element/00000000-0000-01b6-ffff-ffff000002a2/location[39m
[35m[HTTP][39m [90m{}[39m
[35m[W3C (f7959614)][39m Driver proxy active, passing request on via HTTP proxy
[35m[WD Proxy][39m Replacing sessionId 90231935-06e9-4f56-a06d-30862f68dd0c with f7959614-b378-4cad-8366-0e9659a16bdd
[35m[HTTP][39m [37m<-- GET /wd/hub/session/f7959614-b378-4cad-8366-0e9659a16bdd/element/00000000-0000-01b6-ffff-ffff000002a2/location [39m[32m200[39m [90m16 ms - 78[39m
[35m[HTTP][39m [90m[39m
[35m[HTTP][39m [37m-->[39m [37mPOST[39m [37m/wd/hub/session/f7959614-b378-4cad-8366-0e9659a16bdd/timeouts[39m
[35m[HTTP][39m [90m{"implicit":40000}[39m
[35m[HTTP][39m [37m<-- POST /wd/hub/session/f7959614-b378-4cad-8366-0e9659a16bdd/timeouts [39m[32m200[39m [90m1 ms - 14[39m
[35m[HTTP][39m [90m[39m
[35m[HTTP][39m [37m-->[39m [37mGET[39m [37m/wd/hub/session/f7959614-b378-4cad-8366-0e9659a16bdd/element/00000000-0000-01b6-ffff-ffff000002a2/displayed[39m
[35m[HTTP][39m [90m{}[39m
[35m[HTTP][39m [37m<-- GET /wd/hub/session/f7959614-b378-4cad-8366-0e9659a16bdd/element/00000000-0000-01b6-ffff-ffff000002a2/displayed [39m[32m200[39m [90m13 ms - 14[39m
[35m[HTTP][39m [90m[39m
[35m[HTTP][39m [37m-->[39m [37mPOST[39m [37m/wd/hub/session/f7959614-b378-4cad-8366-0e9659a16bdd/timeouts[39m
[35m[HTTP][39m [90m{"implicit":50}[39m
[35m[HTTP][39m [37m<-- POST /wd/hub/session/f7959614-b378-4cad-8366-0e9659a16bdd/timeouts [39m[32m200[39m [90m1 ms - 14[39m
[35m[HTTP][39m [90m[39m
[35m[HTTP][39m [37m-->[39m [37mGET[39m [37m/wd/hub/session/f7959614-b378-4cad-8366-0e9659a16bdd/window/rect[39m
[35m[HTTP][39m [90m{}[39m
[35m[HTTP][39m [37m<-- GET /wd/hub/session/f7959614-b378-4cad-8366-0e9659a16bdd/window/rect [39m[32m200[39m [90m8 ms - 50[39m
[35m[HTTP][39m [90m[39m
[35m[HTTP][39m [37m-->[39m [37mPOST[39m [37m/wd/hub/session/f7959614-b378-4cad-8366-0e9659a16bdd/elements[39m
[35m[HTTP][39m [90m{"using":"xpath","value":"//*[@class = 'android.widget.TextView' and (@text = 'MAE' or . = 'MAE')]"}[39m
[35m[HTTP][39m [37m<-- POST /wd/hub/session/f7959614-b378-4cad-8366-0e9659a16bdd/elements [39m[32m200[39m [90m219 ms - 139[39m
[35m[HTTP][39m [90m[39m
[35m[HTTP][39m [37m-->[39m [37mGET[39m [37m/wd/hub/session/f7959614-b378-4cad-8366-0e9659a16bdd/element/00000000-0000-01b6-ffff-ffff000002a2/location[39m
[35m[HTTP][39m [90m{}[39m
[35m[W3C (f7959614)][39m Driver proxy active, passing request on via HTTP proxy
[35m[WD Proxy][39m Replacing sessionId 90231935-06e9-4f56-a06d-30862f68dd0c with f7959614-b378-4cad-8366-0e9659a16bdd
[35m[HTTP][39m [37m<-- GET /wd/hub/session/f7959614-b378-4cad-8366-0e9659a16bdd/element/00000000-0000-01b6-ffff-ffff000002a2/location [39m[32m200[39m [90m13 ms - 78[39m
[35m[HTTP][39m [90m[39m
[35m[HTTP][39m [37m-->[39m [37mPOST[39m [37m/wd/hub/session/f7959614-b378-4cad-8366-0e9659a16bdd/timeouts[39m
[35m[HTTP][39m [90m{"implicit":40000}[39m
[35m[HTTP][39m [37m<-- POST /wd/hub/session/f7959614-b378-4cad-8366-0e9659a16bdd/timeouts [39m[32m200[39m [90m1 ms - 14[39m
[35m[HTTP][39m [90m[39m
[35m[HTTP][39m [37m-->[39m [37mPOST[39m [37m/wd/hub/session/f7959614-b378-4cad-8366-0e9659a16bdd/element/00000000-0000-01b6-ffff-ffff000002a2/click[39m
[35m[HTTP][39m [90m{"id":"00000000-0000-01b6-ffff-ffff000002a2"}[39m
[35m[HTTP][39m [37m<-- POST /wd/hub/session/f7959614-b378-4cad-8366-0e9659a16bdd/element/00000000-0000-01b6-ffff-ffff000002a2/click [39m[32m200[39m [90m52 ms - 14[39m
[35m[HTTP][39m [90m[39m
[35m[HTTP][39m [37m-->[39m [37mPOST[39m [37m/wd/hub/session/f7959614-b378-4cad-8366-0e9659a16bdd/timeouts[39m
[35m[HTTP][39m [90m{"implicit":50}[39m
[35m[HTTP][39m [37m<-- POST /wd/hub/session/f7959614-b378-4cad-8366-0e9659a16bdd/timeouts [39m[32m200[39m [90m1 ms - 14[39m
[35m[HTTP][39m [90m[39m
[35m[HTTP][39m [37m-->[39m [37mGET[39m [37m/wd/hub/session/f7959614-b378-4cad-8366-0e9659a16bdd/window/rect[39m
[35m[HTTP][39m [90m{}[39m
[35m[HTTP][39m [37m<-- GET /wd/hub/session/f7959614-b378-4cad-8366-0e9659a16bdd/window/rect [39m[32m200[39m [90m9 ms - 50[39m
[35m[HTTP][39m [90m[39m
[35m[HTTP][39m [37m-->[39m [37mPOST[39m [37m/wd/hub/session/f7959614-b378-4cad-8366-0e9659a16bdd/elements[39m
[35m[HTTP][39m [90m{"using":"xpath","value":"//*[@class = 'android.widget.TextView' and (@text = 'Transfer' or . = 'Transfer')]"}[39m
[35m[HTTP][39m [37m<-- POST /wd/hub/session/f7959614-b378-4cad-8366-0e9659a16bdd/elements [39m[32m200[39m [90m173 ms - 139[39m
[35m[HTTP][39m [90m[39m
[35m[HTTP][39m [37m-->[39m [37mGET[39m [37m/wd/hub/session/f7959614-b378-4cad-8366-0e9659a16bdd/element/00000000-0000-01b6-ffff-ffff00000363/location[39m
[35m[HTTP][39m [90m{}[39m
[35m[W3C (f7959614)][39m Driver proxy active, passing request on via HTTP proxy
[35m[WD Proxy][39m Replacing sessionId 90231935-06e9-4f56-a06d-30862f68dd0c with f7959614-b378-4cad-8366-0e9659a16bdd
[35m[HTTP][39m [37m<-- GET /wd/hub/session/f7959614-b378-4cad-8366-0e9659a16bdd/element/00000000-0000-01b6-ffff-ffff00000363/location [39m[32m200[39m [90m16 ms - 79[39m
[35m[HTTP][39m [90m[39m
[35m[HTTP][39m [37m-->[39m [37mPOST[39m [37m/wd/hub/session/f7959614-b378-4cad-8366-0e9659a16bdd/timeouts[39m
[35m[HTTP][39m [90m{"implicit":40000}[39m
[35m[HTTP][39m [37m<-- POST /wd/hub/session/f7959614-b378-4cad-8366-0e9659a16bdd/timeouts [39m[32m200[39m [90m1 ms - 14[39m
[35m[HTTP][39m [90m[39m
[35m[HTTP][39m [37m-->[39m [37mGET[39m [37m/wd/hub/session/f7959614-b378-4cad-8366-0e9659a16bdd/element/00000000-0000-01b6-ffff-ffff00000363/displayed[39m
[35m[HTTP][39m [90m{}[39m
[35m[HTTP][39m [37m<-- GET /wd/hub/session/f7959614-b378-4cad-8366-0e9659a16bdd/element/00000000-0000-01b6-ffff-ffff00000363/displayed [39m[32m200[39m [90m13 ms - 14[39m
[35m[HTTP][39m [90m[39m
[35m[HTTP][39m [37m-->[39m [37mPOST[39m [37m/wd/hub/session/f7959614-b378-4cad-8366-0e9659a16bdd/timeouts[39m
[35m[HTTP][39m [90m{"implicit":50}[39m
[35m[HTTP][39m [37m<-- POST /wd/hub/session/f7959614-b378-4cad-8366-0e9659a16bdd/timeouts [39m[32m200[39m [90m1 ms - 14[39m
[35m[HTTP][39m [90m[39m
[35m[HTTP][39m [37m-->[39m [37mGET[39m [37m/wd/hub/session/f7959614-b378-4cad-8366-0e9659a16bdd/window/rect[39m
[35m[HTTP][39m [90m{}[39m
[35m[HTTP][39m [37m<-- GET /wd/hub/session/f7959614-b378-4cad-8366-0e9659a16bdd/window/rect [39m[32m200[39m [90m8 ms - 50[39m
[35m[HTTP][39m [90m[39m
[35m[HTTP][39m [37m-->[39m [37mPOST[39m [37m/wd/hub/session/f7959614-b378-4cad-8366-0e9659a16bdd/elements[39m
[35m[HTTP][39m [90m{"using":"xpath","value":"//*[@class = 'android.widget.TextView' and (@text = 'Transfer' or . = 'Transfer')]"}[39m
[35m[HTTP][39m [37m<-- POST /wd/hub/session/f7959614-b378-4cad-8366-0e9659a16bdd/elements [39m[32m200[39m [90m184 ms - 139[39m
[35m[HTTP][39m [90m[39m
[35m[HTTP][39m [37m-->[39m [37mGET[39m [37m/wd/hub/session/f7959614-b378-4cad-8366-0e9659a16bdd/element/00000000-0000-01b6-ffff-ffff00000363/location[39m
[35m[HTTP][39m [90m{}[39m
[35m[W3C (f7959614)][39m Driver proxy active, passing request on via HTTP proxy
[35m[WD Proxy][39m Replacing sessionId 90231935-06e9-4f56-a06d-30862f68dd0c with f7959614-b378-4cad-8366-0e9659a16bdd
[35m[HTTP][39m [37m<-- GET /wd/hub/session/f7959614-b378-4cad-8366-0e9659a16bdd/element/00000000-0000-01b6-ffff-ffff00000363/location [39m[32m200[39m [90m16 ms - 79[39m
[35m[HTTP][39m [90m[39m
[35m[HTTP][39m [37m-->[39m [37mPOST[39m [37m/wd/hub/session/f7959614-b378-4cad-8366-0e9659a16bdd/timeouts[39m
[35m[HTTP][39m [90m{"implicit":40000}[39m
[35m[HTTP][39m [37m<-- POST /wd/hub/session/f7959614-b378-4cad-8366-0e9659a16bdd/timeouts [39m[32m200[39m [90m1 ms - 14[39m
[35m[HTTP][39m [90m[39m
[35m[HTTP][39m [37m-->[39m [37mPOST[39m [37m/wd/hub/session/f7959614-b378-4cad-8366-0e9659a16bdd/element/00000000-0000-01b6-ffff-ffff00000363/click[39m
[35m[HTTP][39m [90m{"id":"00000000-0000-01b6-ffff-ffff00000363"}[39m
[35m[HTTP][39m [37m<-- POST /wd/hub/session/f7959614-b378-4cad-8366-0e9659a16bdd/element/00000000-0000-01b6-ffff-ffff00000363/click [39m[32m200[39m [90m46 ms - 14[39m
[35m[HTTP][39m [90m[39m
[35m[HTTP][39m [37m-->[39m [37mPOST[39m [37m/wd/hub/session/f7959614-b378-4cad-8366-0e9659a16bdd/timeouts[39m
[35m[HTTP][39m [90m{"implicit":50}[39m
[35m[HTTP][39m [37m<-- POST /wd/hub/session/f7959614-b378-4cad-8366-0e9659a16bdd/timeouts [39m[32m200[39m [90m1 ms - 14[39m
[35m[HTTP][39m [90m[39m
[35m[HTTP][39m [37m-->[39m [37mGET[39m [37m/wd/hub/session/f7959614-b378-4cad-8366-0e9659a16bdd/window/rect[39m
[35m[HTTP][39m [90m{}[39m
[35m[HTTP][39m [37m<-- GET /wd/hub/session/f7959614-b378-4cad-8366-0e9659a16bdd/window/rect [39m[32m200[39m [90m9 ms - 50[39m
[35m[HTTP][39m [90m[39m
[35m[HTTP][39m [37m-->[39m [37mPOST[39m [37m/wd/hub/session/f7959614-b378-4cad-8366-0e9659a16bdd/elements[39m
[35m[HTTP][39m [90m{"using":"xpath","value":"//*[(@text = 'Forgot Password' or . = 'Forgot Password')]"}[39m
[35m[HTTP][39m [37m<-- POST /wd/hub/session/f7959614-b378-4cad-8366-0e9659a16bdd/elements [39m[32m200[39m [90m10167 ms - 139[39m
[35m[HTTP][39m [90m[39m
[35m[HTTP][39m [37m-->[39m [37mGET[39m [37m/wd/hub/session/f7959614-b378-4cad-8366-0e9659a16bdd/element/00000000-0000-01b6-ffff-ffff0000043a/location[39m
[35m[HTTP][39m [90m{}[39m
[35m[W3C (f7959614)][39m Driver proxy active, passing request on via HTTP proxy
[35m[WD Proxy][39m Replacing sessionId 90231935-06e9-4f56-a06d-30862f68dd0c with f7959614-b378-4cad-8366-0e9659a16bdd
[35m[HTTP][39m [37m<-- GET /wd/hub/session/f7959614-b378-4cad-8366-0e9659a16bdd/element/00000000-0000-01b6-ffff-ffff0000043a/location [39m[32m200[39m [90m20130 ms - 78[39m
[35m[HTTP][39m [90m[39m
[35m[HTTP][39m [37m-->[39m [37mPOST[39m [37m/wd/hub/session/f7959614-b378-4cad-8366-0e9659a16bdd/timeouts[39m
[35m[HTTP][39m [90m{"implicit":40000}[39m
[35m[HTTP][39m [37m<-- POST /wd/hub/session/f7959614-b378-4cad-8366-0e9659a16bdd/timeouts [39m[32m200[39m [90m1 ms - 14[39m
[35m[HTTP][39m [90m[39m
[35m[HTTP][39m [37m-->[39m [37mGET[39m [37m/wd/hub/session/f7959614-b378-4cad-8366-0e9659a16bdd/element/00000000-0000-01b6-ffff-ffff0000043a/displayed[39m
[35m[HTTP][39m [90m{}[39m
[35m[HTTP][39m [37m<-- GET /wd/hub/session/f7959614-b378-4cad-8366-0e9659a16bdd/element/00000000-0000-01b6-ffff-ffff0000043a/displayed [39m[32m200[39m [90m20139 ms - 14[39m
[35m[HTTP][39m [90m[39m
[35m[HTTP][39m [37m-->[39m [37mPOST[39m [37m/wd/hub/session/f7959614-b378-4cad-8366-0e9659a16bdd/timeouts[39m
[35m[HTTP][39m [90m{"implicit":50}[39m
[35m[HTTP][39m [37m<-- POST /wd/hub/session/f7959614-b378-4cad-8366-0e9659a16bdd/timeouts [39m[32m200[39m [90m1 ms - 14[39m
[35m[HTTP][39m [90m[39m
[35m[HTTP][39m [37m-->[39m [37mGET[39m [37m/wd/hub/session/f7959614-b378-4cad-8366-0e9659a16bdd/window/rect[39m
[35m[HTTP][39m [90m{}[39m
[35m[HTTP][39m [37m<-- GET /wd/hub/session/f7959614-b378-4cad-8366-0e9659a16bdd/window/rect [39m[32m200[39m [90m13 ms - 50[39m
[35m[HTTP][39m [90m[39m
[35m[HTTP][39m [37m-->[39m [37mPOST[39m [37m/wd/hub/session/f7959614-b378-4cad-8366-0e9659a16bdd/elements[39m
[35m[HTTP][39m [90m{"using":"xpath","value":"//*[@class = 'android.widget.EditText' and (@text = 'M2U password' or . = 'M2U password')]"}[39m
[35m[HTTP][39m [37m<-- POST /wd/hub/session/f7959614-b378-4cad-8366-0e9659a16bdd/elements [39m[32m200[39m [90m10223 ms - 139[39m
[35m[HTTP][39m [90m[39m
[35m[HTTP][39m [37m-->[39m [37mGET[39m [37m/wd/hub/session/f7959614-b378-4cad-8366-0e9659a16bdd/element/00000000-0000-01b6-ffff-ffff00000438/location[39m
[35m[HTTP][39m [90m{}[39m
[35m[W3C (f7959614)][39m Driver proxy active, passing request on via HTTP proxy
[35m[WD Proxy][39m Replacing sessionId 90231935-06e9-4f56-a06d-30862f68dd0c with f7959614-b378-4cad-8366-0e9659a16bdd
[35m[HTTP][39m [37m<-- GET /wd/hub/session/f7959614-b378-4cad-8366-0e9659a16bdd/element/00000000-0000-01b6-ffff-ffff00000438/location [39m[32m200[39m [90m20079 ms - 77[39m
[35m[HTTP][39m [90m[39m
[35m[HTTP][39m [37m-->[39m [37mPOST[39m [37m/wd/hub/session/f7959614-b378-4cad-8366-0e9659a16bdd/timeouts[39m
[35m[HTTP][39m [90m{"implicit":40000}[39m
[35m[HTTP][39m [37m<-- POST /wd/hub/session/f7959614-b378-4cad-8366-0e9659a16bdd/timeouts [39m[32m200[39m [90m1 ms - 14[39m
[35m[HTTP][39m [90m[39m
[35m[HTTP][39m [37m-->[39m [37mPOST[39m [37m/wd/hub/session/f7959614-b378-4cad-8366-0e9659a16bdd/element/00000000-0000-01b6-ffff-ffff00000438/clear[39m
[35m[HTTP][39m [90m{"id":"00000000-0000-01b6-ffff-ffff00000438"}[39m
[35m[HTTP][39m [37m<-- POST /wd/hub/session/f7959614-b378-4cad-8366-0e9659a16bdd/element/00000000-0000-01b6-ffff-ffff00000438/clear [39m[32m200[39m [90m20143 ms - 14[39m
[35m[HTTP][39m [90m[39m
[35m[HTTP][39m [37m-->[39m [37mPOST[39m [37m/wd/hub/session/f7959614-b378-4cad-8366-0e9659a16bdd/element/00000000-0000-01b6-ffff-ffff00000438/value[39m
[35m[HTTP][39m [90m{"id":"00000000-0000-01b6-ffff-ffff00000438","text":"pass1234","value":["p","a","s","s","1","2","3","4"]}[39m
[35m[HTTP][39m [37m<-- POST /wd/hub/session/f7959614-b378-4cad-8366-0e9659a16bdd/element/00000000-0000-01b6-ffff-ffff00000438/value [39m[32m200[39m [90m60178 ms - 14[39m
[35m[HTTP][39m [90m[39m
[35m[HTTP][39m [37m-->[39m [37mGET[39m [37m/wd/hub/session/f7959614-b378-4cad-8366-0e9659a16bdd/context[39m
[35m[HTTP][39m [90m{}[39m
[35m[HTTP][39m [37m<-- GET /wd/hub/session/f7959614-b378-4cad-8366-0e9659a16bdd/context [39m[32m200[39m [90m1 ms - 22[39m
[35m[HTTP][39m [90m[39m
[35m[HTTP][39m [37m-->[39m [37mGET[39m [37m/wd/hub/session/f7959614-b378-4cad-8366-0e9659a16bdd/contexts[39m
[35m[HTTP][39m [90m{}[39m
[35m[HTTP][39m [37m<-- GET /wd/hub/session/f7959614-b378-4cad-8366-0e9659a16bdd/contexts [39m[32m200[39m [90m57 ms - 24[39m
[35m[HTTP][39m [90m[39m
[35m[HTTP][39m [37m-->[39m [37mPOST[39m [37m/wd/hub/session/f7959614-b378-4cad-8366-0e9659a16bdd/context[39m
[35m[HTTP][39m [90m{"name":"NATIVE_APP"}[39m
[35m[HTTP][39m [37m<-- POST /wd/hub/session/f7959614-b378-4cad-8366-0e9659a16bdd/context [39m[32m200[39m [90m1 ms - 14[39m
[35m[HTTP][39m [90m[39m
[35m[HTTP][39m [37m-->[39m [37mPOST[39m [37m/wd/hub/session/f7959614-b378-4cad-8366-0e9659a16bdd/appium/device/hide_keyboard[39m
[35m[HTTP][39m [90m{}[39m
[35m[HTTP][39m [37m<-- POST /wd/hub/session/f7959614-b378-4cad-8366-0e9659a16bdd/appium/device/hide_keyboard [39m[32m200[39m [90m4210 ms - 14[39m
[35m[HTTP][39m [90m[39m
[35m[HTTP][39m [37m-->[39m [37mPOST[39m [37m/wd/hub/session/f7959614-b378-4cad-8366-0e9659a16bdd/context[39m
[35m[HTTP][39m [90m{"name":"NATIVE_APP"}[39m
[35m[HTTP][39m [37m<-- POST /wd/hub/session/f7959614-b378-4cad-8366-0e9659a16bdd/context [39m[32m200[39m [90m1 ms - 14[39m
[35m[HTTP][39m [90m[39m
[35m[HTTP][39m [37m-->[39m [37mPOST[39m [37m/wd/hub/session/f7959614-b378-4cad-8366-0e9659a16bdd/timeouts[39m
[35m[HTTP][39m [90m{"implicit":50}[39m
[35m[HTTP][39m [37m<-- POST /wd/hub/session/f7959614-b378-4cad-8366-0e9659a16bdd/timeouts [39m[32m200[39m [90m1 ms - 14[39m
[35m[HTTP][39m [90m[39m
[35m[HTTP][39m [37m-->[39m [37mGET[39m [37m/wd/hub/session/f7959614-b378-4cad-8366-0e9659a16bdd/window/rect[39m
[35m[HTTP][39m [90m{}[39m
[35m[HTTP][39m [37m<-- GET /wd/hub/session/f7959614-b378-4cad-8366-0e9659a16bdd/window/rect [39m[32m200[39m [90m15 ms - 50[39m
[35m[HTTP][39m [90m[39m
[35m[HTTP][39m [37m-->[39m [37mPOST[39m [37m/wd/hub/session/f7959614-b378-4cad-8366-0e9659a16bdd/elements[39m
[35m[HTTP][39m [90m{"using":"xpath","value":"//hierarchy/android.widget.FrameLayout[1]/android.widget.LinearLayout[1]/android.widget.FrameLayout[1]/android.widget.LinearLayout[1]/android.widget.FrameLayout[1]/android.widget.FrameLayout[1]/android.view.ViewGroup[1]/android.view.ViewGroup[1]/android.view.ViewGroup[1]/android.view.ViewGroup[2]/android.view.ViewGroup[1]/android.view.ViewGroup[1]/android.view.ViewGroup[3]/android.view.ViewGroup[1]/android.view.ViewGroup[1]/android.widget.TextView[1]"}[39m
[35m[HTTP][39m [37m<-- POST /wd/hub/session/f7959614-b378-4cad-8366-0e9659a16bdd/elements [39m[32m200[39m [90m10231 ms - 139[39m
[35m[HTTP][39m [90m[39m
[35m[HTTP][39m [37m-->[39m [37mGET[39m [37m/wd/hub/session/f7959614-b378-4cad-8366-0e9659a16bdd/element/00000000-0000-01b6-ffff-ffff0000043f/location[39m
[35m[HTTP][39m [90m{}[39m
[35m[W3C (f7959614)][39m Driver proxy active, passing request on via HTTP proxy
[35m[WD Proxy][39m Replacing sessionId 90231935-06e9-4f56-a06d-30862f68dd0c with f7959614-b378-4cad-8366-0e9659a16bdd
[35m[HTTP][39m [37m<-- GET /wd/hub/session/f7959614-b378-4cad-8366-0e9659a16bdd/element/00000000-0000-01b6-ffff-ffff0000043f/location [39m[32m200[39m [90m20151 ms - 79[39m
[35m[HTTP][39m [90m[39m
[35m[HTTP][39m [37m-->[39m [37mPOST[39m [37m/wd/hub/session/f7959614-b378-4cad-8366-0e9659a16bdd/timeouts[39m
[35m[HTTP][39m [90m{"implicit":40000}[39m
[35m[HTTP][39m [37m<-- POST /wd/hub/session/f7959614-b378-4cad-8366-0e9659a16bdd/timeouts [39m[32m200[39m [90m1 ms - 14[39m
[35m[HTTP][39m [90m[39m
[35m[HTTP][39m [37m-->[39m [37mPOST[39m [37m/wd/hub/session/f7959614-b378-4cad-8366-0e9659a16bdd/element/00000000-0000-01b6-ffff-ffff0000043f/click[39m
[35m[HTTP][39m [90m{"id":"00000000-0000-01b6-ffff-ffff0000043f"}[39m
[35m[HTTP][39m [37m<-- POST /wd/hub/session/f7959614-b378-4cad-8366-0e9659a16bdd/element/00000000-0000-01b6-ffff-ffff0000043f/click [39m[32m200[39m [90m30257 ms - 14[39m
[35m[HTTP][39m [90m[39m
[35m[HTTP][39m [37m-->[39m [37mPOST[39m [37m/wd/hub/session/f7959614-b378-4cad-8366-0e9659a16bdd/timeouts[39m
[35m[HTTP][39m [90m{"implicit":50}[39m
[35m[HTTP][39m [37m<-- POST /wd/hub/session/f7959614-b378-4cad-8366-0e9659a16bdd/timeouts [39m[32m200[39m [90m1 ms - 14[39m
[35m[HTTP][39m [90m[39m
[35m[HTTP][39m [37m-->[39m [37mGET[39m [37m/wd/hub/session/f7959614-b378-4cad-8366-0e9659a16bdd/window/rect[39m
[35m[HTTP][39m [90m{}[39m
[35m[HTTP][39m [37m<-- GET /wd/hub/session/f7959614-b378-4cad-8366-0e9659a16bdd/window/rect [39m[32m200[39m [90m13 ms - 50[39m
[35m[HTTP][39m [90m[39m
[35m[HTTP][39m [37m-->[39m [37mPOST[39m [37m/wd/hub/session/f7959614-b378-4cad-8366-0e9659a16bdd/elements[39m
[35m[HTTP][39m [90m{"using":"xpath","value":"//hierarchy/android.widget.FrameLayout[1]/android.widget.LinearLayout[1]/android.widget.FrameLayout[1]/android.widget.LinearLayout[1]/android.widget.FrameLayout[1]/android.widget.FrameLayout[1]/android.view.ViewGroup[1]/android.view.ViewGroup[1]/android.view.ViewGroup[1]/android.view.ViewGroup[1]/android.view.ViewGroup[1]/android.widget.FrameLayout[1]/android.view.ViewGroup[1]/android.view.ViewGroup[1]/android.view.ViewGroup[1]/android.view.ViewGroup[1]/android.view.ViewGroup[1]/android.view.ViewGroup[1]/android.widget.FrameLayout[1]/android.view.ViewGroup[1]/android.view.ViewGroup[1]/android.view.ViewGroup[1]/android.view.ViewGroup[1]/android.view.ViewGroup[1]/android.view.ViewGroup[1]/android.view.ViewGroup[1]/android.widget.HorizontalScrollView[1]/android.view.ViewGroup[1]/android.view.ViewGroup[2]/android.view.ViewGroup[1]/android.widget.TextView[1][count(. | //*[@class = 'android.widget.TextView' and (@text = 'OTHERS' or . = 'OTHERS')]) = count(//*[@class = 'android.widget.Te...[39m
[35m[HTTP][39m [37m<-- POST /wd/hub/session/f7959614-b378-4cad-8366-0e9659a16bdd/elements [39m[32m200[39m [90m10333 ms - 139[39m
[35m[HTTP][39m [90m[39m
[35m[HTTP][39m [37m-->[39m [37mGET[39m [37m/wd/hub/session/f7959614-b378-4cad-8366-0e9659a16bdd/element/00000000-0000-01b6-ffff-ffff00000418/location[39m
[35m[HTTP][39m [90m{}[39m
[35m[W3C (f7959614)][39m Driver proxy active, passing request on via HTTP proxy
[35m[WD Proxy][39m Replacing sessionId 90231935-06e9-4f56-a06d-30862f68dd0c with f7959614-b378-4cad-8366-0e9659a16bdd
[35m[HTTP][39m [37m<-- GET /wd/hub/session/f7959614-b378-4cad-8366-0e9659a16bdd/element/00000000-0000-01b6-ffff-ffff00000418/location [39m[32m200[39m [90m20083 ms - 78[39m
[35m[HTTP][39m [90m[39m
[35m[HTTP][39m [37m-->[39m [37mPOST[39m [37m/wd/hub/session/f7959614-b378-4cad-8366-0e9659a16bdd/timeouts[39m
[35m[HTTP][39m [90m{"implicit":40000}[39m
[35m[HTTP][39m [37m<-- POST /wd/hub/session/f7959614-b378-4cad-8366-0e9659a16bdd/timeouts [39m[32m200[39m [90m1 ms - 14[39m
[35m[HTTP][39m [90m[39m
[35m[HTTP][39m [37m-->[39m [37mPOST[39m [37m/wd/hub/session/f7959614-b378-4cad-8366-0e9659a16bdd/timeouts[39m
[35m[HTTP][39m [90m{"implicit":50}[39m
[35m[HTTP][39m [37m<-- POST /wd/hub/session/f7959614-b378-4cad-8366-0e9659a16bdd/timeouts [39m[32m200[39m [90m1 ms - 14[39m
[35m[HTTP][39m [90m[39m
[35m[HTTP][39m [37m-->[39m [37mGET[39m [37m/wd/hub/session/f7959614-b378-4cad-8366-0e9659a16bdd/window/rect[39m
[35m[HTTP][39m [90m{}[39m
[35m[HTTP][39m [37m<-- GET /wd/hub/session/f7959614-b378-4cad-8366-0e9659a16bdd/window/rect [39m[32m200[39m [90m13 ms - 50[39m
[35m[HTTP][39m [90m[39m
[35m[HTTP][39m [37m-->[39m [37mPOST[39m [37m/wd/hub/session/f7959614-b378-4cad-8366-0e9659a16bdd/elements[39m
[35m[HTTP][39m [90m{"using":"xpath","value":"//hierarchy/android.widget.FrameLayout[1]/android.widget.LinearLayout[1]/android.widget.FrameLayout[1]/android.widget.LinearLayout[1]/android.widget.FrameLayout[1]/android.widget.FrameLayout[1]/android.view.ViewGroup[1]/android.view.ViewGroup[1]/android.view.ViewGroup[1]/android.view.ViewGroup[1]/android.view.ViewGroup[1]/android.widget.FrameLayout[1]/android.view.ViewGroup[1]/android.view.ViewGroup[1]/android.view.ViewGroup[1]/android.view.ViewGroup[1]/android.view.ViewGroup[1]/android.view.ViewGroup[1]/android.widget.FrameLayout[1]/android.view.ViewGroup[1]/android.view.ViewGroup[1]/android.view.ViewGroup[1]/android.view.ViewGroup[1]/android.view.ViewGroup[1]/android.view.ViewGroup[1]/android.view.ViewGroup[1]/android.widget.HorizontalScrollView[1]/android.view.ViewGroup[1]/android.view.ViewGroup[2]/android.view.ViewGroup[1]/android.widget.TextView[1][count(. | //*[@class = 'android.widget.TextView' and (@text = 'OTHERS' or . = 'OTHERS')]) = count(//*[@class = 'android.widget.Te...[39m
[35m[HTTP][39m [37m<-- POST /wd/hub/session/f7959614-b378-4cad-8366-0e9659a16bdd/elements [39m[32m200[39m [90m10453 ms - 139[39m
[35m[HTTP][39m [90m[39m
[35m[HTTP][39m [37m-->[39m [37mGET[39m [37m/wd/hub/session/f7959614-b378-4cad-8366-0e9659a16bdd/element/00000000-0000-01b6-ffff-ffff00000418/location[39m
[35m[HTTP][39m [90m{}[39m
[35m[W3C (f7959614)][39m Driver proxy active, passing request on via HTTP proxy
[35m[WD Proxy][39m Got response with status 404: {"sessionId":"90231935-06e9-4f56-a06d-30862f68dd0c","value":{"error":"stale element reference","message":"androidx.test.uiautomator.StaleObjectException","stacktrace":"io.appium.uiautomator2.common.exceptions.StaleElementReferenceException: androidx.test.uiautomator.StaleObjectException\n\tat io.appium.uiautomator2.handler.request.SafeRequestHandler.handle(SafeRequestHandler.java:63)\n\tat io.appium.uiautomator2.server.AppiumServlet.handleRequest(AppiumServlet.java:266)\n\tat io.appium.uiautomator2.server.AppiumServlet.handleHttpRequest(AppiumServlet.java:260)\n\tat io.appium.uiautomator2.http.ServerHandler.channelRead(ServerHandler.java:68)\n\tat io.netty.channel.AbstractChannelHandlerContext.invokeChannelRead(AbstractChannelHandlerContext.java:366)\n\tat io.netty.channel.AbstractChannelHandlerContext.invokeChannelRead(AbstractChannelHandlerContext.java:352)\n\tat io.netty.channel.AbstractChannelHandlerContext.fireChannelRead(AbstractChannelHandlerContext.java:345)\n\tat io.netty.handler.codec.MessageToMe...
[35m[HTTP][39m [37m<-- GET /wd/hub/session/f7959614-b378-4cad-8366-0e9659a16bdd/element/00000000-0000-01b6-ffff-ffff00000418/location [39m[33m404[39m [90m20525 ms - 4761[39m
[35m[HTTP][39m [90m[39m
[35m[HTTP][39m [37m-->[39m [37mPOST[39m [37m/wd/hub/session/f7959614-b378-4cad-8366-0e9659a16bdd/timeouts[39m
[35m[HTTP][39m [90m{"implicit":40000}[39m
[35m[HTTP][39m [37m<-- POST /wd/hub/session/f7959614-b378-4cad-8366-0e9659a16bdd/timeouts [39m[32m200[39m [90m1 ms - 14[39m
[35m[HTTP][39m [90m[39m
[35m[HTTP][39m [37m-->[39m [37mPOST[39m [37m/wd/hub/session/f7959614-b378-4cad-8366-0e9659a16bdd/timeouts[39m
[35m[HTTP][39m [90m{"implicit":50}[39m
[35m[HTTP][39m [37m<-- POST /wd/hub/session/f7959614-b378-4cad-8366-0e9659a16bdd/timeouts [39m[32m200[39m [90m1 ms - 14[39m
[35m[HTTP][39m [90m[39m
[35m[HTTP][39m [37m-->[39m [37mGET[39m [37m/wd/hub/session/f7959614-b378-4cad-8366-0e9659a16bdd/window/rect[39m
[35m[HTTP][39m [90m{}[39m
[35m[HTTP][39m [37m<-- GET /wd/hub/session/f7959614-b378-4cad-8366-0e9659a16bdd/window/rect [39m[32m200[39m [90m22 ms - 50[39m
[35m[HTTP][39m [90m[39m
[35m[HTTP][39m [37m-->[39m [37mPOST[39m [37m/wd/hub/session/f7959614-b378-4cad-8366-0e9659a16bdd/elements[39m
[35m[HTTP][39m [90m{"using":"xpath","value":"//*[@class = 'android.widget.TextView' and (@text = 'Banks' or . = 'Banks')]"}[39m
[35m[HTTP][39m [37m<-- POST /wd/hub/session/f7959614-b378-4cad-8366-0e9659a16bdd/elements [39m[32m200[39m [90m265 ms - 12[39m
[35m[HTTP][39m [90m[39m
[35m[HTTP][39m [37m-->[39m [37mPOST[39m [37m/wd/hub/session/f7959614-b378-4cad-8366-0e9659a16bdd/elements[39m
[35m[HTTP][39m [90m{"using":"xpath","value":"//*[@class = 'android.widget.TextView' and (@text = 'Banks' or . = 'Banks')]"}[39m
[35m[HTTP][39m [37m<-- POST /wd/hub/session/f7959614-b378-4cad-8366-0e9659a16bdd/elements [39m[32m200[39m [90m313 ms - 12[39m
[35m[HTTP][39m [90m[39m
[35m[HTTP][39m [37m-->[39m [37mPOST[39m [37m/wd/hub/session/f7959614-b378-4cad-8366-0e9659a16bdd/elements[39m
[35m[HTTP][39m [90m{"using":"xpath","value":"//*[@class = 'android.widget.TextView' and (@text = 'Banks' or . = 'Banks')]"}[39m
[35m[HTTP][39m [37m<-- POST /wd/hub/session/f7959614-b378-4cad-8366-0e9659a16bdd/elements [39m[32m200[39m [90m294 ms - 12[39m
[35m[HTTP][39m [90m[39m
[35m[HTTP][39m [37m-->[39m [37mPOST[39m [37m/wd/hub/session/f7959614-b378-4cad-8366-0e9659a16bdd/elements[39m
[35m[HTTP][39m [90m{"using":"xpath","value":"//*[@class = 'android.widget.TextView' and (@text = 'Banks' or . = 'Banks')]"}[39m
[35m[HTTP][39m [37m<-- POST /wd/hub/session/f7959614-b378-4cad-8366-0e9659a16bdd/elements [39m[32m200[39m [90m337 ms - 12[39m
[35m[HTTP][39m [90m[39m
[35m[HTTP][39m [37m-->[39m [37mPOST[39m [37m/wd/hub/session/f7959614-b378-4cad-8366-0e9659a16bdd/elements[39m
[35m[HTTP][39m [90m{"using":"xpath","value":"//*[@class = 'android.widget.TextView' and (@text = 'Banks' or . = 'Banks')]"}[39m
[35m[HTTP][39m [37m<-- POST /wd/hub/session/f7959614-b378-4cad-8366-0e9659a16bdd/elements [39m[32m200[39m [90m328 ms - 12[39m
[35m[HTTP][39m [90m[39m
[35m[HTTP][39m [37m-->[39m [37mPOST[39m [37m/wd/hub/session/f7959614-b378-4cad-8366-0e9659a16bdd/elements[39m
[35m[HTTP][39m [90m{"using":"xpath","value":"//*[@class = 'android.widget.TextView' and (@text = 'Banks' or . = 'Banks')]"}[39m
[35m[HTTP][39m [37m<-- POST /wd/hub/session/f7959614-b378-4cad-8366-0e9659a16bdd/elements [39m[32m200[39m [90m348 ms - 12[39m
[35m[HTTP][39m [90m[39m
[35m[HTTP][39m [37m-->[39m [37mPOST[39m [37m/wd/hub/session/f7959614-b378-4cad-8366-0e9659a16bdd/elements[39m
[35m[HTTP][39m [90m{"using":"xpath","value":"//*[@class = 'android.widget.TextView' and (@text = 'Banks' or . = 'Banks')]"}[39m
[35m[HTTP][39m [37m<-- POST /wd/hub/session/f7959614-b378-4cad-8366-0e9659a16bdd/elements [39m[32m200[39m [90m311 ms - 12[39m
[35m[HTTP][39m [90m[39m
[35m[HTTP][39m [37m-->[39m [37mPOST[39m [37m/wd/hub/session/f7959614-b378-4cad-8366-0e9659a16bdd/elements[39m
[35m[HTTP][39m [90m{"using":"xpath","value":"//*[@class = 'android.widget.TextView' and (@text = 'Banks' or . = 'Banks')]"}[39m
[35m[HTTP][39m [37m<-- POST /wd/hub/session/f7959614-b378-4cad-8366-0e9659a16bdd/elements [39m[32m200[39m [90m413 ms - 12[39m
[35m[HTTP][39m [90m[39m
[35m[HTTP][39m [37m-->[39m [37mPOST[39m [37m/wd/hub/session/f7959614-b378-4cad-8366-0e9659a16bdd/elements[39m
[35m[HTTP][39m [90m{"using":"xpath","value":"//*[@class = 'android.widget.TextView' and (@text = 'Banks' or . = 'Banks')]"}[39m
[35m[HTTP][39m [37m<-- POST /wd/hub/session/f7959614-b378-4cad-8366-0e9659a16bdd/elements [39m[32m200[39m [90m339 ms - 12[39m
[35m[HTTP][39m [90m[39m
[35m[HTTP][39m [37m-->[39m [37mPOST[39m [37m/wd/hub/session/f7959614-b378-4cad-8366-0e9659a16bdd/elements[39m
[35m[HTTP][39m [90m{"using":"xpath","value":"//*[@class = 'android.widget.TextView' and (@text = 'Banks' or . = 'Banks')]"}[39m
[35m[HTTP][39m [37m<-- POST /wd/hub/session/f7959614-b378-4cad-8366-0e9659a16bdd/elements [39m[32m200[39m [90m355 ms - 12[39m
[35m[HTTP][39m [90m[39m
[35m[HTTP][39m [37m-->[39m [37mPOST[39m [37m/wd/hub/session/f7959614-b378-4cad-8366-0e9659a16bdd/elements[39m
[35m[HTTP][39m [90m{"using":"xpath","value":"//*[@class = 'android.widget.TextView' and (@text = 'Banks' or . = 'Banks')]"}[39m
[35m[HTTP][39m [37m<-- POST /wd/hub/session/f7959614-b378-4cad-8366-0e9659a16bdd/elements [39m[32m200[39m [90m426 ms - 12[39m
[35m[HTTP][39m [90m[39m
[35m[HTTP][39m [37m-->[39m [37mPOST[39m [37m/wd/hub/session/f7959614-b378-4cad-8366-0e9659a16bdd/elements[39m
[35m[HTTP][39m [90m{"using":"xpath","value":"//*[@class = 'android.widget.TextView' and (@text = 'Banks' or . = 'Banks')]"}[39m
[35m[HTTP][39m [37m<-- POST /wd/hub/session/f7959614-b378-4cad-8366-0e9659a16bdd/elements [39m[32m200[39m [90m347 ms - 12[39m
[35m[HTTP][39m [90m[39m
[35m[HTTP][39m [37m-->[39m [37mPOST[39m [37m/wd/hub/session/f7959614-b378-4cad-8366-0e9659a16bdd/elements[39m
[35m[HTTP][39m [90m{"using":"xpath","value":"//*[@class = 'android.widget.TextView' and (@text = 'Banks' or . = 'Banks')]"}[39m
[35m[HTTP][39m [37m<-- POST /wd/hub/session/f7959614-b378-4cad-8366-0e9659a16bdd/elements [39m[32m200[39m [90m453 ms - 12[39m
[35m[HTTP][39m [90m[39m
[35m[HTTP][39m [37m-->[39m [37mPOST[39m [37m/wd/hub/session/f7959614-b378-4cad-8366-0e9659a16bdd/elements[39m
[35m[HTTP][39m [90m{"using":"xpath","value":"//*[@class = 'android.widget.TextView' and (@text = 'Banks' or . = 'Banks')]"}[39m
[35m[HTTP][39m [37m<-- POST /wd/hub/session/f7959614-b378-4cad-8366-0e9659a16bdd/elements [39m[32m200[39m [90m379 ms - 12[39m
[35m[HTTP][39m [90m[39m
[35m[HTTP][39m [37m-->[39m [37mPOST[39m [37m/wd/hub/session/f7959614-b378-4cad-8366-0e9659a16bdd/elements[39m
[35m[HTTP][39m [90m{"using":"xpath","value":"//*[@class = 'android.widget.TextView' and (@text = 'Banks' or . = 'Banks')]"}[39m
[35m[HTTP][39m [37m<-- POST /wd/hub/session/f7959614-b378-4cad-8366-0e9659a16bdd/elements [39m[32m200[39m [90m341 ms - 12[39m
[35m[HTTP][39m [90m[39m
[35m[HTTP][39m [37m-->[39m [37mPOST[39m [37m/wd/hub/session/f7959614-b378-4cad-8366-0e9659a16bdd/elements[39m
[35m[HTTP][39m [90m{"using":"xpath","value":"//*[@class = 'android.widget.TextView' and (@text = 'Banks' or . = 'Banks')]"}[39m
[35m[HTTP][39m [37m<-- POST /wd/hub/session/f7959614-b378-4cad-8366-0e9659a16bdd/elements [39m[32m200[39m [90m339 ms - 12[39m
[35m[HTTP][39m [90m[39m
[35m[HTTP][39m [37m-->[39m [37mPOST[39m [37m/wd/hub/session/f7959614-b378-4cad-8366-0e9659a16bdd/elements[39m
[35m[HTTP][39m [90m{"using":"xpath","value":"//*[@class = 'android.widget.TextView' and (@text = 'Banks' or . = 'Banks')]"}[39m
[35m[HTTP][39m [37m<-- POST /wd/hub/session/f7959614-b378-4cad-8366-0e9659a16bdd/elements [39m[32m200[39m [90m432 ms - 12[39m
[35m[HTTP][39m [90m[39m
[35m[HTTP][39m [37m-->[39m [37mPOST[39m [37m/wd/hub/session/f7959614-b378-4cad-8366-0e9659a16bdd/elements[39m
[35m[HTTP][39m [90m{"using":"xpath","value":"//*[@class = 'android.widget.TextView' and (@text = 'Banks' or . = 'Banks')]"}[39m
[35m[HTTP][39m [37m<-- POST /wd/hub/session/f7959614-b378-4cad-8366-0e9659a16bdd/elements [39m[32m200[39m [90m373 ms - 12[39m
[35m[HTTP][39m [90m[39m
[35m[HTTP][39m [37m-->[39m [37mPOST[39m [37m/wd/hub/session/f7959614-b378-4cad-8366-0e9659a16bdd/elements[39m
[35m[HTTP][39m [90m{"using":"xpath","value":"//*[@class = 'android.widget.TextView' and (@text = 'Banks' or . = 'Banks')]"}[39m
[35m[HTTP][39m [37m<-- POST /wd/hub/session/f7959614-b378-4cad-8366-0e9659a16bdd/elements [39m[32m200[39m [90m375 ms - 12[39m
[35m[HTTP][39m [90m[39m
[35m[HTTP][39m [37m-->[39m [37mPOST[39m [37m/wd/hub/session/f7959614-b378-4cad-8366-0e9659a16bdd/elements[39m
[35m[HTTP][39m [90m{"using":"xpath","value":"//*[@class = 'android.widget.TextView' and (@text = 'Banks' or . = 'Banks')]"}[39m
[35m[HTTP][39m [37m<-- POST /wd/hub/session/f7959614-b378-4cad-8366-0e9659a16bdd/elements [39m[32m200[39m [90m333 ms - 12[39m
[35m[HTTP][39m [90m[39m
[35m[HTTP][39m [37m-->[39m [37mPOST[39m [37m/wd/hub/session/f7959614-b378-4cad-8366-0e9659a16bdd/elements[39m
[35m[HTTP][39m [90m{"using":"xpath","value":"//*[@class = 'android.widget.TextView' and (@text = 'Banks' or . = 'Banks')]"}[39m
[35m[HTTP][39m [37m<-- POST /wd/hub/session/f7959614-b378-4cad-8366-0e9659a16bdd/elements [39m[32m200[39m [90m350 ms - 12[39m
[35m[HTTP][39m [90m[39m
[35m[HTTP][39m [37m-->[39m [37mPOST[39m [37m/wd/hub/session/f7959614-b378-4cad-8366-0e9659a16bdd/elements[39m
[35m[HTTP][39m [90m{"using":"xpath","value":"//*[@class = 'android.widget.TextView' and (@text = 'Banks' or . = 'Banks')]"}[39m
[35m[HTTP][39m [37m<-- POST /wd/hub/session/f7959614-b378-4cad-8366-0e9659a16bdd/elements [39m[32m200[39m [90m358 ms - 12[39m
[35m[HTTP][39m [90m[39m
[35m[HTTP][39m [37m-->[39m [37mPOST[39m [37m/wd/hub/session/f7959614-b378-4cad-8366-0e9659a16bdd/elements[39m
[35m[HTTP][39m [90m{"using":"xpath","value":"//*[@class = 'android.widget.TextView' and (@text = 'Banks' or . = 'Banks')]"}[39m
[35m[HTTP][39m [37m<-- POST /wd/hub/session/f7959614-b378-4cad-8366-0e9659a16bdd/elements [39m[32m200[39m [90m358 ms - 12[39m
[35m[HTTP][39m [90m[39m
[35m[HTTP][39m [37m-->[39m [37mPOST[39m [37m/wd/hub/session/f7959614-b378-4cad-8366-0e9659a16bdd/elements[39m
[35m[HTTP][39m [90m{"using":"xpath","value":"//*[@class = 'android.widget.TextView' and (@text = 'Banks' or . = 'Banks')]"}[39m
[35m[HTTP][39m [37m<-- POST /wd/hub/session/f7959614-b378-4cad-8366-0e9659a16bdd/elements [39m[32m200[39m [90m295 ms - 12[39m
[35m[HTTP][39m [90m[39m
[35m[HTTP][39m [37m-->[39m [37mPOST[39m [37m/wd/hub/session/f7959614-b378-4cad-8366-0e9659a16bdd/elements[39m
[35m[HTTP][39m [90m{"using":"xpath","value":"//*[@class = 'android.widget.TextView' and (@text = 'Banks' or . = 'Banks')]"}[39m
[35m[HTTP][39m [37m<-- POST /wd/hub/session/f7959614-b378-4cad-8366-0e9659a16bdd/elements [39m[32m200[39m [90m375 ms - 12[39m
[35m[HTTP][39m [90m[39m
[35m[HTTP][39m [37m-->[39m [37mPOST[39m [37m/wd/hub/session/f7959614-b378-4cad-8366-0e9659a16bdd/elements[39m
[35m[HTTP][39m [90m{"using":"xpath","value":"//*[@class = 'android.widget.TextView' and (@text = 'Banks' or . = 'Banks')]"}[39m
[35m[HTTP][39m [37m<-- POST /wd/hub/session/f7959614-b378-4cad-8366-0e9659a16bdd/elements [39m[32m200[39m [90m361 ms - 12[39m
[35m[HTTP][39m [90m[39m
[35m[HTTP][39m [37m-->[39m [37mPOST[39m [37m/wd/hub/session/f7959614-b378-4cad-8366-0e9659a16bdd/elements[39m
[35m[HTTP][39m [90m{"using":"xpath","value":"//*[@class = 'android.widget.TextView' and (@text = 'Banks' or . = 'Banks')]"}[39m
[35m[HTTP][39m [37m<-- POST /wd/hub/session/f7959614-b378-4cad-8366-0e9659a16bdd/elements [39m[32m200[39m [90m331 ms - 12[39m
[35m[HTTP][39m [90m[39m
[35m[BaseDriver][39m Shutting down because we waited 1800 seconds for a command
[35m[Appium][39m Closing session, cause was 'New Command Timeout of 1800 seconds expired. Try customizing the timeout using the 'newCommandTimeout' desired capability'
[35m[Appium][39m Removing session 'f7959614-b378-4cad-8366-0e9659a16bdd' from our master session list
[35m[UiAutomator2][39m Did not get confirmation UiAutomator2 deleteSession worked; Error was: UnknownError: An unknown server-side error occurred while processing the command. Original error: 'DELETE /' cannot be proxied to UiAutomator2 server because the instrumentation process is not running (probably crashed). Check the server log and/or the logcat output for more details
[35m[UiAutomator2][39m Restoring hidden api policy to the device default configuration
