[35m[Appium][39m Welcome to Appium v1.22.1
[35m[Appium][39m Non-default server args:
[35m[Appium][39m   port: 53614
[35m[Appium][39m   loglevel: info
[35m[Appium][39m   tmpDir: /var/folders/ng/yn0fw_vs06sd52svk474lbd40000gn/T//Katalon/Appium/Temp1658295483096
[35m[Appium][39m   chromedriverPort: 53615
[35m[Appium][39m Deprecated server args:
[35m[Appium][39m   [31m--chromedriver-port[39m => --default-capabilities
[35m[Appium][39m Default capabilities, which will be added to each request unless overridden by desired capabilities:
[35m[Appium][39m   chromedriverPort: 53615
[35m[Appium][39m Appium REST http interface listener started on 0.0.0.0:53614
[35m[HTTP][39m [37m-->[39m [37mGET[39m [37m/wd/hub/status[39m
[35m[HTTP][39m [90m{}[39m
[35m[HTTP][39m [37m<-- GET /wd/hub/status [39m[32m200[39m [90m5 ms - 68[39m
[35m[HTTP][39m [90m[39m
[35m[HTTP][39m [37m-->[39m [37mPOST[39m [37m/wd/hub/session[39m
[35m[HTTP][39m [90m{"desiredCapabilities":{"app":"/Users/a00139272/Downloads/Archive/app-uat-release.apk","appPackage":"com.maybank2u.life.sit","noReset":true,"appWaitActivity":"*","deviceId":"002b9cc60508","deviceName":"Xiaomi 21061119AG (Android 11)","fullReset":false,"platform":"ANDROID","appActivity":"com.maybank2u.life.MainActivity","newCommandTimeout":1800,"platformVersion":"11","automationName":"uiautomator2","autoGrantPermissions":true,"platformName":"Android","udid":"002b9cc60508","systemPort":53613},"capabilities":{"firstMatch":[{"appium:app":"/Users/a00139272/Downloads/Archive/app-uat-release.apk","appium:appActivity":"com.maybank2u.life.MainActivity","appium:appPackage":"com.maybank2u.life.sit","appium:appWaitActivity":"*","appium:autoGrantPermissions":true,"appium:automationName":"uiautomator2","deviceId":"002b9cc60508","appium:deviceName":"Xiaomi 21061119AG (Android 11)","appium:fullReset":false,"appium:newCommandTimeout":1800,"appium:noReset":true,"platform":"ANDROID","platformName":"android","appium:platformV...[39m
[35m[BaseDriver][39m The following capabilities are not standard capabilities and should have an extension prefix:
[35m[BaseDriver][39m   deviceId
[35m[BaseDriver][39m   platform
[35m[BaseDriver][39m   chromedriverPort
[35m[Appium][39m Appium v1.22.1 creating new AndroidUiautomator2Driver (v1.70.1) session
[35m[BaseDriver][39m The following capabilities were provided, but are not recognized by Appium:
[35m[BaseDriver][39m   deviceId
[35m[BaseDriver][39m   platform
[35m[BaseDriver][39m Session created with session id: 75bd48c2-6a93-4809-95ad-a7d77909c3e1
[35m[BaseDriver][39m Using local app '/Users/a00139272/Downloads/Archive/app-uat-release.apk'
[35m[ADB][39m Found 1 'build-tools' folders under '/Users/a00139272/.katalon/tools/android_sdk' (newest first):
[35m[ADB][39m     /Users/a00139272/.katalon/tools/android_sdk/build-tools/29.0.3
[35m[ADB][39m Using 'adb' from '/Users/a00139272/.katalon/tools/android_sdk/platform-tools/adb'
[35m[AndroidDriver][39m Retrieving device list
[35m[AndroidDriver][39m Using device: 002b9cc60508
[35m[ADB][39m Using 'adb' from '/Users/a00139272/.katalon/tools/android_sdk/platform-tools/adb'
[35m[ADB][39m Getting device platform version
[35m[UiAutomator2][39m Relaxing hidden api policy
[35m[ADB][39m Using 'apksigner.jar' from '/Users/a00139272/.katalon/tools/android_sdk/build-tools/29.0.3/lib/apksigner.jar'
[35m[ADB][39m '/usr/local/lib/node_modules/appium/node_modules/appium-uiautomator2-server/apks/appium-uiautomator2-server-v4.27.0.apk' is signed with the default certificate
[35m[ADB][39m '/usr/local/lib/node_modules/appium/node_modules/appium-uiautomator2-server/apks/appium-uiautomator2-server-debug-androidTest.apk' is signed with the default certificate
[35m[UiAutomator2][39m Server packages are not going to be (re)installed
[35m[ADB][39m Adding packages ["io.appium.settings","io.appium.uiautomator2.server","io.appium.uiautomator2.server.test"] to Doze whitelist
[35m[ADB][39m '/Users/a00139272/Downloads/Archive/app-uat-release.apk' is signed with a non-default certificate
[35m[UiAutomator2][39m Starting UIAutomator2 server 4.27.0
[35m[UiAutomator2][39m Using UIAutomator2 server from '/usr/local/lib/node_modules/appium/node_modules/appium-uiautomator2-server/apks/appium-uiautomator2-server-v4.27.0.apk' and test from '/usr/local/lib/node_modules/appium/node_modules/appium-uiautomator2-server/apks/appium-uiautomator2-server-debug-androidTest.apk'
[35m[UiAutomator2][39m Waiting up to 30000ms for UiAutomator2 to be online...
[35m[WD Proxy][39m socket hang up
[35m[WD Proxy][39m socket hang up
[35m[WD Proxy][39m socket hang up
[35m[WD Proxy][39m Determined the downstream protocol as 'W3C'
[35m[AndroidDriver][39m Screen already unlocked, doing nothing
[35m[UiAutomator2][39m Starting 'com.maybank2u.life.sit/com.maybank2u.life.MainActivity and waiting for 'com.maybank2u.life.sit/*'
[35m[Appium][39m New AndroidUiautomator2Driver session created successfully, session 75bd48c2-6a93-4809-95ad-a7d77909c3e1 added to master session list
[35m[HTTP][39m [37m<-- POST /wd/hub/session [39m[32m200[39m [90m10458 ms - 1503[39m
[35m[HTTP][39m [90m[39m
[35m[HTTP][39m [37m-->[39m [37mGET[39m [37m/wd/hub/session/75bd48c2-6a93-4809-95ad-a7d77909c3e1[39m
[35m[HTTP][39m [90m{}[39m
[35m[HTTP][39m [37m<-- GET /wd/hub/session/75bd48c2-6a93-4809-95ad-a7d77909c3e1 [39m[32m200[39m [90m10 ms - 1457[39m
[35m[HTTP][39m [90m[39m
[35m[HTTP][39m [37m-->[39m [37mGET[39m [37m/wd/hub/session/75bd48c2-6a93-4809-95ad-a7d77909c3e1[39m
[35m[HTTP][39m [90m{}[39m
[35m[HTTP][39m [37m<-- GET /wd/hub/session/75bd48c2-6a93-4809-95ad-a7d77909c3e1 [39m[32m200[39m [90m9 ms - 1457[39m
[35m[HTTP][39m [90m[39m
[35m[HTTP][39m [37m-->[39m [37mGET[39m [37m/wd/hub/status[39m
[35m[HTTP][39m [90m{}[39m
[35m[HTTP][39m [37m<-- GET /wd/hub/status [39m[32m200[39m [90m1 ms - 68[39m
[35m[HTTP][39m [90m[39m
[35m[HTTP][39m [37m-->[39m [37mPOST[39m [37m/wd/hub/session/75bd48c2-6a93-4809-95ad-a7d77909c3e1/timeouts[39m
[35m[HTTP][39m [90m{"implicit":40000}[39m
[35m[HTTP][39m [37m<-- POST /wd/hub/session/75bd48c2-6a93-4809-95ad-a7d77909c3e1/timeouts [39m[32m200[39m [90m2 ms - 14[39m
[35m[HTTP][39m [90m[39m
[35m[HTTP][39m [37m-->[39m [37mGET[39m [37m/wd/hub/session/75bd48c2-6a93-4809-95ad-a7d77909c3e1/screenshot[39m
[35m[HTTP][39m [90m{}[39m
[35m[HTTP][39m [37m<-- GET /wd/hub/session/75bd48c2-6a93-4809-95ad-a7d77909c3e1/screenshot [39m[32m200[39m [90m700 ms - 127140[39m
[35m[HTTP][39m [90m[39m
[35m[HTTP][39m [37m-->[39m [37mGET[39m [37m/wd/hub/session/75bd48c2-6a93-4809-95ad-a7d77909c3e1/window/rect[39m
[35m[HTTP][39m [90m{}[39m
[35m[HTTP][39m [37m<-- GET /wd/hub/session/75bd48c2-6a93-4809-95ad-a7d77909c3e1/window/rect [39m[32m200[39m [90m19 ms - 50[39m
[35m[HTTP][39m [90m[39m
[35m[HTTP][39m [37m-->[39m [37mGET[39m [37m/wd/hub/session/75bd48c2-6a93-4809-95ad-a7d77909c3e1/appium/device/system_bars[39m
[35m[HTTP][39m [90m{}[39m
[35m[HTTP][39m [37m<-- GET /wd/hub/session/75bd48c2-6a93-4809-95ad-a7d77909c3e1/appium/device/system_bars [39m[32m200[39m [90m110 ms - 149[39m
[35m[HTTP][39m [90m[39m
[35m[HTTP][39m [37m-->[39m [37mGET[39m [37m/wd/hub/session/75bd48c2-6a93-4809-95ad-a7d77909c3e1/context[39m
[35m[HTTP][39m [90m{}[39m
[35m[HTTP][39m [37m<-- GET /wd/hub/session/75bd48c2-6a93-4809-95ad-a7d77909c3e1/context [39m[32m200[39m [90m1 ms - 22[39m
[35m[HTTP][39m [90m[39m
[35m[HTTP][39m [37m-->[39m [37mGET[39m [37m/wd/hub/session/75bd48c2-6a93-4809-95ad-a7d77909c3e1/contexts[39m
[35m[HTTP][39m [90m{}[39m
[35m[HTTP][39m [37m<-- GET /wd/hub/session/75bd48c2-6a93-4809-95ad-a7d77909c3e1/contexts [39m[32m200[39m [90m99 ms - 41[39m
[35m[HTTP][39m [90m[39m
[35m[HTTP][39m [37m-->[39m [37mPOST[39m [37m/wd/hub/session/75bd48c2-6a93-4809-95ad-a7d77909c3e1/context[39m
[35m[HTTP][39m [90m{"name":"NATIVE_APP"}[39m
[35m[HTTP][39m [37m<-- POST /wd/hub/session/75bd48c2-6a93-4809-95ad-a7d77909c3e1/context [39m[32m200[39m [90m2 ms - 14[39m
[35m[HTTP][39m [90m[39m
[35m[HTTP][39m [37m-->[39m [37mGET[39m [37m/wd/hub/session/75bd48c2-6a93-4809-95ad-a7d77909c3e1/window/rect[39m
[35m[HTTP][39m [90m{}[39m
[35m[HTTP][39m [37m<-- GET /wd/hub/session/75bd48c2-6a93-4809-95ad-a7d77909c3e1/window/rect [39m[32m200[39m [90m12 ms - 50[39m
[35m[HTTP][39m [90m[39m
[35m[HTTP][39m [37m-->[39m [37mPOST[39m [37m/wd/hub/session/75bd48c2-6a93-4809-95ad-a7d77909c3e1/context[39m
[35m[HTTP][39m [90m{"name":"NATIVE_APP"}[39m
[35m[HTTP][39m [37m<-- POST /wd/hub/session/75bd48c2-6a93-4809-95ad-a7d77909c3e1/context [39m[32m200[39m [90m1 ms - 14[39m
[35m[HTTP][39m [90m[39m
[35m[HTTP][39m [37m-->[39m [37mGET[39m [37m/wd/hub/session/75bd48c2-6a93-4809-95ad-a7d77909c3e1/context[39m
[35m[HTTP][39m [90m{}[39m
[35m[HTTP][39m [37m<-- GET /wd/hub/session/75bd48c2-6a93-4809-95ad-a7d77909c3e1/context [39m[32m200[39m [90m1 ms - 22[39m
[35m[HTTP][39m [90m[39m
[35m[HTTP][39m [37m-->[39m [37mGET[39m [37m/wd/hub/session/75bd48c2-6a93-4809-95ad-a7d77909c3e1/contexts[39m
[35m[HTTP][39m [90m{}[39m
[35m[HTTP][39m [37m<-- GET /wd/hub/session/75bd48c2-6a93-4809-95ad-a7d77909c3e1/contexts [39m[32m200[39m [90m93 ms - 41[39m
[35m[HTTP][39m [90m[39m
[35m[HTTP][39m [37m-->[39m [37mPOST[39m [37m/wd/hub/session/75bd48c2-6a93-4809-95ad-a7d77909c3e1/context[39m
[35m[HTTP][39m [90m{"name":"NATIVE_APP"}[39m
[35m[HTTP][39m [37m<-- POST /wd/hub/session/75bd48c2-6a93-4809-95ad-a7d77909c3e1/context [39m[32m200[39m [90m1 ms - 14[39m
[35m[HTTP][39m [90m[39m
[35m[HTTP][39m [37m-->[39m [37mGET[39m [37m/wd/hub/session/75bd48c2-6a93-4809-95ad-a7d77909c3e1/window/rect[39m
[35m[HTTP][39m [90m{}[39m
[35m[HTTP][39m [37m<-- GET /wd/hub/session/75bd48c2-6a93-4809-95ad-a7d77909c3e1/window/rect [39m[32m200[39m [90m9 ms - 50[39m
[35m[HTTP][39m [90m[39m
[35m[HTTP][39m [37m-->[39m [37mPOST[39m [37m/wd/hub/session/75bd48c2-6a93-4809-95ad-a7d77909c3e1/context[39m
[35m[HTTP][39m [90m{"name":"NATIVE_APP"}[39m
[35m[HTTP][39m [37m<-- POST /wd/hub/session/75bd48c2-6a93-4809-95ad-a7d77909c3e1/context [39m[32m200[39m [90m1 ms - 14[39m
[35m[HTTP][39m [90m[39m
[35m[HTTP][39m [37m-->[39m [37mPOST[39m [37m/wd/hub/session/75bd48c2-6a93-4809-95ad-a7d77909c3e1/touch/perform[39m
[35m[HTTP][39m [90m{"actions":[{"action":"tap","options":{"x":864,"y":2101}},{"action":"wait","options":{"ms":50}}]}[39m
[35m[HTTP][39m [37m<-- POST /wd/hub/session/75bd48c2-6a93-4809-95ad-a7d77909c3e1/touch/perform [39m[32m200[39m [90m2579 ms - 14[39m
[35m[HTTP][39m [90m[39m
[35m[HTTP][39m [37m-->[39m [37mPOST[39m [37m/wd/hub/session/75bd48c2-6a93-4809-95ad-a7d77909c3e1/timeouts[39m
[35m[HTTP][39m [90m{"implicit":50}[39m
[35m[HTTP][39m [37m<-- POST /wd/hub/session/75bd48c2-6a93-4809-95ad-a7d77909c3e1/timeouts [39m[32m200[39m [90m1 ms - 14[39m
[35m[HTTP][39m [90m[39m
[35m[HTTP][39m [37m-->[39m [37mGET[39m [37m/wd/hub/session/75bd48c2-6a93-4809-95ad-a7d77909c3e1/window/rect[39m
[35m[HTTP][39m [90m{}[39m
[35m[HTTP][39m [37m<-- GET /wd/hub/session/75bd48c2-6a93-4809-95ad-a7d77909c3e1/window/rect [39m[32m200[39m [90m27 ms - 50[39m
[35m[HTTP][39m [90m[39m
[35m[HTTP][39m [37m-->[39m [37mPOST[39m [37m/wd/hub/session/75bd48c2-6a93-4809-95ad-a7d77909c3e1/elements[39m
[35m[HTTP][39m [90m{"using":"xpath","value":"//*[@class = 'android.widget.TextView' and (@text = 'Settings' or . = 'Settings')]"}[39m
[35m[HTTP][39m [37m<-- POST /wd/hub/session/75bd48c2-6a93-4809-95ad-a7d77909c3e1/elements [39m[32m200[39m [90m1209 ms - 12[39m
[35m[HTTP][39m [90m[39m
[35m[HTTP][39m [37m-->[39m [37mPOST[39m [37m/wd/hub/session/75bd48c2-6a93-4809-95ad-a7d77909c3e1/elements[39m
[35m[HTTP][39m [90m{"using":"xpath","value":"//*[@class = 'android.widget.TextView' and (@text = 'Settings' or . = 'Settings')]"}[39m
[35m[HTTP][39m [37m<-- POST /wd/hub/session/75bd48c2-6a93-4809-95ad-a7d77909c3e1/elements [39m[32m200[39m [90m475 ms - 12[39m
[35m[HTTP][39m [90m[39m
[35m[HTTP][39m [37m-->[39m [37mPOST[39m [37m/wd/hub/session/75bd48c2-6a93-4809-95ad-a7d77909c3e1/elements[39m
[35m[HTTP][39m [90m{"using":"xpath","value":"//*[@class = 'android.widget.TextView' and (@text = 'Settings' or . = 'Settings')]"}[39m
[35m[HTTP][39m [37m<-- POST /wd/hub/session/75bd48c2-6a93-4809-95ad-a7d77909c3e1/elements [39m[32m200[39m [90m414 ms - 12[39m
[35m[HTTP][39m [90m[39m
[35m[HTTP][39m [37m-->[39m [37mPOST[39m [37m/wd/hub/session/75bd48c2-6a93-4809-95ad-a7d77909c3e1/elements[39m
[35m[HTTP][39m [90m{"using":"xpath","value":"//*[@class = 'android.widget.TextView' and (@text = 'Settings' or . = 'Settings')]"}[39m
[35m[HTTP][39m [37m<-- POST /wd/hub/session/75bd48c2-6a93-4809-95ad-a7d77909c3e1/elements [39m[32m200[39m [90m376 ms - 12[39m
[35m[HTTP][39m [90m[39m
[35m[HTTP][39m [37m-->[39m [37mPOST[39m [37m/wd/hub/session/75bd48c2-6a93-4809-95ad-a7d77909c3e1/elements[39m
[35m[HTTP][39m [90m{"using":"xpath","value":"//*[@class = 'android.widget.TextView' and (@text = 'Settings' or . = 'Settings')]"}[39m
[35m[HTTP][39m [37m<-- POST /wd/hub/session/75bd48c2-6a93-4809-95ad-a7d77909c3e1/elements [39m[32m200[39m [90m345 ms - 12[39m
[35m[HTTP][39m [90m[39m
[35m[HTTP][39m [37m-->[39m [37mPOST[39m [37m/wd/hub/session/75bd48c2-6a93-4809-95ad-a7d77909c3e1/elements[39m
[35m[HTTP][39m [90m{"using":"xpath","value":"//*[@class = 'android.widget.TextView' and (@text = 'Settings' or . = 'Settings')]"}[39m
[35m[HTTP][39m [37m<-- POST /wd/hub/session/75bd48c2-6a93-4809-95ad-a7d77909c3e1/elements [39m[32m200[39m [90m355 ms - 12[39m
[35m[HTTP][39m [90m[39m
[35m[HTTP][39m [37m-->[39m [37mPOST[39m [37m/wd/hub/session/75bd48c2-6a93-4809-95ad-a7d77909c3e1/elements[39m
[35m[HTTP][39m [90m{"using":"xpath","value":"//*[@class = 'android.widget.TextView' and (@text = 'Settings' or . = 'Settings')]"}[39m
[35m[HTTP][39m [37m<-- POST /wd/hub/session/75bd48c2-6a93-4809-95ad-a7d77909c3e1/elements [39m[32m200[39m [90m355 ms - 12[39m
[35m[HTTP][39m [90m[39m
[35m[HTTP][39m [37m-->[39m [37mPOST[39m [37m/wd/hub/session/75bd48c2-6a93-4809-95ad-a7d77909c3e1/elements[39m
[35m[HTTP][39m [90m{"using":"xpath","value":"//*[@class = 'android.widget.TextView' and (@text = 'Settings' or . = 'Settings')]"}[39m
[35m[HTTP][39m [37m<-- POST /wd/hub/session/75bd48c2-6a93-4809-95ad-a7d77909c3e1/elements [39m[32m200[39m [90m361 ms - 12[39m
[35m[HTTP][39m [90m[39m
[35m[HTTP][39m [37m-->[39m [37mPOST[39m [37m/wd/hub/session/75bd48c2-6a93-4809-95ad-a7d77909c3e1/elements[39m
[35m[HTTP][39m [90m{"using":"xpath","value":"//*[@class = 'android.widget.TextView' and (@text = 'Settings' or . = 'Settings')]"}[39m
[35m[HTTP][39m [37m<-- POST /wd/hub/session/75bd48c2-6a93-4809-95ad-a7d77909c3e1/elements [39m[32m200[39m [90m384 ms - 12[39m
[35m[HTTP][39m [90m[39m
[35m[HTTP][39m [37m-->[39m [37mPOST[39m [37m/wd/hub/session/75bd48c2-6a93-4809-95ad-a7d77909c3e1/elements[39m
[35m[HTTP][39m [90m{"using":"xpath","value":"//*[@class = 'android.widget.TextView' and (@text = 'Settings' or . = 'Settings')]"}[39m
[35m[HTTP][39m [37m<-- POST /wd/hub/session/75bd48c2-6a93-4809-95ad-a7d77909c3e1/elements [39m[32m200[39m [90m313 ms - 12[39m
[35m[HTTP][39m [90m[39m
[35m[HTTP][39m [37m-->[39m [37mPOST[39m [37m/wd/hub/session/75bd48c2-6a93-4809-95ad-a7d77909c3e1/elements[39m
[35m[HTTP][39m [90m{"using":"xpath","value":"//*[@class = 'android.widget.TextView' and (@text = 'Settings' or . = 'Settings')]"}[39m
[35m[HTTP][39m [37m<-- POST /wd/hub/session/75bd48c2-6a93-4809-95ad-a7d77909c3e1/elements [39m[32m200[39m [90m310 ms - 12[39m
[35m[HTTP][39m [90m[39m
[35m[HTTP][39m [37m-->[39m [37mPOST[39m [37m/wd/hub/session/75bd48c2-6a93-4809-95ad-a7d77909c3e1/elements[39m
[35m[HTTP][39m [90m{"using":"xpath","value":"//*[@class = 'android.widget.TextView' and (@text = 'Settings' or . = 'Settings')]"}[39m
[35m[HTTP][39m [37m<-- POST /wd/hub/session/75bd48c2-6a93-4809-95ad-a7d77909c3e1/elements [39m[32m200[39m [90m368 ms - 12[39m
[35m[HTTP][39m [90m[39m
[35m[HTTP][39m [37m-->[39m [37mPOST[39m [37m/wd/hub/session/75bd48c2-6a93-4809-95ad-a7d77909c3e1/elements[39m
[35m[HTTP][39m [90m{"using":"xpath","value":"//*[@class = 'android.widget.TextView' and (@text = 'Settings' or . = 'Settings')]"}[39m
[35m[HTTP][39m [37m<-- POST /wd/hub/session/75bd48c2-6a93-4809-95ad-a7d77909c3e1/elements [39m[32m200[39m [90m327 ms - 12[39m
[35m[HTTP][39m [90m[39m
[35m[HTTP][39m [37m-->[39m [37mPOST[39m [37m/wd/hub/session/75bd48c2-6a93-4809-95ad-a7d77909c3e1/elements[39m
[35m[HTTP][39m [90m{"using":"xpath","value":"//*[@class = 'android.widget.TextView' and (@text = 'Settings' or . = 'Settings')]"}[39m
[35m[HTTP][39m [37m<-- POST /wd/hub/session/75bd48c2-6a93-4809-95ad-a7d77909c3e1/elements [39m[32m200[39m [90m262 ms - 12[39m
[35m[HTTP][39m [90m[39m
[35m[HTTP][39m [37m-->[39m [37mPOST[39m [37m/wd/hub/session/75bd48c2-6a93-4809-95ad-a7d77909c3e1/elements[39m
[35m[HTTP][39m [90m{"using":"xpath","value":"//*[@class = 'android.widget.TextView' and (@text = 'Settings' or . = 'Settings')]"}[39m
[35m[HTTP][39m [37m<-- POST /wd/hub/session/75bd48c2-6a93-4809-95ad-a7d77909c3e1/elements [39m[32m200[39m [90m263 ms - 12[39m
[35m[HTTP][39m [90m[39m
[35m[HTTP][39m [37m-->[39m [37mPOST[39m [37m/wd/hub/session/75bd48c2-6a93-4809-95ad-a7d77909c3e1/elements[39m
[35m[HTTP][39m [90m{"using":"xpath","value":"//*[@class = 'android.widget.TextView' and (@text = 'Settings' or . = 'Settings')]"}[39m
[35m[HTTP][39m [37m<-- POST /wd/hub/session/75bd48c2-6a93-4809-95ad-a7d77909c3e1/elements [39m[32m200[39m [90m283 ms - 12[39m
[35m[HTTP][39m [90m[39m
[35m[HTTP][39m [37m-->[39m [37mPOST[39m [37m/wd/hub/session/75bd48c2-6a93-4809-95ad-a7d77909c3e1/elements[39m
[35m[HTTP][39m [90m{"using":"xpath","value":"//*[@class = 'android.widget.TextView' and (@text = 'Settings' or . = 'Settings')]"}[39m
[35m[HTTP][39m [37m<-- POST /wd/hub/session/75bd48c2-6a93-4809-95ad-a7d77909c3e1/elements [39m[32m200[39m [90m341 ms - 12[39m
[35m[HTTP][39m [90m[39m
[35m[HTTP][39m [37m-->[39m [37mPOST[39m [37m/wd/hub/session/75bd48c2-6a93-4809-95ad-a7d77909c3e1/elements[39m
[35m[HTTP][39m [90m{"using":"xpath","value":"//*[@class = 'android.widget.TextView' and (@text = 'Settings' or . = 'Settings')]"}[39m
[35m[HTTP][39m [37m<-- POST /wd/hub/session/75bd48c2-6a93-4809-95ad-a7d77909c3e1/elements [39m[32m200[39m [90m318 ms - 12[39m
[35m[HTTP][39m [90m[39m
[35m[HTTP][39m [37m-->[39m [37mPOST[39m [37m/wd/hub/session/75bd48c2-6a93-4809-95ad-a7d77909c3e1/elements[39m
[35m[HTTP][39m [90m{"using":"xpath","value":"//*[@class = 'android.widget.TextView' and (@text = 'Settings' or . = 'Settings')]"}[39m
[35m[HTTP][39m [37m<-- POST /wd/hub/session/75bd48c2-6a93-4809-95ad-a7d77909c3e1/elements [39m[32m200[39m [90m728 ms - 12[39m
[35m[HTTP][39m [90m[39m
[35m[HTTP][39m [37m-->[39m [37mPOST[39m [37m/wd/hub/session/75bd48c2-6a93-4809-95ad-a7d77909c3e1/elements[39m
[35m[HTTP][39m [90m{"using":"xpath","value":"//*[@class = 'android.widget.TextView' and (@text = 'Settings' or . = 'Settings')]"}[39m
[35m[HTTP][39m [37m<-- POST /wd/hub/session/75bd48c2-6a93-4809-95ad-a7d77909c3e1/elements [39m[32m200[39m [90m350 ms - 12[39m
[35m[HTTP][39m [90m[39m
[35m[HTTP][39m [37m-->[39m [37mPOST[39m [37m/wd/hub/session/75bd48c2-6a93-4809-95ad-a7d77909c3e1/elements[39m
[35m[HTTP][39m [90m{"using":"xpath","value":"//*[@class = 'android.widget.TextView' and (@text = 'Settings' or . = 'Settings')]"}[39m
[35m[HTTP][39m [37m<-- POST /wd/hub/session/75bd48c2-6a93-4809-95ad-a7d77909c3e1/elements [39m[32m200[39m [90m363 ms - 12[39m
[35m[HTTP][39m [90m[39m
[35m[HTTP][39m [37m-->[39m [37mPOST[39m [37m/wd/hub/session/75bd48c2-6a93-4809-95ad-a7d77909c3e1/elements[39m
[35m[HTTP][39m [90m{"using":"xpath","value":"//*[@class = 'android.widget.TextView' and (@text = 'Settings' or . = 'Settings')]"}[39m
[35m[HTTP][39m [37m<-- POST /wd/hub/session/75bd48c2-6a93-4809-95ad-a7d77909c3e1/elements [39m[32m200[39m [90m377 ms - 12[39m
[35m[HTTP][39m [90m[39m
[35m[HTTP][39m [37m-->[39m [37mPOST[39m [37m/wd/hub/session/75bd48c2-6a93-4809-95ad-a7d77909c3e1/elements[39m
[35m[HTTP][39m [90m{"using":"xpath","value":"//*[@class = 'android.widget.TextView' and (@text = 'Settings' or . = 'Settings')]"}[39m
[35m[HTTP][39m [37m<-- POST /wd/hub/session/75bd48c2-6a93-4809-95ad-a7d77909c3e1/elements [39m[32m200[39m [90m311 ms - 12[39m
[35m[HTTP][39m [90m[39m
[35m[HTTP][39m [37m-->[39m [37mPOST[39m [37m/wd/hub/session/75bd48c2-6a93-4809-95ad-a7d77909c3e1/elements[39m
[35m[HTTP][39m [90m{"using":"xpath","value":"//*[@class = 'android.widget.TextView' and (@text = 'Settings' or . = 'Settings')]"}[39m
[35m[HTTP][39m [37m<-- POST /wd/hub/session/75bd48c2-6a93-4809-95ad-a7d77909c3e1/elements [39m[32m200[39m [90m345 ms - 12[39m
[35m[HTTP][39m [90m[39m
[35m[HTTP][39m [37m-->[39m [37mPOST[39m [37m/wd/hub/session/75bd48c2-6a93-4809-95ad-a7d77909c3e1/elements[39m
[35m[HTTP][39m [90m{"using":"xpath","value":"//*[@class = 'android.widget.TextView' and (@text = 'Settings' or . = 'Settings')]"}[39m
[35m[HTTP][39m [37m<-- POST /wd/hub/session/75bd48c2-6a93-4809-95ad-a7d77909c3e1/elements [39m[32m200[39m [90m354 ms - 12[39m
[35m[HTTP][39m [90m[39m
[35m[HTTP][39m [37m-->[39m [37mPOST[39m [37m/wd/hub/session/75bd48c2-6a93-4809-95ad-a7d77909c3e1/elements[39m
[35m[HTTP][39m [90m{"using":"xpath","value":"//*[@class = 'android.widget.TextView' and (@text = 'Settings' or . = 'Settings')]"}[39m
[35m[HTTP][39m [37m<-- POST /wd/hub/session/75bd48c2-6a93-4809-95ad-a7d77909c3e1/elements [39m[32m200[39m [90m374 ms - 12[39m
[35m[HTTP][39m [90m[39m
[35m[HTTP][39m [37m-->[39m [37mPOST[39m [37m/wd/hub/session/75bd48c2-6a93-4809-95ad-a7d77909c3e1/elements[39m
[35m[HTTP][39m [90m{"using":"xpath","value":"//*[@class = 'android.widget.TextView' and (@text = 'Settings' or . = 'Settings')]"}[39m
[35m[HTTP][39m [37m<-- POST /wd/hub/session/75bd48c2-6a93-4809-95ad-a7d77909c3e1/elements [39m[32m200[39m [90m371 ms - 12[39m
[35m[HTTP][39m [90m[39m
[35m[HTTP][39m [37m-->[39m [37mPOST[39m [37m/wd/hub/session/75bd48c2-6a93-4809-95ad-a7d77909c3e1/elements[39m
[35m[HTTP][39m [90m{"using":"xpath","value":"//*[@class = 'android.widget.TextView' and (@text = 'Settings' or . = 'Settings')]"}[39m
[35m[HTTP][39m [37m<-- POST /wd/hub/session/75bd48c2-6a93-4809-95ad-a7d77909c3e1/elements [39m[32m200[39m [90m357 ms - 12[39m
[35m[HTTP][39m [90m[39m
[35m[HTTP][39m [37m-->[39m [37mPOST[39m [37m/wd/hub/session/75bd48c2-6a93-4809-95ad-a7d77909c3e1/elements[39m
[35m[HTTP][39m [90m{"using":"xpath","value":"//*[@class = 'android.widget.TextView' and (@text = 'Settings' or . = 'Settings')]"}[39m
[35m[HTTP][39m [37m<-- POST /wd/hub/session/75bd48c2-6a93-4809-95ad-a7d77909c3e1/elements [39m[32m200[39m [90m340 ms - 12[39m
[35m[HTTP][39m [90m[39m
[35m[HTTP][39m [37m-->[39m [37mPOST[39m [37m/wd/hub/session/75bd48c2-6a93-4809-95ad-a7d77909c3e1/elements[39m
[35m[HTTP][39m [90m{"using":"xpath","value":"//*[@class = 'android.widget.TextView' and (@text = 'Settings' or . = 'Settings')]"}[39m
[35m[HTTP][39m [37m<-- POST /wd/hub/session/75bd48c2-6a93-4809-95ad-a7d77909c3e1/elements [39m[32m200[39m [90m371 ms - 12[39m
[35m[HTTP][39m [90m[39m
[35m[HTTP][39m [37m-->[39m [37mPOST[39m [37m/wd/hub/session/75bd48c2-6a93-4809-95ad-a7d77909c3e1/elements[39m
[35m[HTTP][39m [90m{"using":"xpath","value":"//*[@class = 'android.widget.TextView' and (@text = 'Settings' or . = 'Settings')]"}[39m
[35m[HTTP][39m [37m<-- POST /wd/hub/session/75bd48c2-6a93-4809-95ad-a7d77909c3e1/elements [39m[32m200[39m [90m330 ms - 12[39m
[35m[HTTP][39m [90m[39m
[35m[HTTP][39m [37m-->[39m [37mPOST[39m [37m/wd/hub/session/75bd48c2-6a93-4809-95ad-a7d77909c3e1/elements[39m
[35m[HTTP][39m [90m{"using":"xpath","value":"//*[@class = 'android.widget.TextView' and (@text = 'Settings' or . = 'Settings')]"}[39m
[35m[HTTP][39m [37m<-- POST /wd/hub/session/75bd48c2-6a93-4809-95ad-a7d77909c3e1/elements [39m[32m200[39m [90m258 ms - 12[39m
[35m[HTTP][39m [90m[39m
[35m[HTTP][39m [37m-->[39m [37mPOST[39m [37m/wd/hub/session/75bd48c2-6a93-4809-95ad-a7d77909c3e1/elements[39m
[35m[HTTP][39m [90m{"using":"xpath","value":"//*[@class = 'android.widget.TextView' and (@text = 'Settings' or . = 'Settings')]"}[39m
[35m[HTTP][39m [37m<-- POST /wd/hub/session/75bd48c2-6a93-4809-95ad-a7d77909c3e1/elements [39m[32m200[39m [90m778 ms - 12[39m
[35m[HTTP][39m [90m[39m
[35m[HTTP][39m [37m-->[39m [37mPOST[39m [37m/wd/hub/session/75bd48c2-6a93-4809-95ad-a7d77909c3e1/elements[39m
[35m[HTTP][39m [90m{"using":"xpath","value":"//*[@class = 'android.widget.TextView' and (@text = 'Settings' or . = 'Settings')]"}[39m
[35m[HTTP][39m [37m<-- POST /wd/hub/session/75bd48c2-6a93-4809-95ad-a7d77909c3e1/elements [39m[32m200[39m [90m367 ms - 12[39m
[35m[HTTP][39m [90m[39m
[35m[HTTP][39m [37m-->[39m [37mPOST[39m [37m/wd/hub/session/75bd48c2-6a93-4809-95ad-a7d77909c3e1/elements[39m
[35m[HTTP][39m [90m{"using":"xpath","value":"//*[@class = 'android.widget.TextView' and (@text = 'Settings' or . = 'Settings')]"}[39m
[35m[HTTP][39m [37m<-- POST /wd/hub/session/75bd48c2-6a93-4809-95ad-a7d77909c3e1/elements [39m[32m200[39m [90m359 ms - 12[39m
[35m[HTTP][39m [90m[39m
[35m[HTTP][39m [37m-->[39m [37mPOST[39m [37m/wd/hub/session/75bd48c2-6a93-4809-95ad-a7d77909c3e1/elements[39m
[35m[HTTP][39m [90m{"using":"xpath","value":"//*[@class = 'android.widget.TextView' and (@text = 'Settings' or . = 'Settings')]"}[39m
[35m[HTTP][39m [37m<-- POST /wd/hub/session/75bd48c2-6a93-4809-95ad-a7d77909c3e1/elements [39m[32m200[39m [90m333 ms - 12[39m
[35m[HTTP][39m [90m[39m
[35m[HTTP][39m [37m-->[39m [37mPOST[39m [37m/wd/hub/session/75bd48c2-6a93-4809-95ad-a7d77909c3e1/elements[39m
[35m[HTTP][39m [90m{"using":"xpath","value":"//*[@class = 'android.widget.TextView' and (@text = 'Settings' or . = 'Settings')]"}[39m
[35m[HTTP][39m [37m<-- POST /wd/hub/session/75bd48c2-6a93-4809-95ad-a7d77909c3e1/elements [39m[32m200[39m [90m294 ms - 12[39m
[35m[HTTP][39m [90m[39m
[35m[HTTP][39m [37m-->[39m [37mPOST[39m [37m/wd/hub/session/75bd48c2-6a93-4809-95ad-a7d77909c3e1/elements[39m
[35m[HTTP][39m [90m{"using":"xpath","value":"//*[@class = 'android.widget.TextView' and (@text = 'Settings' or . = 'Settings')]"}[39m
[35m[HTTP][39m [37m<-- POST /wd/hub/session/75bd48c2-6a93-4809-95ad-a7d77909c3e1/elements [39m[32m200[39m [90m256 ms - 12[39m
[35m[HTTP][39m [90m[39m
[35m[HTTP][39m [37m-->[39m [37mPOST[39m [37m/wd/hub/session/75bd48c2-6a93-4809-95ad-a7d77909c3e1/elements[39m
[35m[HTTP][39m [90m{"using":"xpath","value":"//*[@class = 'android.widget.TextView' and (@text = 'Settings' or . = 'Settings')]"}[39m
[35m[HTTP][39m [37m<-- POST /wd/hub/session/75bd48c2-6a93-4809-95ad-a7d77909c3e1/elements [39m[32m200[39m [90m278 ms - 12[39m
[35m[HTTP][39m [90m[39m
[35m[HTTP][39m [37m-->[39m [37mPOST[39m [37m/wd/hub/session/75bd48c2-6a93-4809-95ad-a7d77909c3e1/elements[39m
[35m[HTTP][39m [90m{"using":"xpath","value":"//*[@class = 'android.widget.TextView' and (@text = 'Settings' or . = 'Settings')]"}[39m
[35m[HTTP][39m [37m<-- POST /wd/hub/session/75bd48c2-6a93-4809-95ad-a7d77909c3e1/elements [39m[32m200[39m [90m274 ms - 12[39m
[35m[HTTP][39m [90m[39m
[35m[HTTP][39m [37m-->[39m [37mPOST[39m [37m/wd/hub/session/75bd48c2-6a93-4809-95ad-a7d77909c3e1/elements[39m
[35m[HTTP][39m [90m{"using":"xpath","value":"//*[@class = 'android.widget.TextView' and (@text = 'Settings' or . = 'Settings')]"}[39m
[35m[HTTP][39m [37m<-- POST /wd/hub/session/75bd48c2-6a93-4809-95ad-a7d77909c3e1/elements [39m[32m200[39m [90m296 ms - 12[39m
[35m[HTTP][39m [90m[39m
[35m[HTTP][39m [37m-->[39m [37mPOST[39m [37m/wd/hub/session/75bd48c2-6a93-4809-95ad-a7d77909c3e1/elements[39m
[35m[HTTP][39m [90m{"using":"xpath","value":"//*[@class = 'android.widget.TextView' and (@text = 'Settings' or . = 'Settings')]"}[39m
[35m[HTTP][39m [37m<-- POST /wd/hub/session/75bd48c2-6a93-4809-95ad-a7d77909c3e1/elements [39m[32m200[39m [90m309 ms - 12[39m
[35m[HTTP][39m [90m[39m
[35m[HTTP][39m [37m-->[39m [37mPOST[39m [37m/wd/hub/session/75bd48c2-6a93-4809-95ad-a7d77909c3e1/elements[39m
[35m[HTTP][39m [90m{"using":"xpath","value":"//*[@class = 'android.widget.TextView' and (@text = 'Settings' or . = 'Settings')]"}[39m
[35m[HTTP][39m [37m<-- POST /wd/hub/session/75bd48c2-6a93-4809-95ad-a7d77909c3e1/elements [39m[32m200[39m [90m306 ms - 12[39m
[35m[HTTP][39m [90m[39m
[35m[HTTP][39m [37m-->[39m [37mPOST[39m [37m/wd/hub/session/75bd48c2-6a93-4809-95ad-a7d77909c3e1/elements[39m
[35m[HTTP][39m [90m{"using":"xpath","value":"//*[@class = 'android.widget.TextView' and (@text = 'Settings' or . = 'Settings')]"}[39m
[35m[HTTP][39m [37m<-- POST /wd/hub/session/75bd48c2-6a93-4809-95ad-a7d77909c3e1/elements [39m[32m200[39m [90m356 ms - 12[39m
[35m[HTTP][39m [90m[39m
[35m[HTTP][39m [37m-->[39m [37mPOST[39m [37m/wd/hub/session/75bd48c2-6a93-4809-95ad-a7d77909c3e1/elements[39m
[35m[HTTP][39m [90m{"using":"xpath","value":"//*[@class = 'android.widget.TextView' and (@text = 'Settings' or . = 'Settings')]"}[39m
[35m[HTTP][39m [37m<-- POST /wd/hub/session/75bd48c2-6a93-4809-95ad-a7d77909c3e1/elements [39m[32m200[39m [90m362 ms - 12[39m
[35m[HTTP][39m [90m[39m
[35m[HTTP][39m [37m-->[39m [37mPOST[39m [37m/wd/hub/session/75bd48c2-6a93-4809-95ad-a7d77909c3e1/elements[39m
[35m[HTTP][39m [90m{"using":"xpath","value":"//*[@class = 'android.widget.TextView' and (@text = 'Settings' or . = 'Settings')]"}[39m
[35m[HTTP][39m [37m<-- POST /wd/hub/session/75bd48c2-6a93-4809-95ad-a7d77909c3e1/elements [39m[32m200[39m [90m299 ms - 12[39m
[35m[HTTP][39m [90m[39m
[35m[HTTP][39m [37m-->[39m [37mPOST[39m [37m/wd/hub/session/75bd48c2-6a93-4809-95ad-a7d77909c3e1/elements[39m
[35m[HTTP][39m [90m{"using":"xpath","value":"//*[@class = 'android.widget.TextView' and (@text = 'Settings' or . = 'Settings')]"}[39m
[35m[HTTP][39m [37m<-- POST /wd/hub/session/75bd48c2-6a93-4809-95ad-a7d77909c3e1/elements [39m[32m200[39m [90m321 ms - 12[39m
[35m[HTTP][39m [90m[39m
[35m[HTTP][39m [37m-->[39m [37mPOST[39m [37m/wd/hub/session/75bd48c2-6a93-4809-95ad-a7d77909c3e1/elements[39m
[35m[HTTP][39m [90m{"using":"xpath","value":"//*[@class = 'android.widget.TextView' and (@text = 'Settings' or . = 'Settings')]"}[39m
[35m[HTTP][39m [37m<-- POST /wd/hub/session/75bd48c2-6a93-4809-95ad-a7d77909c3e1/elements [39m[32m200[39m [90m307 ms - 12[39m
[35m[HTTP][39m [90m[39m
[35m[HTTP][39m [37m-->[39m [37mPOST[39m [37m/wd/hub/session/75bd48c2-6a93-4809-95ad-a7d77909c3e1/elements[39m
[35m[HTTP][39m [90m{"using":"xpath","value":"//*[@class = 'android.widget.TextView' and (@text = 'Settings' or . = 'Settings')]"}[39m
[35m[HTTP][39m [37m<-- POST /wd/hub/session/75bd48c2-6a93-4809-95ad-a7d77909c3e1/elements [39m[32m200[39m [90m334 ms - 12[39m
[35m[HTTP][39m [90m[39m
[35m[HTTP][39m [37m-->[39m [37mPOST[39m [37m/wd/hub/session/75bd48c2-6a93-4809-95ad-a7d77909c3e1/elements[39m
[35m[HTTP][39m [90m{"using":"xpath","value":"//*[@class = 'android.widget.TextView' and (@text = 'Settings' or . = 'Settings')]"}[39m
[35m[HTTP][39m [37m<-- POST /wd/hub/session/75bd48c2-6a93-4809-95ad-a7d77909c3e1/elements [39m[32m200[39m [90m309 ms - 12[39m
[35m[HTTP][39m [90m[39m
[35m[HTTP][39m [37m-->[39m [37mPOST[39m [37m/wd/hub/session/75bd48c2-6a93-4809-95ad-a7d77909c3e1/elements[39m
[35m[HTTP][39m [90m{"using":"xpath","value":"//*[@class = 'android.widget.TextView' and (@text = 'Settings' or . = 'Settings')]"}[39m
[35m[HTTP][39m [37m<-- POST /wd/hub/session/75bd48c2-6a93-4809-95ad-a7d77909c3e1/elements [39m[32m200[39m [90m313 ms - 12[39m
[35m[HTTP][39m [90m[39m
[35m[HTTP][39m [37m-->[39m [37mPOST[39m [37m/wd/hub/session/75bd48c2-6a93-4809-95ad-a7d77909c3e1/elements[39m
[35m[HTTP][39m [90m{"using":"xpath","value":"//*[@class = 'android.widget.TextView' and (@text = 'Settings' or . = 'Settings')]"}[39m
[35m[HTTP][39m [37m<-- POST /wd/hub/session/75bd48c2-6a93-4809-95ad-a7d77909c3e1/elements [39m[32m200[39m [90m317 ms - 12[39m
[35m[HTTP][39m [90m[39m
[35m[HTTP][39m [37m-->[39m [37mPOST[39m [37m/wd/hub/session/75bd48c2-6a93-4809-95ad-a7d77909c3e1/elements[39m
[35m[HTTP][39m [90m{"using":"xpath","value":"//*[@class = 'android.widget.TextView' and (@text = 'Settings' or . = 'Settings')]"}[39m
[35m[HTTP][39m [37m<-- POST /wd/hub/session/75bd48c2-6a93-4809-95ad-a7d77909c3e1/elements [39m[32m200[39m [90m319 ms - 12[39m
[35m[HTTP][39m [90m[39m
[35m[HTTP][39m [37m-->[39m [37mPOST[39m [37m/wd/hub/session/75bd48c2-6a93-4809-95ad-a7d77909c3e1/elements[39m
[35m[HTTP][39m [90m{"using":"xpath","value":"//*[@class = 'android.widget.TextView' and (@text = 'Settings' or . = 'Settings')]"}[39m
[35m[HTTP][39m [37m<-- POST /wd/hub/session/75bd48c2-6a93-4809-95ad-a7d77909c3e1/elements [39m[32m200[39m [90m278 ms - 12[39m
[35m[HTTP][39m [90m[39m
[35m[HTTP][39m [37m-->[39m [37mPOST[39m [37m/wd/hub/session/75bd48c2-6a93-4809-95ad-a7d77909c3e1/elements[39m
[35m[HTTP][39m [90m{"using":"xpath","value":"//*[@class = 'android.widget.TextView' and (@text = 'Settings' or . = 'Settings')]"}[39m
[35m[HTTP][39m [37m<-- POST /wd/hub/session/75bd48c2-6a93-4809-95ad-a7d77909c3e1/elements [39m[32m200[39m [90m318 ms - 12[39m
[35m[HTTP][39m [90m[39m
[35m[HTTP][39m [37m-->[39m [37mPOST[39m [37m/wd/hub/session/75bd48c2-6a93-4809-95ad-a7d77909c3e1/elements[39m
[35m[HTTP][39m [90m{"using":"xpath","value":"//*[@class = 'android.widget.TextView' and (@text = 'Settings' or . = 'Settings')]"}[39m
[35m[HTTP][39m [37m<-- POST /wd/hub/session/75bd48c2-6a93-4809-95ad-a7d77909c3e1/elements [39m[32m200[39m [90m289 ms - 12[39m
[35m[HTTP][39m [90m[39m
[35m[HTTP][39m [37m-->[39m [37mPOST[39m [37m/wd/hub/session/75bd48c2-6a93-4809-95ad-a7d77909c3e1/elements[39m
[35m[HTTP][39m [90m{"using":"xpath","value":"//*[@class = 'android.widget.TextView' and (@text = 'Settings' or . = 'Settings')]"}[39m
[35m[HTTP][39m [37m<-- POST /wd/hub/session/75bd48c2-6a93-4809-95ad-a7d77909c3e1/elements [39m[32m200[39m [90m832 ms - 12[39m
[35m[HTTP][39m [90m[39m
[35m[HTTP][39m [37m-->[39m [37mPOST[39m [37m/wd/hub/session/75bd48c2-6a93-4809-95ad-a7d77909c3e1/elements[39m
[35m[HTTP][39m [90m{"using":"xpath","value":"//*[@class = 'android.widget.TextView' and (@text = 'Settings' or . = 'Settings')]"}[39m
[35m[HTTP][39m [37m<-- POST /wd/hub/session/75bd48c2-6a93-4809-95ad-a7d77909c3e1/elements [39m[32m200[39m [90m306 ms - 12[39m
[35m[HTTP][39m [90m[39m
[35m[HTTP][39m [37m-->[39m [37mPOST[39m [37m/wd/hub/session/75bd48c2-6a93-4809-95ad-a7d77909c3e1/elements[39m
[35m[HTTP][39m [90m{"using":"xpath","value":"//*[@class = 'android.widget.TextView' and (@text = 'Settings' or . = 'Settings')]"}[39m
[35m[HTTP][39m [37m<-- POST /wd/hub/session/75bd48c2-6a93-4809-95ad-a7d77909c3e1/elements [39m[32m200[39m [90m264 ms - 12[39m
[35m[HTTP][39m [90m[39m
[35m[HTTP][39m [37m-->[39m [37mPOST[39m [37m/wd/hub/session/75bd48c2-6a93-4809-95ad-a7d77909c3e1/elements[39m
[35m[HTTP][39m [90m{"using":"xpath","value":"//*[@class = 'android.widget.TextView' and (@text = 'Settings' or . = 'Settings')]"}[39m
[35m[HTTP][39m [37m<-- POST /wd/hub/session/75bd48c2-6a93-4809-95ad-a7d77909c3e1/elements [39m[32m200[39m [90m247 ms - 12[39m
[35m[HTTP][39m [90m[39m
[35m[HTTP][39m [37m-->[39m [37mPOST[39m [37m/wd/hub/session/75bd48c2-6a93-4809-95ad-a7d77909c3e1/elements[39m
[35m[HTTP][39m [90m{"using":"xpath","value":"//*[@class = 'android.widget.TextView' and (@text = 'Settings' or . = 'Settings')]"}[39m
[35m[HTTP][39m [37m<-- POST /wd/hub/session/75bd48c2-6a93-4809-95ad-a7d77909c3e1/elements [39m[32m200[39m [90m231 ms - 12[39m
[35m[HTTP][39m [90m[39m
[35m[HTTP][39m [37m-->[39m [37mPOST[39m [37m/wd/hub/session/75bd48c2-6a93-4809-95ad-a7d77909c3e1/elements[39m
[35m[HTTP][39m [90m{"using":"xpath","value":"//*[@class = 'android.widget.TextView' and (@text = 'Settings' or . = 'Settings')]"}[39m
[35m[HTTP][39m [37m<-- POST /wd/hub/session/75bd48c2-6a93-4809-95ad-a7d77909c3e1/elements [39m[32m200[39m [90m283 ms - 12[39m
[35m[HTTP][39m [90m[39m
[35m[HTTP][39m [37m-->[39m [37mPOST[39m [37m/wd/hub/session/75bd48c2-6a93-4809-95ad-a7d77909c3e1/elements[39m
[35m[HTTP][39m [90m{"using":"xpath","value":"//*[@class = 'android.widget.TextView' and (@text = 'Settings' or . = 'Settings')]"}[39m
[35m[HTTP][39m [37m<-- POST /wd/hub/session/75bd48c2-6a93-4809-95ad-a7d77909c3e1/elements [39m[32m200[39m [90m297 ms - 12[39m
[35m[HTTP][39m [90m[39m
[35m[HTTP][39m [37m-->[39m [37mPOST[39m [37m/wd/hub/session/75bd48c2-6a93-4809-95ad-a7d77909c3e1/elements[39m
[35m[HTTP][39m [90m{"using":"xpath","value":"//*[@class = 'android.widget.TextView' and (@text = 'Settings' or . = 'Settings')]"}[39m
[35m[HTTP][39m [37m<-- POST /wd/hub/session/75bd48c2-6a93-4809-95ad-a7d77909c3e1/elements [39m[32m200[39m [90m271 ms - 12[39m
[35m[HTTP][39m [90m[39m
[35m[HTTP][39m [37m-->[39m [37mPOST[39m [37m/wd/hub/session/75bd48c2-6a93-4809-95ad-a7d77909c3e1/elements[39m
[35m[HTTP][39m [90m{"using":"xpath","value":"//*[@class = 'android.widget.TextView' and (@text = 'Settings' or . = 'Settings')]"}[39m
[35m[HTTP][39m [37m<-- POST /wd/hub/session/75bd48c2-6a93-4809-95ad-a7d77909c3e1/elements [39m[32m200[39m [90m850 ms - 12[39m
[35m[HTTP][39m [90m[39m
[35m[HTTP][39m [37m-->[39m [37mPOST[39m [37m/wd/hub/session/75bd48c2-6a93-4809-95ad-a7d77909c3e1/elements[39m
[35m[HTTP][39m [90m{"using":"xpath","value":"//*[@class = 'android.widget.TextView' and (@text = 'Settings' or . = 'Settings')]"}[39m
[35m[HTTP][39m [37m<-- POST /wd/hub/session/75bd48c2-6a93-4809-95ad-a7d77909c3e1/elements [39m[32m200[39m [90m297 ms - 12[39m
[35m[HTTP][39m [90m[39m
[35m[HTTP][39m [37m-->[39m [37mPOST[39m [37m/wd/hub/session/75bd48c2-6a93-4809-95ad-a7d77909c3e1/elements[39m
[35m[HTTP][39m [90m{"using":"xpath","value":"//*[@class = 'android.widget.TextView' and (@text = 'Settings' or . = 'Settings')]"}[39m
[35m[HTTP][39m [37m<-- POST /wd/hub/session/75bd48c2-6a93-4809-95ad-a7d77909c3e1/elements [39m[32m200[39m [90m331 ms - 12[39m
[35m[HTTP][39m [90m[39m
[35m[HTTP][39m [37m-->[39m [37mPOST[39m [37m/wd/hub/session/75bd48c2-6a93-4809-95ad-a7d77909c3e1/elements[39m
[35m[HTTP][39m [90m{"using":"xpath","value":"//*[@class = 'android.widget.TextView' and (@text = 'Settings' or . = 'Settings')]"}[39m
[35m[HTTP][39m [37m<-- POST /wd/hub/session/75bd48c2-6a93-4809-95ad-a7d77909c3e1/elements [39m[32m200[39m [90m259 ms - 12[39m
[35m[HTTP][39m [90m[39m
[35m[HTTP][39m [37m-->[39m [37mPOST[39m [37m/wd/hub/session/75bd48c2-6a93-4809-95ad-a7d77909c3e1/elements[39m
[35m[HTTP][39m [90m{"using":"xpath","value":"//*[@class = 'android.widget.TextView' and (@text = 'Settings' or . = 'Settings')]"}[39m
[35m[HTTP][39m [37m<-- POST /wd/hub/session/75bd48c2-6a93-4809-95ad-a7d77909c3e1/elements [39m[32m200[39m [90m218 ms - 12[39m
[35m[HTTP][39m [90m[39m
[35m[HTTP][39m [37m-->[39m [37mPOST[39m [37m/wd/hub/session/75bd48c2-6a93-4809-95ad-a7d77909c3e1/elements[39m
[35m[HTTP][39m [90m{"using":"xpath","value":"//*[@class = 'android.widget.TextView' and (@text = 'Settings' or . = 'Settings')]"}[39m
[35m[HTTP][39m [37m<-- POST /wd/hub/session/75bd48c2-6a93-4809-95ad-a7d77909c3e1/elements [39m[32m200[39m [90m229 ms - 12[39m
[35m[HTTP][39m [90m[39m
[35m[HTTP][39m [37m-->[39m [37mPOST[39m [37m/wd/hub/session/75bd48c2-6a93-4809-95ad-a7d77909c3e1/elements[39m
[35m[HTTP][39m [90m{"using":"xpath","value":"//*[@class = 'android.widget.TextView' and (@text = 'Settings' or . = 'Settings')]"}[39m
[35m[HTTP][39m [37m<-- POST /wd/hub/session/75bd48c2-6a93-4809-95ad-a7d77909c3e1/elements [39m[32m200[39m [90m343 ms - 12[39m
[35m[HTTP][39m [90m[39m
[35m[HTTP][39m [37m-->[39m [37mPOST[39m [37m/wd/hub/session/75bd48c2-6a93-4809-95ad-a7d77909c3e1/elements[39m
[35m[HTTP][39m [90m{"using":"xpath","value":"//*[@class = 'android.widget.TextView' and (@text = 'Settings' or . = 'Settings')]"}[39m
[35m[HTTP][39m [37m<-- POST /wd/hub/session/75bd48c2-6a93-4809-95ad-a7d77909c3e1/elements [39m[32m200[39m [90m840 ms - 12[39m
[35m[HTTP][39m [90m[39m
[35m[HTTP][39m [37m-->[39m [37mPOST[39m [37m/wd/hub/session/75bd48c2-6a93-4809-95ad-a7d77909c3e1/elements[39m
[35m[HTTP][39m [90m{"using":"xpath","value":"//*[@class = 'android.widget.TextView' and (@text = 'Settings' or . = 'Settings')]"}[39m
[35m[HTTP][39m [37m<-- POST /wd/hub/session/75bd48c2-6a93-4809-95ad-a7d77909c3e1/elements [39m[32m200[39m [90m371 ms - 12[39m
[35m[HTTP][39m [90m[39m
[35m[HTTP][39m [37m-->[39m [37mPOST[39m [37m/wd/hub/session/75bd48c2-6a93-4809-95ad-a7d77909c3e1/elements[39m
[35m[HTTP][39m [90m{"using":"xpath","value":"//*[@class = 'android.widget.TextView' and (@text = 'Settings' or . = 'Settings')]"}[39m
[35m[HTTP][39m [37m<-- POST /wd/hub/session/75bd48c2-6a93-4809-95ad-a7d77909c3e1/elements [39m[32m200[39m [90m362 ms - 12[39m
[35m[HTTP][39m [90m[39m
[35m[HTTP][39m [37m-->[39m [37mPOST[39m [37m/wd/hub/session/75bd48c2-6a93-4809-95ad-a7d77909c3e1/elements[39m
[35m[HTTP][39m [90m{"using":"xpath","value":"//*[@class = 'android.widget.TextView' and (@text = 'Settings' or . = 'Settings')]"}[39m
[35m[HTTP][39m [37m<-- POST /wd/hub/session/75bd48c2-6a93-4809-95ad-a7d77909c3e1/elements [39m[32m200[39m [90m456 ms - 12[39m
[35m[HTTP][39m [90m[39m
[35m[HTTP][39m [37m-->[39m [37mPOST[39m [37m/wd/hub/session/75bd48c2-6a93-4809-95ad-a7d77909c3e1/elements[39m
[35m[HTTP][39m [90m{"using":"xpath","value":"//*[@class = 'android.widget.TextView' and (@text = 'Settings' or . = 'Settings')]"}[39m
[35m[HTTP][39m [37m<-- POST /wd/hub/session/75bd48c2-6a93-4809-95ad-a7d77909c3e1/elements [39m[32m200[39m [90m458 ms - 12[39m
[35m[HTTP][39m [90m[39m
[35m[HTTP][39m [37m-->[39m [37mPOST[39m [37m/wd/hub/session/75bd48c2-6a93-4809-95ad-a7d77909c3e1/elements[39m
[35m[HTTP][39m [90m{"using":"xpath","value":"//*[@class = 'android.widget.TextView' and (@text = 'Settings' or . = 'Settings')]"}[39m
[35m[HTTP][39m [37m<-- POST /wd/hub/session/75bd48c2-6a93-4809-95ad-a7d77909c3e1/elements [39m[32m200[39m [90m446 ms - 12[39m
[35m[HTTP][39m [90m[39m
[35m[HTTP][39m [37m-->[39m [37mPOST[39m [37m/wd/hub/session/75bd48c2-6a93-4809-95ad-a7d77909c3e1/elements[39m
[35m[HTTP][39m [90m{"using":"xpath","value":"//*[@class = 'android.widget.TextView' and (@text = 'Settings' or . = 'Settings')]"}[39m
[35m[HTTP][39m [37m<-- POST /wd/hub/session/75bd48c2-6a93-4809-95ad-a7d77909c3e1/elements [39m[32m200[39m [90m450 ms - 12[39m
[35m[HTTP][39m [90m[39m
[35m[HTTP][39m [37m-->[39m [37mPOST[39m [37m/wd/hub/session/75bd48c2-6a93-4809-95ad-a7d77909c3e1/elements[39m
[35m[HTTP][39m [90m{"using":"xpath","value":"//*[@class = 'android.widget.TextView' and (@text = 'Settings' or . = 'Settings')]"}[39m
[35m[HTTP][39m [37m<-- POST /wd/hub/session/75bd48c2-6a93-4809-95ad-a7d77909c3e1/elements [39m[32m200[39m [90m436 ms - 12[39m
[35m[HTTP][39m [90m[39m
[35m[HTTP][39m [37m-->[39m [37mPOST[39m [37m/wd/hub/session/75bd48c2-6a93-4809-95ad-a7d77909c3e1/elements[39m
[35m[HTTP][39m [90m{"using":"xpath","value":"//*[@class = 'android.widget.TextView' and (@text = 'Settings' or . = 'Settings')]"}[39m
[35m[HTTP][39m [37m<-- POST /wd/hub/session/75bd48c2-6a93-4809-95ad-a7d77909c3e1/elements [39m[32m200[39m [90m395 ms - 12[39m
[35m[HTTP][39m [90m[39m
[35m[HTTP][39m [37m-->[39m [37mPOST[39m [37m/wd/hub/session/75bd48c2-6a93-4809-95ad-a7d77909c3e1/elements[39m
[35m[HTTP][39m [90m{"using":"xpath","value":"//*[@class = 'android.widget.TextView' and (@text = 'Settings' or . = 'Settings')]"}[39m
[35m[HTTP][39m [37m<-- POST /wd/hub/session/75bd48c2-6a93-4809-95ad-a7d77909c3e1/elements [39m[32m200[39m [90m435 ms - 12[39m
[35m[HTTP][39m [90m[39m
[35m[HTTP][39m [37m-->[39m [37mPOST[39m [37m/wd/hub/session/75bd48c2-6a93-4809-95ad-a7d77909c3e1/elements[39m
[35m[HTTP][39m [90m{"using":"xpath","value":"//*[@class = 'android.widget.TextView' and (@text = 'Settings' or . = 'Settings')]"}[39m
[35m[HTTP][39m [37m<-- POST /wd/hub/session/75bd48c2-6a93-4809-95ad-a7d77909c3e1/elements [39m[32m200[39m [90m389 ms - 12[39m
[35m[HTTP][39m [90m[39m
[35m[HTTP][39m [37m-->[39m [37mPOST[39m [37m/wd/hub/session/75bd48c2-6a93-4809-95ad-a7d77909c3e1/elements[39m
[35m[HTTP][39m [90m{"using":"xpath","value":"//*[@class = 'android.widget.TextView' and (@text = 'Settings' or . = 'Settings')]"}[39m
[35m[HTTP][39m [37m<-- POST /wd/hub/session/75bd48c2-6a93-4809-95ad-a7d77909c3e1/elements [39m[32m200[39m [90m474 ms - 12[39m
[35m[HTTP][39m [90m[39m
[35m[HTTP][39m [37m-->[39m [37mPOST[39m [37m/wd/hub/session/75bd48c2-6a93-4809-95ad-a7d77909c3e1/elements[39m
[35m[HTTP][39m [90m{"using":"xpath","value":"//*[@class = 'android.widget.TextView' and (@text = 'Settings' or . = 'Settings')]"}[39m
[35m[HTTP][39m [37m<-- POST /wd/hub/session/75bd48c2-6a93-4809-95ad-a7d77909c3e1/elements [39m[32m200[39m [90m372 ms - 12[39m
[35m[HTTP][39m [90m[39m
[35m[HTTP][39m [37m-->[39m [37mPOST[39m [37m/wd/hub/session/75bd48c2-6a93-4809-95ad-a7d77909c3e1/elements[39m
[35m[HTTP][39m [90m{"using":"xpath","value":"//*[@class = 'android.widget.TextView' and (@text = 'Settings' or . = 'Settings')]"}[39m
[35m[HTTP][39m [37m<-- POST /wd/hub/session/75bd48c2-6a93-4809-95ad-a7d77909c3e1/elements [39m[32m200[39m [90m450 ms - 12[39m
[35m[HTTP][39m [90m[39m
[35m[HTTP][39m [37m-->[39m [37mPOST[39m [37m/wd/hub/session/75bd48c2-6a93-4809-95ad-a7d77909c3e1/elements[39m
[35m[HTTP][39m [90m{"using":"xpath","value":"//*[@class = 'android.widget.TextView' and (@text = 'Settings' or . = 'Settings')]"}[39m
[35m[HTTP][39m [37m<-- POST /wd/hub/session/75bd48c2-6a93-4809-95ad-a7d77909c3e1/elements [39m[32m200[39m [90m347 ms - 12[39m
[35m[HTTP][39m [90m[39m
[35m[HTTP][39m [37m-->[39m [37mPOST[39m [37m/wd/hub/session/75bd48c2-6a93-4809-95ad-a7d77909c3e1/elements[39m
[35m[HTTP][39m [90m{"using":"xpath","value":"//*[@class = 'android.widget.TextView' and (@text = 'Settings' or . = 'Settings')]"}[39m
[35m[HTTP][39m [37m<-- POST /wd/hub/session/75bd48c2-6a93-4809-95ad-a7d77909c3e1/elements [39m[32m200[39m [90m430 ms - 12[39m
[35m[HTTP][39m [90m[39m
[35m[HTTP][39m [37m-->[39m [37mPOST[39m [37m/wd/hub/session/75bd48c2-6a93-4809-95ad-a7d77909c3e1/elements[39m
[35m[HTTP][39m [90m{"using":"xpath","value":"//*[@class = 'android.widget.TextView' and (@text = 'Settings' or . = 'Settings')]"}[39m
[35m[HTTP][39m [37m<-- POST /wd/hub/session/75bd48c2-6a93-4809-95ad-a7d77909c3e1/elements [39m[32m200[39m [90m380 ms - 12[39m
[35m[HTTP][39m [90m[39m
[35m[HTTP][39m [37m-->[39m [37mPOST[39m [37m/wd/hub/session/75bd48c2-6a93-4809-95ad-a7d77909c3e1/elements[39m
[35m[HTTP][39m [90m{"using":"xpath","value":"//*[@class = 'android.widget.TextView' and (@text = 'Settings' or . = 'Settings')]"}[39m
[35m[HTTP][39m [37m<-- POST /wd/hub/session/75bd48c2-6a93-4809-95ad-a7d77909c3e1/elements [39m[32m200[39m [90m436 ms - 12[39m
[35m[HTTP][39m [90m[39m
[35m[HTTP][39m [37m-->[39m [37mPOST[39m [37m/wd/hub/session/75bd48c2-6a93-4809-95ad-a7d77909c3e1/elements[39m
[35m[HTTP][39m [90m{"using":"xpath","value":"//*[@class = 'android.widget.TextView' and (@text = 'Settings' or . = 'Settings')]"}[39m
[35m[HTTP][39m [37m<-- POST /wd/hub/session/75bd48c2-6a93-4809-95ad-a7d77909c3e1/elements [39m[32m200[39m [90m377 ms - 12[39m
[35m[HTTP][39m [90m[39m
[35m[HTTP][39m [37m-->[39m [37mPOST[39m [37m/wd/hub/session/75bd48c2-6a93-4809-95ad-a7d77909c3e1/elements[39m
[35m[HTTP][39m [90m{"using":"xpath","value":"//*[@class = 'android.widget.TextView' and (@text = 'Settings' or . = 'Settings')]"}[39m
[35m[HTTP][39m [37m<-- POST /wd/hub/session/75bd48c2-6a93-4809-95ad-a7d77909c3e1/elements [39m[32m200[39m [90m754 ms - 12[39m
[35m[HTTP][39m [90m[39m
[35m[HTTP][39m [37m-->[39m [37mPOST[39m [37m/wd/hub/session/75bd48c2-6a93-4809-95ad-a7d77909c3e1/elements[39m
[35m[HTTP][39m [90m{"using":"xpath","value":"//*[@class = 'android.widget.TextView' and (@text = 'Settings' or . = 'Settings')]"}[39m
[35m[HTTP][39m [37m<-- POST /wd/hub/session/75bd48c2-6a93-4809-95ad-a7d77909c3e1/elements [39m[32m200[39m [90m323 ms - 12[39m
[35m[HTTP][39m [90m[39m
[35m[HTTP][39m [37m-->[39m [37mPOST[39m [37m/wd/hub/session/75bd48c2-6a93-4809-95ad-a7d77909c3e1/elements[39m
[35m[HTTP][39m [90m{"using":"xpath","value":"//*[@class = 'android.widget.TextView' and (@text = 'Settings' or . = 'Settings')]"}[39m
[35m[HTTP][39m [37m<-- POST /wd/hub/session/75bd48c2-6a93-4809-95ad-a7d77909c3e1/elements [39m[32m200[39m [90m451 ms - 12[39m
[35m[HTTP][39m [90m[39m
[35m[HTTP][39m [37m-->[39m [37mPOST[39m [37m/wd/hub/session/75bd48c2-6a93-4809-95ad-a7d77909c3e1/elements[39m
[35m[HTTP][39m [90m{"using":"xpath","value":"//*[@class = 'android.widget.TextView' and (@text = 'Settings' or . = 'Settings')]"}[39m
[35m[HTTP][39m [37m<-- POST /wd/hub/session/75bd48c2-6a93-4809-95ad-a7d77909c3e1/elements [39m[32m200[39m [90m442 ms - 12[39m
[35m[HTTP][39m [90m[39m
[35m[HTTP][39m [37m-->[39m [37mPOST[39m [37m/wd/hub/session/75bd48c2-6a93-4809-95ad-a7d77909c3e1/elements[39m
[35m[HTTP][39m [90m{"using":"xpath","value":"//*[@class = 'android.widget.TextView' and (@text = 'Settings' or . = 'Settings')]"}[39m
[35m[HTTP][39m [37m<-- POST /wd/hub/session/75bd48c2-6a93-4809-95ad-a7d77909c3e1/elements [39m[32m200[39m [90m425 ms - 12[39m
[35m[HTTP][39m [90m[39m
[35m[HTTP][39m [37m-->[39m [37mPOST[39m [37m/wd/hub/session/75bd48c2-6a93-4809-95ad-a7d77909c3e1/elements[39m
[35m[HTTP][39m [90m{"using":"xpath","value":"//*[@class = 'android.widget.TextView' and (@text = 'Settings' or . = 'Settings')]"}[39m
[35m[HTTP][39m [37m<-- POST /wd/hub/session/75bd48c2-6a93-4809-95ad-a7d77909c3e1/elements [39m[32m200[39m [90m418 ms - 12[39m
[35m[HTTP][39m [90m[39m
[35m[HTTP][39m [37m-->[39m [37mPOST[39m [37m/wd/hub/session/75bd48c2-6a93-4809-95ad-a7d77909c3e1/elements[39m
[35m[HTTP][39m [90m{"using":"xpath","value":"//*[@class = 'android.widget.TextView' and (@text = 'Settings' or . = 'Settings')]"}[39m
[35m[HTTP][39m [37m<-- POST /wd/hub/session/75bd48c2-6a93-4809-95ad-a7d77909c3e1/elements [39m[32m200[39m [90m467 ms - 12[39m
[35m[HTTP][39m [90m[39m
[35m[HTTP][39m [37m-->[39m [37mPOST[39m [37m/wd/hub/session/75bd48c2-6a93-4809-95ad-a7d77909c3e1/elements[39m
[35m[HTTP][39m [90m{"using":"xpath","value":"//*[@class = 'android.widget.TextView' and (@text = 'Settings' or . = 'Settings')]"}[39m
[35m[HTTP][39m [37m<-- POST /wd/hub/session/75bd48c2-6a93-4809-95ad-a7d77909c3e1/elements [39m[32m200[39m [90m460 ms - 12[39m
[35m[HTTP][39m [90m[39m
[35m[HTTP][39m [37m-->[39m [37mPOST[39m [37m/wd/hub/session/75bd48c2-6a93-4809-95ad-a7d77909c3e1/elements[39m
[35m[HTTP][39m [90m{"using":"xpath","value":"//*[@class = 'android.widget.TextView' and (@text = 'Settings' or . = 'Settings')]"}[39m
[35m[HTTP][39m [37m<-- POST /wd/hub/session/75bd48c2-6a93-4809-95ad-a7d77909c3e1/elements [39m[32m200[39m [90m303 ms - 12[39m
[35m[HTTP][39m [90m[39m
[35m[HTTP][39m [37m-->[39m [37mPOST[39m [37m/wd/hub/session/75bd48c2-6a93-4809-95ad-a7d77909c3e1/elements[39m
[35m[HTTP][39m [90m{"using":"xpath","value":"//*[@class = 'android.widget.TextView' and (@text = 'Settings' or . = 'Settings')]"}[39m
[35m[HTTP][39m [37m<-- POST /wd/hub/session/75bd48c2-6a93-4809-95ad-a7d77909c3e1/elements [39m[32m200[39m [90m198 ms - 12[39m
[35m[HTTP][39m [90m[39m
[35m[HTTP][39m [37m-->[39m [37mPOST[39m [37m/wd/hub/session/75bd48c2-6a93-4809-95ad-a7d77909c3e1/elements[39m
[35m[HTTP][39m [90m{"using":"xpath","value":"//*[@class = 'android.widget.TextView' and (@text = 'Settings' or . = 'Settings')]"}[39m
[35m[HTTP][39m [37m<-- POST /wd/hub/session/75bd48c2-6a93-4809-95ad-a7d77909c3e1/elements [39m[32m200[39m [90m271 ms - 12[39m
[35m[HTTP][39m [90m[39m
[35m[HTTP][39m [37m-->[39m [37mPOST[39m [37m/wd/hub/session/75bd48c2-6a93-4809-95ad-a7d77909c3e1/elements[39m
[35m[HTTP][39m [90m{"using":"xpath","value":"//*[@class = 'android.widget.TextView' and (@text = 'Settings' or . = 'Settings')]"}[39m
[35m[HTTP][39m [37m<-- POST /wd/hub/session/75bd48c2-6a93-4809-95ad-a7d77909c3e1/elements [39m[32m200[39m [90m1265 ms - 12[39m
[35m[HTTP][39m [90m[39m
[35m[HTTP][39m [37m-->[39m [37mPOST[39m [37m/wd/hub/session/75bd48c2-6a93-4809-95ad-a7d77909c3e1/timeouts[39m
[35m[HTTP][39m [90m{"implicit":40000}[39m
[35m[HTTP][39m [37m<-- POST /wd/hub/session/75bd48c2-6a93-4809-95ad-a7d77909c3e1/timeouts [39m[32m200[39m [90m1 ms - 14[39m
[35m[HTTP][39m [90m[39m
[35m[HTTP][39m [37m-->[39m [37mPOST[39m [37m/wd/hub/session/75bd48c2-6a93-4809-95ad-a7d77909c3e1/timeouts[39m
[35m[HTTP][39m [90m{"implicit":50}[39m
[35m[HTTP][39m [37m<-- POST /wd/hub/session/75bd48c2-6a93-4809-95ad-a7d77909c3e1/timeouts [39m[32m200[39m [90m1 ms - 14[39m
[35m[HTTP][39m [90m[39m
[35m[HTTP][39m [37m-->[39m [37mGET[39m [37m/wd/hub/session/75bd48c2-6a93-4809-95ad-a7d77909c3e1/window/rect[39m
[35m[HTTP][39m [90m{}[39m
[35m[HTTP][39m [37m<-- GET /wd/hub/session/75bd48c2-6a93-4809-95ad-a7d77909c3e1/window/rect [39m[32m200[39m [90m8 ms - 50[39m
[35m[HTTP][39m [90m[39m
[35m[HTTP][39m [37m-->[39m [37mPOST[39m [37m/wd/hub/session/75bd48c2-6a93-4809-95ad-a7d77909c3e1/elements[39m
[35m[HTTP][39m [90m{"using":"xpath","value":"//*[@class = 'android.widget.TextView' and (@text = 'Manage Maybank2u settings' or . = 'Manage Maybank2u settings')]"}[39m
[35m[HTTP][39m [37m<-- POST /wd/hub/session/75bd48c2-6a93-4809-95ad-a7d77909c3e1/elements [39m[32m200[39m [90m228 ms - 12[39m
[35m[HTTP][39m [90m[39m
[35m[HTTP][39m [37m-->[39m [37mPOST[39m [37m/wd/hub/session/75bd48c2-6a93-4809-95ad-a7d77909c3e1/elements[39m
[35m[HTTP][39m [90m{"using":"xpath","value":"//*[@class = 'android.widget.TextView' and (@text = 'Manage Maybank2u settings' or . = 'Manage Maybank2u settings')]"}[39m
[35m[HTTP][39m [37m<-- POST /wd/hub/session/75bd48c2-6a93-4809-95ad-a7d77909c3e1/elements [39m[32m200[39m [90m223 ms - 12[39m
[35m[HTTP][39m [90m[39m
[35m[HTTP][39m [37m-->[39m [37mPOST[39m [37m/wd/hub/session/75bd48c2-6a93-4809-95ad-a7d77909c3e1/elements[39m
[35m[HTTP][39m [90m{"using":"xpath","value":"//*[@class = 'android.widget.TextView' and (@text = 'Manage Maybank2u settings' or . = 'Manage Maybank2u settings')]"}[39m
[35m[HTTP][39m [37m<-- POST /wd/hub/session/75bd48c2-6a93-4809-95ad-a7d77909c3e1/elements [39m[32m200[39m [90m242 ms - 12[39m
[35m[HTTP][39m [90m[39m
[35m[HTTP][39m [37m-->[39m [37mPOST[39m [37m/wd/hub/session/75bd48c2-6a93-4809-95ad-a7d77909c3e1/elements[39m
[35m[HTTP][39m [90m{"using":"xpath","value":"//*[@class = 'android.widget.TextView' and (@text = 'Manage Maybank2u settings' or . = 'Manage Maybank2u settings')]"}[39m
[35m[HTTP][39m [37m<-- POST /wd/hub/session/75bd48c2-6a93-4809-95ad-a7d77909c3e1/elements [39m[32m200[39m [90m393 ms - 12[39m
[35m[HTTP][39m [90m[39m
[35m[HTTP][39m [37m-->[39m [37mPOST[39m [37m/wd/hub/session/75bd48c2-6a93-4809-95ad-a7d77909c3e1/elements[39m
[35m[HTTP][39m [90m{"using":"xpath","value":"//*[@class = 'android.widget.TextView' and (@text = 'Manage Maybank2u settings' or . = 'Manage Maybank2u settings')]"}[39m
[35m[HTTP][39m [37m<-- POST /wd/hub/session/75bd48c2-6a93-4809-95ad-a7d77909c3e1/elements [39m[32m200[39m [90m449 ms - 12[39m
[35m[HTTP][39m [90m[39m
[35m[HTTP][39m [37m-->[39m [37mPOST[39m [37m/wd/hub/session/75bd48c2-6a93-4809-95ad-a7d77909c3e1/elements[39m
[35m[HTTP][39m [90m{"using":"xpath","value":"//*[@class = 'android.widget.TextView' and (@text = 'Manage Maybank2u settings' or . = 'Manage Maybank2u settings')]"}[39m
[35m[HTTP][39m [37m<-- POST /wd/hub/session/75bd48c2-6a93-4809-95ad-a7d77909c3e1/elements [39m[32m200[39m [90m464 ms - 12[39m
[35m[HTTP][39m [90m[39m
[35m[HTTP][39m [37m-->[39m [37mPOST[39m [37m/wd/hub/session/75bd48c2-6a93-4809-95ad-a7d77909c3e1/elements[39m
[35m[HTTP][39m [90m{"using":"xpath","value":"//*[@class = 'android.widget.TextView' and (@text = 'Manage Maybank2u settings' or . = 'Manage Maybank2u settings')]"}[39m
[35m[HTTP][39m [37m<-- POST /wd/hub/session/75bd48c2-6a93-4809-95ad-a7d77909c3e1/elements [39m[32m200[39m [90m417 ms - 12[39m
[35m[HTTP][39m [90m[39m
[35m[HTTP][39m [37m-->[39m [37mPOST[39m [37m/wd/hub/session/75bd48c2-6a93-4809-95ad-a7d77909c3e1/elements[39m
[35m[HTTP][39m [90m{"using":"xpath","value":"//*[@class = 'android.widget.TextView' and (@text = 'Manage Maybank2u settings' or . = 'Manage Maybank2u settings')]"}[39m
[35m[HTTP][39m [37m<-- POST /wd/hub/session/75bd48c2-6a93-4809-95ad-a7d77909c3e1/elements [39m[32m200[39m [90m444 ms - 12[39m
[35m[HTTP][39m [90m[39m
[35m[HTTP][39m [37m-->[39m [37mPOST[39m [37m/wd/hub/session/75bd48c2-6a93-4809-95ad-a7d77909c3e1/elements[39m
[35m[HTTP][39m [90m{"using":"xpath","value":"//*[@class = 'android.widget.TextView' and (@text = 'Manage Maybank2u settings' or . = 'Manage Maybank2u settings')]"}[39m
[35m[HTTP][39m [37m<-- POST /wd/hub/session/75bd48c2-6a93-4809-95ad-a7d77909c3e1/elements [39m[32m200[39m [90m441 ms - 12[39m
[35m[HTTP][39m [90m[39m
[35m[HTTP][39m [37m-->[39m [37mPOST[39m [37m/wd/hub/session/75bd48c2-6a93-4809-95ad-a7d77909c3e1/elements[39m
[35m[HTTP][39m [90m{"using":"xpath","value":"//*[@class = 'android.widget.TextView' and (@text = 'Manage Maybank2u settings' or . = 'Manage Maybank2u settings')]"}[39m
[35m[HTTP][39m [37m<-- POST /wd/hub/session/75bd48c2-6a93-4809-95ad-a7d77909c3e1/elements [39m[32m200[39m [90m600 ms - 12[39m
[35m[HTTP][39m [90m[39m
[35m[HTTP][39m [37m-->[39m [37mPOST[39m [37m/wd/hub/session/75bd48c2-6a93-4809-95ad-a7d77909c3e1/elements[39m
[35m[HTTP][39m [90m{"using":"xpath","value":"//*[@class = 'android.widget.TextView' and (@text = 'Manage Maybank2u settings' or . = 'Manage Maybank2u settings')]"}[39m
[35m[HTTP][39m [37m<-- POST /wd/hub/session/75bd48c2-6a93-4809-95ad-a7d77909c3e1/elements [39m[32m200[39m [90m606 ms - 12[39m
[35m[HTTP][39m [90m[39m
[35m[HTTP][39m [37m-->[39m [37mPOST[39m [37m/wd/hub/session/75bd48c2-6a93-4809-95ad-a7d77909c3e1/elements[39m
[35m[HTTP][39m [90m{"using":"xpath","value":"//*[@class = 'android.widget.TextView' and (@text = 'Manage Maybank2u settings' or . = 'Manage Maybank2u settings')]"}[39m
[35m[HTTP][39m [37m<-- POST /wd/hub/session/75bd48c2-6a93-4809-95ad-a7d77909c3e1/elements [39m[32m200[39m [90m586 ms - 12[39m
[35m[HTTP][39m [90m[39m
[35m[HTTP][39m [37m-->[39m [37mPOST[39m [37m/wd/hub/session/75bd48c2-6a93-4809-95ad-a7d77909c3e1/elements[39m
[35m[HTTP][39m [90m{"using":"xpath","value":"//*[@class = 'android.widget.TextView' and (@text = 'Manage Maybank2u settings' or . = 'Manage Maybank2u settings')]"}[39m
[35m[HTTP][39m [37m<-- POST /wd/hub/session/75bd48c2-6a93-4809-95ad-a7d77909c3e1/elements [39m[32m200[39m [90m468 ms - 12[39m
[35m[HTTP][39m [90m[39m
[35m[HTTP][39m [37m-->[39m [37mPOST[39m [37m/wd/hub/session/75bd48c2-6a93-4809-95ad-a7d77909c3e1/elements[39m
[35m[HTTP][39m [90m{"using":"xpath","value":"//*[@class = 'android.widget.TextView' and (@text = 'Manage Maybank2u settings' or . = 'Manage Maybank2u settings')]"}[39m
[35m[HTTP][39m [37m<-- POST /wd/hub/session/75bd48c2-6a93-4809-95ad-a7d77909c3e1/elements [39m[32m200[39m [90m382 ms - 12[39m
[35m[HTTP][39m [90m[39m
[35m[HTTP][39m [37m-->[39m [37mPOST[39m [37m/wd/hub/session/75bd48c2-6a93-4809-95ad-a7d77909c3e1/elements[39m
[35m[HTTP][39m [90m{"using":"xpath","value":"//*[@class = 'android.widget.TextView' and (@text = 'Manage Maybank2u settings' or . = 'Manage Maybank2u settings')]"}[39m
[35m[HTTP][39m [37m<-- POST /wd/hub/session/75bd48c2-6a93-4809-95ad-a7d77909c3e1/elements [39m[32m200[39m [90m412 ms - 12[39m
[35m[HTTP][39m [90m[39m
[35m[HTTP][39m [37m-->[39m [37mPOST[39m [37m/wd/hub/session/75bd48c2-6a93-4809-95ad-a7d77909c3e1/elements[39m
[35m[HTTP][39m [90m{"using":"xpath","value":"//*[@class = 'android.widget.TextView' and (@text = 'Manage Maybank2u settings' or . = 'Manage Maybank2u settings')]"}[39m
[35m[HTTP][39m [37m<-- POST /wd/hub/session/75bd48c2-6a93-4809-95ad-a7d77909c3e1/elements [39m[32m200[39m [90m1080 ms - 12[39m
[35m[HTTP][39m [90m[39m
[35m[HTTP][39m [37m-->[39m [37mPOST[39m [37m/wd/hub/session/75bd48c2-6a93-4809-95ad-a7d77909c3e1/elements[39m
[35m[HTTP][39m [90m{"using":"xpath","value":"//*[@class = 'android.widget.TextView' and (@text = 'Manage Maybank2u settings' or . = 'Manage Maybank2u settings')]"}[39m
[35m[HTTP][39m [37m<-- POST /wd/hub/session/75bd48c2-6a93-4809-95ad-a7d77909c3e1/elements [39m[32m200[39m [90m403 ms - 12[39m
[35m[HTTP][39m [90m[39m
[35m[HTTP][39m [37m-->[39m [37mPOST[39m [37m/wd/hub/session/75bd48c2-6a93-4809-95ad-a7d77909c3e1/elements[39m
[35m[HTTP][39m [90m{"using":"xpath","value":"//*[@class = 'android.widget.TextView' and (@text = 'Manage Maybank2u settings' or . = 'Manage Maybank2u settings')]"}[39m
[35m[HTTP][39m [37m<-- POST /wd/hub/session/75bd48c2-6a93-4809-95ad-a7d77909c3e1/elements [39m[32m200[39m [90m420 ms - 12[39m
[35m[HTTP][39m [90m[39m
[35m[HTTP][39m [37m-->[39m [37mPOST[39m [37m/wd/hub/session/75bd48c2-6a93-4809-95ad-a7d77909c3e1/elements[39m
[35m[HTTP][39m [90m{"using":"xpath","value":"//*[@class = 'android.widget.TextView' and (@text = 'Manage Maybank2u settings' or . = 'Manage Maybank2u settings')]"}[39m
[35m[HTTP][39m [37m<-- POST /wd/hub/session/75bd48c2-6a93-4809-95ad-a7d77909c3e1/elements [39m[32m200[39m [90m432 ms - 12[39m
[35m[HTTP][39m [90m[39m
[35m[HTTP][39m [37m-->[39m [37mPOST[39m [37m/wd/hub/session/75bd48c2-6a93-4809-95ad-a7d77909c3e1/elements[39m
[35m[HTTP][39m [90m{"using":"xpath","value":"//*[@class = 'android.widget.TextView' and (@text = 'Manage Maybank2u settings' or . = 'Manage Maybank2u settings')]"}[39m
[35m[HTTP][39m [37m<-- POST /wd/hub/session/75bd48c2-6a93-4809-95ad-a7d77909c3e1/elements [39m[32m200[39m [90m452 ms - 12[39m
[35m[HTTP][39m [90m[39m
[35m[HTTP][39m [37m-->[39m [37mPOST[39m [37m/wd/hub/session/75bd48c2-6a93-4809-95ad-a7d77909c3e1/elements[39m
[35m[HTTP][39m [90m{"using":"xpath","value":"//*[@class = 'android.widget.TextView' and (@text = 'Manage Maybank2u settings' or . = 'Manage Maybank2u settings')]"}[39m
[35m[HTTP][39m [37m<-- POST /wd/hub/session/75bd48c2-6a93-4809-95ad-a7d77909c3e1/elements [39m[32m200[39m [90m454 ms - 12[39m
[35m[HTTP][39m [90m[39m
[35m[HTTP][39m [37m-->[39m [37mPOST[39m [37m/wd/hub/session/75bd48c2-6a93-4809-95ad-a7d77909c3e1/elements[39m
[35m[HTTP][39m [90m{"using":"xpath","value":"//*[@class = 'android.widget.TextView' and (@text = 'Manage Maybank2u settings' or . = 'Manage Maybank2u settings')]"}[39m
[35m[HTTP][39m [37m<-- POST /wd/hub/session/75bd48c2-6a93-4809-95ad-a7d77909c3e1/elements [39m[32m200[39m [90m423 ms - 12[39m
[35m[HTTP][39m [90m[39m
[35m[HTTP][39m [37m-->[39m [37mPOST[39m [37m/wd/hub/session/75bd48c2-6a93-4809-95ad-a7d77909c3e1/elements[39m
[35m[HTTP][39m [90m{"using":"xpath","value":"//*[@class = 'android.widget.TextView' and (@text = 'Manage Maybank2u settings' or . = 'Manage Maybank2u settings')]"}[39m
[35m[HTTP][39m [37m<-- POST /wd/hub/session/75bd48c2-6a93-4809-95ad-a7d77909c3e1/elements [39m[32m200[39m [90m761 ms - 12[39m
[35m[HTTP][39m [90m[39m
[35m[HTTP][39m [37m-->[39m [37mPOST[39m [37m/wd/hub/session/75bd48c2-6a93-4809-95ad-a7d77909c3e1/elements[39m
[35m[HTTP][39m [90m{"using":"xpath","value":"//*[@class = 'android.widget.TextView' and (@text = 'Manage Maybank2u settings' or . = 'Manage Maybank2u settings')]"}[39m
[35m[HTTP][39m [37m<-- POST /wd/hub/session/75bd48c2-6a93-4809-95ad-a7d77909c3e1/elements [39m[32m200[39m [90m423 ms - 12[39m
[35m[HTTP][39m [90m[39m
[35m[HTTP][39m [37m-->[39m [37mPOST[39m [37m/wd/hub/session/75bd48c2-6a93-4809-95ad-a7d77909c3e1/elements[39m
[35m[HTTP][39m [90m{"using":"xpath","value":"//*[@class = 'android.widget.TextView' and (@text = 'Manage Maybank2u settings' or . = 'Manage Maybank2u settings')]"}[39m
[35m[HTTP][39m [37m<-- POST /wd/hub/session/75bd48c2-6a93-4809-95ad-a7d77909c3e1/elements [39m[32m200[39m [90m438 ms - 12[39m
[35m[HTTP][39m [90m[39m
[35m[HTTP][39m [37m-->[39m [37mPOST[39m [37m/wd/hub/session/75bd48c2-6a93-4809-95ad-a7d77909c3e1/elements[39m
[35m[HTTP][39m [90m{"using":"xpath","value":"//*[@class = 'android.widget.TextView' and (@text = 'Manage Maybank2u settings' or . = 'Manage Maybank2u settings')]"}[39m
[35m[HTTP][39m [37m<-- POST /wd/hub/session/75bd48c2-6a93-4809-95ad-a7d77909c3e1/elements [39m[32m200[39m [90m461 ms - 12[39m
[35m[HTTP][39m [90m[39m
[35m[HTTP][39m [37m-->[39m [37mPOST[39m [37m/wd/hub/session/75bd48c2-6a93-4809-95ad-a7d77909c3e1/elements[39m
[35m[HTTP][39m [90m{"using":"xpath","value":"//*[@class = 'android.widget.TextView' and (@text = 'Manage Maybank2u settings' or . = 'Manage Maybank2u settings')]"}[39m
[35m[HTTP][39m [37m<-- POST /wd/hub/session/75bd48c2-6a93-4809-95ad-a7d77909c3e1/elements [39m[32m200[39m [90m470 ms - 12[39m
[35m[HTTP][39m [90m[39m
[35m[HTTP][39m [37m-->[39m [37mPOST[39m [37m/wd/hub/session/75bd48c2-6a93-4809-95ad-a7d77909c3e1/elements[39m
[35m[HTTP][39m [90m{"using":"xpath","value":"//*[@class = 'android.widget.TextView' and (@text = 'Manage Maybank2u settings' or . = 'Manage Maybank2u settings')]"}[39m
[35m[HTTP][39m [37m<-- POST /wd/hub/session/75bd48c2-6a93-4809-95ad-a7d77909c3e1/elements [39m[32m200[39m [90m909 ms - 12[39m
[35m[HTTP][39m [90m[39m
[35m[HTTP][39m [37m-->[39m [37mPOST[39m [37m/wd/hub/session/75bd48c2-6a93-4809-95ad-a7d77909c3e1/elements[39m
[35m[HTTP][39m [90m{"using":"xpath","value":"//*[@class = 'android.widget.TextView' and (@text = 'Manage Maybank2u settings' or . = 'Manage Maybank2u settings')]"}[39m
[35m[HTTP][39m [37m<-- POST /wd/hub/session/75bd48c2-6a93-4809-95ad-a7d77909c3e1/elements [39m[32m200[39m [90m397 ms - 12[39m
[35m[HTTP][39m [90m[39m
[35m[HTTP][39m [37m-->[39m [37mPOST[39m [37m/wd/hub/session/75bd48c2-6a93-4809-95ad-a7d77909c3e1/elements[39m
[35m[HTTP][39m [90m{"using":"xpath","value":"//*[@class = 'android.widget.TextView' and (@text = 'Manage Maybank2u settings' or . = 'Manage Maybank2u settings')]"}[39m
[35m[HTTP][39m [37m<-- POST /wd/hub/session/75bd48c2-6a93-4809-95ad-a7d77909c3e1/elements [39m[32m200[39m [90m451 ms - 12[39m
[35m[HTTP][39m [90m[39m
[35m[HTTP][39m [37m-->[39m [37mPOST[39m [37m/wd/hub/session/75bd48c2-6a93-4809-95ad-a7d77909c3e1/elements[39m
[35m[HTTP][39m [90m{"using":"xpath","value":"//*[@class = 'android.widget.TextView' and (@text = 'Manage Maybank2u settings' or . = 'Manage Maybank2u settings')]"}[39m
[35m[HTTP][39m [37m<-- POST /wd/hub/session/75bd48c2-6a93-4809-95ad-a7d77909c3e1/elements [39m[32m200[39m [90m468 ms - 12[39m
[35m[HTTP][39m [90m[39m
[35m[HTTP][39m [37m-->[39m [37mPOST[39m [37m/wd/hub/session/75bd48c2-6a93-4809-95ad-a7d77909c3e1/elements[39m
[35m[HTTP][39m [90m{"using":"xpath","value":"//*[@class = 'android.widget.TextView' and (@text = 'Manage Maybank2u settings' or . = 'Manage Maybank2u settings')]"}[39m
[35m[HTTP][39m [37m<-- POST /wd/hub/session/75bd48c2-6a93-4809-95ad-a7d77909c3e1/elements [39m[32m200[39m [90m440 ms - 12[39m
[35m[HTTP][39m [90m[39m
[35m[HTTP][39m [37m-->[39m [37mPOST[39m [37m/wd/hub/session/75bd48c2-6a93-4809-95ad-a7d77909c3e1/elements[39m
[35m[HTTP][39m [90m{"using":"xpath","value":"//*[@class = 'android.widget.TextView' and (@text = 'Manage Maybank2u settings' or . = 'Manage Maybank2u settings')]"}[39m
[35m[HTTP][39m [37m<-- POST /wd/hub/session/75bd48c2-6a93-4809-95ad-a7d77909c3e1/elements [39m[32m200[39m [90m829 ms - 12[39m
[35m[HTTP][39m [90m[39m
[35m[HTTP][39m [37m-->[39m [37mPOST[39m [37m/wd/hub/session/75bd48c2-6a93-4809-95ad-a7d77909c3e1/elements[39m
[35m[HTTP][39m [90m{"using":"xpath","value":"//*[@class = 'android.widget.TextView' and (@text = 'Manage Maybank2u settings' or . = 'Manage Maybank2u settings')]"}[39m
[35m[HTTP][39m [37m<-- POST /wd/hub/session/75bd48c2-6a93-4809-95ad-a7d77909c3e1/elements [39m[32m200[39m [90m347 ms - 12[39m
[35m[HTTP][39m [90m[39m
[35m[HTTP][39m [37m-->[39m [37mPOST[39m [37m/wd/hub/session/75bd48c2-6a93-4809-95ad-a7d77909c3e1/elements[39m
[35m[HTTP][39m [90m{"using":"xpath","value":"//*[@class = 'android.widget.TextView' and (@text = 'Manage Maybank2u settings' or . = 'Manage Maybank2u settings')]"}[39m
[35m[HTTP][39m [37m<-- POST /wd/hub/session/75bd48c2-6a93-4809-95ad-a7d77909c3e1/elements [39m[32m200[39m [90m343 ms - 12[39m
[35m[HTTP][39m [90m[39m
[35m[HTTP][39m [37m-->[39m [37mPOST[39m [37m/wd/hub/session/75bd48c2-6a93-4809-95ad-a7d77909c3e1/elements[39m
[35m[HTTP][39m [90m{"using":"xpath","value":"//*[@class = 'android.widget.TextView' and (@text = 'Manage Maybank2u settings' or . = 'Manage Maybank2u settings')]"}[39m
[35m[HTTP][39m [37m<-- POST /wd/hub/session/75bd48c2-6a93-4809-95ad-a7d77909c3e1/elements [39m[32m200[39m [90m447 ms - 12[39m
[35m[HTTP][39m [90m[39m
[35m[HTTP][39m [37m-->[39m [37mPOST[39m [37m/wd/hub/session/75bd48c2-6a93-4809-95ad-a7d77909c3e1/elements[39m
[35m[HTTP][39m [90m{"using":"xpath","value":"//*[@class = 'android.widget.TextView' and (@text = 'Manage Maybank2u settings' or . = 'Manage Maybank2u settings')]"}[39m
[35m[HTTP][39m [37m<-- POST /wd/hub/session/75bd48c2-6a93-4809-95ad-a7d77909c3e1/elements [39m[32m200[39m [90m441 ms - 12[39m
[35m[HTTP][39m [90m[39m
[35m[HTTP][39m [37m-->[39m [37mPOST[39m [37m/wd/hub/session/75bd48c2-6a93-4809-95ad-a7d77909c3e1/elements[39m
[35m[HTTP][39m [90m{"using":"xpath","value":"//*[@class = 'android.widget.TextView' and (@text = 'Manage Maybank2u settings' or . = 'Manage Maybank2u settings')]"}[39m
[35m[HTTP][39m [37m<-- POST /wd/hub/session/75bd48c2-6a93-4809-95ad-a7d77909c3e1/elements [39m[32m200[39m [90m438 ms - 12[39m
[35m[HTTP][39m [90m[39m
[35m[HTTP][39m [37m-->[39m [37mPOST[39m [37m/wd/hub/session/75bd48c2-6a93-4809-95ad-a7d77909c3e1/elements[39m
[35m[HTTP][39m [90m{"using":"xpath","value":"//*[@class = 'android.widget.TextView' and (@text = 'Manage Maybank2u settings' or . = 'Manage Maybank2u settings')]"}[39m
[35m[HTTP][39m [37m<-- POST /wd/hub/session/75bd48c2-6a93-4809-95ad-a7d77909c3e1/elements [39m[32m200[39m [90m629 ms - 12[39m
[35m[HTTP][39m [90m[39m
[35m[HTTP][39m [37m-->[39m [37mPOST[39m [37m/wd/hub/session/75bd48c2-6a93-4809-95ad-a7d77909c3e1/elements[39m
[35m[HTTP][39m [90m{"using":"xpath","value":"//*[@class = 'android.widget.TextView' and (@text = 'Manage Maybank2u settings' or . = 'Manage Maybank2u settings')]"}[39m
[35m[HTTP][39m [37m<-- POST /wd/hub/session/75bd48c2-6a93-4809-95ad-a7d77909c3e1/elements [39m[32m200[39m [90m389 ms - 12[39m
[35m[HTTP][39m [90m[39m
[35m[HTTP][39m [37m-->[39m [37mPOST[39m [37m/wd/hub/session/75bd48c2-6a93-4809-95ad-a7d77909c3e1/elements[39m
[35m[HTTP][39m [90m{"using":"xpath","value":"//*[@class = 'android.widget.TextView' and (@text = 'Manage Maybank2u settings' or . = 'Manage Maybank2u settings')]"}[39m
[35m[HTTP][39m [37m<-- POST /wd/hub/session/75bd48c2-6a93-4809-95ad-a7d77909c3e1/elements [39m[32m200[39m [90m401 ms - 12[39m
[35m[HTTP][39m [90m[39m
[35m[HTTP][39m [37m-->[39m [37mPOST[39m [37m/wd/hub/session/75bd48c2-6a93-4809-95ad-a7d77909c3e1/elements[39m
[35m[HTTP][39m [90m{"using":"xpath","value":"//*[@class = 'android.widget.TextView' and (@text = 'Manage Maybank2u settings' or . = 'Manage Maybank2u settings')]"}[39m
[35m[HTTP][39m [37m<-- POST /wd/hub/session/75bd48c2-6a93-4809-95ad-a7d77909c3e1/elements [39m[32m200[39m [90m433 ms - 12[39m
[35m[HTTP][39m [90m[39m
[35m[HTTP][39m [37m-->[39m [37mPOST[39m [37m/wd/hub/session/75bd48c2-6a93-4809-95ad-a7d77909c3e1/elements[39m
[35m[HTTP][39m [90m{"using":"xpath","value":"//*[@class = 'android.widget.TextView' and (@text = 'Manage Maybank2u settings' or . = 'Manage Maybank2u settings')]"}[39m
[35m[HTTP][39m [37m<-- POST /wd/hub/session/75bd48c2-6a93-4809-95ad-a7d77909c3e1/elements [39m[32m200[39m [90m437 ms - 12[39m
[35m[HTTP][39m [90m[39m
[35m[HTTP][39m [37m-->[39m [37mPOST[39m [37m/wd/hub/session/75bd48c2-6a93-4809-95ad-a7d77909c3e1/elements[39m
[35m[HTTP][39m [90m{"using":"xpath","value":"//*[@class = 'android.widget.TextView' and (@text = 'Manage Maybank2u settings' or . = 'Manage Maybank2u settings')]"}[39m
[35m[HTTP][39m [37m<-- POST /wd/hub/session/75bd48c2-6a93-4809-95ad-a7d77909c3e1/elements [39m[32m200[39m [90m384 ms - 12[39m
[35m[HTTP][39m [90m[39m
[35m[HTTP][39m [37m-->[39m [37mPOST[39m [37m/wd/hub/session/75bd48c2-6a93-4809-95ad-a7d77909c3e1/elements[39m
[35m[HTTP][39m [90m{"using":"xpath","value":"//*[@class = 'android.widget.TextView' and (@text = 'Manage Maybank2u settings' or . = 'Manage Maybank2u settings')]"}[39m
[35m[HTTP][39m [37m<-- POST /wd/hub/session/75bd48c2-6a93-4809-95ad-a7d77909c3e1/elements [39m[32m200[39m [90m664 ms - 12[39m
[35m[HTTP][39m [90m[39m
[35m[HTTP][39m [37m-->[39m [37mPOST[39m [37m/wd/hub/session/75bd48c2-6a93-4809-95ad-a7d77909c3e1/elements[39m
[35m[HTTP][39m [90m{"using":"xpath","value":"//*[@class = 'android.widget.TextView' and (@text = 'Manage Maybank2u settings' or . = 'Manage Maybank2u settings')]"}[39m
[35m[HTTP][39m [37m<-- POST /wd/hub/session/75bd48c2-6a93-4809-95ad-a7d77909c3e1/elements [39m[32m200[39m [90m394 ms - 12[39m
[35m[HTTP][39m [90m[39m
[35m[HTTP][39m [37m-->[39m [37mPOST[39m [37m/wd/hub/session/75bd48c2-6a93-4809-95ad-a7d77909c3e1/elements[39m
[35m[HTTP][39m [90m{"using":"xpath","value":"//*[@class = 'android.widget.TextView' and (@text = 'Manage Maybank2u settings' or . = 'Manage Maybank2u settings')]"}[39m
[35m[HTTP][39m [37m<-- POST /wd/hub/session/75bd48c2-6a93-4809-95ad-a7d77909c3e1/elements [39m[32m200[39m [90m449 ms - 12[39m
[35m[HTTP][39m [90m[39m
[35m[HTTP][39m [37m-->[39m [37mPOST[39m [37m/wd/hub/session/75bd48c2-6a93-4809-95ad-a7d77909c3e1/elements[39m
[35m[HTTP][39m [90m{"using":"xpath","value":"//*[@class = 'android.widget.TextView' and (@text = 'Manage Maybank2u settings' or . = 'Manage Maybank2u settings')]"}[39m
[35m[HTTP][39m [37m<-- POST /wd/hub/session/75bd48c2-6a93-4809-95ad-a7d77909c3e1/elements [39m[32m200[39m [90m437 ms - 12[39m
[35m[HTTP][39m [90m[39m
[35m[HTTP][39m [37m-->[39m [37mPOST[39m [37m/wd/hub/session/75bd48c2-6a93-4809-95ad-a7d77909c3e1/elements[39m
[35m[HTTP][39m [90m{"using":"xpath","value":"//*[@class = 'android.widget.TextView' and (@text = 'Manage Maybank2u settings' or . = 'Manage Maybank2u settings')]"}[39m
[35m[HTTP][39m [37m<-- POST /wd/hub/session/75bd48c2-6a93-4809-95ad-a7d77909c3e1/elements [39m[32m200[39m [90m421 ms - 12[39m
[35m[HTTP][39m [90m[39m
[35m[HTTP][39m [37m-->[39m [37mPOST[39m [37m/wd/hub/session/75bd48c2-6a93-4809-95ad-a7d77909c3e1/elements[39m
[35m[HTTP][39m [90m{"using":"xpath","value":"//*[@class = 'android.widget.TextView' and (@text = 'Manage Maybank2u settings' or . = 'Manage Maybank2u settings')]"}[39m
[35m[HTTP][39m [37m<-- POST /wd/hub/session/75bd48c2-6a93-4809-95ad-a7d77909c3e1/elements [39m[32m200[39m [90m368 ms - 12[39m
[35m[HTTP][39m [90m[39m
[35m[BaseDriver][39m Shutting down because we waited 1800 seconds for a command
[35m[Appium][39m Closing session, cause was 'New Command Timeout of 1800 seconds expired. Try customizing the timeout using the 'newCommandTimeout' desired capability'
[35m[Appium][39m Removing session '75bd48c2-6a93-4809-95ad-a7d77909c3e1' from our master session list
[35m[UiAutomator2][39m Did not get confirmation UiAutomator2 deleteSession worked; Error was: UnknownError: An unknown server-side error occurred while processing the command. Original error: 'DELETE /' cannot be proxied to UiAutomator2 server because the instrumentation process is not running (probably crashed). Check the server log and/or the logcat output for more details
[35m[UiAutomator2][39m Restoring hidden api policy to the device default configuration
