[35m[Appium][39m Welcome to Appium v1.22.1
[35m[Appium][39m Non-default server args:
[35m[Appium][39m   port: 57875
[35m[Appium][39m   loglevel: info
[35m[Appium][39m   tmpDir: /var/folders/ng/yn0fw_vs06sd52svk474lbd40000gn/T//Katalon/Appium/Temp1655956532173
[35m[Appium][39m   chromedriverPort: 57876
[35m[Appium][39m Deprecated server args:
[35m[Appium][39m   [31m--chromedriver-port[39m => --default-capabilities
[35m[Appium][39m Default capabilities, which will be added to each request unless overridden by desired capabilities:
[35m[Appium][39m   chromedriverPort: 57876
[35m[Appium][39m Appium REST http interface listener started on 0.0.0.0:57875
[35m[HTTP][39m [37m-->[39m [37mGET[39m [37m/wd/hub/status[39m
[35m[HTTP][39m [90m{}[39m
[35m[HTTP][39m [37m<-- GET /wd/hub/status [39m[32m200[39m [90m5 ms - 68[39m
[35m[HTTP][39m [90m[39m
[35m[HTTP][39m [37m-->[39m [37mPOST[39m [37m/wd/hub/session[39m
[35m[HTTP][39m [90m{"desiredCapabilities":{"app":"/Users/a00139272/Katalon Studio/MAE/androidapp/app-dev-universal-release (1).apk","appPackage":"com.maybank2u.life.sit","noReset":true,"appWaitActivity":"*","deviceId":"002b9cc60508","deviceName":"Xiaomi 21061119AG (Android 11)","fullReset":false,"platform":"ANDROID","appActivity":"com.maybank2u.life.MainActivity","newCommandTimeout":1800,"platformVersion":"11","automationName":"uiautomator2","autoGrantPermissions":true,"platformName":"Android","udid":"002b9cc60508","systemPort":57874},"capabilities":{"firstMatch":[{"appium:app":"/Users/a00139272/Katalon Studio/MAE/androidapp/app-dev-universal-release (1).apk","appium:appActivity":"com.maybank2u.life.MainActivity","appium:appPackage":"com.maybank2u.life.sit","appium:appWaitActivity":"*","appium:autoGrantPermissions":true,"appium:automationName":"uiautomator2","deviceId":"002b9cc60508","appium:deviceName":"Xiaomi 21061119AG (Android 11)","appium:fullReset":false,"appium:newCommandTimeout":1800,"appium:noReset":true,"platform":...[39m
[35m[BaseDriver][39m The following capabilities are not standard capabilities and should have an extension prefix:
[35m[BaseDriver][39m   deviceId
[35m[BaseDriver][39m   platform
[35m[BaseDriver][39m   chromedriverPort
[35m[Appium][39m Appium v1.22.1 creating new AndroidUiautomator2Driver (v1.70.1) session
[35m[BaseDriver][39m The following capabilities were provided, but are not recognized by Appium:
[35m[BaseDriver][39m   deviceId
[35m[BaseDriver][39m   platform
[35m[BaseDriver][39m Session created with session id: 1d75a598-363d-44ef-b3f6-34cac3b572d7
[35m[BaseDriver][39m Using local app '/Users/a00139272/Katalon Studio/MAE/androidapp/app-dev-universal-release (1).apk'
[35m[ADB][39m Found 1 'build-tools' folders under '/Users/a00139272/.katalon/tools/android_sdk' (newest first):
[35m[ADB][39m     /Users/a00139272/.katalon/tools/android_sdk/build-tools/29.0.3
[35m[ADB][39m Using 'adb' from '/Users/a00139272/.katalon/tools/android_sdk/platform-tools/adb'
[35m[AndroidDriver][39m Retrieving device list
[35m[AndroidDriver][39m Using device: 002b9cc60508
[35m[ADB][39m Using 'adb' from '/Users/a00139272/.katalon/tools/android_sdk/platform-tools/adb'
[35m[ADB][39m Getting device platform version
[35m[UiAutomator2][39m Relaxing hidden api policy
[35m[ADB][39m Using 'apksigner.jar' from '/Users/a00139272/.katalon/tools/android_sdk/build-tools/29.0.3/lib/apksigner.jar'
[35m[ADB][39m '/usr/local/lib/node_modules/appium/node_modules/appium-uiautomator2-server/apks/appium-uiautomator2-server-v4.27.0.apk' is signed with the default certificate
[35m[ADB][39m '/usr/local/lib/node_modules/appium/node_modules/appium-uiautomator2-server/apks/appium-uiautomator2-server-debug-androidTest.apk' is signed with the default certificate
[35m[UiAutomator2][39m Server packages are not going to be (re)installed
[35m[ADB][39m Adding packages ["io.appium.settings","io.appium.uiautomator2.server","io.appium.uiautomator2.server.test"] to Doze whitelist
[35m[ADB][39m '/Users/a00139272/Katalon Studio/MAE/androidapp/app-dev-universal-release (1).apk' is signed with a non-default certificate
[35m[UiAutomator2][39m Starting UIAutomator2 server 4.27.0
[35m[UiAutomator2][39m Using UIAutomator2 server from '/usr/local/lib/node_modules/appium/node_modules/appium-uiautomator2-server/apks/appium-uiautomator2-server-v4.27.0.apk' and test from '/usr/local/lib/node_modules/appium/node_modules/appium-uiautomator2-server/apks/appium-uiautomator2-server-debug-androidTest.apk'
[35m[UiAutomator2][39m Waiting up to 30000ms for UiAutomator2 to be online...
[35m[WD Proxy][39m socket hang up
[35m[WD Proxy][39m socket hang up
[35m[WD Proxy][39m socket hang up
[35m[WD Proxy][39m Determined the downstream protocol as 'W3C'
[35m[AndroidDriver][39m Screen already unlocked, doing nothing
[35m[UiAutomator2][39m Starting 'com.maybank2u.life.sit/com.maybank2u.life.MainActivity and waiting for 'com.maybank2u.life.sit/*'
[35m[Appium][39m New AndroidUiautomator2Driver session created successfully, session 1d75a598-363d-44ef-b3f6-34cac3b572d7 added to master session list
[35m[HTTP][39m [37m<-- POST /wd/hub/session [39m[32m200[39m [90m10380 ms - 1555[39m
[35m[HTTP][39m [90m[39m
[35m[HTTP][39m [37m-->[39m [37mGET[39m [37m/wd/hub/session/1d75a598-363d-44ef-b3f6-34cac3b572d7[39m
[35m[HTTP][39m [90m{}[39m
[35m[HTTP][39m [37m<-- GET /wd/hub/session/1d75a598-363d-44ef-b3f6-34cac3b572d7 [39m[32m200[39m [90m13 ms - 1509[39m
[35m[HTTP][39m [90m[39m
[35m[HTTP][39m [37m-->[39m [37mGET[39m [37m/wd/hub/session/1d75a598-363d-44ef-b3f6-34cac3b572d7[39m
[35m[HTTP][39m [90m{}[39m
[35m[HTTP][39m [37m<-- GET /wd/hub/session/1d75a598-363d-44ef-b3f6-34cac3b572d7 [39m[32m200[39m [90m10 ms - 1509[39m
[35m[HTTP][39m [90m[39m
[35m[HTTP][39m [37m-->[39m [37mGET[39m [37m/wd/hub/status[39m
[35m[HTTP][39m [90m{}[39m
[35m[HTTP][39m [37m<-- GET /wd/hub/status [39m[32m200[39m [90m1 ms - 68[39m
[35m[HTTP][39m [90m[39m
[35m[HTTP][39m [37m-->[39m [37mPOST[39m [37m/wd/hub/session/1d75a598-363d-44ef-b3f6-34cac3b572d7/timeouts[39m
[35m[HTTP][39m [90m{"implicit":40000}[39m
[35m[HTTP][39m [37m<-- POST /wd/hub/session/1d75a598-363d-44ef-b3f6-34cac3b572d7/timeouts [39m[32m200[39m [90m2 ms - 14[39m
[35m[HTTP][39m [90m[39m
[35m[HTTP][39m [37m-->[39m [37mGET[39m [37m/wd/hub/session/1d75a598-363d-44ef-b3f6-34cac3b572d7/screenshot[39m
[35m[HTTP][39m [90m{}[39m
[35m[HTTP][39m [37m<-- GET /wd/hub/session/1d75a598-363d-44ef-b3f6-34cac3b572d7/screenshot [39m[32m200[39m [90m669 ms - 126094[39m
[35m[HTTP][39m [90m[39m
[35m[HTTP][39m [37m-->[39m [37mGET[39m [37m/wd/hub/session/1d75a598-363d-44ef-b3f6-34cac3b572d7/window/rect[39m
[35m[HTTP][39m [90m{}[39m
[35m[HTTP][39m [37m<-- GET /wd/hub/session/1d75a598-363d-44ef-b3f6-34cac3b572d7/window/rect [39m[32m200[39m [90m16 ms - 50[39m
[35m[HTTP][39m [90m[39m
[35m[HTTP][39m [37m-->[39m [37mGET[39m [37m/wd/hub/session/1d75a598-363d-44ef-b3f6-34cac3b572d7/appium/device/system_bars[39m
[35m[HTTP][39m [90m{}[39m
[35m[HTTP][39m [37m<-- GET /wd/hub/session/1d75a598-363d-44ef-b3f6-34cac3b572d7/appium/device/system_bars [39m[32m200[39m [90m81 ms - 149[39m
[35m[HTTP][39m [90m[39m
[35m[HTTP][39m [37m-->[39m [37mGET[39m [37m/wd/hub/session/1d75a598-363d-44ef-b3f6-34cac3b572d7/context[39m
[35m[HTTP][39m [90m{}[39m
[35m[HTTP][39m [37m<-- GET /wd/hub/session/1d75a598-363d-44ef-b3f6-34cac3b572d7/context [39m[32m200[39m [90m2 ms - 22[39m
[35m[HTTP][39m [90m[39m
[35m[HTTP][39m [37m-->[39m [37mGET[39m [37m/wd/hub/session/1d75a598-363d-44ef-b3f6-34cac3b572d7/contexts[39m
[35m[HTTP][39m [90m{}[39m
[35m[HTTP][39m [37m<-- GET /wd/hub/session/1d75a598-363d-44ef-b3f6-34cac3b572d7/contexts [39m[32m200[39m [90m282 ms - 57[39m
[35m[HTTP][39m [90m[39m
[35m[HTTP][39m [37m-->[39m [37mPOST[39m [37m/wd/hub/session/1d75a598-363d-44ef-b3f6-34cac3b572d7/context[39m
[35m[HTTP][39m [90m{"name":"NATIVE_APP"}[39m
[35m[HTTP][39m [37m<-- POST /wd/hub/session/1d75a598-363d-44ef-b3f6-34cac3b572d7/context [39m[32m200[39m [90m2 ms - 14[39m
[35m[HTTP][39m [90m[39m
[35m[HTTP][39m [37m-->[39m [37mGET[39m [37m/wd/hub/session/1d75a598-363d-44ef-b3f6-34cac3b572d7/window/rect[39m
[35m[HTTP][39m [90m{}[39m
[35m[HTTP][39m [37m<-- GET /wd/hub/session/1d75a598-363d-44ef-b3f6-34cac3b572d7/window/rect [39m[32m200[39m [90m15 ms - 50[39m
[35m[HTTP][39m [90m[39m
[35m[HTTP][39m [37m-->[39m [37mPOST[39m [37m/wd/hub/session/1d75a598-363d-44ef-b3f6-34cac3b572d7/context[39m
[35m[HTTP][39m [90m{"name":"NATIVE_APP"}[39m
[35m[HTTP][39m [37m<-- POST /wd/hub/session/1d75a598-363d-44ef-b3f6-34cac3b572d7/context [39m[32m200[39m [90m1 ms - 14[39m
[35m[HTTP][39m [90m[39m
[35m[HTTP][39m [37m-->[39m [37mGET[39m [37m/wd/hub/session/1d75a598-363d-44ef-b3f6-34cac3b572d7/context[39m
[35m[HTTP][39m [90m{}[39m
[35m[HTTP][39m [37m<-- GET /wd/hub/session/1d75a598-363d-44ef-b3f6-34cac3b572d7/context [39m[32m200[39m [90m1 ms - 22[39m
[35m[HTTP][39m [90m[39m
[35m[HTTP][39m [37m-->[39m [37mGET[39m [37m/wd/hub/session/1d75a598-363d-44ef-b3f6-34cac3b572d7/contexts[39m
[35m[HTTP][39m [90m{}[39m
[35m[HTTP][39m [37m<-- GET /wd/hub/session/1d75a598-363d-44ef-b3f6-34cac3b572d7/contexts [39m[32m200[39m [90m223 ms - 57[39m
[35m[HTTP][39m [90m[39m
[35m[HTTP][39m [37m-->[39m [37mPOST[39m [37m/wd/hub/session/1d75a598-363d-44ef-b3f6-34cac3b572d7/context[39m
[35m[HTTP][39m [90m{"name":"NATIVE_APP"}[39m
[35m[HTTP][39m [37m<-- POST /wd/hub/session/1d75a598-363d-44ef-b3f6-34cac3b572d7/context [39m[32m200[39m [90m1 ms - 14[39m
[35m[HTTP][39m [90m[39m
[35m[HTTP][39m [37m-->[39m [37mGET[39m [37m/wd/hub/session/1d75a598-363d-44ef-b3f6-34cac3b572d7/window/rect[39m
[35m[HTTP][39m [90m{}[39m
[35m[HTTP][39m [37m<-- GET /wd/hub/session/1d75a598-363d-44ef-b3f6-34cac3b572d7/window/rect [39m[32m200[39m [90m12 ms - 50[39m
[35m[HTTP][39m [90m[39m
[35m[HTTP][39m [37m-->[39m [37mPOST[39m [37m/wd/hub/session/1d75a598-363d-44ef-b3f6-34cac3b572d7/context[39m
[35m[HTTP][39m [90m{"name":"NATIVE_APP"}[39m
[35m[HTTP][39m [37m<-- POST /wd/hub/session/1d75a598-363d-44ef-b3f6-34cac3b572d7/context [39m[32m200[39m [90m1 ms - 14[39m
[35m[HTTP][39m [90m[39m
[35m[HTTP][39m [37m-->[39m [37mPOST[39m [37m/wd/hub/session/1d75a598-363d-44ef-b3f6-34cac3b572d7/touch/perform[39m
[35m[HTTP][39m [90m{"actions":[{"action":"tap","options":{"x":360,"y":2101}},{"action":"wait","options":{"ms":50}}]}[39m
[35m[HTTP][39m [37m<-- POST /wd/hub/session/1d75a598-363d-44ef-b3f6-34cac3b572d7/touch/perform [39m[32m200[39m [90m199 ms - 14[39m
[35m[HTTP][39m [90m[39m
[35m[HTTP][39m [37m-->[39m [37mPOST[39m [37m/wd/hub/session/1d75a598-363d-44ef-b3f6-34cac3b572d7/timeouts[39m
[35m[HTTP][39m [90m{"implicit":50}[39m
[35m[HTTP][39m [37m<-- POST /wd/hub/session/1d75a598-363d-44ef-b3f6-34cac3b572d7/timeouts [39m[32m200[39m [90m1 ms - 14[39m
[35m[HTTP][39m [90m[39m
[35m[HTTP][39m [37m-->[39m [37mGET[39m [37m/wd/hub/session/1d75a598-363d-44ef-b3f6-34cac3b572d7/window/rect[39m
[35m[HTTP][39m [90m{}[39m
[35m[HTTP][39m [37m<-- GET /wd/hub/session/1d75a598-363d-44ef-b3f6-34cac3b572d7/window/rect [39m[32m200[39m [90m11 ms - 50[39m
[35m[HTTP][39m [90m[39m
[35m[HTTP][39m [37m-->[39m [37mPOST[39m [37m/wd/hub/session/1d75a598-363d-44ef-b3f6-34cac3b572d7/elements[39m
[35m[HTTP][39m [90m{"using":"xpath","value":"//*[@class = 'android.widget.TextView' and (@text = 'Enter your 6-digit PIN' or . = 'Enter your 6-digit PIN')]"}[39m
[35m[HTTP][39m [37m<-- POST /wd/hub/session/1d75a598-363d-44ef-b3f6-34cac3b572d7/elements [39m[32m200[39m [90m731 ms - 12[39m
[35m[HTTP][39m [90m[39m
[35m[HTTP][39m [37m-->[39m [37mPOST[39m [37m/wd/hub/session/1d75a598-363d-44ef-b3f6-34cac3b572d7/elements[39m
[35m[HTTP][39m [90m{"using":"xpath","value":"//*[@class = 'android.widget.TextView' and (@text = 'Enter your 6-digit PIN' or . = 'Enter your 6-digit PIN')]"}[39m
[35m[HTTP][39m [37m<-- POST /wd/hub/session/1d75a598-363d-44ef-b3f6-34cac3b572d7/elements [39m[32m200[39m [90m672 ms - 139[39m
[35m[HTTP][39m [90m[39m
[35m[HTTP][39m [37m-->[39m [37mGET[39m [37m/wd/hub/session/1d75a598-363d-44ef-b3f6-34cac3b572d7/element/00000000-0000-0a2f-ffff-ffff0000025c/location[39m
[35m[HTTP][39m [90m{}[39m
[35m[W3C (1d75a598)][39m Driver proxy active, passing request on via HTTP proxy
[35m[WD Proxy][39m Replacing sessionId 4370ab25-6f39-46dc-a1f0-610aa105fa63 with 1d75a598-363d-44ef-b3f6-34cac3b572d7
[35m[HTTP][39m [37m<-- GET /wd/hub/session/1d75a598-363d-44ef-b3f6-34cac3b572d7/element/00000000-0000-0a2f-ffff-ffff0000025c/location [39m[32m200[39m [90m20 ms - 77[39m
[35m[HTTP][39m [90m[39m
[35m[HTTP][39m [37m-->[39m [37mPOST[39m [37m/wd/hub/session/1d75a598-363d-44ef-b3f6-34cac3b572d7/timeouts[39m
[35m[HTTP][39m [90m{"implicit":40000}[39m
[35m[HTTP][39m [37m<-- POST /wd/hub/session/1d75a598-363d-44ef-b3f6-34cac3b572d7/timeouts [39m[32m200[39m [90m1 ms - 14[39m
[35m[HTTP][39m [90m[39m
[35m[HTTP][39m [37m-->[39m [37mGET[39m [37m/wd/hub/session/1d75a598-363d-44ef-b3f6-34cac3b572d7/element/00000000-0000-0a2f-ffff-ffff0000025c/displayed[39m
[35m[HTTP][39m [90m{}[39m
[35m[HTTP][39m [37m<-- GET /wd/hub/session/1d75a598-363d-44ef-b3f6-34cac3b572d7/element/00000000-0000-0a2f-ffff-ffff0000025c/displayed [39m[32m200[39m [90m18 ms - 14[39m
[35m[HTTP][39m [90m[39m
[35m[HTTP][39m [37m-->[39m [37mPOST[39m [37m/wd/hub/session/1d75a598-363d-44ef-b3f6-34cac3b572d7/timeouts[39m
[35m[HTTP][39m [90m{"implicit":50}[39m
[35m[HTTP][39m [37m<-- POST /wd/hub/session/1d75a598-363d-44ef-b3f6-34cac3b572d7/timeouts [39m[32m200[39m [90m1 ms - 14[39m
[35m[HTTP][39m [90m[39m
[35m[HTTP][39m [37m-->[39m [37mGET[39m [37m/wd/hub/session/1d75a598-363d-44ef-b3f6-34cac3b572d7/window/rect[39m
[35m[HTTP][39m [90m{}[39m
[35m[HTTP][39m [37m<-- GET /wd/hub/session/1d75a598-363d-44ef-b3f6-34cac3b572d7/window/rect [39m[32m200[39m [90m10 ms - 50[39m
[35m[HTTP][39m [90m[39m
[35m[HTTP][39m [37m-->[39m [37mPOST[39m [37m/wd/hub/session/1d75a598-363d-44ef-b3f6-34cac3b572d7/elements[39m
[35m[HTTP][39m [90m{"using":"xpath","value":"//*[@class = 'android.widget.TextView' and (@text = '1' or . = '1')]"}[39m
[35m[HTTP][39m [37m<-- POST /wd/hub/session/1d75a598-363d-44ef-b3f6-34cac3b572d7/elements [39m[32m200[39m [90m156 ms - 139[39m
[35m[HTTP][39m [90m[39m
[35m[HTTP][39m [37m-->[39m [37mGET[39m [37m/wd/hub/session/1d75a598-363d-44ef-b3f6-34cac3b572d7/element/00000000-0000-0a2f-ffff-ffff00000267/location[39m
[35m[HTTP][39m [90m{}[39m
[35m[W3C (1d75a598)][39m Driver proxy active, passing request on via HTTP proxy
[35m[WD Proxy][39m Replacing sessionId 4370ab25-6f39-46dc-a1f0-610aa105fa63 with 1d75a598-363d-44ef-b3f6-34cac3b572d7
[35m[HTTP][39m [37m<-- GET /wd/hub/session/1d75a598-363d-44ef-b3f6-34cac3b572d7/element/00000000-0000-0a2f-ffff-ffff00000267/location [39m[32m200[39m [90m18 ms - 79[39m
[35m[HTTP][39m [90m[39m
[35m[HTTP][39m [37m-->[39m [37mPOST[39m [37m/wd/hub/session/1d75a598-363d-44ef-b3f6-34cac3b572d7/timeouts[39m
[35m[HTTP][39m [90m{"implicit":40000}[39m
[35m[HTTP][39m [37m<-- POST /wd/hub/session/1d75a598-363d-44ef-b3f6-34cac3b572d7/timeouts [39m[32m200[39m [90m1 ms - 14[39m
[35m[HTTP][39m [90m[39m
[35m[HTTP][39m [37m-->[39m [37mPOST[39m [37m/wd/hub/session/1d75a598-363d-44ef-b3f6-34cac3b572d7/element/00000000-0000-0a2f-ffff-ffff00000267/click[39m
[35m[HTTP][39m [90m{"id":"00000000-0000-0a2f-ffff-ffff00000267"}[39m
[35m[HTTP][39m [37m<-- POST /wd/hub/session/1d75a598-363d-44ef-b3f6-34cac3b572d7/element/00000000-0000-0a2f-ffff-ffff00000267/click [39m[32m200[39m [90m50 ms - 14[39m
[35m[HTTP][39m [90m[39m
[35m[HTTP][39m [37m-->[39m [37mPOST[39m [37m/wd/hub/session/1d75a598-363d-44ef-b3f6-34cac3b572d7/timeouts[39m
[35m[HTTP][39m [90m{"implicit":50}[39m
[35m[HTTP][39m [37m<-- POST /wd/hub/session/1d75a598-363d-44ef-b3f6-34cac3b572d7/timeouts [39m[32m200[39m [90m1 ms - 14[39m
[35m[HTTP][39m [90m[39m
[35m[HTTP][39m [37m-->[39m [37mGET[39m [37m/wd/hub/session/1d75a598-363d-44ef-b3f6-34cac3b572d7/window/rect[39m
[35m[HTTP][39m [90m{}[39m
[35m[HTTP][39m [37m<-- GET /wd/hub/session/1d75a598-363d-44ef-b3f6-34cac3b572d7/window/rect [39m[32m200[39m [90m8 ms - 50[39m
[35m[HTTP][39m [90m[39m
[35m[HTTP][39m [37m-->[39m [37mPOST[39m [37m/wd/hub/session/1d75a598-363d-44ef-b3f6-34cac3b572d7/elements[39m
[35m[HTTP][39m [90m{"using":"xpath","value":"//*[@class = 'android.widget.TextView' and (@text = '1' or . = '1')]"}[39m
[35m[HTTP][39m [37m<-- POST /wd/hub/session/1d75a598-363d-44ef-b3f6-34cac3b572d7/elements [39m[32m200[39m [90m1611 ms - 139[39m
[35m[HTTP][39m [90m[39m
[35m[HTTP][39m [37m-->[39m [37mGET[39m [37m/wd/hub/session/1d75a598-363d-44ef-b3f6-34cac3b572d7/element/00000000-0000-0a2f-ffff-ffff00000267/location[39m
[35m[HTTP][39m [90m{}[39m
[35m[W3C (1d75a598)][39m Driver proxy active, passing request on via HTTP proxy
[35m[WD Proxy][39m Replacing sessionId 4370ab25-6f39-46dc-a1f0-610aa105fa63 with 1d75a598-363d-44ef-b3f6-34cac3b572d7
[35m[HTTP][39m [37m<-- GET /wd/hub/session/1d75a598-363d-44ef-b3f6-34cac3b572d7/element/00000000-0000-0a2f-ffff-ffff00000267/location [39m[32m200[39m [90m17 ms - 79[39m
[35m[HTTP][39m [90m[39m
[35m[HTTP][39m [37m-->[39m [37mPOST[39m [37m/wd/hub/session/1d75a598-363d-44ef-b3f6-34cac3b572d7/timeouts[39m
[35m[HTTP][39m [90m{"implicit":40000}[39m
[35m[HTTP][39m [37m<-- POST /wd/hub/session/1d75a598-363d-44ef-b3f6-34cac3b572d7/timeouts [39m[32m200[39m [90m3 ms - 14[39m
[35m[HTTP][39m [90m[39m
[35m[HTTP][39m [37m-->[39m [37mPOST[39m [37m/wd/hub/session/1d75a598-363d-44ef-b3f6-34cac3b572d7/element/00000000-0000-0a2f-ffff-ffff00000267/click[39m
[35m[HTTP][39m [90m{"id":"00000000-0000-0a2f-ffff-ffff00000267"}[39m
[35m[HTTP][39m [37m<-- POST /wd/hub/session/1d75a598-363d-44ef-b3f6-34cac3b572d7/element/00000000-0000-0a2f-ffff-ffff00000267/click [39m[32m200[39m [90m45 ms - 14[39m
[35m[HTTP][39m [90m[39m
[35m[HTTP][39m [37m-->[39m [37mPOST[39m [37m/wd/hub/session/1d75a598-363d-44ef-b3f6-34cac3b572d7/timeouts[39m
[35m[HTTP][39m [90m{"implicit":50}[39m
[35m[HTTP][39m [37m<-- POST /wd/hub/session/1d75a598-363d-44ef-b3f6-34cac3b572d7/timeouts [39m[32m200[39m [90m1 ms - 14[39m
[35m[HTTP][39m [90m[39m
[35m[HTTP][39m [37m-->[39m [37mGET[39m [37m/wd/hub/session/1d75a598-363d-44ef-b3f6-34cac3b572d7/window/rect[39m
[35m[HTTP][39m [90m{}[39m
[35m[HTTP][39m [37m<-- GET /wd/hub/session/1d75a598-363d-44ef-b3f6-34cac3b572d7/window/rect [39m[32m200[39m [90m12 ms - 50[39m
[35m[HTTP][39m [90m[39m
[35m[HTTP][39m [37m-->[39m [37mPOST[39m [37m/wd/hub/session/1d75a598-363d-44ef-b3f6-34cac3b572d7/elements[39m
[35m[HTTP][39m [90m{"using":"xpath","value":"//*[@class = 'android.widget.TextView' and (@text = '1' or . = '1')]"}[39m
[35m[HTTP][39m [37m<-- POST /wd/hub/session/1d75a598-363d-44ef-b3f6-34cac3b572d7/elements [39m[32m200[39m [90m124 ms - 139[39m
[35m[HTTP][39m [90m[39m
[35m[HTTP][39m [37m-->[39m [37mGET[39m [37m/wd/hub/session/1d75a598-363d-44ef-b3f6-34cac3b572d7/element/00000000-0000-0a2f-ffff-ffff00000267/location[39m
[35m[HTTP][39m [90m{}[39m
[35m[W3C (1d75a598)][39m Driver proxy active, passing request on via HTTP proxy
[35m[HTTP][39m [37m<-- GET /wd/hub/session/1d75a598-363d-44ef-b3f6-34cac3b572d7/element/00000000-0000-0a2f-ffff-ffff00000267/location [39m[32m-[39m [90m- ms - -[39m
[35m[HTTP][39m [90m[39m
[35m[WD Proxy][39m Replacing sessionId 4370ab25-6f39-46dc-a1f0-610aa105fa63 with 1d75a598-363d-44ef-b3f6-34cac3b572d7
