[35m[Appium][39m Welcome to Appium v1.22.1
[35m[Appium][39m Non-default server args:
[35m[Appium][39m   port: 51472
[35m[Appium][39m   loglevel: info
[35m[Appium][39m   tmpDir: C:\Users\00139711\AppData\Local\Temp\\Katalon\Appium\Temp1662356831698
[35m[Appium][39m   chromedriverPort: 51473
[35m[Appium][39m Deprecated server args:
[35m[Appium][39m   [31m--chromedriver-port[39m => --default-capabilities
[35m[Appium][39m Default capabilities, which will be added to each request unless overridden by desired capabilities:
[35m[Appium][39m   chromedriverPort: 51473
[35m[Appium][39m Appium REST http interface listener started on 0.0.0.0:51472
[35m[HTTP][39m [37m-->[39m [37mGET[39m [37m/wd/hub/status[39m
[35m[HTTP][39m [90m{}[39m
[35m[HTTP][39m [37m<-- GET /wd/hub/status [39m[32m200[39m [90m10 ms - 68[39m
[35m[HTTP][39m [90m[39m
[35m[HTTP][39m [37m-->[39m [37mPOST[39m [37m/wd/hub/session[39m
[35m[HTTP][39m [90m{"desiredCapabilities":{"appPackage":"com.android.settings","noReset":true,"AppWaitActivity":"*","deviceId":"65c223c2","deviceName":"Xiaomi 2107113SG (Android 12)","platform":"ANDROID","appActivity":".Settings","newCommandTimeout":1800,"platformVersion":"12","automationName":"uiautomator2","autoGrantPermissions":true,"platformName":"Android","udid":"65c223c2","systemPort":8295},"capabilities":{"firstMatch":[{"AppWaitActivity":"*","appium:appActivity":".Settings","appium:appPackage":"com.android.settings","appium:autoGrantPermissions":true,"appium:automationName":"uiautomator2","deviceId":"65c223c2","appium:deviceName":"Xiaomi 2107113SG (Android 12)","appium:newCommandTimeout":1800,"appium:noReset":true,"platform":"ANDROID","platformName":"android","appium:platformVersion":"12","appium:systemPort":8295,"appium:udid":"65c223c2"}]}}[39m
[35m[BaseDriver][39m The following capabilities are not standard capabilities and should have an extension prefix:
[35m[BaseDriver][39m   AppWaitActivity
[35m[BaseDriver][39m   deviceId
[35m[BaseDriver][39m   platform
[35m[BaseDriver][39m   chromedriverPort
[35m[Appium][39m Appium v1.22.1 creating new AndroidUiautomator2Driver (v1.70.1) session
[35m[BaseDriver][39m The following capabilities were provided, but are not recognized by Appium:
[35m[BaseDriver][39m   AppWaitActivity
[35m[BaseDriver][39m   deviceId
[35m[BaseDriver][39m   platform
[35m[BaseDriver][39m Session created with session id: 140d7ef8-3fe1-4219-901e-e063b2be87e3
[35m[UiAutomator2][39m Starting 'com.android.settings' directly on the device
[35m[ADB][39m Found 1 'build-tools' folders under 'C:\Users\00139711\.katalon\tools\android_sdk' (newest first):
[35m[ADB][39m     C:/Users/00139711/.katalon/tools/android_sdk/build-tools/29.0.3
[35m[ADB][39m Using 'adb.exe' from 'C:\Users\00139711\.katalon\tools\android_sdk\platform-tools\adb.exe'
[35m[AndroidDriver][39m Retrieving device list
[35m[AndroidDriver][39m Using device: 65c223c2
[35m[ADB][39m Using 'adb.exe' from 'C:\Users\00139711\.katalon\tools\android_sdk\platform-tools\adb.exe'
[35m[ADB][39m Getting device platform version
[35m[UiAutomator2][39m Relaxing hidden api policy
[35m[AndroidDriver][39m No app sent in, not parsing package/activity
[35m[ADB][39m Using 'apksigner.jar' from 'C:\Users\00139711\.katalon\tools\android_sdk\build-tools\29.0.3\lib\apksigner.jar'
[35m[ADB][39m 'C:\Users\00139711\AppData\Roaming\npm\node_modules\appium\node_modules\appium-uiautomator2-server\apks\appium-uiautomator2-server-v4.27.0.apk' is signed with the default certificate
[35m[ADB][39m 'C:\Users\00139711\AppData\Roaming\npm\node_modules\appium\node_modules\appium-uiautomator2-server\apks\appium-uiautomator2-server-debug-androidTest.apk' is signed with the default certificate
[35m[UiAutomator2][39m Server packages are not going to be (re)installed
[35m[ADB][39m Adding packages ["io.appium.settings","io.appium.uiautomator2.server","io.appium.uiautomator2.server.test"] to Doze whitelist
[35m[UiAutomator2][39m Starting UIAutomator2 server 4.27.0
[35m[UiAutomator2][39m Using UIAutomator2 server from 'C:\Users\00139711\AppData\Roaming\npm\node_modules\appium\node_modules\appium-uiautomator2-server\apks\appium-uiautomator2-server-v4.27.0.apk' and test from 'C:\Users\00139711\AppData\Roaming\npm\node_modules\appium\node_modules\appium-uiautomator2-server\apks\appium-uiautomator2-server-debug-androidTest.apk'
[35m[UiAutomator2][39m Waiting up to 30000ms for UiAutomator2 to be online...
[35m[WD Proxy][39m socket hang up
[35m[WD Proxy][39m socket hang up
[35m[WD Proxy][39m socket hang up
[35m[WD Proxy][39m socket hang up
[35m[WD Proxy][39m Determined the downstream protocol as 'W3C'
[35m[AndroidDriver][39m Screen already unlocked, doing nothing
[35m[UiAutomator2][39m Starting 'com.android.settings/.Settings and waiting for 'com.android.settings/.Settings'
[35m[Appium][39m New AndroidUiautomator2Driver session created successfully, session 140d7ef8-3fe1-4219-901e-e063b2be87e3 added to master session list
[35m[HTTP][39m [37m<-- POST /wd/hub/session [39m[32m200[39m [90m9947 ms - 1263[39m
[35m[HTTP][39m [90m[39m
[35m[HTTP][39m [37m-->[39m [37mGET[39m [37m/wd/hub/session/140d7ef8-3fe1-4219-901e-e063b2be87e3[39m
[35m[HTTP][39m [90m{}[39m
[35m[HTTP][39m [37m<-- GET /wd/hub/session/140d7ef8-3fe1-4219-901e-e063b2be87e3 [39m[32m200[39m [90m8 ms - 1217[39m
[35m[HTTP][39m [90m[39m
[35m[HTTP][39m [37m-->[39m [37mGET[39m [37m/wd/hub/session/140d7ef8-3fe1-4219-901e-e063b2be87e3[39m
[35m[HTTP][39m [90m{}[39m
[35m[HTTP][39m [37m<-- GET /wd/hub/session/140d7ef8-3fe1-4219-901e-e063b2be87e3 [39m[32m200[39m [90m7 ms - 1217[39m
[35m[HTTP][39m [90m[39m
[35m[HTTP][39m [37m-->[39m [37mGET[39m [37m/wd/hub/status[39m
[35m[HTTP][39m [90m{}[39m
[35m[HTTP][39m [37m<-- GET /wd/hub/status [39m[32m200[39m [90m1 ms - 68[39m
[35m[HTTP][39m [90m[39m
[35m[HTTP][39m [37m-->[39m [37mPOST[39m [37m/wd/hub/session/140d7ef8-3fe1-4219-901e-e063b2be87e3/timeouts[39m
[35m[HTTP][39m [90m{"implicit":30000}[39m
[35m[HTTP][39m [37m<-- POST /wd/hub/session/140d7ef8-3fe1-4219-901e-e063b2be87e3/timeouts [39m[32m200[39m [90m2 ms - 14[39m
[35m[HTTP][39m [90m[39m
[35m[HTTP][39m [37m-->[39m [37mGET[39m [37m/wd/hub/session/140d7ef8-3fe1-4219-901e-e063b2be87e3/screenshot[39m
[35m[HTTP][39m [90m{}[39m
[35m[HTTP][39m [37m<-- GET /wd/hub/session/140d7ef8-3fe1-4219-901e-e063b2be87e3/screenshot [39m[32m200[39m [90m281 ms - 306746[39m
[35m[HTTP][39m [90m[39m
[35m[HTTP][39m [37m-->[39m [37mGET[39m [37m/wd/hub/session/140d7ef8-3fe1-4219-901e-e063b2be87e3/window/rect[39m
[35m[HTTP][39m [90m{}[39m
[35m[HTTP][39m [37m<-- GET /wd/hub/session/140d7ef8-3fe1-4219-901e-e063b2be87e3/window/rect [39m[32m200[39m [90m14 ms - 50[39m
[35m[HTTP][39m [90m[39m
[35m[HTTP][39m [37m-->[39m [37mGET[39m [37m/wd/hub/session/140d7ef8-3fe1-4219-901e-e063b2be87e3/appium/device/system_bars[39m
[35m[HTTP][39m [90m{}[39m
[35m[HTTP][39m [37m<-- GET /wd/hub/session/140d7ef8-3fe1-4219-901e-e063b2be87e3/appium/device/system_bars [39m[32m200[39m [90m86 ms - 145[39m
[35m[HTTP][39m [90m[39m
[35m[HTTP][39m [37m-->[39m [37mPOST[39m [37m/wd/hub/session/140d7ef8-3fe1-4219-901e-e063b2be87e3/appium/device/activate_app[39m
[35m[HTTP][39m [90m{"bundleId":"com.maybank2u.life.sit"}[39m
[35m[HTTP][39m [37m<-- POST /wd/hub/session/140d7ef8-3fe1-4219-901e-e063b2be87e3/appium/device/activate_app [39m[32m200[39m [90m2053 ms - 14[39m
[35m[HTTP][39m [90m[39m
[35m[HTTP][39m [37m-->[39m [37mGET[39m [37m/wd/hub/session/140d7ef8-3fe1-4219-901e-e063b2be87e3/context[39m
[35m[HTTP][39m [90m{}[39m
[35m[HTTP][39m [37m<-- GET /wd/hub/session/140d7ef8-3fe1-4219-901e-e063b2be87e3/context [39m[32m200[39m [90m1 ms - 22[39m
[35m[HTTP][39m [90m[39m
[35m[HTTP][39m [37m-->[39m [37mGET[39m [37m/wd/hub/session/140d7ef8-3fe1-4219-901e-e063b2be87e3/contexts[39m
[35m[HTTP][39m [90m{}[39m
[35m[HTTP][39m [37m<-- GET /wd/hub/session/140d7ef8-3fe1-4219-901e-e063b2be87e3/contexts [39m[32m200[39m [90m97 ms - 24[39m
[35m[HTTP][39m [90m[39m
[35m[HTTP][39m [37m-->[39m [37mPOST[39m [37m/wd/hub/session/140d7ef8-3fe1-4219-901e-e063b2be87e3/context[39m
[35m[HTTP][39m [90m{"name":"NATIVE_APP"}[39m
[35m[HTTP][39m [37m<-- POST /wd/hub/session/140d7ef8-3fe1-4219-901e-e063b2be87e3/context [39m[32m200[39m [90m2 ms - 14[39m
[35m[HTTP][39m [90m[39m
[35m[HTTP][39m [37m-->[39m [37mGET[39m [37m/wd/hub/session/140d7ef8-3fe1-4219-901e-e063b2be87e3/window/rect[39m
[35m[HTTP][39m [90m{}[39m
[35m[HTTP][39m [37m<-- GET /wd/hub/session/140d7ef8-3fe1-4219-901e-e063b2be87e3/window/rect [39m[32m200[39m [90m12 ms - 50[39m
[35m[HTTP][39m [90m[39m
[35m[HTTP][39m [37m-->[39m [37mPOST[39m [37m/wd/hub/session/140d7ef8-3fe1-4219-901e-e063b2be87e3/context[39m
[35m[HTTP][39m [90m{"name":"NATIVE_APP"}[39m
[35m[HTTP][39m [37m<-- POST /wd/hub/session/140d7ef8-3fe1-4219-901e-e063b2be87e3/context [39m[32m200[39m [90m1 ms - 14[39m
[35m[HTTP][39m [90m[39m
[35m[HTTP][39m [37m-->[39m [37mGET[39m [37m/wd/hub/session/140d7ef8-3fe1-4219-901e-e063b2be87e3/context[39m
[35m[HTTP][39m [90m{}[39m
[35m[HTTP][39m [37m<-- GET /wd/hub/session/140d7ef8-3fe1-4219-901e-e063b2be87e3/context [39m[32m200[39m [90m1 ms - 22[39m
[35m[HTTP][39m [90m[39m
[35m[HTTP][39m [37m-->[39m [37mGET[39m [37m/wd/hub/session/140d7ef8-3fe1-4219-901e-e063b2be87e3/contexts[39m
[35m[HTTP][39m [90m{}[39m
[35m[HTTP][39m [37m<-- GET /wd/hub/session/140d7ef8-3fe1-4219-901e-e063b2be87e3/contexts [39m[32m200[39m [90m68 ms - 24[39m
[35m[HTTP][39m [90m[39m
[35m[HTTP][39m [37m-->[39m [37mPOST[39m [37m/wd/hub/session/140d7ef8-3fe1-4219-901e-e063b2be87e3/context[39m
[35m[HTTP][39m [90m{"name":"NATIVE_APP"}[39m
[35m[HTTP][39m [37m<-- POST /wd/hub/session/140d7ef8-3fe1-4219-901e-e063b2be87e3/context [39m[32m200[39m [90m1 ms - 14[39m
[35m[HTTP][39m [90m[39m
[35m[HTTP][39m [37m-->[39m [37mGET[39m [37m/wd/hub/session/140d7ef8-3fe1-4219-901e-e063b2be87e3/window/rect[39m
[35m[HTTP][39m [90m{}[39m
[35m[HTTP][39m [37m<-- GET /wd/hub/session/140d7ef8-3fe1-4219-901e-e063b2be87e3/window/rect [39m[32m200[39m [90m7 ms - 50[39m
[35m[HTTP][39m [90m[39m
[35m[HTTP][39m [37m-->[39m [37mPOST[39m [37m/wd/hub/session/140d7ef8-3fe1-4219-901e-e063b2be87e3/context[39m
[35m[HTTP][39m [90m{"name":"NATIVE_APP"}[39m
[35m[HTTP][39m [37m<-- POST /wd/hub/session/140d7ef8-3fe1-4219-901e-e063b2be87e3/context [39m[32m200[39m [90m1 ms - 14[39m
[35m[HTTP][39m [90m[39m
[35m[HTTP][39m [37m-->[39m [37mPOST[39m [37m/wd/hub/session/140d7ef8-3fe1-4219-901e-e063b2be87e3/timeouts[39m
[35m[HTTP][39m [90m{"implicit":50}[39m
[35m[HTTP][39m [37m<-- POST /wd/hub/session/140d7ef8-3fe1-4219-901e-e063b2be87e3/timeouts [39m[32m200[39m [90m2 ms - 14[39m
[35m[HTTP][39m [90m[39m
[35m[HTTP][39m [37m-->[39m [37mGET[39m [37m/wd/hub/session/140d7ef8-3fe1-4219-901e-e063b2be87e3/window/rect[39m
[35m[HTTP][39m [90m{}[39m
[35m[HTTP][39m [37m<-- GET /wd/hub/session/140d7ef8-3fe1-4219-901e-e063b2be87e3/window/rect [39m[32m200[39m [90m6 ms - 50[39m
[35m[HTTP][39m [90m[39m
[35m[HTTP][39m [37m-->[39m [37mPOST[39m [37m/wd/hub/session/140d7ef8-3fe1-4219-901e-e063b2be87e3/elements[39m
[35m[HTTP][39m [90m{"using":"xpath","value":"//*[@class = 'android.widget.TextView' and (@text = 'Pay Bills' or . = 'Pay Bills')]"}[39m
[35m[HTTP][39m [37m<-- POST /wd/hub/session/140d7ef8-3fe1-4219-901e-e063b2be87e3/elements [39m[32m200[39m [90m503 ms - 139[39m
[35m[HTTP][39m [90m[39m
[35m[HTTP][39m [37m-->[39m [37mGET[39m [37m/wd/hub/session/140d7ef8-3fe1-4219-901e-e063b2be87e3/element/00000000-0000-0225-ffff-ffff000000c4/location[39m
[35m[HTTP][39m [90m{}[39m
[35m[W3C (140d7ef8)][39m Driver proxy active, passing request on via HTTP proxy
[35m[WD Proxy][39m Replacing sessionId 0ece73f8-e3b4-425d-be9c-8903830dbd13 with 140d7ef8-3fe1-4219-901e-e063b2be87e3
[35m[HTTP][39m [37m<-- GET /wd/hub/session/140d7ef8-3fe1-4219-901e-e063b2be87e3/element/00000000-0000-0225-ffff-ffff000000c4/location [39m[32m200[39m [90m10 ms - 79[39m
[35m[HTTP][39m [90m[39m
[35m[HTTP][39m [37m-->[39m [37mPOST[39m [37m/wd/hub/session/140d7ef8-3fe1-4219-901e-e063b2be87e3/timeouts[39m
[35m[HTTP][39m [90m{"implicit":30000}[39m
[35m[HTTP][39m [37m<-- POST /wd/hub/session/140d7ef8-3fe1-4219-901e-e063b2be87e3/timeouts [39m[32m200[39m [90m1 ms - 14[39m
[35m[HTTP][39m [90m[39m
[35m[HTTP][39m [37m-->[39m [37mPOST[39m [37m/wd/hub/session/140d7ef8-3fe1-4219-901e-e063b2be87e3/touch/perform[39m
[35m[HTTP][39m [90m{"actions":[{"action":"tap","options":{"x":1,"y":1,"element":"00000000-0000-0225-ffff-ffff000000c4"}},{"action":"release","options":{}}]}[39m
[35m[UiAutomator2][39m calling get location: 00000000-0000-0225-ffff-ffff000000c4
[35m[HTTP][39m [37m<-- POST /wd/hub/session/140d7ef8-3fe1-4219-901e-e063b2be87e3/touch/perform [39m[32m200[39m [90m1612 ms - 14[39m
[35m[HTTP][39m [90m[39m
[35m[HTTP][39m [37m-->[39m [37mPOST[39m [37m/wd/hub/session/140d7ef8-3fe1-4219-901e-e063b2be87e3/timeouts[39m
[35m[HTTP][39m [90m{"implicit":50}[39m
[35m[HTTP][39m [37m<-- POST /wd/hub/session/140d7ef8-3fe1-4219-901e-e063b2be87e3/timeouts [39m[32m200[39m [90m1 ms - 14[39m
[35m[HTTP][39m [90m[39m
[35m[HTTP][39m [37m-->[39m [37mGET[39m [37m/wd/hub/session/140d7ef8-3fe1-4219-901e-e063b2be87e3/window/rect[39m
[35m[HTTP][39m [90m{}[39m
[35m[HTTP][39m [37m<-- GET /wd/hub/session/140d7ef8-3fe1-4219-901e-e063b2be87e3/window/rect [39m[32m200[39m [90m32 ms - 50[39m
[35m[HTTP][39m [90m[39m
[35m[HTTP][39m [37m-->[39m [37mPOST[39m [37m/wd/hub/session/140d7ef8-3fe1-4219-901e-e063b2be87e3/elements[39m
[35m[HTTP][39m [90m{"using":"xpath","value":"//hierarchy/android.widget.FrameLayout[1]/android.widget.LinearLayout[1]/android.widget.FrameLayout[1]/android.widget.LinearLayout[1]/android.widget.FrameLayout[1]/android.widget.FrameLayout[1]/android.view.ViewGroup[1]/android.view.ViewGroup[1]/android.view.ViewGroup[1]/android.view.ViewGroup[1]/android.view.ViewGroup[1]/android.widget.FrameLayout[1]/android.view.ViewGroup[1]/android.view.ViewGroup[1]/android.view.ViewGroup[1]/android.view.ViewGroup[1]/android.view.ViewGroup[1]/android.view.ViewGroup[1]/android.widget.FrameLayout[1]/android.view.ViewGroup[1]/android.view.ViewGroup[1]/android.view.ViewGroup[1]/android.view.ViewGroup[1]/android.view.ViewGroup[1]/android.view.ViewGroup[1]/android.view.ViewGroup[1]/android.widget.ScrollView[1]/android.view.ViewGroup[1]/android.view.ViewGroup[1]/android.widget.TextView[1]"}[39m
[35m[HTTP][39m [37m<-- POST /wd/hub/session/140d7ef8-3fe1-4219-901e-e063b2be87e3/elements [39m[32m200[39m [90m168 ms - 139[39m
[35m[HTTP][39m [90m[39m
[35m[HTTP][39m [37m-->[39m [37mGET[39m [37m/wd/hub/session/140d7ef8-3fe1-4219-901e-e063b2be87e3/element/00000000-0000-0225-ffff-ffff00000324/location[39m
[35m[HTTP][39m [90m{}[39m
[35m[W3C (140d7ef8)][39m Driver proxy active, passing request on via HTTP proxy
[35m[WD Proxy][39m Replacing sessionId 0ece73f8-e3b4-425d-be9c-8903830dbd13 with 140d7ef8-3fe1-4219-901e-e063b2be87e3
[35m[HTTP][39m [37m<-- GET /wd/hub/session/140d7ef8-3fe1-4219-901e-e063b2be87e3/element/00000000-0000-0225-ffff-ffff00000324/location [39m[32m200[39m [90m26 ms - 78[39m
[35m[HTTP][39m [90m[39m
[35m[HTTP][39m [37m-->[39m [37mPOST[39m [37m/wd/hub/session/140d7ef8-3fe1-4219-901e-e063b2be87e3/timeouts[39m
[35m[HTTP][39m [90m{"implicit":30000}[39m
[35m[HTTP][39m [37m<-- POST /wd/hub/session/140d7ef8-3fe1-4219-901e-e063b2be87e3/timeouts [39m[32m200[39m [90m2 ms - 14[39m
[35m[HTTP][39m [90m[39m
[35m[HTTP][39m [37m-->[39m [37mPOST[39m [37m/wd/hub/session/140d7ef8-3fe1-4219-901e-e063b2be87e3/timeouts[39m
[35m[HTTP][39m [90m{"implicit":50}[39m
[35m[HTTP][39m [37m<-- POST /wd/hub/session/140d7ef8-3fe1-4219-901e-e063b2be87e3/timeouts [39m[32m200[39m [90m1 ms - 14[39m
[35m[HTTP][39m [90m[39m
[35m[HTTP][39m [37m-->[39m [37mGET[39m [37m/wd/hub/session/140d7ef8-3fe1-4219-901e-e063b2be87e3/window/rect[39m
[35m[HTTP][39m [90m{}[39m
[35m[HTTP][39m [37m<-- GET /wd/hub/session/140d7ef8-3fe1-4219-901e-e063b2be87e3/window/rect [39m[32m200[39m [90m17 ms - 50[39m
[35m[HTTP][39m [90m[39m
[35m[HTTP][39m [37m-->[39m [37mPOST[39m [37m/wd/hub/session/140d7ef8-3fe1-4219-901e-e063b2be87e3/elements[39m
[35m[HTTP][39m [90m{"using":"xpath","value":"//hierarchy/android.widget.FrameLayout[1]/android.widget.LinearLayout[1]/android.widget.FrameLayout[1]/android.widget.LinearLayout[1]/android.widget.FrameLayout[1]/android.widget.FrameLayout[1]/android.view.ViewGroup[1]/android.view.ViewGroup[1]/android.view.ViewGroup[1]/android.view.ViewGroup[1]/android.view.ViewGroup[1]/android.widget.FrameLayout[1]/android.view.ViewGroup[1]/android.view.ViewGroup[1]/android.view.ViewGroup[1]/android.view.ViewGroup[1]/android.view.ViewGroup[1]/android.view.ViewGroup[1]/android.widget.FrameLayout[1]/android.view.ViewGroup[1]/android.view.ViewGroup[1]/android.view.ViewGroup[1]/android.view.ViewGroup[1]/android.view.ViewGroup[1]/android.view.ViewGroup[1]/android.view.ViewGroup[1]/android.widget.ScrollView[1]/android.view.ViewGroup[1]/android.view.ViewGroup[1]/android.widget.TextView[1]"}[39m
[35m[HTTP][39m [37m<-- POST /wd/hub/session/140d7ef8-3fe1-4219-901e-e063b2be87e3/elements [39m[32m200[39m [90m147 ms - 139[39m
[35m[HTTP][39m [90m[39m
[35m[HTTP][39m [37m-->[39m [37mGET[39m [37m/wd/hub/session/140d7ef8-3fe1-4219-901e-e063b2be87e3/element/00000000-0000-0225-ffff-ffff00000324/location[39m
[35m[HTTP][39m [90m{}[39m
[35m[W3C (140d7ef8)][39m Driver proxy active, passing request on via HTTP proxy
[35m[WD Proxy][39m Replacing sessionId 0ece73f8-e3b4-425d-be9c-8903830dbd13 with 140d7ef8-3fe1-4219-901e-e063b2be87e3
[35m[HTTP][39m [37m<-- GET /wd/hub/session/140d7ef8-3fe1-4219-901e-e063b2be87e3/element/00000000-0000-0225-ffff-ffff00000324/location [39m[32m200[39m [90m14 ms - 78[39m
[35m[HTTP][39m [90m[39m
[35m[HTTP][39m [37m-->[39m [37mPOST[39m [37m/wd/hub/session/140d7ef8-3fe1-4219-901e-e063b2be87e3/timeouts[39m
[35m[HTTP][39m [90m{"implicit":30000}[39m
[35m[HTTP][39m [37m<-- POST /wd/hub/session/140d7ef8-3fe1-4219-901e-e063b2be87e3/timeouts [39m[32m200[39m [90m1 ms - 14[39m
[35m[HTTP][39m [90m[39m
[35m[HTTP][39m [37m-->[39m [37mPOST[39m [37m/wd/hub/session/140d7ef8-3fe1-4219-901e-e063b2be87e3/touch/perform[39m
[35m[HTTP][39m [90m{"actions":[{"action":"tap","options":{"x":1,"y":1,"element":"00000000-0000-0225-ffff-ffff00000324"}},{"action":"release","options":{}}]}[39m
[35m[UiAutomator2][39m calling get location: 00000000-0000-0225-ffff-ffff00000324
[35m[HTTP][39m [37m<-- POST /wd/hub/session/140d7ef8-3fe1-4219-901e-e063b2be87e3/touch/perform [39m[32m200[39m [90m207 ms - 14[39m
[35m[HTTP][39m [90m[39m
[35m[HTTP][39m [37m-->[39m [37mPOST[39m [37m/wd/hub/session/140d7ef8-3fe1-4219-901e-e063b2be87e3/timeouts[39m
[35m[HTTP][39m [90m{"implicit":50}[39m
[35m[HTTP][39m [37m<-- POST /wd/hub/session/140d7ef8-3fe1-4219-901e-e063b2be87e3/timeouts [39m[32m200[39m [90m1 ms - 14[39m
[35m[HTTP][39m [90m[39m
[35m[HTTP][39m [37m-->[39m [37mGET[39m [37m/wd/hub/session/140d7ef8-3fe1-4219-901e-e063b2be87e3/window/rect[39m
[35m[HTTP][39m [90m{}[39m
[35m[HTTP][39m [37m<-- GET /wd/hub/session/140d7ef8-3fe1-4219-901e-e063b2be87e3/window/rect [39m[32m200[39m [90m25 ms - 50[39m
[35m[HTTP][39m [90m[39m
[35m[HTTP][39m [37m-->[39m [37mPOST[39m [37m/wd/hub/session/140d7ef8-3fe1-4219-901e-e063b2be87e3/elements[39m
[35m[HTTP][39m [90m{"using":"xpath","value":"//hierarchy/android.widget.FrameLayout[1]/android.widget.LinearLayout[1]/android.widget.FrameLayout[1]/android.widget.LinearLayout[1]/android.widget.FrameLayout[1]/android.widget.FrameLayout[1]/android.view.ViewGroup[1]/android.view.ViewGroup[1]/android.view.ViewGroup[1]/android.view.ViewGroup[1]/android.view.ViewGroup[1]/android.widget.FrameLayout[1]/android.view.ViewGroup[1]/android.view.ViewGroup[1]/android.view.ViewGroup[1]/android.view.ViewGroup[1]/android.view.ViewGroup[1]/android.view.ViewGroup[1]/android.widget.FrameLayout[1]/android.view.ViewGroup[1]/android.view.ViewGroup[1]/android.view.ViewGroup[1]/android.view.ViewGroup[1]/android.view.ViewGroup[1]/android.view.ViewGroup[1]/android.view.ViewGroup[1]/android.view.ViewGroup[2]/android.widget.ImageView[1]"}[39m
[35m[HTTP][39m [37m<-- POST /wd/hub/session/140d7ef8-3fe1-4219-901e-e063b2be87e3/elements [39m[32m200[39m [90m290 ms - 12[39m
[35m[HTTP][39m [90m[39m
[35m[HTTP][39m [37m-->[39m [37mPOST[39m [37m/wd/hub/session/140d7ef8-3fe1-4219-901e-e063b2be87e3/elements[39m
[35m[HTTP][39m [90m{"using":"xpath","value":"//hierarchy/android.widget.FrameLayout[1]/android.widget.LinearLayout[1]/android.widget.FrameLayout[1]/android.widget.LinearLayout[1]/android.widget.FrameLayout[1]/android.widget.FrameLayout[1]/android.view.ViewGroup[1]/android.view.ViewGroup[1]/android.view.ViewGroup[1]/android.view.ViewGroup[1]/android.view.ViewGroup[1]/android.widget.FrameLayout[1]/android.view.ViewGroup[1]/android.view.ViewGroup[1]/android.view.ViewGroup[1]/android.view.ViewGroup[1]/android.view.ViewGroup[1]/android.view.ViewGroup[1]/android.widget.FrameLayout[1]/android.view.ViewGroup[1]/android.view.ViewGroup[1]/android.view.ViewGroup[1]/android.view.ViewGroup[1]/android.view.ViewGroup[1]/android.view.ViewGroup[1]/android.view.ViewGroup[1]/android.view.ViewGroup[2]/android.widget.ImageView[1]"}[39m
[35m[HTTP][39m [37m<-- POST /wd/hub/session/140d7ef8-3fe1-4219-901e-e063b2be87e3/elements [39m[32m200[39m [90m1450 ms - 139[39m
[35m[HTTP][39m [90m[39m
[35m[HTTP][39m [37m-->[39m [37mGET[39m [37m/wd/hub/session/140d7ef8-3fe1-4219-901e-e063b2be87e3/element/00000000-0000-0225-ffff-ffff00000377/location[39m
[35m[HTTP][39m [90m{}[39m
[35m[W3C (140d7ef8)][39m Driver proxy active, passing request on via HTTP proxy
[35m[WD Proxy][39m Replacing sessionId 0ece73f8-e3b4-425d-be9c-8903830dbd13 with 140d7ef8-3fe1-4219-901e-e063b2be87e3
[35m[HTTP][39m [37m<-- GET /wd/hub/session/140d7ef8-3fe1-4219-901e-e063b2be87e3/element/00000000-0000-0225-ffff-ffff00000377/location [39m[32m200[39m [90m20 ms - 77[39m
[35m[HTTP][39m [90m[39m
[35m[HTTP][39m [37m-->[39m [37mPOST[39m [37m/wd/hub/session/140d7ef8-3fe1-4219-901e-e063b2be87e3/timeouts[39m
[35m[HTTP][39m [90m{"implicit":30000}[39m
[35m[HTTP][39m [37m<-- POST /wd/hub/session/140d7ef8-3fe1-4219-901e-e063b2be87e3/timeouts [39m[32m200[39m [90m1 ms - 14[39m
[35m[HTTP][39m [90m[39m
[35m[HTTP][39m [37m-->[39m [37mPOST[39m [37m/wd/hub/session/140d7ef8-3fe1-4219-901e-e063b2be87e3/touch/perform[39m
[35m[HTTP][39m [90m{"actions":[{"action":"tap","options":{"x":1,"y":1,"element":"00000000-0000-0225-ffff-ffff00000377"}},{"action":"release","options":{}}]}[39m
[35m[UiAutomator2][39m calling get location: 00000000-0000-0225-ffff-ffff00000377
[35m[HTTP][39m [37m<-- POST /wd/hub/session/140d7ef8-3fe1-4219-901e-e063b2be87e3/touch/perform [39m[32m200[39m [90m202 ms - 14[39m
[35m[HTTP][39m [90m[39m
[35m[HTTP][39m [37m-->[39m [37mPOST[39m [37m/wd/hub/session/140d7ef8-3fe1-4219-901e-e063b2be87e3/timeouts[39m
[35m[HTTP][39m [90m{"implicit":50}[39m
[35m[HTTP][39m [37m<-- POST /wd/hub/session/140d7ef8-3fe1-4219-901e-e063b2be87e3/timeouts [39m[32m200[39m [90m1 ms - 14[39m
[35m[HTTP][39m [90m[39m
[35m[HTTP][39m [37m-->[39m [37mGET[39m [37m/wd/hub/session/140d7ef8-3fe1-4219-901e-e063b2be87e3/window/rect[39m
[35m[HTTP][39m [90m{}[39m
[35m[HTTP][39m [37m<-- GET /wd/hub/session/140d7ef8-3fe1-4219-901e-e063b2be87e3/window/rect [39m[32m200[39m [90m19 ms - 50[39m
[35m[HTTP][39m [90m[39m
[35m[HTTP][39m [37m-->[39m [37mPOST[39m [37m/wd/hub/session/140d7ef8-3fe1-4219-901e-e063b2be87e3/elements[39m
[35m[HTTP][39m [90m{"using":"xpath","value":"//*[@class = 'android.widget.EditText' and (@text = '' or . = '')]"}[39m
[35m[HTTP][39m [37m<-- POST /wd/hub/session/140d7ef8-3fe1-4219-901e-e063b2be87e3/elements [39m[32m200[39m [90m772 ms - 139[39m
[35m[HTTP][39m [90m[39m
[35m[HTTP][39m [37m-->[39m [37mGET[39m [37m/wd/hub/session/140d7ef8-3fe1-4219-901e-e063b2be87e3/element/00000000-0000-0225-ffff-ffff000003a5/location[39m
[35m[HTTP][39m [90m{}[39m
[35m[W3C (140d7ef8)][39m Driver proxy active, passing request on via HTTP proxy
[35m[WD Proxy][39m Replacing sessionId 0ece73f8-e3b4-425d-be9c-8903830dbd13 with 140d7ef8-3fe1-4219-901e-e063b2be87e3
[35m[HTTP][39m [37m<-- GET /wd/hub/session/140d7ef8-3fe1-4219-901e-e063b2be87e3/element/00000000-0000-0225-ffff-ffff000003a5/location [39m[32m200[39m [90m16 ms - 78[39m
[35m[HTTP][39m [90m[39m
[35m[HTTP][39m [37m-->[39m [37mPOST[39m [37m/wd/hub/session/140d7ef8-3fe1-4219-901e-e063b2be87e3/timeouts[39m
[35m[HTTP][39m [90m{"implicit":30000}[39m
[35m[HTTP][39m [37m<-- POST /wd/hub/session/140d7ef8-3fe1-4219-901e-e063b2be87e3/timeouts [39m[32m200[39m [90m1 ms - 14[39m
[35m[HTTP][39m [90m[39m
[35m[HTTP][39m [37m-->[39m [37mPOST[39m [37m/wd/hub/session/140d7ef8-3fe1-4219-901e-e063b2be87e3/element/00000000-0000-0225-ffff-ffff000003a5/clear[39m
[35m[HTTP][39m [90m{"id":"00000000-0000-0225-ffff-ffff000003a5"}[39m
[35m[HTTP][39m [37m<-- POST /wd/hub/session/140d7ef8-3fe1-4219-901e-e063b2be87e3/element/00000000-0000-0225-ffff-ffff000003a5/clear [39m[32m200[39m [90m26 ms - 14[39m
[35m[HTTP][39m [90m[39m
[35m[HTTP][39m [37m-->[39m [37mPOST[39m [37m/wd/hub/session/140d7ef8-3fe1-4219-901e-e063b2be87e3/element/00000000-0000-0225-ffff-ffff000003a5/value[39m
[35m[HTTP][39m [90m{"id":"00000000-0000-0225-ffff-ffff000003a5","text":"21st Century","value":["2","1","s","t"," ","C","e","n","t","u","r","y"]}[39m
[35m[HTTP][39m [37m<-- POST /wd/hub/session/140d7ef8-3fe1-4219-901e-e063b2be87e3/element/00000000-0000-0225-ffff-ffff000003a5/value [39m[32m200[39m [90m628 ms - 14[39m
[35m[HTTP][39m [90m[39m
[35m[HTTP][39m [37m-->[39m [37mPOST[39m [37m/wd/hub/session/140d7ef8-3fe1-4219-901e-e063b2be87e3/timeouts[39m
[35m[HTTP][39m [90m{"implicit":50}[39m
[35m[HTTP][39m [37m<-- POST /wd/hub/session/140d7ef8-3fe1-4219-901e-e063b2be87e3/timeouts [39m[32m200[39m [90m1 ms - 14[39m
[35m[HTTP][39m [90m[39m
[35m[HTTP][39m [37m-->[39m [37mGET[39m [37m/wd/hub/session/140d7ef8-3fe1-4219-901e-e063b2be87e3/window/rect[39m
[35m[HTTP][39m [90m{}[39m
[35m[HTTP][39m [37m<-- GET /wd/hub/session/140d7ef8-3fe1-4219-901e-e063b2be87e3/window/rect [39m[32m200[39m [90m32 ms - 50[39m
[35m[HTTP][39m [90m[39m
[35m[HTTP][39m [37m-->[39m [37mPOST[39m [37m/wd/hub/session/140d7ef8-3fe1-4219-901e-e063b2be87e3/elements[39m
[35m[HTTP][39m [90m{"using":"xpath","value":"//*[@class = 'android.widget.TextView' and (@text = '21st Century' or . = '21st Century') and @clickable = 'false']"}[39m
[35m[HTTP][39m [37m<-- POST /wd/hub/session/140d7ef8-3fe1-4219-901e-e063b2be87e3/elements [39m[32m200[39m [90m146 ms - 139[39m
[35m[HTTP][39m [90m[39m
[35m[HTTP][39m [37m-->[39m [37mGET[39m [37m/wd/hub/session/140d7ef8-3fe1-4219-901e-e063b2be87e3/element/00000000-0000-0225-ffff-ffff000003ab/location[39m
[35m[HTTP][39m [90m{}[39m
[35m[W3C (140d7ef8)][39m Driver proxy active, passing request on via HTTP proxy
[35m[WD Proxy][39m Replacing sessionId 0ece73f8-e3b4-425d-be9c-8903830dbd13 with 140d7ef8-3fe1-4219-901e-e063b2be87e3
[35m[HTTP][39m [37m<-- GET /wd/hub/session/140d7ef8-3fe1-4219-901e-e063b2be87e3/element/00000000-0000-0225-ffff-ffff000003ab/location [39m[32m200[39m [90m11 ms - 78[39m
[35m[HTTP][39m [90m[39m
[35m[HTTP][39m [37m-->[39m [37mPOST[39m [37m/wd/hub/session/140d7ef8-3fe1-4219-901e-e063b2be87e3/timeouts[39m
[35m[HTTP][39m [90m{"implicit":30000}[39m
[35m[HTTP][39m [37m<-- POST /wd/hub/session/140d7ef8-3fe1-4219-901e-e063b2be87e3/timeouts [39m[32m200[39m [90m1 ms - 14[39m
[35m[HTTP][39m [90m[39m
[35m[HTTP][39m [37m-->[39m [37mPOST[39m [37m/wd/hub/session/140d7ef8-3fe1-4219-901e-e063b2be87e3/touch/perform[39m
[35m[HTTP][39m [90m{"actions":[{"action":"tap","options":{"x":1,"y":1,"element":"00000000-0000-0225-ffff-ffff000003ab"}},{"action":"release","options":{}}]}[39m
[35m[UiAutomator2][39m calling get location: 00000000-0000-0225-ffff-ffff000003ab
[35m[HTTP][39m [37m<-- POST /wd/hub/session/140d7ef8-3fe1-4219-901e-e063b2be87e3/touch/perform [39m[32m200[39m [90m188 ms - 14[39m
[35m[HTTP][39m [90m[39m
[35m[HTTP][39m [37m-->[39m [37mPOST[39m [37m/wd/hub/session/140d7ef8-3fe1-4219-901e-e063b2be87e3/timeouts[39m
[35m[HTTP][39m [90m{"implicit":50}[39m
[35m[HTTP][39m [37m<-- POST /wd/hub/session/140d7ef8-3fe1-4219-901e-e063b2be87e3/timeouts [39m[32m200[39m [90m1 ms - 14[39m
[35m[HTTP][39m [90m[39m
[35m[HTTP][39m [37m-->[39m [37mGET[39m [37m/wd/hub/session/140d7ef8-3fe1-4219-901e-e063b2be87e3/window/rect[39m
[35m[HTTP][39m [90m{}[39m
[35m[HTTP][39m [37m<-- GET /wd/hub/session/140d7ef8-3fe1-4219-901e-e063b2be87e3/window/rect [39m[32m200[39m [90m23 ms - 50[39m
[35m[HTTP][39m [90m[39m
[35m[HTTP][39m [37m-->[39m [37mPOST[39m [37m/wd/hub/session/140d7ef8-3fe1-4219-901e-e063b2be87e3/elements[39m
[35m[HTTP][39m [90m{"using":"xpath","value":"//*[@class = 'android.widget.TextView' and (@text = '21st Century' or . = '21st Century') and @clickable = 'false']"}[39m
[35m[HTTP][39m [37m<-- POST /wd/hub/session/140d7ef8-3fe1-4219-901e-e063b2be87e3/elements [39m[32m200[39m [90m577 ms - 139[39m
[35m[HTTP][39m [90m[39m
[35m[HTTP][39m [37m-->[39m [37mGET[39m [37m/wd/hub/session/140d7ef8-3fe1-4219-901e-e063b2be87e3/element/00000000-0000-0225-ffff-ffff000003ab/location[39m
[35m[HTTP][39m [90m{}[39m
[35m[W3C (140d7ef8)][39m Driver proxy active, passing request on via HTTP proxy
[35m[WD Proxy][39m Replacing sessionId 0ece73f8-e3b4-425d-be9c-8903830dbd13 with 140d7ef8-3fe1-4219-901e-e063b2be87e3
[35m[HTTP][39m [37m<-- GET /wd/hub/session/140d7ef8-3fe1-4219-901e-e063b2be87e3/element/00000000-0000-0225-ffff-ffff000003ab/location [39m[32m200[39m [90m20 ms - 78[39m
[35m[HTTP][39m [90m[39m
[35m[HTTP][39m [37m-->[39m [37mPOST[39m [37m/wd/hub/session/140d7ef8-3fe1-4219-901e-e063b2be87e3/timeouts[39m
[35m[HTTP][39m [90m{"implicit":30000}[39m
[35m[HTTP][39m [37m<-- POST /wd/hub/session/140d7ef8-3fe1-4219-901e-e063b2be87e3/timeouts [39m[32m200[39m [90m2 ms - 14[39m
[35m[HTTP][39m [90m[39m
[35m[HTTP][39m [37m-->[39m [37mPOST[39m [37m/wd/hub/session/140d7ef8-3fe1-4219-901e-e063b2be87e3/touch/perform[39m
[35m[HTTP][39m [90m{"actions":[{"action":"tap","options":{"x":1,"y":1,"element":"00000000-0000-0225-ffff-ffff000003ab"}},{"action":"release","options":{}}]}[39m
[35m[UiAutomator2][39m calling get location: 00000000-0000-0225-ffff-ffff000003ab
[35m[HTTP][39m [37m<-- POST /wd/hub/session/140d7ef8-3fe1-4219-901e-e063b2be87e3/touch/perform [39m[32m200[39m [90m199 ms - 14[39m
[35m[HTTP][39m [90m[39m
[35m[HTTP][39m [37m-->[39m [37mPOST[39m [37m/wd/hub/session/140d7ef8-3fe1-4219-901e-e063b2be87e3/timeouts[39m
[35m[HTTP][39m [90m{"implicit":50}[39m
[35m[HTTP][39m [37m<-- POST /wd/hub/session/140d7ef8-3fe1-4219-901e-e063b2be87e3/timeouts [39m[32m200[39m [90m1 ms - 14[39m
[35m[HTTP][39m [90m[39m
[35m[HTTP][39m [37m-->[39m [37mGET[39m [37m/wd/hub/session/140d7ef8-3fe1-4219-901e-e063b2be87e3/window/rect[39m
[35m[HTTP][39m [90m{}[39m
[35m[HTTP][39m [37m<-- GET /wd/hub/session/140d7ef8-3fe1-4219-901e-e063b2be87e3/window/rect [39m[32m200[39m [90m24 ms - 50[39m
[35m[HTTP][39m [90m[39m
[35m[HTTP][39m [37m-->[39m [37mPOST[39m [37m/wd/hub/session/140d7ef8-3fe1-4219-901e-e063b2be87e3/elements[39m
[35m[HTTP][39m [90m{"using":"xpath","value":"//*[@class = 'android.widget.TextView' and (@text = '21st Century' or . = '21st Century') and @checkable = 'false']"}[39m
[35m[HTTP][39m [37m<-- POST /wd/hub/session/140d7ef8-3fe1-4219-901e-e063b2be87e3/elements [39m[32m200[39m [90m144 ms - 139[39m
[35m[HTTP][39m [90m[39m
[35m[HTTP][39m [37m-->[39m [37mGET[39m [37m/wd/hub/session/140d7ef8-3fe1-4219-901e-e063b2be87e3/element/00000000-0000-0225-ffff-ffff000003c0/location[39m
[35m[HTTP][39m [90m{}[39m
[35m[W3C (140d7ef8)][39m Driver proxy active, passing request on via HTTP proxy
[35m[WD Proxy][39m Replacing sessionId 0ece73f8-e3b4-425d-be9c-8903830dbd13 with 140d7ef8-3fe1-4219-901e-e063b2be87e3
[35m[HTTP][39m [37m<-- GET /wd/hub/session/140d7ef8-3fe1-4219-901e-e063b2be87e3/element/00000000-0000-0225-ffff-ffff000003c0/location [39m[32m200[39m [90m13 ms - 78[39m
[35m[HTTP][39m [90m[39m
[35m[HTTP][39m [37m-->[39m [37mPOST[39m [37m/wd/hub/session/140d7ef8-3fe1-4219-901e-e063b2be87e3/timeouts[39m
[35m[HTTP][39m [90m{"implicit":30000}[39m
[35m[HTTP][39m [37m<-- POST /wd/hub/session/140d7ef8-3fe1-4219-901e-e063b2be87e3/timeouts [39m[32m200[39m [90m1 ms - 14[39m
[35m[HTTP][39m [90m[39m
[35m[HTTP][39m [37m-->[39m [37mGET[39m [37m/wd/hub/session/140d7ef8-3fe1-4219-901e-e063b2be87e3/element/00000000-0000-0225-ffff-ffff000003c0/text[39m
[35m[HTTP][39m [90m{}[39m
[35m[W3C (140d7ef8)][39m Driver proxy active, passing request on via HTTP proxy
[35m[WD Proxy][39m Replacing sessionId 0ece73f8-e3b4-425d-be9c-8903830dbd13 with 140d7ef8-3fe1-4219-901e-e063b2be87e3
[35m[HTTP][39m [37m<-- GET /wd/hub/session/140d7ef8-3fe1-4219-901e-e063b2be87e3/element/00000000-0000-0225-ffff-ffff000003c0/text [39m[32m200[39m [90m20 ms - 75[39m
[35m[HTTP][39m [90m[39m
[35m[HTTP][39m [37m-->[39m [37mPOST[39m [37m/wd/hub/session/140d7ef8-3fe1-4219-901e-e063b2be87e3/timeouts[39m
[35m[HTTP][39m [90m{"implicit":50}[39m
[35m[HTTP][39m [37m<-- POST /wd/hub/session/140d7ef8-3fe1-4219-901e-e063b2be87e3/timeouts [39m[32m200[39m [90m1 ms - 14[39m
[35m[HTTP][39m [90m[39m
[35m[HTTP][39m [37m-->[39m [37mGET[39m [37m/wd/hub/session/140d7ef8-3fe1-4219-901e-e063b2be87e3/window/rect[39m
[35m[HTTP][39m [90m{}[39m
[35m[HTTP][39m [37m<-- GET /wd/hub/session/140d7ef8-3fe1-4219-901e-e063b2be87e3/window/rect [39m[32m200[39m [90m30 ms - 50[39m
[35m[HTTP][39m [90m[39m
[35m[HTTP][39m [37m-->[39m [37mPOST[39m [37m/wd/hub/session/140d7ef8-3fe1-4219-901e-e063b2be87e3/elements[39m
[35m[HTTP][39m [90m{"using":"xpath","value":"//*[@class = 'android.widget.TextView' and (@text = 'Reference Number' or . = 'Reference Number') and @checkable = 'false']"}[39m
[35m[HTTP][39m [37m<-- POST /wd/hub/session/140d7ef8-3fe1-4219-901e-e063b2be87e3/elements [39m[32m200[39m [90m152 ms - 139[39m
[35m[HTTP][39m [90m[39m
[35m[HTTP][39m [37m-->[39m [37mGET[39m [37m/wd/hub/session/140d7ef8-3fe1-4219-901e-e063b2be87e3/element/00000000-0000-0225-ffff-ffff000003c1/location[39m
[35m[HTTP][39m [90m{}[39m
[35m[W3C (140d7ef8)][39m Driver proxy active, passing request on via HTTP proxy
[35m[WD Proxy][39m Replacing sessionId 0ece73f8-e3b4-425d-be9c-8903830dbd13 with 140d7ef8-3fe1-4219-901e-e063b2be87e3
[35m[HTTP][39m [37m<-- GET /wd/hub/session/140d7ef8-3fe1-4219-901e-e063b2be87e3/element/00000000-0000-0225-ffff-ffff000003c1/location [39m[32m200[39m [90m17 ms - 77[39m
[35m[HTTP][39m [90m[39m
[35m[HTTP][39m [37m-->[39m [37mPOST[39m [37m/wd/hub/session/140d7ef8-3fe1-4219-901e-e063b2be87e3/timeouts[39m
[35m[HTTP][39m [90m{"implicit":30000}[39m
[35m[HTTP][39m [37m<-- POST /wd/hub/session/140d7ef8-3fe1-4219-901e-e063b2be87e3/timeouts [39m[32m200[39m [90m1 ms - 14[39m
[35m[HTTP][39m [90m[39m
[35m[HTTP][39m [37m-->[39m [37mPOST[39m [37m/wd/hub/session/140d7ef8-3fe1-4219-901e-e063b2be87e3/timeouts[39m
[35m[HTTP][39m [90m{"implicit":50}[39m
[35m[HTTP][39m [37m<-- POST /wd/hub/session/140d7ef8-3fe1-4219-901e-e063b2be87e3/timeouts [39m[32m200[39m [90m1 ms - 14[39m
[35m[HTTP][39m [90m[39m
[35m[HTTP][39m [37m-->[39m [37mGET[39m [37m/wd/hub/session/140d7ef8-3fe1-4219-901e-e063b2be87e3/window/rect[39m
[35m[HTTP][39m [90m{}[39m
[35m[HTTP][39m [37m<-- GET /wd/hub/session/140d7ef8-3fe1-4219-901e-e063b2be87e3/window/rect [39m[32m200[39m [90m16 ms - 50[39m
[35m[HTTP][39m [90m[39m
[35m[HTTP][39m [37m-->[39m [37mPOST[39m [37m/wd/hub/session/140d7ef8-3fe1-4219-901e-e063b2be87e3/elements[39m
[35m[HTTP][39m [90m{"using":"xpath","value":"//hierarchy/android.widget.FrameLayout[1]/android.widget.LinearLayout[1]/android.widget.FrameLayout[1]/android.widget.LinearLayout[1]/android.widget.FrameLayout[1]/android.widget.FrameLayout[1]/android.view.ViewGroup[1]/android.view.ViewGroup[1]/android.view.ViewGroup[1]/android.view.ViewGroup[1]/android.view.ViewGroup[1]/android.widget.FrameLayout[1]/android.view.ViewGroup[1]/android.view.ViewGroup[1]/android.view.ViewGroup[1]/android.view.ViewGroup[1]/android.view.ViewGroup[1]/android.view.ViewGroup[1]/android.widget.FrameLayout[1]/android.view.ViewGroup[1]/android.view.ViewGroup[1]/android.view.ViewGroup[1]/android.view.ViewGroup[1]/android.view.ViewGroup[1]/android.view.ViewGroup[1]/android.view.ViewGroup[1]/android.widget.ScrollView[1]/android.view.ViewGroup[1]/android.view.ViewGroup[2]/android.widget.EditText[1]"}[39m
[35m[HTTP][39m [37m<-- POST /wd/hub/session/140d7ef8-3fe1-4219-901e-e063b2be87e3/elements [39m[32m200[39m [90m177 ms - 139[39m
[35m[HTTP][39m [90m[39m
[35m[HTTP][39m [37m-->[39m [37mGET[39m [37m/wd/hub/session/140d7ef8-3fe1-4219-901e-e063b2be87e3/element/00000000-0000-0225-ffff-ffff000003c3/location[39m
[35m[HTTP][39m [90m{}[39m
[35m[W3C (140d7ef8)][39m Driver proxy active, passing request on via HTTP proxy
[35m[WD Proxy][39m Replacing sessionId 0ece73f8-e3b4-425d-be9c-8903830dbd13 with 140d7ef8-3fe1-4219-901e-e063b2be87e3
[35m[HTTP][39m [37m<-- GET /wd/hub/session/140d7ef8-3fe1-4219-901e-e063b2be87e3/element/00000000-0000-0225-ffff-ffff000003c3/location [39m[32m200[39m [90m28 ms - 77[39m
[35m[HTTP][39m [90m[39m
[35m[HTTP][39m [37m-->[39m [37mPOST[39m [37m/wd/hub/session/140d7ef8-3fe1-4219-901e-e063b2be87e3/timeouts[39m
[35m[HTTP][39m [90m{"implicit":30000}[39m
[35m[HTTP][39m [37m<-- POST /wd/hub/session/140d7ef8-3fe1-4219-901e-e063b2be87e3/timeouts [39m[32m200[39m [90m1 ms - 14[39m
[35m[HTTP][39m [90m[39m
[35m[HTTP][39m [37m-->[39m [37mPOST[39m [37m/wd/hub/session/140d7ef8-3fe1-4219-901e-e063b2be87e3/element/00000000-0000-0225-ffff-ffff000003c3/clear[39m
[35m[HTTP][39m [90m{"id":"00000000-0000-0225-ffff-ffff000003c3"}[39m
[35m[HTTP][39m [37m<-- POST /wd/hub/session/140d7ef8-3fe1-4219-901e-e063b2be87e3/element/00000000-0000-0225-ffff-ffff000003c3/clear [39m[32m200[39m [90m60 ms - 14[39m
[35m[HTTP][39m [90m[39m
[35m[HTTP][39m [37m-->[39m [37mPOST[39m [37m/wd/hub/session/140d7ef8-3fe1-4219-901e-e063b2be87e3/element/00000000-0000-0225-ffff-ffff000003c3/value[39m
[35m[HTTP][39m [90m{"id":"00000000-0000-0225-ffff-ffff000003c3","text":"12299292","value":["1","2","2","9","9","2","9","2"]}[39m
[35m[HTTP][39m [37m<-- POST /wd/hub/session/140d7ef8-3fe1-4219-901e-e063b2be87e3/element/00000000-0000-0225-ffff-ffff000003c3/value [39m[32m200[39m [90m806 ms - 14[39m
[35m[HTTP][39m [90m[39m
[35m[HTTP][39m [37m-->[39m [37mGET[39m [37m/wd/hub/session/140d7ef8-3fe1-4219-901e-e063b2be87e3/context[39m
[35m[HTTP][39m [90m{}[39m
[35m[HTTP][39m [37m<-- GET /wd/hub/session/140d7ef8-3fe1-4219-901e-e063b2be87e3/context [39m[32m200[39m [90m1 ms - 22[39m
[35m[HTTP][39m [90m[39m
[35m[HTTP][39m [37m-->[39m [37mGET[39m [37m/wd/hub/session/140d7ef8-3fe1-4219-901e-e063b2be87e3/contexts[39m
[35m[HTTP][39m [90m{}[39m
[35m[HTTP][39m [37m<-- GET /wd/hub/session/140d7ef8-3fe1-4219-901e-e063b2be87e3/contexts [39m[32m200[39m [90m99 ms - 24[39m
[35m[HTTP][39m [90m[39m
[35m[HTTP][39m [37m-->[39m [37mPOST[39m [37m/wd/hub/session/140d7ef8-3fe1-4219-901e-e063b2be87e3/context[39m
[35m[HTTP][39m [90m{"name":"NATIVE_APP"}[39m
[35m[HTTP][39m [37m<-- POST /wd/hub/session/140d7ef8-3fe1-4219-901e-e063b2be87e3/context [39m[32m200[39m [90m1 ms - 14[39m
[35m[HTTP][39m [90m[39m
[35m[HTTP][39m [37m-->[39m [37mPOST[39m [37m/wd/hub/session/140d7ef8-3fe1-4219-901e-e063b2be87e3/appium/device/hide_keyboard[39m
[35m[HTTP][39m [90m{}[39m
[35m[HTTP][39m [37m<-- POST /wd/hub/session/140d7ef8-3fe1-4219-901e-e063b2be87e3/appium/device/hide_keyboard [39m[32m200[39m [90m817 ms - 14[39m
[35m[HTTP][39m [90m[39m
[35m[HTTP][39m [37m-->[39m [37mPOST[39m [37m/wd/hub/session/140d7ef8-3fe1-4219-901e-e063b2be87e3/context[39m
[35m[HTTP][39m [90m{"name":"NATIVE_APP"}[39m
[35m[HTTP][39m [37m<-- POST /wd/hub/session/140d7ef8-3fe1-4219-901e-e063b2be87e3/context [39m[32m200[39m [90m1 ms - 14[39m
[35m[HTTP][39m [90m[39m
[35m[HTTP][39m [37m-->[39m [37mPOST[39m [37m/wd/hub/session/140d7ef8-3fe1-4219-901e-e063b2be87e3/timeouts[39m
[35m[HTTP][39m [90m{"implicit":50}[39m
[35m[HTTP][39m [37m<-- POST /wd/hub/session/140d7ef8-3fe1-4219-901e-e063b2be87e3/timeouts [39m[32m200[39m [90m1 ms - 14[39m
[35m[HTTP][39m [90m[39m
[35m[HTTP][39m [37m-->[39m [37mGET[39m [37m/wd/hub/session/140d7ef8-3fe1-4219-901e-e063b2be87e3/window/rect[39m
[35m[HTTP][39m [90m{}[39m
[35m[HTTP][39m [37m<-- GET /wd/hub/session/140d7ef8-3fe1-4219-901e-e063b2be87e3/window/rect [39m[32m200[39m [90m16 ms - 50[39m
[35m[HTTP][39m [90m[39m
[35m[HTTP][39m [37m-->[39m [37mPOST[39m [37m/wd/hub/session/140d7ef8-3fe1-4219-901e-e063b2be87e3/elements[39m
[35m[HTTP][39m [90m{"using":"xpath","value":"//*[@class = 'android.widget.EditText' and (@text = '12299292' or . = '12299292') and @enabled = 'true']"}[39m
[35m[HTTP][39m [37m<-- POST /wd/hub/session/140d7ef8-3fe1-4219-901e-e063b2be87e3/elements [39m[32m200[39m [90m284 ms - 139[39m
[35m[HTTP][39m [90m[39m
[35m[HTTP][39m [37m-->[39m [37mGET[39m [37m/wd/hub/session/140d7ef8-3fe1-4219-901e-e063b2be87e3/element/00000000-0000-0225-ffff-ffff000003c3/location[39m
[35m[HTTP][39m [90m{}[39m
[35m[W3C (140d7ef8)][39m Driver proxy active, passing request on via HTTP proxy
[35m[WD Proxy][39m Replacing sessionId 0ece73f8-e3b4-425d-be9c-8903830dbd13 with 140d7ef8-3fe1-4219-901e-e063b2be87e3
[35m[HTTP][39m [37m<-- GET /wd/hub/session/140d7ef8-3fe1-4219-901e-e063b2be87e3/element/00000000-0000-0225-ffff-ffff000003c3/location [39m[32m200[39m [90m11 ms - 77[39m
[35m[HTTP][39m [90m[39m
[35m[HTTP][39m [37m-->[39m [37mPOST[39m [37m/wd/hub/session/140d7ef8-3fe1-4219-901e-e063b2be87e3/timeouts[39m
[35m[HTTP][39m [90m{"implicit":30000}[39m
[35m[HTTP][39m [37m<-- POST /wd/hub/session/140d7ef8-3fe1-4219-901e-e063b2be87e3/timeouts [39m[32m200[39m [90m1 ms - 14[39m
[35m[HTTP][39m [90m[39m
[35m[HTTP][39m [37m-->[39m [37mGET[39m [37m/wd/hub/session/140d7ef8-3fe1-4219-901e-e063b2be87e3/element/00000000-0000-0225-ffff-ffff000003c3/text[39m
[35m[HTTP][39m [90m{}[39m
[35m[W3C (140d7ef8)][39m Driver proxy active, passing request on via HTTP proxy
[35m[WD Proxy][39m Replacing sessionId 0ece73f8-e3b4-425d-be9c-8903830dbd13 with 140d7ef8-3fe1-4219-901e-e063b2be87e3
[35m[HTTP][39m [37m<-- GET /wd/hub/session/140d7ef8-3fe1-4219-901e-e063b2be87e3/element/00000000-0000-0225-ffff-ffff000003c3/text [39m[32m200[39m [90m15 ms - 71[39m
[35m[HTTP][39m [90m[39m
[35m[HTTP][39m [37m-->[39m [37mPOST[39m [37m/wd/hub/session/140d7ef8-3fe1-4219-901e-e063b2be87e3/timeouts[39m
[35m[HTTP][39m [90m{"implicit":50}[39m
[35m[HTTP][39m [37m<-- POST /wd/hub/session/140d7ef8-3fe1-4219-901e-e063b2be87e3/timeouts [39m[32m200[39m [90m1 ms - 14[39m
[35m[HTTP][39m [90m[39m
[35m[HTTP][39m [37m-->[39m [37mGET[39m [37m/wd/hub/session/140d7ef8-3fe1-4219-901e-e063b2be87e3/window/rect[39m
[35m[HTTP][39m [90m{}[39m
[35m[HTTP][39m [37m<-- GET /wd/hub/session/140d7ef8-3fe1-4219-901e-e063b2be87e3/window/rect [39m[32m200[39m [90m12 ms - 50[39m
[35m[HTTP][39m [90m[39m
[35m[HTTP][39m [37m-->[39m [37mPOST[39m [37m/wd/hub/session/140d7ef8-3fe1-4219-901e-e063b2be87e3/elements[39m
[35m[HTTP][39m [90m{"using":"xpath","value":"//*[@class = 'android.widget.TextView' and (@text = 'Continue' or . = 'Continue')]"}[39m
[35m[HTTP][39m [37m<-- POST /wd/hub/session/140d7ef8-3fe1-4219-901e-e063b2be87e3/elements [39m[32m200[39m [90m129 ms - 139[39m
[35m[HTTP][39m [90m[39m
[35m[HTTP][39m [37m-->[39m [37mGET[39m [37m/wd/hub/session/140d7ef8-3fe1-4219-901e-e063b2be87e3/element/00000000-0000-0225-ffff-ffff000003c7/location[39m
[35m[HTTP][39m [90m{}[39m
[35m[W3C (140d7ef8)][39m Driver proxy active, passing request on via HTTP proxy
[35m[WD Proxy][39m Replacing sessionId 0ece73f8-e3b4-425d-be9c-8903830dbd13 with 140d7ef8-3fe1-4219-901e-e063b2be87e3
[35m[HTTP][39m [37m<-- GET /wd/hub/session/140d7ef8-3fe1-4219-901e-e063b2be87e3/element/00000000-0000-0225-ffff-ffff000003c7/location [39m[32m200[39m [90m18 ms - 79[39m
[35m[HTTP][39m [90m[39m
[35m[HTTP][39m [37m-->[39m [37mPOST[39m [37m/wd/hub/session/140d7ef8-3fe1-4219-901e-e063b2be87e3/timeouts[39m
[35m[HTTP][39m [90m{"implicit":30000}[39m
[35m[HTTP][39m [37m<-- POST /wd/hub/session/140d7ef8-3fe1-4219-901e-e063b2be87e3/timeouts [39m[32m200[39m [90m1 ms - 14[39m
[35m[HTTP][39m [90m[39m
[35m[HTTP][39m [37m-->[39m [37mPOST[39m [37m/wd/hub/session/140d7ef8-3fe1-4219-901e-e063b2be87e3/touch/perform[39m
[35m[HTTP][39m [90m{"actions":[{"action":"tap","options":{"x":1,"y":1,"element":"00000000-0000-0225-ffff-ffff000003c7"}},{"action":"release","options":{}}]}[39m
[35m[UiAutomator2][39m calling get location: 00000000-0000-0225-ffff-ffff000003c7
[35m[HTTP][39m [37m<-- POST /wd/hub/session/140d7ef8-3fe1-4219-901e-e063b2be87e3/touch/perform [39m[32m200[39m [90m191 ms - 14[39m
[35m[HTTP][39m [90m[39m
[35m[HTTP][39m [37m-->[39m [37mPOST[39m [37m/wd/hub/session/140d7ef8-3fe1-4219-901e-e063b2be87e3/timeouts[39m
[35m[HTTP][39m [90m{"implicit":50}[39m
[35m[HTTP][39m [37m<-- POST /wd/hub/session/140d7ef8-3fe1-4219-901e-e063b2be87e3/timeouts [39m[32m200[39m [90m1 ms - 14[39m
[35m[HTTP][39m [90m[39m
[35m[HTTP][39m [37m-->[39m [37mGET[39m [37m/wd/hub/session/140d7ef8-3fe1-4219-901e-e063b2be87e3/window/rect[39m
[35m[HTTP][39m [90m{}[39m
[35m[HTTP][39m [37m<-- GET /wd/hub/session/140d7ef8-3fe1-4219-901e-e063b2be87e3/window/rect [39m[32m200[39m [90m30 ms - 50[39m
[35m[HTTP][39m [90m[39m
[35m[HTTP][39m [37m-->[39m [37mPOST[39m [37m/wd/hub/session/140d7ef8-3fe1-4219-901e-e063b2be87e3/elements[39m
[35m[HTTP][39m [90m{"using":"xpath","value":"//*[@class = 'android.widget.TextView' and (@text = '21st Century' or . = '21st Century')]"}[39m
[35m[HTTP][39m [37m<-- POST /wd/hub/session/140d7ef8-3fe1-4219-901e-e063b2be87e3/elements [39m[32m200[39m [90m187 ms - 139[39m
[35m[HTTP][39m [90m[39m
[35m[HTTP][39m [37m-->[39m [37mGET[39m [37m/wd/hub/session/140d7ef8-3fe1-4219-901e-e063b2be87e3/element/00000000-0000-0225-ffff-ffff000003dd/location[39m
[35m[HTTP][39m [90m{}[39m
[35m[W3C (140d7ef8)][39m Driver proxy active, passing request on via HTTP proxy
[35m[WD Proxy][39m Replacing sessionId 0ece73f8-e3b4-425d-be9c-8903830dbd13 with 140d7ef8-3fe1-4219-901e-e063b2be87e3
[35m[HTTP][39m [37m<-- GET /wd/hub/session/140d7ef8-3fe1-4219-901e-e063b2be87e3/element/00000000-0000-0225-ffff-ffff000003dd/location [39m[32m200[39m [90m20 ms - 78[39m
[35m[HTTP][39m [90m[39m
[35m[HTTP][39m [37m-->[39m [37mPOST[39m [37m/wd/hub/session/140d7ef8-3fe1-4219-901e-e063b2be87e3/timeouts[39m
[35m[HTTP][39m [90m{"implicit":30000}[39m
[35m[HTTP][39m [37m<-- POST /wd/hub/session/140d7ef8-3fe1-4219-901e-e063b2be87e3/timeouts [39m[32m200[39m [90m1 ms - 14[39m
[35m[HTTP][39m [90m[39m
[35m[HTTP][39m [37m-->[39m [37mGET[39m [37m/wd/hub/session/140d7ef8-3fe1-4219-901e-e063b2be87e3/element/00000000-0000-0225-ffff-ffff000003dd/text[39m
[35m[HTTP][39m [90m{}[39m
[35m[W3C (140d7ef8)][39m Driver proxy active, passing request on via HTTP proxy
[35m[WD Proxy][39m Replacing sessionId 0ece73f8-e3b4-425d-be9c-8903830dbd13 with 140d7ef8-3fe1-4219-901e-e063b2be87e3
[35m[HTTP][39m [37m<-- GET /wd/hub/session/140d7ef8-3fe1-4219-901e-e063b2be87e3/element/00000000-0000-0225-ffff-ffff000003dd/text [39m[32m200[39m [90m18 ms - 75[39m
[35m[HTTP][39m [90m[39m
[35m[HTTP][39m [37m-->[39m [37mPOST[39m [37m/wd/hub/session/140d7ef8-3fe1-4219-901e-e063b2be87e3/timeouts[39m
[35m[HTTP][39m [90m{"implicit":50}[39m
[35m[HTTP][39m [37m<-- POST /wd/hub/session/140d7ef8-3fe1-4219-901e-e063b2be87e3/timeouts [39m[32m200[39m [90m1 ms - 14[39m
[35m[HTTP][39m [90m[39m
[35m[HTTP][39m [37m-->[39m [37mGET[39m [37m/wd/hub/session/140d7ef8-3fe1-4219-901e-e063b2be87e3/window/rect[39m
[35m[HTTP][39m [90m{}[39m
[35m[HTTP][39m [37m<-- GET /wd/hub/session/140d7ef8-3fe1-4219-901e-e063b2be87e3/window/rect [39m[32m200[39m [90m25 ms - 50[39m
[35m[HTTP][39m [90m[39m
[35m[HTTP][39m [37m-->[39m [37mPOST[39m [37m/wd/hub/session/140d7ef8-3fe1-4219-901e-e063b2be87e3/elements[39m
[35m[HTTP][39m [90m{"using":"xpath","value":"//*[@class = 'android.widget.TextView' and (@text = '1229 9292' or . = '1229 9292')]"}[39m
[35m[HTTP][39m [37m<-- POST /wd/hub/session/140d7ef8-3fe1-4219-901e-e063b2be87e3/elements [39m[32m200[39m [90m171 ms - 139[39m
[35m[HTTP][39m [90m[39m
[35m[HTTP][39m [37m-->[39m [37mGET[39m [37m/wd/hub/session/140d7ef8-3fe1-4219-901e-e063b2be87e3/element/00000000-0000-0225-ffff-ffff000003de/location[39m
[35m[HTTP][39m [90m{}[39m
[35m[W3C (140d7ef8)][39m Driver proxy active, passing request on via HTTP proxy
[35m[WD Proxy][39m Replacing sessionId 0ece73f8-e3b4-425d-be9c-8903830dbd13 with 140d7ef8-3fe1-4219-901e-e063b2be87e3
[35m[HTTP][39m [37m<-- GET /wd/hub/session/140d7ef8-3fe1-4219-901e-e063b2be87e3/element/00000000-0000-0225-ffff-ffff000003de/location [39m[32m200[39m [90m11 ms - 78[39m
[35m[HTTP][39m [90m[39m
[35m[HTTP][39m [37m-->[39m [37mPOST[39m [37m/wd/hub/session/140d7ef8-3fe1-4219-901e-e063b2be87e3/timeouts[39m
[35m[HTTP][39m [90m{"implicit":30000}[39m
[35m[HTTP][39m [37m<-- POST /wd/hub/session/140d7ef8-3fe1-4219-901e-e063b2be87e3/timeouts [39m[32m200[39m [90m1 ms - 14[39m
[35m[HTTP][39m [90m[39m
[35m[HTTP][39m [37m-->[39m [37mGET[39m [37m/wd/hub/session/140d7ef8-3fe1-4219-901e-e063b2be87e3/element/00000000-0000-0225-ffff-ffff000003de/text[39m
[35m[HTTP][39m [90m{}[39m
[35m[W3C (140d7ef8)][39m Driver proxy active, passing request on via HTTP proxy
[35m[WD Proxy][39m Replacing sessionId 0ece73f8-e3b4-425d-be9c-8903830dbd13 with 140d7ef8-3fe1-4219-901e-e063b2be87e3
[35m[HTTP][39m [37m<-- GET /wd/hub/session/140d7ef8-3fe1-4219-901e-e063b2be87e3/element/00000000-0000-0225-ffff-ffff000003de/text [39m[32m200[39m [90m11 ms - 72[39m
[35m[HTTP][39m [90m[39m
[35m[HTTP][39m [37m-->[39m [37mPOST[39m [37m/wd/hub/session/140d7ef8-3fe1-4219-901e-e063b2be87e3/timeouts[39m
[35m[HTTP][39m [90m{"implicit":50}[39m
[35m[HTTP][39m [37m<-- POST /wd/hub/session/140d7ef8-3fe1-4219-901e-e063b2be87e3/timeouts [39m[32m200[39m [90m1 ms - 14[39m
[35m[HTTP][39m [90m[39m
[35m[HTTP][39m [37m-->[39m [37mGET[39m [37m/wd/hub/session/140d7ef8-3fe1-4219-901e-e063b2be87e3/window/rect[39m
[35m[HTTP][39m [90m{}[39m
[35m[HTTP][39m [37m<-- GET /wd/hub/session/140d7ef8-3fe1-4219-901e-e063b2be87e3/window/rect [39m[32m200[39m [90m19 ms - 50[39m
[35m[HTTP][39m [90m[39m
[35m[HTTP][39m [37m-->[39m [37mPOST[39m [37m/wd/hub/session/140d7ef8-3fe1-4219-901e-e063b2be87e3/elements[39m
[35m[HTTP][39m [90m{"using":"xpath","value":"//*[@class = 'android.widget.EditText' and (@text = '0.00' or . = '0.00')]"}[39m
[35m[HTTP][39m [37m<-- POST /wd/hub/session/140d7ef8-3fe1-4219-901e-e063b2be87e3/elements [39m[32m200[39m [90m170 ms - 139[39m
[35m[HTTP][39m [90m[39m
[35m[HTTP][39m [37m-->[39m [37mGET[39m [37m/wd/hub/session/140d7ef8-3fe1-4219-901e-e063b2be87e3/element/00000000-0000-0225-ffff-ffff000003e2/location[39m
[35m[HTTP][39m [90m{}[39m
[35m[W3C (140d7ef8)][39m Driver proxy active, passing request on via HTTP proxy
[35m[WD Proxy][39m Replacing sessionId 0ece73f8-e3b4-425d-be9c-8903830dbd13 with 140d7ef8-3fe1-4219-901e-e063b2be87e3
[35m[HTTP][39m [37m<-- GET /wd/hub/session/140d7ef8-3fe1-4219-901e-e063b2be87e3/element/00000000-0000-0225-ffff-ffff000003e2/location [39m[32m200[39m [90m10 ms - 78[39m
[35m[HTTP][39m [90m[39m
[35m[HTTP][39m [37m-->[39m [37mPOST[39m [37m/wd/hub/session/140d7ef8-3fe1-4219-901e-e063b2be87e3/timeouts[39m
[35m[HTTP][39m [90m{"implicit":30000}[39m
[35m[HTTP][39m [37m<-- POST /wd/hub/session/140d7ef8-3fe1-4219-901e-e063b2be87e3/timeouts [39m[32m200[39m [90m1 ms - 14[39m
[35m[HTTP][39m [90m[39m
[35m[HTTP][39m [37m-->[39m [37mPOST[39m [37m/wd/hub/session/140d7ef8-3fe1-4219-901e-e063b2be87e3/timeouts[39m
[35m[HTTP][39m [90m{"implicit":50}[39m
[35m[HTTP][39m [37m<-- POST /wd/hub/session/140d7ef8-3fe1-4219-901e-e063b2be87e3/timeouts [39m[32m200[39m [90m1 ms - 14[39m
[35m[HTTP][39m [90m[39m
[35m[HTTP][39m [37m-->[39m [37mGET[39m [37m/wd/hub/session/140d7ef8-3fe1-4219-901e-e063b2be87e3/window/rect[39m
[35m[HTTP][39m [90m{}[39m
[35m[HTTP][39m [37m<-- GET /wd/hub/session/140d7ef8-3fe1-4219-901e-e063b2be87e3/window/rect [39m[32m200[39m [90m14 ms - 50[39m
[35m[HTTP][39m [90m[39m
[35m[HTTP][39m [37m-->[39m [37mPOST[39m [37m/wd/hub/session/140d7ef8-3fe1-4219-901e-e063b2be87e3/elements[39m
[35m[HTTP][39m [90m{"using":"xpath","value":"//*[@class = 'android.widget.TextView' and (@text = 'RM' or . = 'RM')]"}[39m
[35m[HTTP][39m [37m<-- POST /wd/hub/session/140d7ef8-3fe1-4219-901e-e063b2be87e3/elements [39m[32m200[39m [90m155 ms - 139[39m
[35m[HTTP][39m [90m[39m
[35m[HTTP][39m [37m-->[39m [37mGET[39m [37m/wd/hub/session/140d7ef8-3fe1-4219-901e-e063b2be87e3/element/00000000-0000-0225-ffff-ffff000003e1/location[39m
[35m[HTTP][39m [90m{}[39m
[35m[W3C (140d7ef8)][39m Driver proxy active, passing request on via HTTP proxy
[35m[WD Proxy][39m Replacing sessionId 0ece73f8-e3b4-425d-be9c-8903830dbd13 with 140d7ef8-3fe1-4219-901e-e063b2be87e3
[35m[HTTP][39m [37m<-- GET /wd/hub/session/140d7ef8-3fe1-4219-901e-e063b2be87e3/element/00000000-0000-0225-ffff-ffff000003e1/location [39m[32m200[39m [90m10 ms - 77[39m
[35m[HTTP][39m [90m[39m
[35m[HTTP][39m [37m-->[39m [37mPOST[39m [37m/wd/hub/session/140d7ef8-3fe1-4219-901e-e063b2be87e3/timeouts[39m
[35m[HTTP][39m [90m{"implicit":30000}[39m
[35m[HTTP][39m [37m<-- POST /wd/hub/session/140d7ef8-3fe1-4219-901e-e063b2be87e3/timeouts [39m[32m200[39m [90m1 ms - 14[39m
[35m[HTTP][39m [90m[39m
[35m[HTTP][39m [37m-->[39m [37mPOST[39m [37m/wd/hub/session/140d7ef8-3fe1-4219-901e-e063b2be87e3/timeouts[39m
[35m[HTTP][39m [90m{"implicit":50}[39m
[35m[HTTP][39m [37m<-- POST /wd/hub/session/140d7ef8-3fe1-4219-901e-e063b2be87e3/timeouts [39m[32m200[39m [90m1 ms - 14[39m
[35m[HTTP][39m [90m[39m
[35m[HTTP][39m [37m-->[39m [37mGET[39m [37m/wd/hub/session/140d7ef8-3fe1-4219-901e-e063b2be87e3/window/rect[39m
[35m[HTTP][39m [90m{}[39m
[35m[HTTP][39m [37m<-- GET /wd/hub/session/140d7ef8-3fe1-4219-901e-e063b2be87e3/window/rect [39m[32m200[39m [90m8 ms - 50[39m
[35m[HTTP][39m [90m[39m
[35m[HTTP][39m [37m-->[39m [37mPOST[39m [37m/wd/hub/session/140d7ef8-3fe1-4219-901e-e063b2be87e3/elements[39m
[35m[HTTP][39m [90m{"using":"xpath","value":"//*[@class = 'android.widget.TextView' and (@text = 'Enter amount' or . = 'Enter amount')]"}[39m
[35m[HTTP][39m [37m<-- POST /wd/hub/session/140d7ef8-3fe1-4219-901e-e063b2be87e3/elements [39m[32m200[39m [90m139 ms - 139[39m
[35m[HTTP][39m [90m[39m
[35m[HTTP][39m [37m-->[39m [37mGET[39m [37m/wd/hub/session/140d7ef8-3fe1-4219-901e-e063b2be87e3/element/00000000-0000-0225-ffff-ffff000003df/location[39m
[35m[HTTP][39m [90m{}[39m
[35m[W3C (140d7ef8)][39m Driver proxy active, passing request on via HTTP proxy
[35m[WD Proxy][39m Replacing sessionId 0ece73f8-e3b4-425d-be9c-8903830dbd13 with 140d7ef8-3fe1-4219-901e-e063b2be87e3
[35m[HTTP][39m [37m<-- GET /wd/hub/session/140d7ef8-3fe1-4219-901e-e063b2be87e3/element/00000000-0000-0225-ffff-ffff000003df/location [39m[32m200[39m [90m500 ms - 77[39m
[35m[HTTP][39m [90m[39m
[35m[HTTP][39m [37m-->[39m [37mPOST[39m [37m/wd/hub/session/140d7ef8-3fe1-4219-901e-e063b2be87e3/timeouts[39m
[35m[HTTP][39m [90m{"implicit":30000}[39m
[35m[HTTP][39m [37m<-- POST /wd/hub/session/140d7ef8-3fe1-4219-901e-e063b2be87e3/timeouts [39m[32m200[39m [90m1 ms - 14[39m
[35m[HTTP][39m [90m[39m
[35m[HTTP][39m [37m-->[39m [37mPOST[39m [37m/wd/hub/session/140d7ef8-3fe1-4219-901e-e063b2be87e3/timeouts[39m
[35m[HTTP][39m [90m{"implicit":50}[39m
[35m[HTTP][39m [37m<-- POST /wd/hub/session/140d7ef8-3fe1-4219-901e-e063b2be87e3/timeouts [39m[32m200[39m [90m1 ms - 14[39m
[35m[HTTP][39m [90m[39m
[35m[HTTP][39m [37m-->[39m [37mGET[39m [37m/wd/hub/session/140d7ef8-3fe1-4219-901e-e063b2be87e3/window/rect[39m
[35m[HTTP][39m [90m{}[39m
[35m[HTTP][39m [37m<-- GET /wd/hub/session/140d7ef8-3fe1-4219-901e-e063b2be87e3/window/rect [39m[32m200[39m [90m12 ms - 50[39m
[35m[HTTP][39m [90m[39m
[35m[HTTP][39m [37m-->[39m [37mPOST[39m [37m/wd/hub/session/140d7ef8-3fe1-4219-901e-e063b2be87e3/elements[39m
[35m[HTTP][39m [90m{"using":"xpath","value":"//*[@class = 'android.widget.TextView' and (@text = '5' or . = '5')]"}[39m
[35m[HTTP][39m [37m<-- POST /wd/hub/session/140d7ef8-3fe1-4219-901e-e063b2be87e3/elements [39m[32m200[39m [90m171 ms - 139[39m
[35m[HTTP][39m [90m[39m
[35m[HTTP][39m [37m-->[39m [37mGET[39m [37m/wd/hub/session/140d7ef8-3fe1-4219-901e-e063b2be87e3/element/00000000-0000-0225-ffff-ffff000003ed/location[39m
[35m[HTTP][39m [90m{}[39m
[35m[W3C (140d7ef8)][39m Driver proxy active, passing request on via HTTP proxy
[35m[WD Proxy][39m Replacing sessionId 0ece73f8-e3b4-425d-be9c-8903830dbd13 with 140d7ef8-3fe1-4219-901e-e063b2be87e3
[35m[HTTP][39m [37m<-- GET /wd/hub/session/140d7ef8-3fe1-4219-901e-e063b2be87e3/element/00000000-0000-0225-ffff-ffff000003ed/location [39m[32m200[39m [90m11 ms - 79[39m
[35m[HTTP][39m [90m[39m
[35m[HTTP][39m [37m-->[39m [37mPOST[39m [37m/wd/hub/session/140d7ef8-3fe1-4219-901e-e063b2be87e3/timeouts[39m
[35m[HTTP][39m [90m{"implicit":30000}[39m
[35m[HTTP][39m [37m<-- POST /wd/hub/session/140d7ef8-3fe1-4219-901e-e063b2be87e3/timeouts [39m[32m200[39m [90m1 ms - 14[39m
[35m[HTTP][39m [90m[39m
[35m[HTTP][39m [37m-->[39m [37mPOST[39m [37m/wd/hub/session/140d7ef8-3fe1-4219-901e-e063b2be87e3/touch/perform[39m
[35m[HTTP][39m [90m{"actions":[{"action":"tap","options":{"x":1,"y":1,"element":"00000000-0000-0225-ffff-ffff000003ed"}},{"action":"release","options":{}}]}[39m
[35m[UiAutomator2][39m calling get location: 00000000-0000-0225-ffff-ffff000003ed
[35m[HTTP][39m [37m<-- POST /wd/hub/session/140d7ef8-3fe1-4219-901e-e063b2be87e3/touch/perform [39m[32m200[39m [90m194 ms - 14[39m
[35m[HTTP][39m [90m[39m
[35m[HTTP][39m [37m-->[39m [37mPOST[39m [37m/wd/hub/session/140d7ef8-3fe1-4219-901e-e063b2be87e3/timeouts[39m
[35m[HTTP][39m [90m{"implicit":50}[39m
[35m[HTTP][39m [37m<-- POST /wd/hub/session/140d7ef8-3fe1-4219-901e-e063b2be87e3/timeouts [39m[32m200[39m [90m1 ms - 14[39m
[35m[HTTP][39m [90m[39m
[35m[HTTP][39m [37m-->[39m [37mGET[39m [37m/wd/hub/session/140d7ef8-3fe1-4219-901e-e063b2be87e3/window/rect[39m
[35m[HTTP][39m [90m{}[39m
[35m[HTTP][39m [37m<-- GET /wd/hub/session/140d7ef8-3fe1-4219-901e-e063b2be87e3/window/rect [39m[32m200[39m [90m22 ms - 50[39m
[35m[HTTP][39m [90m[39m
[35m[HTTP][39m [37m-->[39m [37mPOST[39m [37m/wd/hub/session/140d7ef8-3fe1-4219-901e-e063b2be87e3/elements[39m
[35m[HTTP][39m [90m{"using":"xpath","value":"//*[@class = 'android.widget.TextView' and (@text = '0' or . = '0')]"}[39m
[35m[HTTP][39m [37m<-- POST /wd/hub/session/140d7ef8-3fe1-4219-901e-e063b2be87e3/elements [39m[32m200[39m [90m163 ms - 139[39m
[35m[HTTP][39m [90m[39m
[35m[HTTP][39m [37m-->[39m [37mGET[39m [37m/wd/hub/session/140d7ef8-3fe1-4219-901e-e063b2be87e3/element/00000000-0000-0225-ffff-ffff000003f9/location[39m
[35m[HTTP][39m [90m{}[39m
[35m[W3C (140d7ef8)][39m Driver proxy active, passing request on via HTTP proxy
[35m[WD Proxy][39m Replacing sessionId 0ece73f8-e3b4-425d-be9c-8903830dbd13 with 140d7ef8-3fe1-4219-901e-e063b2be87e3
[35m[HTTP][39m [37m<-- GET /wd/hub/session/140d7ef8-3fe1-4219-901e-e063b2be87e3/element/00000000-0000-0225-ffff-ffff000003f9/location [39m[32m200[39m [90m554 ms - 79[39m
[35m[HTTP][39m [90m[39m
[35m[HTTP][39m [37m-->[39m [37mPOST[39m [37m/wd/hub/session/140d7ef8-3fe1-4219-901e-e063b2be87e3/timeouts[39m
[35m[HTTP][39m [90m{"implicit":30000}[39m
[35m[HTTP][39m [37m<-- POST /wd/hub/session/140d7ef8-3fe1-4219-901e-e063b2be87e3/timeouts [39m[32m200[39m [90m1 ms - 14[39m
[35m[HTTP][39m [90m[39m
[35m[HTTP][39m [37m-->[39m [37mPOST[39m [37m/wd/hub/session/140d7ef8-3fe1-4219-901e-e063b2be87e3/touch/perform[39m
[35m[HTTP][39m [90m{"actions":[{"action":"tap","options":{"x":1,"y":1,"element":"00000000-0000-0225-ffff-ffff000003f9"}},{"action":"release","options":{}}]}[39m
[35m[UiAutomator2][39m calling get location: 00000000-0000-0225-ffff-ffff000003f9
[35m[HTTP][39m [37m<-- POST /wd/hub/session/140d7ef8-3fe1-4219-901e-e063b2be87e3/touch/perform [39m[32m200[39m [90m214 ms - 14[39m
[35m[HTTP][39m [90m[39m
[35m[HTTP][39m [37m-->[39m [37mPOST[39m [37m/wd/hub/session/140d7ef8-3fe1-4219-901e-e063b2be87e3/timeouts[39m
[35m[HTTP][39m [90m{"implicit":50}[39m
[35m[HTTP][39m [37m<-- POST /wd/hub/session/140d7ef8-3fe1-4219-901e-e063b2be87e3/timeouts [39m[32m200[39m [90m1 ms - 14[39m
[35m[HTTP][39m [90m[39m
[35m[HTTP][39m [37m-->[39m [37mGET[39m [37m/wd/hub/session/140d7ef8-3fe1-4219-901e-e063b2be87e3/window/rect[39m
[35m[HTTP][39m [90m{}[39m
[35m[HTTP][39m [37m<-- GET /wd/hub/session/140d7ef8-3fe1-4219-901e-e063b2be87e3/window/rect [39m[32m200[39m [90m20 ms - 50[39m
[35m[HTTP][39m [90m[39m
[35m[HTTP][39m [37m-->[39m [37mPOST[39m [37m/wd/hub/session/140d7ef8-3fe1-4219-901e-e063b2be87e3/elements[39m
[35m[HTTP][39m [90m{"using":"xpath","value":"//*[@class = 'android.widget.TextView' and (@text = '0' or . = '0')]"}[39m
[35m[HTTP][39m [37m<-- POST /wd/hub/session/140d7ef8-3fe1-4219-901e-e063b2be87e3/elements [39m[32m200[39m [90m155 ms - 139[39m
[35m[HTTP][39m [90m[39m
[35m[HTTP][39m [37m-->[39m [37mGET[39m [37m/wd/hub/session/140d7ef8-3fe1-4219-901e-e063b2be87e3/element/00000000-0000-0225-ffff-ffff000003f9/location[39m
[35m[HTTP][39m [90m{}[39m
[35m[W3C (140d7ef8)][39m Driver proxy active, passing request on via HTTP proxy
[35m[WD Proxy][39m Replacing sessionId 0ece73f8-e3b4-425d-be9c-8903830dbd13 with 140d7ef8-3fe1-4219-901e-e063b2be87e3
[35m[HTTP][39m [37m<-- GET /wd/hub/session/140d7ef8-3fe1-4219-901e-e063b2be87e3/element/00000000-0000-0225-ffff-ffff000003f9/location [39m[32m200[39m [90m10 ms - 79[39m
[35m[HTTP][39m [90m[39m
[35m[HTTP][39m [37m-->[39m [37mPOST[39m [37m/wd/hub/session/140d7ef8-3fe1-4219-901e-e063b2be87e3/timeouts[39m
[35m[HTTP][39m [90m{"implicit":30000}[39m
[35m[HTTP][39m [37m<-- POST /wd/hub/session/140d7ef8-3fe1-4219-901e-e063b2be87e3/timeouts [39m[32m200[39m [90m1 ms - 14[39m
[35m[HTTP][39m [90m[39m
[35m[HTTP][39m [37m-->[39m [37mPOST[39m [37m/wd/hub/session/140d7ef8-3fe1-4219-901e-e063b2be87e3/touch/perform[39m
[35m[HTTP][39m [90m{"actions":[{"action":"tap","options":{"x":1,"y":1,"element":"00000000-0000-0225-ffff-ffff000003f9"}},{"action":"release","options":{}}]}[39m
[35m[UiAutomator2][39m calling get location: 00000000-0000-0225-ffff-ffff000003f9
[35m[HTTP][39m [37m<-- POST /wd/hub/session/140d7ef8-3fe1-4219-901e-e063b2be87e3/touch/perform [39m[32m200[39m [90m178 ms - 14[39m
[35m[HTTP][39m [90m[39m
[35m[HTTP][39m [37m-->[39m [37mPOST[39m [37m/wd/hub/session/140d7ef8-3fe1-4219-901e-e063b2be87e3/timeouts[39m
[35m[HTTP][39m [90m{"implicit":50}[39m
[35m[HTTP][39m [37m<-- POST /wd/hub/session/140d7ef8-3fe1-4219-901e-e063b2be87e3/timeouts [39m[32m200[39m [90m1 ms - 14[39m
[35m[HTTP][39m [90m[39m
[35m[HTTP][39m [37m-->[39m [37mGET[39m [37m/wd/hub/session/140d7ef8-3fe1-4219-901e-e063b2be87e3/window/rect[39m
[35m[HTTP][39m [90m{}[39m
[35m[HTTP][39m [37m<-- GET /wd/hub/session/140d7ef8-3fe1-4219-901e-e063b2be87e3/window/rect [39m[32m200[39m [90m19 ms - 50[39m
[35m[HTTP][39m [90m[39m
[35m[HTTP][39m [37m-->[39m [37mPOST[39m [37m/wd/hub/session/140d7ef8-3fe1-4219-901e-e063b2be87e3/elements[39m
[35m[HTTP][39m [90m{"using":"xpath","value":"//*[@class = 'android.widget.TextView' and (@text = '0' or . = '0')]"}[39m
[35m[HTTP][39m [37m<-- POST /wd/hub/session/140d7ef8-3fe1-4219-901e-e063b2be87e3/elements [39m[32m200[39m [90m152 ms - 139[39m
[35m[HTTP][39m [90m[39m
[35m[HTTP][39m [37m-->[39m [37mGET[39m [37m/wd/hub/session/140d7ef8-3fe1-4219-901e-e063b2be87e3/element/00000000-0000-0225-ffff-ffff000003f9/location[39m
[35m[HTTP][39m [90m{}[39m
[35m[W3C (140d7ef8)][39m Driver proxy active, passing request on via HTTP proxy
[35m[WD Proxy][39m Replacing sessionId 0ece73f8-e3b4-425d-be9c-8903830dbd13 with 140d7ef8-3fe1-4219-901e-e063b2be87e3
[35m[HTTP][39m [37m<-- GET /wd/hub/session/140d7ef8-3fe1-4219-901e-e063b2be87e3/element/00000000-0000-0225-ffff-ffff000003f9/location [39m[32m200[39m [90m9 ms - 79[39m
[35m[HTTP][39m [90m[39m
[35m[HTTP][39m [37m-->[39m [37mPOST[39m [37m/wd/hub/session/140d7ef8-3fe1-4219-901e-e063b2be87e3/timeouts[39m
[35m[HTTP][39m [90m{"implicit":30000}[39m
[35m[HTTP][39m [37m<-- POST /wd/hub/session/140d7ef8-3fe1-4219-901e-e063b2be87e3/timeouts [39m[32m200[39m [90m1 ms - 14[39m
[35m[HTTP][39m [90m[39m
[35m[HTTP][39m [37m-->[39m [37mPOST[39m [37m/wd/hub/session/140d7ef8-3fe1-4219-901e-e063b2be87e3/touch/perform[39m
[35m[HTTP][39m [90m{"actions":[{"action":"tap","options":{"x":1,"y":1,"element":"00000000-0000-0225-ffff-ffff000003f9"}},{"action":"release","options":{}}]}[39m
[35m[UiAutomator2][39m calling get location: 00000000-0000-0225-ffff-ffff000003f9
[35m[HTTP][39m [37m<-- POST /wd/hub/session/140d7ef8-3fe1-4219-901e-e063b2be87e3/touch/perform [39m[32m200[39m [90m184 ms - 14[39m
[35m[HTTP][39m [90m[39m
[35m[HTTP][39m [37m-->[39m [37mPOST[39m [37m/wd/hub/session/140d7ef8-3fe1-4219-901e-e063b2be87e3/timeouts[39m
[35m[HTTP][39m [90m{"implicit":50}[39m
[35m[HTTP][39m [37m<-- POST /wd/hub/session/140d7ef8-3fe1-4219-901e-e063b2be87e3/timeouts [39m[32m200[39m [90m1 ms - 14[39m
[35m[HTTP][39m [90m[39m
[35m[HTTP][39m [37m-->[39m [37mGET[39m [37m/wd/hub/session/140d7ef8-3fe1-4219-901e-e063b2be87e3/window/rect[39m
[35m[HTTP][39m [90m{}[39m
[35m[HTTP][39m [37m<-- GET /wd/hub/session/140d7ef8-3fe1-4219-901e-e063b2be87e3/window/rect [39m[32m200[39m [90m21 ms - 50[39m
[35m[HTTP][39m [90m[39m
[35m[HTTP][39m [37m-->[39m [37mPOST[39m [37m/wd/hub/session/140d7ef8-3fe1-4219-901e-e063b2be87e3/elements[39m
[35m[HTTP][39m [90m{"using":"xpath","value":"//*[@class = 'android.widget.EditText' and (@text = '50.00' or . = '50.00')]"}[39m
[35m[HTTP][39m [37m<-- POST /wd/hub/session/140d7ef8-3fe1-4219-901e-e063b2be87e3/elements [39m[32m200[39m [90m163 ms - 139[39m
[35m[HTTP][39m [90m[39m
[35m[HTTP][39m [37m-->[39m [37mGET[39m [37m/wd/hub/session/140d7ef8-3fe1-4219-901e-e063b2be87e3/element/00000000-0000-0225-ffff-ffff000003e2/location[39m
[35m[HTTP][39m [90m{}[39m
[35m[W3C (140d7ef8)][39m Driver proxy active, passing request on via HTTP proxy
[35m[WD Proxy][39m Replacing sessionId 0ece73f8-e3b4-425d-be9c-8903830dbd13 with 140d7ef8-3fe1-4219-901e-e063b2be87e3
[35m[HTTP][39m [37m<-- GET /wd/hub/session/140d7ef8-3fe1-4219-901e-e063b2be87e3/element/00000000-0000-0225-ffff-ffff000003e2/location [39m[32m200[39m [90m17 ms - 78[39m
[35m[HTTP][39m [90m[39m
[35m[HTTP][39m [37m-->[39m [37mPOST[39m [37m/wd/hub/session/140d7ef8-3fe1-4219-901e-e063b2be87e3/timeouts[39m
[35m[HTTP][39m [90m{"implicit":30000}[39m
[35m[HTTP][39m [37m<-- POST /wd/hub/session/140d7ef8-3fe1-4219-901e-e063b2be87e3/timeouts [39m[32m200[39m [90m1 ms - 14[39m
[35m[HTTP][39m [90m[39m
[35m[HTTP][39m [37m-->[39m [37mGET[39m [37m/wd/hub/session/140d7ef8-3fe1-4219-901e-e063b2be87e3/element/00000000-0000-0225-ffff-ffff000003e2/text[39m
[35m[HTTP][39m [90m{}[39m
[35m[W3C (140d7ef8)][39m Driver proxy active, passing request on via HTTP proxy
[35m[WD Proxy][39m Replacing sessionId 0ece73f8-e3b4-425d-be9c-8903830dbd13 with 140d7ef8-3fe1-4219-901e-e063b2be87e3
[35m[HTTP][39m [37m<-- GET /wd/hub/session/140d7ef8-3fe1-4219-901e-e063b2be87e3/element/00000000-0000-0225-ffff-ffff000003e2/text [39m[32m200[39m [90m16 ms - 68[39m
[35m[HTTP][39m [90m[39m
[35m[HTTP][39m [37m-->[39m [37mPOST[39m [37m/wd/hub/session/140d7ef8-3fe1-4219-901e-e063b2be87e3/timeouts[39m
[35m[HTTP][39m [90m{"implicit":50}[39m
[35m[HTTP][39m [37m<-- POST /wd/hub/session/140d7ef8-3fe1-4219-901e-e063b2be87e3/timeouts [39m[32m200[39m [90m1 ms - 14[39m
[35m[HTTP][39m [90m[39m
[35m[HTTP][39m [37m-->[39m [37mGET[39m [37m/wd/hub/session/140d7ef8-3fe1-4219-901e-e063b2be87e3/window/rect[39m
[35m[HTTP][39m [90m{}[39m
[35m[HTTP][39m [37m<-- GET /wd/hub/session/140d7ef8-3fe1-4219-901e-e063b2be87e3/window/rect [39m[32m200[39m [90m13 ms - 50[39m
[35m[HTTP][39m [90m[39m
[35m[HTTP][39m [37m-->[39m [37mPOST[39m [37m/wd/hub/session/140d7ef8-3fe1-4219-901e-e063b2be87e3/elements[39m
[35m[HTTP][39m [90m{"using":"xpath","value":"//hierarchy/android.widget.FrameLayout[1]/android.widget.LinearLayout[1]/android.widget.FrameLayout[1]/android.widget.LinearLayout[1]/android.widget.FrameLayout[1]/android.widget.FrameLayout[1]/android.view.ViewGroup[1]/android.view.ViewGroup[1]/android.view.ViewGroup[1]/android.view.ViewGroup[1]/android.view.ViewGroup[1]/android.widget.FrameLayout[1]/android.view.ViewGroup[1]/android.view.ViewGroup[1]/android.view.ViewGroup[1]/android.view.ViewGroup[1]/android.view.ViewGroup[1]/android.view.ViewGroup[1]/android.widget.FrameLayout[1]/android.view.ViewGroup[1]/android.view.ViewGroup[1]/android.view.ViewGroup[1]/android.view.ViewGroup[1]/android.view.ViewGroup[1]/android.view.ViewGroup[1]/android.view.ViewGroup[1]/android.view.ViewGroup[2]/android.view.ViewGroup[12]/android.widget.ImageView[1][count(. | //*[@class = 'android.widget.ImageView' and @checkable = 'false' and (@text = '' or . = '')]) = count(//*[@class = 'android.widget.ImageView' and @checkable = 'false' and (@text = ''...[39m
[35m[HTTP][39m [37m<-- POST /wd/hub/session/140d7ef8-3fe1-4219-901e-e063b2be87e3/elements [39m[32m200[39m [90m172 ms - 139[39m
[35m[HTTP][39m [90m[39m
[35m[HTTP][39m [37m-->[39m [37mGET[39m [37m/wd/hub/session/140d7ef8-3fe1-4219-901e-e063b2be87e3/element/00000000-0000-0225-ffff-ffff000003fb/location[39m
[35m[HTTP][39m [90m{}[39m
[35m[W3C (140d7ef8)][39m Driver proxy active, passing request on via HTTP proxy
[35m[WD Proxy][39m Replacing sessionId 0ece73f8-e3b4-425d-be9c-8903830dbd13 with 140d7ef8-3fe1-4219-901e-e063b2be87e3
[35m[HTTP][39m [37m<-- GET /wd/hub/session/140d7ef8-3fe1-4219-901e-e063b2be87e3/element/00000000-0000-0225-ffff-ffff000003fb/location [39m[32m200[39m [90m13 ms - 79[39m
[35m[HTTP][39m [90m[39m
[35m[HTTP][39m [37m-->[39m [37mPOST[39m [37m/wd/hub/session/140d7ef8-3fe1-4219-901e-e063b2be87e3/timeouts[39m
[35m[HTTP][39m [90m{"implicit":30000}[39m
[35m[HTTP][39m [37m<-- POST /wd/hub/session/140d7ef8-3fe1-4219-901e-e063b2be87e3/timeouts [39m[32m200[39m [90m1 ms - 14[39m
[35m[HTTP][39m [90m[39m
[35m[HTTP][39m [37m-->[39m [37mPOST[39m [37m/wd/hub/session/140d7ef8-3fe1-4219-901e-e063b2be87e3/touch/perform[39m
[35m[HTTP][39m [90m{"actions":[{"action":"tap","options":{"x":1,"y":1,"element":"00000000-0000-0225-ffff-ffff000003fb"}},{"action":"release","options":{}}]}[39m
[35m[UiAutomator2][39m calling get location: 00000000-0000-0225-ffff-ffff000003fb
[35m[HTTP][39m [37m<-- POST /wd/hub/session/140d7ef8-3fe1-4219-901e-e063b2be87e3/touch/perform [39m[32m200[39m [90m230 ms - 14[39m
[35m[HTTP][39m [90m[39m
[35m[HTTP][39m [37m-->[39m [37mPOST[39m [37m/wd/hub/session/140d7ef8-3fe1-4219-901e-e063b2be87e3/timeouts[39m
[35m[HTTP][39m [90m{"implicit":50}[39m
[35m[HTTP][39m [37m<-- POST /wd/hub/session/140d7ef8-3fe1-4219-901e-e063b2be87e3/timeouts [39m[32m200[39m [90m1 ms - 14[39m
[35m[HTTP][39m [90m[39m
[35m[HTTP][39m [37m-->[39m [37mGET[39m [37m/wd/hub/session/140d7ef8-3fe1-4219-901e-e063b2be87e3/window/rect[39m
[35m[HTTP][39m [90m{}[39m
[35m[HTTP][39m [37m<-- GET /wd/hub/session/140d7ef8-3fe1-4219-901e-e063b2be87e3/window/rect [39m[32m200[39m [90m23 ms - 50[39m
[35m[HTTP][39m [90m[39m
[35m[HTTP][39m [37m-->[39m [37mPOST[39m [37m/wd/hub/session/140d7ef8-3fe1-4219-901e-e063b2be87e3/elements[39m
[35m[HTTP][39m [90m{"using":"xpath","value":"//*[@class = 'android.widget.TextView' and (@text = '21st Century' or . = '21st Century')]"}[39m
[35m[HTTP][39m [37m<-- POST /wd/hub/session/140d7ef8-3fe1-4219-901e-e063b2be87e3/elements [39m[32m200[39m [90m157 ms - 139[39m
[35m[HTTP][39m [90m[39m
[35m[HTTP][39m [37m-->[39m [37mGET[39m [37m/wd/hub/session/140d7ef8-3fe1-4219-901e-e063b2be87e3/element/00000000-0000-0225-ffff-ffff00000414/location[39m
[35m[HTTP][39m [90m{}[39m
[35m[W3C (140d7ef8)][39m Driver proxy active, passing request on via HTTP proxy
[35m[WD Proxy][39m Replacing sessionId 0ece73f8-e3b4-425d-be9c-8903830dbd13 with 140d7ef8-3fe1-4219-901e-e063b2be87e3
[35m[HTTP][39m [37m<-- GET /wd/hub/session/140d7ef8-3fe1-4219-901e-e063b2be87e3/element/00000000-0000-0225-ffff-ffff00000414/location [39m[32m200[39m [90m13 ms - 78[39m
[35m[HTTP][39m [90m[39m
[35m[HTTP][39m [37m-->[39m [37mPOST[39m [37m/wd/hub/session/140d7ef8-3fe1-4219-901e-e063b2be87e3/timeouts[39m
[35m[HTTP][39m [90m{"implicit":30000}[39m
[35m[HTTP][39m [37m<-- POST /wd/hub/session/140d7ef8-3fe1-4219-901e-e063b2be87e3/timeouts [39m[32m200[39m [90m1 ms - 14[39m
[35m[HTTP][39m [90m[39m
[35m[HTTP][39m [37m-->[39m [37mGET[39m [37m/wd/hub/session/140d7ef8-3fe1-4219-901e-e063b2be87e3/element/00000000-0000-0225-ffff-ffff00000414/text[39m
[35m[HTTP][39m [90m{}[39m
[35m[W3C (140d7ef8)][39m Driver proxy active, passing request on via HTTP proxy
[35m[WD Proxy][39m Replacing sessionId 0ece73f8-e3b4-425d-be9c-8903830dbd13 with 140d7ef8-3fe1-4219-901e-e063b2be87e3
[35m[HTTP][39m [37m<-- GET /wd/hub/session/140d7ef8-3fe1-4219-901e-e063b2be87e3/element/00000000-0000-0225-ffff-ffff00000414/text [39m[32m200[39m [90m20 ms - 75[39m
[35m[HTTP][39m [90m[39m
[35m[HTTP][39m [37m-->[39m [37mPOST[39m [37m/wd/hub/session/140d7ef8-3fe1-4219-901e-e063b2be87e3/timeouts[39m
[35m[HTTP][39m [90m{"implicit":50}[39m
[35m[HTTP][39m [37m<-- POST /wd/hub/session/140d7ef8-3fe1-4219-901e-e063b2be87e3/timeouts [39m[32m200[39m [90m1 ms - 14[39m
[35m[HTTP][39m [90m[39m
[35m[HTTP][39m [37m-->[39m [37mGET[39m [37m/wd/hub/session/140d7ef8-3fe1-4219-901e-e063b2be87e3/window/rect[39m
[35m[HTTP][39m [90m{}[39m
[35m[HTTP][39m [37m<-- GET /wd/hub/session/140d7ef8-3fe1-4219-901e-e063b2be87e3/window/rect [39m[32m200[39m [90m20 ms - 50[39m
[35m[HTTP][39m [90m[39m
[35m[HTTP][39m [37m-->[39m [37mPOST[39m [37m/wd/hub/session/140d7ef8-3fe1-4219-901e-e063b2be87e3/elements[39m
[35m[HTTP][39m [90m{"using":"xpath","value":"//*[@class = 'android.widget.TextView' and (@text = '1229 9292' or . = '1229 9292') and @enabled = 'true']"}[39m
[35m[HTTP][39m [37m<-- POST /wd/hub/session/140d7ef8-3fe1-4219-901e-e063b2be87e3/elements [39m[32m200[39m [90m158 ms - 139[39m
[35m[HTTP][39m [90m[39m
[35m[HTTP][39m [37m-->[39m [37mGET[39m [37m/wd/hub/session/140d7ef8-3fe1-4219-901e-e063b2be87e3/element/00000000-0000-0225-ffff-ffff00000415/location[39m
[35m[HTTP][39m [90m{}[39m
[35m[W3C (140d7ef8)][39m Driver proxy active, passing request on via HTTP proxy
[35m[WD Proxy][39m Replacing sessionId 0ece73f8-e3b4-425d-be9c-8903830dbd13 with 140d7ef8-3fe1-4219-901e-e063b2be87e3
[35m[HTTP][39m [37m<-- GET /wd/hub/session/140d7ef8-3fe1-4219-901e-e063b2be87e3/element/00000000-0000-0225-ffff-ffff00000415/location [39m[32m200[39m [90m10 ms - 78[39m
[35m[HTTP][39m [90m[39m
[35m[HTTP][39m [37m-->[39m [37mPOST[39m [37m/wd/hub/session/140d7ef8-3fe1-4219-901e-e063b2be87e3/timeouts[39m
[35m[HTTP][39m [90m{"implicit":30000}[39m
[35m[HTTP][39m [37m<-- POST /wd/hub/session/140d7ef8-3fe1-4219-901e-e063b2be87e3/timeouts [39m[32m200[39m [90m1 ms - 14[39m
[35m[HTTP][39m [90m[39m
[35m[HTTP][39m [37m-->[39m [37mGET[39m [37m/wd/hub/session/140d7ef8-3fe1-4219-901e-e063b2be87e3/element/00000000-0000-0225-ffff-ffff00000415/text[39m
[35m[HTTP][39m [90m{}[39m
[35m[W3C (140d7ef8)][39m Driver proxy active, passing request on via HTTP proxy
[35m[WD Proxy][39m Replacing sessionId 0ece73f8-e3b4-425d-be9c-8903830dbd13 with 140d7ef8-3fe1-4219-901e-e063b2be87e3
[35m[HTTP][39m [37m<-- GET /wd/hub/session/140d7ef8-3fe1-4219-901e-e063b2be87e3/element/00000000-0000-0225-ffff-ffff00000415/text [39m[32m200[39m [90m14 ms - 72[39m
[35m[HTTP][39m [90m[39m
[35m[HTTP][39m [37m-->[39m [37mPOST[39m [37m/wd/hub/session/140d7ef8-3fe1-4219-901e-e063b2be87e3/timeouts[39m
[35m[HTTP][39m [90m{"implicit":50}[39m
[35m[HTTP][39m [37m<-- POST /wd/hub/session/140d7ef8-3fe1-4219-901e-e063b2be87e3/timeouts [39m[32m200[39m [90m1 ms - 14[39m
[35m[HTTP][39m [90m[39m
[35m[HTTP][39m [37m-->[39m [37mGET[39m [37m/wd/hub/session/140d7ef8-3fe1-4219-901e-e063b2be87e3/window/rect[39m
[35m[HTTP][39m [90m{}[39m
[35m[HTTP][39m [37m<-- GET /wd/hub/session/140d7ef8-3fe1-4219-901e-e063b2be87e3/window/rect [39m[32m200[39m [90m12 ms - 50[39m
[35m[HTTP][39m [90m[39m
[35m[HTTP][39m [37m-->[39m [37mPOST[39m [37m/wd/hub/session/140d7ef8-3fe1-4219-901e-e063b2be87e3/elements[39m
[35m[HTTP][39m [90m{"using":"xpath","value":"//*[@class = 'android.widget.TextView' and (@text = 'RM 50.00' or . = 'RM 50.00') and @checked = 'false' and @clickable = 'false']"}[39m
[35m[HTTP][39m [37m<-- POST /wd/hub/session/140d7ef8-3fe1-4219-901e-e063b2be87e3/elements [39m[32m200[39m [90m155 ms - 139[39m
[35m[HTTP][39m [90m[39m
[35m[HTTP][39m [37m-->[39m [37mGET[39m [37m/wd/hub/session/140d7ef8-3fe1-4219-901e-e063b2be87e3/element/00000000-0000-0225-ffff-ffff00000417/location[39m
[35m[HTTP][39m [90m{}[39m
[35m[W3C (140d7ef8)][39m Driver proxy active, passing request on via HTTP proxy
[35m[WD Proxy][39m Replacing sessionId 0ece73f8-e3b4-425d-be9c-8903830dbd13 with 140d7ef8-3fe1-4219-901e-e063b2be87e3
[35m[HTTP][39m [37m<-- GET /wd/hub/session/140d7ef8-3fe1-4219-901e-e063b2be87e3/element/00000000-0000-0225-ffff-ffff00000417/location [39m[32m200[39m [90m13 ms - 78[39m
[35m[HTTP][39m [90m[39m
[35m[HTTP][39m [37m-->[39m [37mPOST[39m [37m/wd/hub/session/140d7ef8-3fe1-4219-901e-e063b2be87e3/timeouts[39m
[35m[HTTP][39m [90m{"implicit":30000}[39m
[35m[HTTP][39m [37m<-- POST /wd/hub/session/140d7ef8-3fe1-4219-901e-e063b2be87e3/timeouts [39m[32m200[39m [90m1 ms - 14[39m
[35m[HTTP][39m [90m[39m
[35m[HTTP][39m [37m-->[39m [37mGET[39m [37m/wd/hub/session/140d7ef8-3fe1-4219-901e-e063b2be87e3/element/00000000-0000-0225-ffff-ffff00000417/text[39m
[35m[HTTP][39m [90m{}[39m
[35m[W3C (140d7ef8)][39m Driver proxy active, passing request on via HTTP proxy
[35m[WD Proxy][39m Replacing sessionId 0ece73f8-e3b4-425d-be9c-8903830dbd13 with 140d7ef8-3fe1-4219-901e-e063b2be87e3
[35m[HTTP][39m [37m<-- GET /wd/hub/session/140d7ef8-3fe1-4219-901e-e063b2be87e3/element/00000000-0000-0225-ffff-ffff00000417/text [39m[32m200[39m [90m18 ms - 71[39m
[35m[HTTP][39m [90m[39m
[35m[HTTP][39m [37m-->[39m [37mPOST[39m [37m/wd/hub/session/140d7ef8-3fe1-4219-901e-e063b2be87e3/timeouts[39m
[35m[HTTP][39m [90m{"implicit":50}[39m
[35m[HTTP][39m [37m<-- POST /wd/hub/session/140d7ef8-3fe1-4219-901e-e063b2be87e3/timeouts [39m[32m200[39m [90m1 ms - 14[39m
[35m[HTTP][39m [90m[39m
[35m[HTTP][39m [37m-->[39m [37mGET[39m [37m/wd/hub/session/140d7ef8-3fe1-4219-901e-e063b2be87e3/window/rect[39m
[35m[HTTP][39m [90m{}[39m
[35m[HTTP][39m [37m<-- GET /wd/hub/session/140d7ef8-3fe1-4219-901e-e063b2be87e3/window/rect [39m[32m200[39m [90m14 ms - 50[39m
[35m[HTTP][39m [90m[39m
[35m[HTTP][39m [37m-->[39m [37mPOST[39m [37m/wd/hub/session/140d7ef8-3fe1-4219-901e-e063b2be87e3/elements[39m
[35m[HTTP][39m [90m{"using":"xpath","value":"//*[@class = 'android.widget.TextView' and (@text = 'Date' or . = 'Date')]"}[39m
[35m[HTTP][39m [37m<-- POST /wd/hub/session/140d7ef8-3fe1-4219-901e-e063b2be87e3/elements [39m[32m200[39m [90m156 ms - 139[39m
[35m[HTTP][39m [90m[39m
[35m[HTTP][39m [37m-->[39m [37mGET[39m [37m/wd/hub/session/140d7ef8-3fe1-4219-901e-e063b2be87e3/element/00000000-0000-0225-ffff-ffff00000418/location[39m
[35m[HTTP][39m [90m{}[39m
[35m[W3C (140d7ef8)][39m Driver proxy active, passing request on via HTTP proxy
[35m[WD Proxy][39m Replacing sessionId 0ece73f8-e3b4-425d-be9c-8903830dbd13 with 140d7ef8-3fe1-4219-901e-e063b2be87e3
[35m[HTTP][39m [37m<-- GET /wd/hub/session/140d7ef8-3fe1-4219-901e-e063b2be87e3/element/00000000-0000-0225-ffff-ffff00000418/location [39m[32m200[39m [90m14 ms - 77[39m
[35m[HTTP][39m [90m[39m
[35m[HTTP][39m [37m-->[39m [37mPOST[39m [37m/wd/hub/session/140d7ef8-3fe1-4219-901e-e063b2be87e3/timeouts[39m
[35m[HTTP][39m [90m{"implicit":30000}[39m
[35m[HTTP][39m [37m<-- POST /wd/hub/session/140d7ef8-3fe1-4219-901e-e063b2be87e3/timeouts [39m[32m200[39m [90m1 ms - 14[39m
[35m[HTTP][39m [90m[39m
[35m[HTTP][39m [37m-->[39m [37mPOST[39m [37m/wd/hub/session/140d7ef8-3fe1-4219-901e-e063b2be87e3/timeouts[39m
[35m[HTTP][39m [90m{"implicit":50}[39m
[35m[HTTP][39m [37m<-- POST /wd/hub/session/140d7ef8-3fe1-4219-901e-e063b2be87e3/timeouts [39m[32m200[39m [90m1 ms - 14[39m
[35m[HTTP][39m [90m[39m
[35m[HTTP][39m [37m-->[39m [37mGET[39m [37m/wd/hub/session/140d7ef8-3fe1-4219-901e-e063b2be87e3/window/rect[39m
[35m[HTTP][39m [90m{}[39m
[35m[HTTP][39m [37m<-- GET /wd/hub/session/140d7ef8-3fe1-4219-901e-e063b2be87e3/window/rect [39m[32m200[39m [90m13 ms - 50[39m
[35m[HTTP][39m [90m[39m
[35m[HTTP][39m [37m-->[39m [37mPOST[39m [37m/wd/hub/session/140d7ef8-3fe1-4219-901e-e063b2be87e3/elements[39m
[35m[HTTP][39m [90m{"using":"xpath","value":"//*[@class = 'android.widget.TextView' and (@text = 'Today' or . = 'Today') and @clickable = 'false']"}[39m
[35m[HTTP][39m [37m<-- POST /wd/hub/session/140d7ef8-3fe1-4219-901e-e063b2be87e3/elements [39m[32m200[39m [90m157 ms - 139[39m
[35m[HTTP][39m [90m[39m
[35m[HTTP][39m [37m-->[39m [37mGET[39m [37m/wd/hub/session/140d7ef8-3fe1-4219-901e-e063b2be87e3/element/00000000-0000-0225-ffff-ffff0000041a/location[39m
[35m[HTTP][39m [90m{}[39m
[35m[W3C (140d7ef8)][39m Driver proxy active, passing request on via HTTP proxy
[35m[WD Proxy][39m Replacing sessionId 0ece73f8-e3b4-425d-be9c-8903830dbd13 with 140d7ef8-3fe1-4219-901e-e063b2be87e3
[35m[HTTP][39m [37m<-- GET /wd/hub/session/140d7ef8-3fe1-4219-901e-e063b2be87e3/element/00000000-0000-0225-ffff-ffff0000041a/location [39m[32m200[39m [90m520 ms - 78[39m
[35m[HTTP][39m [90m[39m
[35m[HTTP][39m [37m-->[39m [37mPOST[39m [37m/wd/hub/session/140d7ef8-3fe1-4219-901e-e063b2be87e3/timeouts[39m
[35m[HTTP][39m [90m{"implicit":30000}[39m
[35m[HTTP][39m [37m<-- POST /wd/hub/session/140d7ef8-3fe1-4219-901e-e063b2be87e3/timeouts [39m[32m200[39m [90m2 ms - 14[39m
[35m[HTTP][39m [90m[39m
[35m[HTTP][39m [37m-->[39m [37mGET[39m [37m/wd/hub/session/140d7ef8-3fe1-4219-901e-e063b2be87e3/element/00000000-0000-0225-ffff-ffff0000041a/text[39m
[35m[HTTP][39m [90m{}[39m
[35m[W3C (140d7ef8)][39m Driver proxy active, passing request on via HTTP proxy
[35m[WD Proxy][39m Replacing sessionId 0ece73f8-e3b4-425d-be9c-8903830dbd13 with 140d7ef8-3fe1-4219-901e-e063b2be87e3
[35m[HTTP][39m [37m<-- GET /wd/hub/session/140d7ef8-3fe1-4219-901e-e063b2be87e3/element/00000000-0000-0225-ffff-ffff0000041a/text [39m[32m200[39m [90m30 ms - 68[39m
[35m[HTTP][39m [90m[39m
[35m[HTTP][39m [37m-->[39m [37mPOST[39m [37m/wd/hub/session/140d7ef8-3fe1-4219-901e-e063b2be87e3/timeouts[39m
[35m[HTTP][39m [90m{"implicit":50}[39m
[35m[HTTP][39m [37m<-- POST /wd/hub/session/140d7ef8-3fe1-4219-901e-e063b2be87e3/timeouts [39m[32m200[39m [90m1 ms - 14[39m
[35m[HTTP][39m [90m[39m
[35m[HTTP][39m [37m-->[39m [37mGET[39m [37m/wd/hub/session/140d7ef8-3fe1-4219-901e-e063b2be87e3/window/rect[39m
[35m[HTTP][39m [90m{}[39m
[35m[HTTP][39m [37m<-- GET /wd/hub/session/140d7ef8-3fe1-4219-901e-e063b2be87e3/window/rect [39m[32m200[39m [90m31 ms - 50[39m
[35m[HTTP][39m [90m[39m
[35m[HTTP][39m [37m-->[39m [37mPOST[39m [37m/wd/hub/session/140d7ef8-3fe1-4219-901e-e063b2be87e3/elements[39m
[35m[HTTP][39m [90m{"using":"xpath","value":"//*[@class = 'android.widget.TextView' and (@text = 'Pay from' or . = 'Pay from')]"}[39m
[35m[HTTP][39m [37m<-- POST /wd/hub/session/140d7ef8-3fe1-4219-901e-e063b2be87e3/elements [39m[32m200[39m [90m129 ms - 139[39m
[35m[HTTP][39m [90m[39m
[35m[HTTP][39m [37m-->[39m [37mGET[39m [37m/wd/hub/session/140d7ef8-3fe1-4219-901e-e063b2be87e3/element/00000000-0000-0225-ffff-ffff0000041c/location[39m
[35m[HTTP][39m [90m{}[39m
[35m[W3C (140d7ef8)][39m Driver proxy active, passing request on via HTTP proxy
[35m[WD Proxy][39m Replacing sessionId 0ece73f8-e3b4-425d-be9c-8903830dbd13 with 140d7ef8-3fe1-4219-901e-e063b2be87e3
[35m[HTTP][39m [37m<-- GET /wd/hub/session/140d7ef8-3fe1-4219-901e-e063b2be87e3/element/00000000-0000-0225-ffff-ffff0000041c/location [39m[32m200[39m [90m619 ms - 78[39m
[35m[HTTP][39m [90m[39m
[35m[HTTP][39m [37m-->[39m [37mPOST[39m [37m/wd/hub/session/140d7ef8-3fe1-4219-901e-e063b2be87e3/timeouts[39m
[35m[HTTP][39m [90m{"implicit":30000}[39m
[35m[HTTP][39m [37m<-- POST /wd/hub/session/140d7ef8-3fe1-4219-901e-e063b2be87e3/timeouts [39m[32m200[39m [90m1 ms - 14[39m
[35m[HTTP][39m [90m[39m
[35m[HTTP][39m [37m-->[39m [37mPOST[39m [37m/wd/hub/session/140d7ef8-3fe1-4219-901e-e063b2be87e3/timeouts[39m
[35m[HTTP][39m [90m{"implicit":50}[39m
[35m[HTTP][39m [37m<-- POST /wd/hub/session/140d7ef8-3fe1-4219-901e-e063b2be87e3/timeouts [39m[32m200[39m [90m1 ms - 14[39m
[35m[HTTP][39m [90m[39m
[35m[HTTP][39m [37m-->[39m [37mGET[39m [37m/wd/hub/session/140d7ef8-3fe1-4219-901e-e063b2be87e3/window/rect[39m
[35m[HTTP][39m [90m{}[39m
[35m[HTTP][39m [37m<-- GET /wd/hub/session/140d7ef8-3fe1-4219-901e-e063b2be87e3/window/rect [39m[32m200[39m [90m22 ms - 50[39m
[35m[HTTP][39m [90m[39m
[35m[HTTP][39m [37m-->[39m [37mPOST[39m [37m/wd/hub/session/140d7ef8-3fe1-4219-901e-e063b2be87e3/elements[39m
[35m[HTTP][39m [90m{"using":"xpath","value":"//*[@class = 'android.widget.TextView' and (@text = 'MAE' or . = 'MAE')]"}[39m
[35m[HTTP][39m [37m<-- POST /wd/hub/session/140d7ef8-3fe1-4219-901e-e063b2be87e3/elements [39m[32m200[39m [90m152 ms - 139[39m
[35m[HTTP][39m [90m[39m
[35m[HTTP][39m [37m-->[39m [37mGET[39m [37m/wd/hub/session/140d7ef8-3fe1-4219-901e-e063b2be87e3/element/00000000-0000-0225-ffff-ffff0000042a/location[39m
[35m[HTTP][39m [90m{}[39m
[35m[W3C (140d7ef8)][39m Driver proxy active, passing request on via HTTP proxy
[35m[WD Proxy][39m Replacing sessionId 0ece73f8-e3b4-425d-be9c-8903830dbd13 with 140d7ef8-3fe1-4219-901e-e063b2be87e3
[35m[HTTP][39m [37m<-- GET /wd/hub/session/140d7ef8-3fe1-4219-901e-e063b2be87e3/element/00000000-0000-0225-ffff-ffff0000042a/location [39m[32m200[39m [90m14 ms - 79[39m
[35m[HTTP][39m [90m[39m
[35m[HTTP][39m [37m-->[39m [37mPOST[39m [37m/wd/hub/session/140d7ef8-3fe1-4219-901e-e063b2be87e3/timeouts[39m
[35m[HTTP][39m [90m{"implicit":30000}[39m
[35m[HTTP][39m [37m<-- POST /wd/hub/session/140d7ef8-3fe1-4219-901e-e063b2be87e3/timeouts [39m[32m200[39m [90m1 ms - 14[39m
[35m[HTTP][39m [90m[39m
[35m[HTTP][39m [37m-->[39m [37mGET[39m [37m/wd/hub/session/140d7ef8-3fe1-4219-901e-e063b2be87e3/element/00000000-0000-0225-ffff-ffff0000042a/text[39m
[35m[HTTP][39m [90m{}[39m
[35m[W3C (140d7ef8)][39m Driver proxy active, passing request on via HTTP proxy
[35m[HTTP][39m [37m<-- GET /wd/hub/session/140d7ef8-3fe1-4219-901e-e063b2be87e3/element/00000000-0000-0225-ffff-ffff0000042a/text [39m[32m-[39m [90m- ms - -[39m
[35m[HTTP][39m [90m[39m
[35m[WD Proxy][39m Replacing sessionId 0ece73f8-e3b4-425d-be9c-8903830dbd13 with 140d7ef8-3fe1-4219-901e-e063b2be87e3
