[35m[Appium][39m Welcome to Appium v1.22.1
[35m[Appium][39m Non-default server args:
[35m[Appium][39m   port: 51978
[35m[Appium][39m   loglevel: info
[35m[Appium][39m   tmpDir: /var/folders/ng/yn0fw_vs06sd52svk474lbd40000gn/T//Katalon/Appium/Temp1657770425840
[35m[Appium][39m   chromedriverPort: 51979
[35m[Appium][39m Deprecated server args:
[35m[Appium][39m   [31m--chromedriver-port[39m => --default-capabilities
[35m[Appium][39m Default capabilities, which will be added to each request unless overridden by desired capabilities:
[35m[Appium][39m   chromedriverPort: 51979
[35m[Appium][39m Appium REST http interface listener started on 0.0.0.0:51978
[35m[HTTP][39m [37m-->[39m [37mGET[39m [37m/wd/hub/status[39m
[35m[HTTP][39m [90m{}[39m
[35m[HTTP][39m [37m<-- GET /wd/hub/status [39m[32m200[39m [90m5 ms - 68[39m
[35m[HTTP][39m [90m[39m
[35m[HTTP][39m [37m-->[39m [37mPOST[39m [37m/wd/hub/session[39m
[35m[HTTP][39m [90m{"desiredCapabilities":{"app":"/Users/a00139272/Katalon Studio/MAE/androidapp/app-sit-universal-release-copy.apk","appPackage":"com.maybank2u.life.sit","noReset":true,"appWaitActivity":"*","deviceId":"002b9cc60508","deviceName":"Xiaomi 21061119AG (Android 11)","fullReset":false,"platform":"ANDROID","appActivity":"com.maybank2u.life.MainActivity","newCommandTimeout":1800,"platformVersion":"11","automationName":"uiautomator2","autoGrantPermissions":true,"platformName":"Android","udid":"002b9cc60508","systemPort":51977},"capabilities":{"firstMatch":[{"appium:app":"/Users/a00139272/Katalon Studio/MAE/androidapp/app-sit-universal-release-copy.apk","appium:appActivity":"com.maybank2u.life.MainActivity","appium:appPackage":"com.maybank2u.life.sit","appium:appWaitActivity":"*","appium:autoGrantPermissions":true,"appium:automationName":"uiautomator2","deviceId":"002b9cc60508","appium:deviceName":"Xiaomi 21061119AG (Android 11)","appium:fullReset":false,"appium:newCommandTimeout":1800,"appium:noReset":true,"platform...[39m
[35m[BaseDriver][39m The following capabilities are not standard capabilities and should have an extension prefix:
[35m[BaseDriver][39m   deviceId
[35m[BaseDriver][39m   platform
[35m[BaseDriver][39m   chromedriverPort
[35m[Appium][39m Appium v1.22.1 creating new AndroidUiautomator2Driver (v1.70.1) session
[35m[BaseDriver][39m The following capabilities were provided, but are not recognized by Appium:
[35m[BaseDriver][39m   deviceId
[35m[BaseDriver][39m   platform
[35m[BaseDriver][39m Session created with session id: abdc2b0f-fff6-483c-b374-f42be0fe14a9
[35m[BaseDriver][39m Using local app '/Users/a00139272/Katalon Studio/MAE/androidapp/app-sit-universal-release-copy.apk'
[35m[ADB][39m Found 1 'build-tools' folders under '/Users/a00139272/.katalon/tools/android_sdk' (newest first):
[35m[ADB][39m     /Users/a00139272/.katalon/tools/android_sdk/build-tools/29.0.3
[35m[ADB][39m Using 'adb' from '/Users/a00139272/.katalon/tools/android_sdk/platform-tools/adb'
[35m[AndroidDriver][39m Retrieving device list
[35m[AndroidDriver][39m Using device: 002b9cc60508
[35m[ADB][39m Using 'adb' from '/Users/a00139272/.katalon/tools/android_sdk/platform-tools/adb'
[35m[ADB][39m Getting device platform version
[35m[UiAutomator2][39m Relaxing hidden api policy
[35m[ADB][39m Using 'apksigner.jar' from '/Users/a00139272/.katalon/tools/android_sdk/build-tools/29.0.3/lib/apksigner.jar'
[35m[ADB][39m '/usr/local/lib/node_modules/appium/node_modules/appium-uiautomator2-server/apks/appium-uiautomator2-server-v4.27.0.apk' is signed with the default certificate
[35m[ADB][39m '/usr/local/lib/node_modules/appium/node_modules/appium-uiautomator2-server/apks/appium-uiautomator2-server-debug-androidTest.apk' is signed with the default certificate
[35m[UiAutomator2][39m Server packages are not going to be (re)installed
[35m[ADB][39m Adding packages ["io.appium.settings","io.appium.uiautomator2.server","io.appium.uiautomator2.server.test"] to Doze whitelist
[35m[ADB][39m '/Users/a00139272/Katalon Studio/MAE/androidapp/app-sit-universal-release-copy.apk' is signed with a non-default certificate
[35m[UiAutomator2][39m Starting UIAutomator2 server 4.27.0
[35m[UiAutomator2][39m Using UIAutomator2 server from '/usr/local/lib/node_modules/appium/node_modules/appium-uiautomator2-server/apks/appium-uiautomator2-server-v4.27.0.apk' and test from '/usr/local/lib/node_modules/appium/node_modules/appium-uiautomator2-server/apks/appium-uiautomator2-server-debug-androidTest.apk'
[35m[UiAutomator2][39m Waiting up to 30000ms for UiAutomator2 to be online...
[35m[WD Proxy][39m socket hang up
[35m[WD Proxy][39m socket hang up
[35m[WD Proxy][39m socket hang up
[35m[WD Proxy][39m Determined the downstream protocol as 'W3C'
[35m[AndroidDriver][39m Screen already unlocked, doing nothing
[35m[UiAutomator2][39m Starting 'com.maybank2u.life.sit/com.maybank2u.life.MainActivity and waiting for 'com.maybank2u.life.sit/*'
[35m[Appium][39m New AndroidUiautomator2Driver session created successfully, session abdc2b0f-fff6-483c-b374-f42be0fe14a9 added to master session list
[35m[HTTP][39m [37m<-- POST /wd/hub/session [39m[32m200[39m [90m11827 ms - 1557[39m
[35m[HTTP][39m [90m[39m
[35m[HTTP][39m [37m-->[39m [37mGET[39m [37m/wd/hub/session/abdc2b0f-fff6-483c-b374-f42be0fe14a9[39m
[35m[HTTP][39m [90m{}[39m
[35m[HTTP][39m [37m<-- GET /wd/hub/session/abdc2b0f-fff6-483c-b374-f42be0fe14a9 [39m[32m200[39m [90m30 ms - 1511[39m
[35m[HTTP][39m [90m[39m
[35m[HTTP][39m [37m-->[39m [37mGET[39m [37m/wd/hub/session/abdc2b0f-fff6-483c-b374-f42be0fe14a9[39m
[35m[HTTP][39m [90m{}[39m
[35m[HTTP][39m [37m<-- GET /wd/hub/session/abdc2b0f-fff6-483c-b374-f42be0fe14a9 [39m[32m200[39m [90m14 ms - 1511[39m
[35m[HTTP][39m [90m[39m
[35m[HTTP][39m [37m-->[39m [37mGET[39m [37m/wd/hub/status[39m
[35m[HTTP][39m [90m{}[39m
[35m[HTTP][39m [37m<-- GET /wd/hub/status [39m[32m200[39m [90m1 ms - 68[39m
[35m[HTTP][39m [90m[39m
[35m[HTTP][39m [37m-->[39m [37mPOST[39m [37m/wd/hub/session/abdc2b0f-fff6-483c-b374-f42be0fe14a9/timeouts[39m
[35m[HTTP][39m [90m{"implicit":40000}[39m
[35m[HTTP][39m [37m<-- POST /wd/hub/session/abdc2b0f-fff6-483c-b374-f42be0fe14a9/timeouts [39m[32m200[39m [90m2 ms - 14[39m
[35m[HTTP][39m [90m[39m
[35m[HTTP][39m [37m-->[39m [37mGET[39m [37m/wd/hub/session/abdc2b0f-fff6-483c-b374-f42be0fe14a9/screenshot[39m
[35m[HTTP][39m [90m{}[39m
[35m[HTTP][39m [37m<-- GET /wd/hub/session/abdc2b0f-fff6-483c-b374-f42be0fe14a9/screenshot [39m[32m200[39m [90m666 ms - 127978[39m
[35m[HTTP][39m [90m[39m
[35m[HTTP][39m [37m-->[39m [37mGET[39m [37m/wd/hub/session/abdc2b0f-fff6-483c-b374-f42be0fe14a9/window/rect[39m
[35m[HTTP][39m [90m{}[39m
[35m[HTTP][39m [37m<-- GET /wd/hub/session/abdc2b0f-fff6-483c-b374-f42be0fe14a9/window/rect [39m[32m200[39m [90m15 ms - 50[39m
[35m[HTTP][39m [90m[39m
[35m[HTTP][39m [37m-->[39m [37mGET[39m [37m/wd/hub/session/abdc2b0f-fff6-483c-b374-f42be0fe14a9/appium/device/system_bars[39m
[35m[HTTP][39m [90m{}[39m
[35m[HTTP][39m [37m<-- GET /wd/hub/session/abdc2b0f-fff6-483c-b374-f42be0fe14a9/appium/device/system_bars [39m[32m200[39m [90m93 ms - 149[39m
[35m[HTTP][39m [90m[39m
[35m[HTTP][39m [37m-->[39m [37mGET[39m [37m/wd/hub/session/abdc2b0f-fff6-483c-b374-f42be0fe14a9/context[39m
[35m[HTTP][39m [90m{}[39m
[35m[HTTP][39m [37m<-- GET /wd/hub/session/abdc2b0f-fff6-483c-b374-f42be0fe14a9/context [39m[32m200[39m [90m1 ms - 22[39m
[35m[HTTP][39m [90m[39m
[35m[HTTP][39m [37m-->[39m [37mGET[39m [37m/wd/hub/session/abdc2b0f-fff6-483c-b374-f42be0fe14a9/contexts[39m
[35m[HTTP][39m [90m{}[39m
[35m[HTTP][39m [37m<-- GET /wd/hub/session/abdc2b0f-fff6-483c-b374-f42be0fe14a9/contexts [39m[32m200[39m [90m98 ms - 41[39m
[35m[HTTP][39m [90m[39m
[35m[HTTP][39m [37m-->[39m [37mPOST[39m [37m/wd/hub/session/abdc2b0f-fff6-483c-b374-f42be0fe14a9/context[39m
[35m[HTTP][39m [90m{"name":"NATIVE_APP"}[39m
[35m[HTTP][39m [37m<-- POST /wd/hub/session/abdc2b0f-fff6-483c-b374-f42be0fe14a9/context [39m[32m200[39m [90m4 ms - 14[39m
[35m[HTTP][39m [90m[39m
[35m[HTTP][39m [37m-->[39m [37mGET[39m [37m/wd/hub/session/abdc2b0f-fff6-483c-b374-f42be0fe14a9/window/rect[39m
[35m[HTTP][39m [90m{}[39m
[35m[HTTP][39m [37m<-- GET /wd/hub/session/abdc2b0f-fff6-483c-b374-f42be0fe14a9/window/rect [39m[32m200[39m [90m11 ms - 50[39m
[35m[HTTP][39m [90m[39m
[35m[HTTP][39m [37m-->[39m [37mPOST[39m [37m/wd/hub/session/abdc2b0f-fff6-483c-b374-f42be0fe14a9/context[39m
[35m[HTTP][39m [90m{"name":"NATIVE_APP"}[39m
[35m[HTTP][39m [37m<-- POST /wd/hub/session/abdc2b0f-fff6-483c-b374-f42be0fe14a9/context [39m[32m200[39m [90m1 ms - 14[39m
[35m[HTTP][39m [90m[39m
[35m[HTTP][39m [37m-->[39m [37mGET[39m [37m/wd/hub/session/abdc2b0f-fff6-483c-b374-f42be0fe14a9/context[39m
[35m[HTTP][39m [90m{}[39m
[35m[HTTP][39m [37m<-- GET /wd/hub/session/abdc2b0f-fff6-483c-b374-f42be0fe14a9/context [39m[32m200[39m [90m1 ms - 22[39m
[35m[HTTP][39m [90m[39m
[35m[HTTP][39m [37m-->[39m [37mGET[39m [37m/wd/hub/session/abdc2b0f-fff6-483c-b374-f42be0fe14a9/contexts[39m
[35m[HTTP][39m [90m{}[39m
[35m[HTTP][39m [37m<-- GET /wd/hub/session/abdc2b0f-fff6-483c-b374-f42be0fe14a9/contexts [39m[32m200[39m [90m109 ms - 41[39m
[35m[HTTP][39m [90m[39m
[35m[HTTP][39m [37m-->[39m [37mPOST[39m [37m/wd/hub/session/abdc2b0f-fff6-483c-b374-f42be0fe14a9/context[39m
[35m[HTTP][39m [90m{"name":"NATIVE_APP"}[39m
[35m[HTTP][39m [37m<-- POST /wd/hub/session/abdc2b0f-fff6-483c-b374-f42be0fe14a9/context [39m[32m200[39m [90m1 ms - 14[39m
[35m[HTTP][39m [90m[39m
[35m[HTTP][39m [37m-->[39m [37mGET[39m [37m/wd/hub/session/abdc2b0f-fff6-483c-b374-f42be0fe14a9/window/rect[39m
[35m[HTTP][39m [90m{}[39m
[35m[HTTP][39m [37m<-- GET /wd/hub/session/abdc2b0f-fff6-483c-b374-f42be0fe14a9/window/rect [39m[32m200[39m [90m21 ms - 50[39m
[35m[HTTP][39m [90m[39m
[35m[HTTP][39m [37m-->[39m [37mPOST[39m [37m/wd/hub/session/abdc2b0f-fff6-483c-b374-f42be0fe14a9/context[39m
[35m[HTTP][39m [90m{"name":"NATIVE_APP"}[39m
[35m[HTTP][39m [37m<-- POST /wd/hub/session/abdc2b0f-fff6-483c-b374-f42be0fe14a9/context [39m[32m200[39m [90m1 ms - 14[39m
[35m[HTTP][39m [90m[39m
[35m[HTTP][39m [37m-->[39m [37mPOST[39m [37m/wd/hub/session/abdc2b0f-fff6-483c-b374-f42be0fe14a9/touch/perform[39m
[35m[HTTP][39m [90m{"actions":[{"action":"tap","options":{"x":360,"y":2101}},{"action":"wait","options":{"ms":50}}]}[39m
[35m[HTTP][39m [37m<-- POST /wd/hub/session/abdc2b0f-fff6-483c-b374-f42be0fe14a9/touch/perform [39m[32m200[39m [90m555 ms - 14[39m
[35m[HTTP][39m [90m[39m
[35m[HTTP][39m [37m-->[39m [37mPOST[39m [37m/wd/hub/session/abdc2b0f-fff6-483c-b374-f42be0fe14a9/timeouts[39m
[35m[HTTP][39m [90m{"implicit":50}[39m
[35m[HTTP][39m [37m<-- POST /wd/hub/session/abdc2b0f-fff6-483c-b374-f42be0fe14a9/timeouts [39m[32m200[39m [90m1 ms - 14[39m
[35m[HTTP][39m [90m[39m
[35m[HTTP][39m [37m-->[39m [37mGET[39m [37m/wd/hub/session/abdc2b0f-fff6-483c-b374-f42be0fe14a9/window/rect[39m
[35m[HTTP][39m [90m{}[39m
[35m[HTTP][39m [37m<-- GET /wd/hub/session/abdc2b0f-fff6-483c-b374-f42be0fe14a9/window/rect [39m[32m200[39m [90m19 ms - 50[39m
[35m[HTTP][39m [90m[39m
[35m[HTTP][39m [37m-->[39m [37mPOST[39m [37m/wd/hub/session/abdc2b0f-fff6-483c-b374-f42be0fe14a9/elements[39m
[35m[HTTP][39m [90m{"using":"xpath","value":"//*[@class = 'android.widget.TextView' and (@text = 'Enter your 6-digit PIN' or . = 'Enter your 6-digit PIN')]"}[39m
[35m[HTTP][39m [37m<-- POST /wd/hub/session/abdc2b0f-fff6-483c-b374-f42be0fe14a9/elements [39m[32m200[39m [90m1476 ms - 139[39m
[35m[HTTP][39m [90m[39m
[35m[HTTP][39m [37m-->[39m [37mGET[39m [37m/wd/hub/session/abdc2b0f-fff6-483c-b374-f42be0fe14a9/element/00000000-0000-0714-ffff-ffff00000246/location[39m
[35m[HTTP][39m [90m{}[39m
[35m[W3C (abdc2b0f)][39m Driver proxy active, passing request on via HTTP proxy
[35m[WD Proxy][39m Replacing sessionId b2664707-8399-4d0b-a4d7-3aaa3fcd4d86 with abdc2b0f-fff6-483c-b374-f42be0fe14a9
[35m[HTTP][39m [37m<-- GET /wd/hub/session/abdc2b0f-fff6-483c-b374-f42be0fe14a9/element/00000000-0000-0714-ffff-ffff00000246/location [39m[32m200[39m [90m19 ms - 77[39m
[35m[HTTP][39m [90m[39m
[35m[HTTP][39m [37m-->[39m [37mPOST[39m [37m/wd/hub/session/abdc2b0f-fff6-483c-b374-f42be0fe14a9/timeouts[39m
[35m[HTTP][39m [90m{"implicit":40000}[39m
[35m[HTTP][39m [37m<-- POST /wd/hub/session/abdc2b0f-fff6-483c-b374-f42be0fe14a9/timeouts [39m[32m200[39m [90m1 ms - 14[39m
[35m[HTTP][39m [90m[39m
[35m[HTTP][39m [37m-->[39m [37mGET[39m [37m/wd/hub/session/abdc2b0f-fff6-483c-b374-f42be0fe14a9/element/00000000-0000-0714-ffff-ffff00000246/displayed[39m
[35m[HTTP][39m [90m{}[39m
[35m[HTTP][39m [37m<-- GET /wd/hub/session/abdc2b0f-fff6-483c-b374-f42be0fe14a9/element/00000000-0000-0714-ffff-ffff00000246/displayed [39m[32m200[39m [90m19 ms - 14[39m
[35m[HTTP][39m [90m[39m
[35m[HTTP][39m [37m-->[39m [37mPOST[39m [37m/wd/hub/session/abdc2b0f-fff6-483c-b374-f42be0fe14a9/timeouts[39m
[35m[HTTP][39m [90m{"implicit":50}[39m
[35m[HTTP][39m [37m<-- POST /wd/hub/session/abdc2b0f-fff6-483c-b374-f42be0fe14a9/timeouts [39m[32m200[39m [90m1 ms - 14[39m
[35m[HTTP][39m [90m[39m
[35m[HTTP][39m [37m-->[39m [37mGET[39m [37m/wd/hub/session/abdc2b0f-fff6-483c-b374-f42be0fe14a9/window/rect[39m
[35m[HTTP][39m [90m{}[39m
[35m[HTTP][39m [37m<-- GET /wd/hub/session/abdc2b0f-fff6-483c-b374-f42be0fe14a9/window/rect [39m[32m200[39m [90m11 ms - 50[39m
[35m[HTTP][39m [90m[39m
[35m[HTTP][39m [37m-->[39m [37mPOST[39m [37m/wd/hub/session/abdc2b0f-fff6-483c-b374-f42be0fe14a9/elements[39m
[35m[HTTP][39m [90m{"using":"xpath","value":"//*[@class = 'android.widget.TextView' and (@text = '1' or . = '1')]"}[39m
[35m[HTTP][39m [37m<-- POST /wd/hub/session/abdc2b0f-fff6-483c-b374-f42be0fe14a9/elements [39m[32m200[39m [90m190 ms - 139[39m
[35m[HTTP][39m [90m[39m
[35m[HTTP][39m [37m-->[39m [37mGET[39m [37m/wd/hub/session/abdc2b0f-fff6-483c-b374-f42be0fe14a9/element/00000000-0000-0714-ffff-ffff00000251/location[39m
[35m[HTTP][39m [90m{}[39m
[35m[W3C (abdc2b0f)][39m Driver proxy active, passing request on via HTTP proxy
[35m[WD Proxy][39m Replacing sessionId b2664707-8399-4d0b-a4d7-3aaa3fcd4d86 with abdc2b0f-fff6-483c-b374-f42be0fe14a9
[35m[HTTP][39m [37m<-- GET /wd/hub/session/abdc2b0f-fff6-483c-b374-f42be0fe14a9/element/00000000-0000-0714-ffff-ffff00000251/location [39m[32m200[39m [90m18 ms - 79[39m
[35m[HTTP][39m [90m[39m
[35m[HTTP][39m [37m-->[39m [37mPOST[39m [37m/wd/hub/session/abdc2b0f-fff6-483c-b374-f42be0fe14a9/timeouts[39m
[35m[HTTP][39m [90m{"implicit":40000}[39m
[35m[HTTP][39m [37m<-- POST /wd/hub/session/abdc2b0f-fff6-483c-b374-f42be0fe14a9/timeouts [39m[32m200[39m [90m1 ms - 14[39m
[35m[HTTP][39m [90m[39m
[35m[HTTP][39m [37m-->[39m [37mPOST[39m [37m/wd/hub/session/abdc2b0f-fff6-483c-b374-f42be0fe14a9/element/00000000-0000-0714-ffff-ffff00000251/click[39m
[35m[HTTP][39m [90m{"id":"00000000-0000-0714-ffff-ffff00000251"}[39m
[35m[HTTP][39m [37m<-- POST /wd/hub/session/abdc2b0f-fff6-483c-b374-f42be0fe14a9/element/00000000-0000-0714-ffff-ffff00000251/click [39m[32m200[39m [90m43 ms - 14[39m
[35m[HTTP][39m [90m[39m
[35m[HTTP][39m [37m-->[39m [37mPOST[39m [37m/wd/hub/session/abdc2b0f-fff6-483c-b374-f42be0fe14a9/timeouts[39m
[35m[HTTP][39m [90m{"implicit":50}[39m
[35m[HTTP][39m [37m<-- POST /wd/hub/session/abdc2b0f-fff6-483c-b374-f42be0fe14a9/timeouts [39m[32m200[39m [90m1 ms - 14[39m
[35m[HTTP][39m [90m[39m
[35m[HTTP][39m [37m-->[39m [37mGET[39m [37m/wd/hub/session/abdc2b0f-fff6-483c-b374-f42be0fe14a9/window/rect[39m
[35m[HTTP][39m [90m{}[39m
[35m[HTTP][39m [37m<-- GET /wd/hub/session/abdc2b0f-fff6-483c-b374-f42be0fe14a9/window/rect [39m[32m200[39m [90m8 ms - 50[39m
[35m[HTTP][39m [90m[39m
[35m[HTTP][39m [37m-->[39m [37mPOST[39m [37m/wd/hub/session/abdc2b0f-fff6-483c-b374-f42be0fe14a9/elements[39m
[35m[HTTP][39m [90m{"using":"xpath","value":"//*[@class = 'android.widget.TextView' and (@text = '1' or . = '1')]"}[39m
[35m[HTTP][39m [37m<-- POST /wd/hub/session/abdc2b0f-fff6-483c-b374-f42be0fe14a9/elements [39m[32m200[39m [90m1669 ms - 139[39m
[35m[HTTP][39m [90m[39m
[35m[HTTP][39m [37m-->[39m [37mGET[39m [37m/wd/hub/session/abdc2b0f-fff6-483c-b374-f42be0fe14a9/element/00000000-0000-0714-ffff-ffff00000251/location[39m
[35m[HTTP][39m [90m{}[39m
[35m[W3C (abdc2b0f)][39m Driver proxy active, passing request on via HTTP proxy
[35m[WD Proxy][39m Replacing sessionId b2664707-8399-4d0b-a4d7-3aaa3fcd4d86 with abdc2b0f-fff6-483c-b374-f42be0fe14a9
[35m[HTTP][39m [37m<-- GET /wd/hub/session/abdc2b0f-fff6-483c-b374-f42be0fe14a9/element/00000000-0000-0714-ffff-ffff00000251/location [39m[32m200[39m [90m18 ms - 79[39m
[35m[HTTP][39m [90m[39m
[35m[HTTP][39m [37m-->[39m [37mPOST[39m [37m/wd/hub/session/abdc2b0f-fff6-483c-b374-f42be0fe14a9/timeouts[39m
[35m[HTTP][39m [90m{"implicit":40000}[39m
[35m[HTTP][39m [37m<-- POST /wd/hub/session/abdc2b0f-fff6-483c-b374-f42be0fe14a9/timeouts [39m[32m200[39m [90m3 ms - 14[39m
[35m[HTTP][39m [90m[39m
[35m[HTTP][39m [37m-->[39m [37mPOST[39m [37m/wd/hub/session/abdc2b0f-fff6-483c-b374-f42be0fe14a9/element/00000000-0000-0714-ffff-ffff00000251/click[39m
[35m[HTTP][39m [90m{"id":"00000000-0000-0714-ffff-ffff00000251"}[39m
[35m[HTTP][39m [37m<-- POST /wd/hub/session/abdc2b0f-fff6-483c-b374-f42be0fe14a9/element/00000000-0000-0714-ffff-ffff00000251/click [39m[32m200[39m [90m48 ms - 14[39m
[35m[HTTP][39m [90m[39m
[35m[HTTP][39m [37m-->[39m [37mPOST[39m [37m/wd/hub/session/abdc2b0f-fff6-483c-b374-f42be0fe14a9/timeouts[39m
[35m[HTTP][39m [90m{"implicit":50}[39m
[35m[HTTP][39m [37m<-- POST /wd/hub/session/abdc2b0f-fff6-483c-b374-f42be0fe14a9/timeouts [39m[32m200[39m [90m1 ms - 14[39m
[35m[HTTP][39m [90m[39m
[35m[HTTP][39m [37m-->[39m [37mGET[39m [37m/wd/hub/session/abdc2b0f-fff6-483c-b374-f42be0fe14a9/window/rect[39m
[35m[HTTP][39m [90m{}[39m
[35m[HTTP][39m [37m<-- GET /wd/hub/session/abdc2b0f-fff6-483c-b374-f42be0fe14a9/window/rect [39m[32m200[39m [90m7 ms - 50[39m
[35m[HTTP][39m [90m[39m
[35m[HTTP][39m [37m-->[39m [37mPOST[39m [37m/wd/hub/session/abdc2b0f-fff6-483c-b374-f42be0fe14a9/elements[39m
[35m[HTTP][39m [90m{"using":"xpath","value":"//*[@class = 'android.widget.TextView' and (@text = '1' or . = '1')]"}[39m
[35m[HTTP][39m [37m<-- POST /wd/hub/session/abdc2b0f-fff6-483c-b374-f42be0fe14a9/elements [39m[32m200[39m [90m1750 ms - 139[39m
[35m[HTTP][39m [90m[39m
[35m[HTTP][39m [37m-->[39m [37mGET[39m [37m/wd/hub/session/abdc2b0f-fff6-483c-b374-f42be0fe14a9/element/00000000-0000-0714-ffff-ffff00000251/location[39m
[35m[HTTP][39m [90m{}[39m
[35m[W3C (abdc2b0f)][39m Driver proxy active, passing request on via HTTP proxy
[35m[WD Proxy][39m Replacing sessionId b2664707-8399-4d0b-a4d7-3aaa3fcd4d86 with abdc2b0f-fff6-483c-b374-f42be0fe14a9
[35m[HTTP][39m [37m<-- GET /wd/hub/session/abdc2b0f-fff6-483c-b374-f42be0fe14a9/element/00000000-0000-0714-ffff-ffff00000251/location [39m[32m200[39m [90m17 ms - 79[39m
[35m[HTTP][39m [90m[39m
[35m[HTTP][39m [37m-->[39m [37mPOST[39m [37m/wd/hub/session/abdc2b0f-fff6-483c-b374-f42be0fe14a9/timeouts[39m
[35m[HTTP][39m [90m{"implicit":40000}[39m
[35m[HTTP][39m [37m<-- POST /wd/hub/session/abdc2b0f-fff6-483c-b374-f42be0fe14a9/timeouts [39m[32m200[39m [90m1 ms - 14[39m
[35m[HTTP][39m [90m[39m
[35m[HTTP][39m [37m-->[39m [37mPOST[39m [37m/wd/hub/session/abdc2b0f-fff6-483c-b374-f42be0fe14a9/element/00000000-0000-0714-ffff-ffff00000251/click[39m
[35m[HTTP][39m [90m{"id":"00000000-0000-0714-ffff-ffff00000251"}[39m
[35m[HTTP][39m [37m<-- POST /wd/hub/session/abdc2b0f-fff6-483c-b374-f42be0fe14a9/element/00000000-0000-0714-ffff-ffff00000251/click [39m[32m200[39m [90m59 ms - 14[39m
[35m[HTTP][39m [90m[39m
[35m[HTTP][39m [37m-->[39m [37mPOST[39m [37m/wd/hub/session/abdc2b0f-fff6-483c-b374-f42be0fe14a9/timeouts[39m
[35m[HTTP][39m [90m{"implicit":50}[39m
[35m[HTTP][39m [37m<-- POST /wd/hub/session/abdc2b0f-fff6-483c-b374-f42be0fe14a9/timeouts [39m[32m200[39m [90m1 ms - 14[39m
[35m[HTTP][39m [90m[39m
[35m[HTTP][39m [37m-->[39m [37mGET[39m [37m/wd/hub/session/abdc2b0f-fff6-483c-b374-f42be0fe14a9/window/rect[39m
[35m[HTTP][39m [90m{}[39m
[35m[HTTP][39m [37m<-- GET /wd/hub/session/abdc2b0f-fff6-483c-b374-f42be0fe14a9/window/rect [39m[32m200[39m [90m7 ms - 50[39m
[35m[HTTP][39m [90m[39m
[35m[HTTP][39m [37m-->[39m [37mPOST[39m [37m/wd/hub/session/abdc2b0f-fff6-483c-b374-f42be0fe14a9/elements[39m
[35m[HTTP][39m [90m{"using":"xpath","value":"//*[@class = 'android.widget.TextView' and (@text = '1' or . = '1')]"}[39m
[35m[HTTP][39m [37m<-- POST /wd/hub/session/abdc2b0f-fff6-483c-b374-f42be0fe14a9/elements [39m[32m200[39m [90m1723 ms - 139[39m
[35m[HTTP][39m [90m[39m
[35m[HTTP][39m [37m-->[39m [37mGET[39m [37m/wd/hub/session/abdc2b0f-fff6-483c-b374-f42be0fe14a9/element/00000000-0000-0714-ffff-ffff00000251/location[39m
[35m[HTTP][39m [90m{}[39m
[35m[W3C (abdc2b0f)][39m Driver proxy active, passing request on via HTTP proxy
[35m[WD Proxy][39m Replacing sessionId b2664707-8399-4d0b-a4d7-3aaa3fcd4d86 with abdc2b0f-fff6-483c-b374-f42be0fe14a9
[35m[HTTP][39m [37m<-- GET /wd/hub/session/abdc2b0f-fff6-483c-b374-f42be0fe14a9/element/00000000-0000-0714-ffff-ffff00000251/location [39m[32m200[39m [90m18 ms - 79[39m
[35m[HTTP][39m [90m[39m
[35m[HTTP][39m [37m-->[39m [37mPOST[39m [37m/wd/hub/session/abdc2b0f-fff6-483c-b374-f42be0fe14a9/timeouts[39m
[35m[HTTP][39m [90m{"implicit":40000}[39m
[35m[HTTP][39m [37m<-- POST /wd/hub/session/abdc2b0f-fff6-483c-b374-f42be0fe14a9/timeouts [39m[32m200[39m [90m1 ms - 14[39m
[35m[HTTP][39m [90m[39m
[35m[HTTP][39m [37m-->[39m [37mPOST[39m [37m/wd/hub/session/abdc2b0f-fff6-483c-b374-f42be0fe14a9/element/00000000-0000-0714-ffff-ffff00000251/click[39m
[35m[HTTP][39m [90m{"id":"00000000-0000-0714-ffff-ffff00000251"}[39m
[35m[HTTP][39m [37m<-- POST /wd/hub/session/abdc2b0f-fff6-483c-b374-f42be0fe14a9/element/00000000-0000-0714-ffff-ffff00000251/click [39m[32m200[39m [90m50 ms - 14[39m
[35m[HTTP][39m [90m[39m
[35m[HTTP][39m [37m-->[39m [37mPOST[39m [37m/wd/hub/session/abdc2b0f-fff6-483c-b374-f42be0fe14a9/timeouts[39m
[35m[HTTP][39m [90m{"implicit":50}[39m
[35m[HTTP][39m [37m<-- POST /wd/hub/session/abdc2b0f-fff6-483c-b374-f42be0fe14a9/timeouts [39m[32m200[39m [90m1 ms - 14[39m
[35m[HTTP][39m [90m[39m
[35m[HTTP][39m [37m-->[39m [37mGET[39m [37m/wd/hub/session/abdc2b0f-fff6-483c-b374-f42be0fe14a9/window/rect[39m
[35m[HTTP][39m [90m{}[39m
[35m[HTTP][39m [37m<-- GET /wd/hub/session/abdc2b0f-fff6-483c-b374-f42be0fe14a9/window/rect [39m[32m200[39m [90m8 ms - 50[39m
[35m[HTTP][39m [90m[39m
[35m[HTTP][39m [37m-->[39m [37mPOST[39m [37m/wd/hub/session/abdc2b0f-fff6-483c-b374-f42be0fe14a9/elements[39m
[35m[HTTP][39m [90m{"using":"xpath","value":"//*[@class = 'android.widget.TextView' and (@text = '1' or . = '1')]"}[39m
[35m[HTTP][39m [37m<-- POST /wd/hub/session/abdc2b0f-fff6-483c-b374-f42be0fe14a9/elements [39m[32m200[39m [90m1803 ms - 139[39m
[35m[HTTP][39m [90m[39m
[35m[HTTP][39m [37m-->[39m [37mGET[39m [37m/wd/hub/session/abdc2b0f-fff6-483c-b374-f42be0fe14a9/element/00000000-0000-0714-ffff-ffff00000251/location[39m
[35m[HTTP][39m [90m{}[39m
[35m[W3C (abdc2b0f)][39m Driver proxy active, passing request on via HTTP proxy
[35m[WD Proxy][39m Replacing sessionId b2664707-8399-4d0b-a4d7-3aaa3fcd4d86 with abdc2b0f-fff6-483c-b374-f42be0fe14a9
[35m[HTTP][39m [37m<-- GET /wd/hub/session/abdc2b0f-fff6-483c-b374-f42be0fe14a9/element/00000000-0000-0714-ffff-ffff00000251/location [39m[32m200[39m [90m20 ms - 79[39m
[35m[HTTP][39m [90m[39m
[35m[HTTP][39m [37m-->[39m [37mPOST[39m [37m/wd/hub/session/abdc2b0f-fff6-483c-b374-f42be0fe14a9/timeouts[39m
[35m[HTTP][39m [90m{"implicit":40000}[39m
[35m[HTTP][39m [37m<-- POST /wd/hub/session/abdc2b0f-fff6-483c-b374-f42be0fe14a9/timeouts [39m[32m200[39m [90m1 ms - 14[39m
[35m[HTTP][39m [90m[39m
[35m[HTTP][39m [37m-->[39m [37mPOST[39m [37m/wd/hub/session/abdc2b0f-fff6-483c-b374-f42be0fe14a9/element/00000000-0000-0714-ffff-ffff00000251/click[39m
[35m[HTTP][39m [90m{"id":"00000000-0000-0714-ffff-ffff00000251"}[39m
[35m[HTTP][39m [37m<-- POST /wd/hub/session/abdc2b0f-fff6-483c-b374-f42be0fe14a9/element/00000000-0000-0714-ffff-ffff00000251/click [39m[32m200[39m [90m53 ms - 14[39m
[35m[HTTP][39m [90m[39m
[35m[HTTP][39m [37m-->[39m [37mPOST[39m [37m/wd/hub/session/abdc2b0f-fff6-483c-b374-f42be0fe14a9/timeouts[39m
[35m[HTTP][39m [90m{"implicit":50}[39m
[35m[HTTP][39m [37m<-- POST /wd/hub/session/abdc2b0f-fff6-483c-b374-f42be0fe14a9/timeouts [39m[32m200[39m [90m1 ms - 14[39m
[35m[HTTP][39m [90m[39m
[35m[HTTP][39m [37m-->[39m [37mGET[39m [37m/wd/hub/session/abdc2b0f-fff6-483c-b374-f42be0fe14a9/window/rect[39m
[35m[HTTP][39m [90m{}[39m
[35m[HTTP][39m [37m<-- GET /wd/hub/session/abdc2b0f-fff6-483c-b374-f42be0fe14a9/window/rect [39m[32m200[39m [90m8 ms - 50[39m
[35m[HTTP][39m [90m[39m
[35m[HTTP][39m [37m-->[39m [37mPOST[39m [37m/wd/hub/session/abdc2b0f-fff6-483c-b374-f42be0fe14a9/elements[39m
[35m[HTTP][39m [90m{"using":"xpath","value":"//*[@class = 'android.widget.TextView' and (@text = '2' or . = '2')]"}[39m
[35m[HTTP][39m [37m<-- POST /wd/hub/session/abdc2b0f-fff6-483c-b374-f42be0fe14a9/elements [39m[32m200[39m [90m1686 ms - 139[39m
[35m[HTTP][39m [90m[39m
[35m[HTTP][39m [37m-->[39m [37mGET[39m [37m/wd/hub/session/abdc2b0f-fff6-483c-b374-f42be0fe14a9/element/00000000-0000-0714-ffff-ffff00000253/location[39m
[35m[HTTP][39m [90m{}[39m
[35m[W3C (abdc2b0f)][39m Driver proxy active, passing request on via HTTP proxy
[35m[WD Proxy][39m Replacing sessionId b2664707-8399-4d0b-a4d7-3aaa3fcd4d86 with abdc2b0f-fff6-483c-b374-f42be0fe14a9
[35m[HTTP][39m [37m<-- GET /wd/hub/session/abdc2b0f-fff6-483c-b374-f42be0fe14a9/element/00000000-0000-0714-ffff-ffff00000253/location [39m[32m200[39m [90m18 ms - 79[39m
[35m[HTTP][39m [90m[39m
[35m[HTTP][39m [37m-->[39m [37mPOST[39m [37m/wd/hub/session/abdc2b0f-fff6-483c-b374-f42be0fe14a9/timeouts[39m
[35m[HTTP][39m [90m{"implicit":40000}[39m
[35m[HTTP][39m [37m<-- POST /wd/hub/session/abdc2b0f-fff6-483c-b374-f42be0fe14a9/timeouts [39m[32m200[39m [90m1 ms - 14[39m
[35m[HTTP][39m [90m[39m
[35m[HTTP][39m [37m-->[39m [37mPOST[39m [37m/wd/hub/session/abdc2b0f-fff6-483c-b374-f42be0fe14a9/element/00000000-0000-0714-ffff-ffff00000253/click[39m
[35m[HTTP][39m [90m{"id":"00000000-0000-0714-ffff-ffff00000253"}[39m
[35m[HTTP][39m [37m<-- POST /wd/hub/session/abdc2b0f-fff6-483c-b374-f42be0fe14a9/element/00000000-0000-0714-ffff-ffff00000253/click [39m[32m200[39m [90m46 ms - 14[39m
[35m[HTTP][39m [90m[39m
[35m[HTTP][39m [37m-->[39m [37mPOST[39m [37m/wd/hub/session/abdc2b0f-fff6-483c-b374-f42be0fe14a9/timeouts[39m
[35m[HTTP][39m [90m{"implicit":50}[39m
[35m[HTTP][39m [37m<-- POST /wd/hub/session/abdc2b0f-fff6-483c-b374-f42be0fe14a9/timeouts [39m[32m200[39m [90m1 ms - 14[39m
[35m[HTTP][39m [90m[39m
[35m[HTTP][39m [37m-->[39m [37mGET[39m [37m/wd/hub/session/abdc2b0f-fff6-483c-b374-f42be0fe14a9/window/rect[39m
[35m[HTTP][39m [90m{}[39m
[35m[HTTP][39m [37m<-- GET /wd/hub/session/abdc2b0f-fff6-483c-b374-f42be0fe14a9/window/rect [39m[32m200[39m [90m9 ms - 50[39m
[35m[HTTP][39m [90m[39m
[35m[HTTP][39m [37m-->[39m [37mPOST[39m [37m/wd/hub/session/abdc2b0f-fff6-483c-b374-f42be0fe14a9/elements[39m
[35m[HTTP][39m [90m{"using":"xpath","value":"//*[@class = 'android.widget.TextView' and (@text = 'MAE' or . = 'MAE')]"}[39m
[35m[HTTP][39m [37m<-- POST /wd/hub/session/abdc2b0f-fff6-483c-b374-f42be0fe14a9/elements [39m[32m200[39m [90m165 ms - 12[39m
[35m[HTTP][39m [90m[39m
[35m[HTTP][39m [37m-->[39m [37mPOST[39m [37m/wd/hub/session/abdc2b0f-fff6-483c-b374-f42be0fe14a9/elements[39m
[35m[HTTP][39m [90m{"using":"xpath","value":"//*[@class = 'android.widget.TextView' and (@text = 'MAE' or . = 'MAE')]"}[39m
[35m[HTTP][39m [37m<-- POST /wd/hub/session/abdc2b0f-fff6-483c-b374-f42be0fe14a9/elements [39m[32m200[39m [90m115 ms - 12[39m
[35m[HTTP][39m [90m[39m
[35m[HTTP][39m [37m-->[39m [37mPOST[39m [37m/wd/hub/session/abdc2b0f-fff6-483c-b374-f42be0fe14a9/elements[39m
[35m[HTTP][39m [90m{"using":"xpath","value":"//*[@class = 'android.widget.TextView' and (@text = 'MAE' or . = 'MAE')]"}[39m
[35m[HTTP][39m [37m<-- POST /wd/hub/session/abdc2b0f-fff6-483c-b374-f42be0fe14a9/elements [39m[32m200[39m [90m99 ms - 12[39m
[35m[HTTP][39m [90m[39m
[35m[HTTP][39m [37m-->[39m [37mPOST[39m [37m/wd/hub/session/abdc2b0f-fff6-483c-b374-f42be0fe14a9/elements[39m
[35m[HTTP][39m [90m{"using":"xpath","value":"//*[@class = 'android.widget.TextView' and (@text = 'MAE' or . = 'MAE')]"}[39m
[35m[HTTP][39m [37m<-- POST /wd/hub/session/abdc2b0f-fff6-483c-b374-f42be0fe14a9/elements [39m[32m200[39m [90m102 ms - 12[39m
[35m[HTTP][39m [90m[39m
[35m[HTTP][39m [37m-->[39m [37mPOST[39m [37m/wd/hub/session/abdc2b0f-fff6-483c-b374-f42be0fe14a9/elements[39m
[35m[HTTP][39m [90m{"using":"xpath","value":"//*[@class = 'android.widget.TextView' and (@text = 'MAE' or . = 'MAE')]"}[39m
[35m[HTTP][39m [37m<-- POST /wd/hub/session/abdc2b0f-fff6-483c-b374-f42be0fe14a9/elements [39m[32m200[39m [90m100 ms - 12[39m
[35m[HTTP][39m [90m[39m
[35m[HTTP][39m [37m-->[39m [37mPOST[39m [37m/wd/hub/session/abdc2b0f-fff6-483c-b374-f42be0fe14a9/elements[39m
[35m[HTTP][39m [90m{"using":"xpath","value":"//*[@class = 'android.widget.TextView' and (@text = 'MAE' or . = 'MAE')]"}[39m
[35m[HTTP][39m [37m<-- POST /wd/hub/session/abdc2b0f-fff6-483c-b374-f42be0fe14a9/elements [39m[32m200[39m [90m119 ms - 12[39m
[35m[HTTP][39m [90m[39m
[35m[HTTP][39m [37m-->[39m [37mPOST[39m [37m/wd/hub/session/abdc2b0f-fff6-483c-b374-f42be0fe14a9/elements[39m
[35m[HTTP][39m [90m{"using":"xpath","value":"//*[@class = 'android.widget.TextView' and (@text = 'MAE' or . = 'MAE')]"}[39m
[35m[HTTP][39m [37m<-- POST /wd/hub/session/abdc2b0f-fff6-483c-b374-f42be0fe14a9/elements [39m[32m200[39m [90m108 ms - 12[39m
[35m[HTTP][39m [90m[39m
[35m[HTTP][39m [37m-->[39m [37mPOST[39m [37m/wd/hub/session/abdc2b0f-fff6-483c-b374-f42be0fe14a9/elements[39m
[35m[HTTP][39m [90m{"using":"xpath","value":"//*[@class = 'android.widget.TextView' and (@text = 'MAE' or . = 'MAE')]"}[39m
[35m[HTTP][39m [37m<-- POST /wd/hub/session/abdc2b0f-fff6-483c-b374-f42be0fe14a9/elements [39m[32m200[39m [90m112 ms - 12[39m
[35m[HTTP][39m [90m[39m
[35m[HTTP][39m [37m-->[39m [37mPOST[39m [37m/wd/hub/session/abdc2b0f-fff6-483c-b374-f42be0fe14a9/elements[39m
[35m[HTTP][39m [90m{"using":"xpath","value":"//*[@class = 'android.widget.TextView' and (@text = 'MAE' or . = 'MAE')]"}[39m
[35m[HTTP][39m [37m<-- POST /wd/hub/session/abdc2b0f-fff6-483c-b374-f42be0fe14a9/elements [39m[32m200[39m [90m126 ms - 12[39m
[35m[HTTP][39m [90m[39m
[35m[HTTP][39m [37m-->[39m [37mPOST[39m [37m/wd/hub/session/abdc2b0f-fff6-483c-b374-f42be0fe14a9/elements[39m
[35m[HTTP][39m [90m{"using":"xpath","value":"//*[@class = 'android.widget.TextView' and (@text = 'MAE' or . = 'MAE')]"}[39m
[35m[HTTP][39m [37m<-- POST /wd/hub/session/abdc2b0f-fff6-483c-b374-f42be0fe14a9/elements [39m[32m200[39m [90m96 ms - 12[39m
[35m[HTTP][39m [90m[39m
[35m[HTTP][39m [37m-->[39m [37mPOST[39m [37m/wd/hub/session/abdc2b0f-fff6-483c-b374-f42be0fe14a9/elements[39m
[35m[HTTP][39m [90m{"using":"xpath","value":"//*[@class = 'android.widget.TextView' and (@text = 'MAE' or . = 'MAE')]"}[39m
[35m[HTTP][39m [37m<-- POST /wd/hub/session/abdc2b0f-fff6-483c-b374-f42be0fe14a9/elements [39m[32m200[39m [90m106 ms - 12[39m
[35m[HTTP][39m [90m[39m
[35m[HTTP][39m [37m-->[39m [37mPOST[39m [37m/wd/hub/session/abdc2b0f-fff6-483c-b374-f42be0fe14a9/elements[39m
[35m[HTTP][39m [90m{"using":"xpath","value":"//*[@class = 'android.widget.TextView' and (@text = 'MAE' or . = 'MAE')]"}[39m
[35m[HTTP][39m [37m<-- POST /wd/hub/session/abdc2b0f-fff6-483c-b374-f42be0fe14a9/elements [39m[32m200[39m [90m91 ms - 12[39m
[35m[HTTP][39m [90m[39m
[35m[HTTP][39m [37m-->[39m [37mPOST[39m [37m/wd/hub/session/abdc2b0f-fff6-483c-b374-f42be0fe14a9/elements[39m
[35m[HTTP][39m [90m{"using":"xpath","value":"//*[@class = 'android.widget.TextView' and (@text = 'MAE' or . = 'MAE')]"}[39m
[35m[HTTP][39m [37m<-- POST /wd/hub/session/abdc2b0f-fff6-483c-b374-f42be0fe14a9/elements [39m[32m200[39m [90m84 ms - 12[39m
[35m[HTTP][39m [90m[39m
[35m[HTTP][39m [37m-->[39m [37mPOST[39m [37m/wd/hub/session/abdc2b0f-fff6-483c-b374-f42be0fe14a9/elements[39m
[35m[HTTP][39m [90m{"using":"xpath","value":"//*[@class = 'android.widget.TextView' and (@text = 'MAE' or . = 'MAE')]"}[39m
[35m[HTTP][39m [37m<-- POST /wd/hub/session/abdc2b0f-fff6-483c-b374-f42be0fe14a9/elements [39m[32m200[39m [90m94 ms - 12[39m
[35m[HTTP][39m [90m[39m
[35m[HTTP][39m [37m-->[39m [37mPOST[39m [37m/wd/hub/session/abdc2b0f-fff6-483c-b374-f42be0fe14a9/elements[39m
[35m[HTTP][39m [90m{"using":"xpath","value":"//*[@class = 'android.widget.TextView' and (@text = 'MAE' or . = 'MAE')]"}[39m
[35m[HTTP][39m [37m<-- POST /wd/hub/session/abdc2b0f-fff6-483c-b374-f42be0fe14a9/elements [39m[32m200[39m [90m85 ms - 12[39m
[35m[HTTP][39m [90m[39m
[35m[HTTP][39m [37m-->[39m [37mPOST[39m [37m/wd/hub/session/abdc2b0f-fff6-483c-b374-f42be0fe14a9/elements[39m
[35m[HTTP][39m [90m{"using":"xpath","value":"//*[@class = 'android.widget.TextView' and (@text = 'MAE' or . = 'MAE')]"}[39m
[35m[HTTP][39m [37m<-- POST /wd/hub/session/abdc2b0f-fff6-483c-b374-f42be0fe14a9/elements [39m[32m200[39m [90m94 ms - 12[39m
[35m[HTTP][39m [90m[39m
[35m[HTTP][39m [37m-->[39m [37mPOST[39m [37m/wd/hub/session/abdc2b0f-fff6-483c-b374-f42be0fe14a9/elements[39m
[35m[HTTP][39m [90m{"using":"xpath","value":"//*[@class = 'android.widget.TextView' and (@text = 'MAE' or . = 'MAE')]"}[39m
[35m[HTTP][39m [37m<-- POST /wd/hub/session/abdc2b0f-fff6-483c-b374-f42be0fe14a9/elements [39m[32m200[39m [90m102 ms - 12[39m
[35m[HTTP][39m [90m[39m
[35m[HTTP][39m [37m-->[39m [37mPOST[39m [37m/wd/hub/session/abdc2b0f-fff6-483c-b374-f42be0fe14a9/elements[39m
[35m[HTTP][39m [90m{"using":"xpath","value":"//*[@class = 'android.widget.TextView' and (@text = 'MAE' or . = 'MAE')]"}[39m
[35m[HTTP][39m [37m<-- POST /wd/hub/session/abdc2b0f-fff6-483c-b374-f42be0fe14a9/elements [39m[32m200[39m [90m85 ms - 12[39m
[35m[HTTP][39m [90m[39m
[35m[HTTP][39m [37m-->[39m [37mPOST[39m [37m/wd/hub/session/abdc2b0f-fff6-483c-b374-f42be0fe14a9/elements[39m
[35m[HTTP][39m [90m{"using":"xpath","value":"//*[@class = 'android.widget.TextView' and (@text = 'MAE' or . = 'MAE')]"}[39m
[35m[HTTP][39m [37m<-- POST /wd/hub/session/abdc2b0f-fff6-483c-b374-f42be0fe14a9/elements [39m[32m200[39m [90m89 ms - 12[39m
[35m[HTTP][39m [90m[39m
[35m[HTTP][39m [37m-->[39m [37mPOST[39m [37m/wd/hub/session/abdc2b0f-fff6-483c-b374-f42be0fe14a9/elements[39m
[35m[HTTP][39m [90m{"using":"xpath","value":"//*[@class = 'android.widget.TextView' and (@text = 'MAE' or . = 'MAE')]"}[39m
[35m[HTTP][39m [37m<-- POST /wd/hub/session/abdc2b0f-fff6-483c-b374-f42be0fe14a9/elements [39m[32m200[39m [90m92 ms - 12[39m
[35m[HTTP][39m [90m[39m
[35m[HTTP][39m [37m-->[39m [37mPOST[39m [37m/wd/hub/session/abdc2b0f-fff6-483c-b374-f42be0fe14a9/elements[39m
[35m[HTTP][39m [90m{"using":"xpath","value":"//*[@class = 'android.widget.TextView' and (@text = 'MAE' or . = 'MAE')]"}[39m
[35m[HTTP][39m [37m<-- POST /wd/hub/session/abdc2b0f-fff6-483c-b374-f42be0fe14a9/elements [39m[32m200[39m [90m84 ms - 12[39m
[35m[HTTP][39m [90m[39m
[35m[HTTP][39m [37m-->[39m [37mPOST[39m [37m/wd/hub/session/abdc2b0f-fff6-483c-b374-f42be0fe14a9/elements[39m
[35m[HTTP][39m [90m{"using":"xpath","value":"//*[@class = 'android.widget.TextView' and (@text = 'MAE' or . = 'MAE')]"}[39m
[35m[HTTP][39m [37m<-- POST /wd/hub/session/abdc2b0f-fff6-483c-b374-f42be0fe14a9/elements [39m[32m200[39m [90m79 ms - 12[39m
[35m[HTTP][39m [90m[39m
[35m[HTTP][39m [37m-->[39m [37mPOST[39m [37m/wd/hub/session/abdc2b0f-fff6-483c-b374-f42be0fe14a9/elements[39m
[35m[HTTP][39m [90m{"using":"xpath","value":"//*[@class = 'android.widget.TextView' and (@text = 'MAE' or . = 'MAE')]"}[39m
[35m[HTTP][39m [37m<-- POST /wd/hub/session/abdc2b0f-fff6-483c-b374-f42be0fe14a9/elements [39m[32m200[39m [90m80 ms - 12[39m
[35m[HTTP][39m [90m[39m
[35m[HTTP][39m [37m-->[39m [37mPOST[39m [37m/wd/hub/session/abdc2b0f-fff6-483c-b374-f42be0fe14a9/elements[39m
[35m[HTTP][39m [90m{"using":"xpath","value":"//*[@class = 'android.widget.TextView' and (@text = 'MAE' or . = 'MAE')]"}[39m
[35m[HTTP][39m [37m<-- POST /wd/hub/session/abdc2b0f-fff6-483c-b374-f42be0fe14a9/elements [39m[32m200[39m [90m86 ms - 12[39m
[35m[HTTP][39m [90m[39m
[35m[HTTP][39m [37m-->[39m [37mPOST[39m [37m/wd/hub/session/abdc2b0f-fff6-483c-b374-f42be0fe14a9/elements[39m
[35m[HTTP][39m [90m{"using":"xpath","value":"//*[@class = 'android.widget.TextView' and (@text = 'MAE' or . = 'MAE')]"}[39m
[35m[HTTP][39m [37m<-- POST /wd/hub/session/abdc2b0f-fff6-483c-b374-f42be0fe14a9/elements [39m[32m200[39m [90m74 ms - 12[39m
[35m[HTTP][39m [90m[39m
[35m[HTTP][39m [37m-->[39m [37mPOST[39m [37m/wd/hub/session/abdc2b0f-fff6-483c-b374-f42be0fe14a9/elements[39m
[35m[HTTP][39m [90m{"using":"xpath","value":"//*[@class = 'android.widget.TextView' and (@text = 'MAE' or . = 'MAE')]"}[39m
[35m[HTTP][39m [37m<-- POST /wd/hub/session/abdc2b0f-fff6-483c-b374-f42be0fe14a9/elements [39m[32m200[39m [90m82 ms - 12[39m
[35m[HTTP][39m [90m[39m
[35m[HTTP][39m [37m-->[39m [37mPOST[39m [37m/wd/hub/session/abdc2b0f-fff6-483c-b374-f42be0fe14a9/elements[39m
[35m[HTTP][39m [90m{"using":"xpath","value":"//*[@class = 'android.widget.TextView' and (@text = 'MAE' or . = 'MAE')]"}[39m
[35m[HTTP][39m [37m<-- POST /wd/hub/session/abdc2b0f-fff6-483c-b374-f42be0fe14a9/elements [39m[32m200[39m [90m75 ms - 12[39m
[35m[HTTP][39m [90m[39m
[35m[HTTP][39m [37m-->[39m [37mPOST[39m [37m/wd/hub/session/abdc2b0f-fff6-483c-b374-f42be0fe14a9/elements[39m
[35m[HTTP][39m [90m{"using":"xpath","value":"//*[@class = 'android.widget.TextView' and (@text = 'MAE' or . = 'MAE')]"}[39m
[35m[HTTP][39m [37m<-- POST /wd/hub/session/abdc2b0f-fff6-483c-b374-f42be0fe14a9/elements [39m[32m200[39m [90m79 ms - 12[39m
[35m[HTTP][39m [90m[39m
[35m[HTTP][39m [37m-->[39m [37mPOST[39m [37m/wd/hub/session/abdc2b0f-fff6-483c-b374-f42be0fe14a9/elements[39m
[35m[HTTP][39m [90m{"using":"xpath","value":"//*[@class = 'android.widget.TextView' and (@text = 'MAE' or . = 'MAE')]"}[39m
[35m[HTTP][39m [37m<-- POST /wd/hub/session/abdc2b0f-fff6-483c-b374-f42be0fe14a9/elements [39m[32m200[39m [90m80 ms - 12[39m
[35m[HTTP][39m [90m[39m
[35m[HTTP][39m [37m-->[39m [37mPOST[39m [37m/wd/hub/session/abdc2b0f-fff6-483c-b374-f42be0fe14a9/elements[39m
[35m[HTTP][39m [90m{"using":"xpath","value":"//*[@class = 'android.widget.TextView' and (@text = 'MAE' or . = 'MAE')]"}[39m
[35m[HTTP][39m [37m<-- POST /wd/hub/session/abdc2b0f-fff6-483c-b374-f42be0fe14a9/elements [39m[32m200[39m [90m67 ms - 12[39m
[35m[HTTP][39m [90m[39m
[35m[HTTP][39m [37m-->[39m [37mPOST[39m [37m/wd/hub/session/abdc2b0f-fff6-483c-b374-f42be0fe14a9/elements[39m
[35m[HTTP][39m [90m{"using":"xpath","value":"//*[@class = 'android.widget.TextView' and (@text = 'MAE' or . = 'MAE')]"}[39m
[35m[HTTP][39m [37m<-- POST /wd/hub/session/abdc2b0f-fff6-483c-b374-f42be0fe14a9/elements [39m[32m200[39m [90m94 ms - 12[39m
[35m[HTTP][39m [90m[39m
[35m[HTTP][39m [37m-->[39m [37mPOST[39m [37m/wd/hub/session/abdc2b0f-fff6-483c-b374-f42be0fe14a9/elements[39m
[35m[HTTP][39m [90m{"using":"xpath","value":"//*[@class = 'android.widget.TextView' and (@text = 'MAE' or . = 'MAE')]"}[39m
[35m[HTTP][39m [37m<-- POST /wd/hub/session/abdc2b0f-fff6-483c-b374-f42be0fe14a9/elements [39m[32m200[39m [90m110 ms - 12[39m
[35m[HTTP][39m [90m[39m
[35m[HTTP][39m [37m-->[39m [37mPOST[39m [37m/wd/hub/session/abdc2b0f-fff6-483c-b374-f42be0fe14a9/elements[39m
[35m[HTTP][39m [90m{"using":"xpath","value":"//*[@class = 'android.widget.TextView' and (@text = 'MAE' or . = 'MAE')]"}[39m
[35m[HTTP][39m [37m<-- POST /wd/hub/session/abdc2b0f-fff6-483c-b374-f42be0fe14a9/elements [39m[32m200[39m [90m73 ms - 12[39m
[35m[HTTP][39m [90m[39m
[35m[HTTP][39m [37m-->[39m [37mPOST[39m [37m/wd/hub/session/abdc2b0f-fff6-483c-b374-f42be0fe14a9/elements[39m
[35m[HTTP][39m [90m{"using":"xpath","value":"//*[@class = 'android.widget.TextView' and (@text = 'MAE' or . = 'MAE')]"}[39m
[35m[HTTP][39m [37m<-- POST /wd/hub/session/abdc2b0f-fff6-483c-b374-f42be0fe14a9/elements [39m[32m200[39m [90m71 ms - 12[39m
[35m[HTTP][39m [90m[39m
[35m[HTTP][39m [37m-->[39m [37mPOST[39m [37m/wd/hub/session/abdc2b0f-fff6-483c-b374-f42be0fe14a9/elements[39m
[35m[HTTP][39m [90m{"using":"xpath","value":"//*[@class = 'android.widget.TextView' and (@text = 'MAE' or . = 'MAE')]"}[39m
[35m[HTTP][39m [37m<-- POST /wd/hub/session/abdc2b0f-fff6-483c-b374-f42be0fe14a9/elements [39m[32m200[39m [90m84 ms - 12[39m
[35m[HTTP][39m [90m[39m
[35m[HTTP][39m [37m-->[39m [37mPOST[39m [37m/wd/hub/session/abdc2b0f-fff6-483c-b374-f42be0fe14a9/elements[39m
[35m[HTTP][39m [90m{"using":"xpath","value":"//*[@class = 'android.widget.TextView' and (@text = 'MAE' or . = 'MAE')]"}[39m
[35m[HTTP][39m [37m<-- POST /wd/hub/session/abdc2b0f-fff6-483c-b374-f42be0fe14a9/elements [39m[32m200[39m [90m79 ms - 12[39m
[35m[HTTP][39m [90m[39m
[35m[HTTP][39m [37m-->[39m [37mPOST[39m [37m/wd/hub/session/abdc2b0f-fff6-483c-b374-f42be0fe14a9/elements[39m
[35m[HTTP][39m [90m{"using":"xpath","value":"//*[@class = 'android.widget.TextView' and (@text = 'MAE' or . = 'MAE')]"}[39m
[35m[HTTP][39m [37m<-- POST /wd/hub/session/abdc2b0f-fff6-483c-b374-f42be0fe14a9/elements [39m[32m200[39m [90m82 ms - 12[39m
[35m[HTTP][39m [90m[39m
[35m[HTTP][39m [37m-->[39m [37mPOST[39m [37m/wd/hub/session/abdc2b0f-fff6-483c-b374-f42be0fe14a9/elements[39m
[35m[HTTP][39m [90m{"using":"xpath","value":"//*[@class = 'android.widget.TextView' and (@text = 'MAE' or . = 'MAE')]"}[39m
[35m[HTTP][39m [37m<-- POST /wd/hub/session/abdc2b0f-fff6-483c-b374-f42be0fe14a9/elements [39m[32m200[39m [90m85 ms - 12[39m
[35m[HTTP][39m [90m[39m
[35m[HTTP][39m [37m-->[39m [37mPOST[39m [37m/wd/hub/session/abdc2b0f-fff6-483c-b374-f42be0fe14a9/elements[39m
[35m[HTTP][39m [90m{"using":"xpath","value":"//*[@class = 'android.widget.TextView' and (@text = 'MAE' or . = 'MAE')]"}[39m
[35m[HTTP][39m [37m<-- POST /wd/hub/session/abdc2b0f-fff6-483c-b374-f42be0fe14a9/elements [39m[32m200[39m [90m86 ms - 12[39m
[35m[HTTP][39m [90m[39m
[35m[HTTP][39m [37m-->[39m [37mPOST[39m [37m/wd/hub/session/abdc2b0f-fff6-483c-b374-f42be0fe14a9/elements[39m
[35m[HTTP][39m [90m{"using":"xpath","value":"//*[@class = 'android.widget.TextView' and (@text = 'MAE' or . = 'MAE')]"}[39m
[35m[HTTP][39m [37m<-- POST /wd/hub/session/abdc2b0f-fff6-483c-b374-f42be0fe14a9/elements [39m[32m200[39m [90m137 ms - 12[39m
[35m[HTTP][39m [90m[39m
[35m[HTTP][39m [37m-->[39m [37mPOST[39m [37m/wd/hub/session/abdc2b0f-fff6-483c-b374-f42be0fe14a9/elements[39m
[35m[HTTP][39m [90m{"using":"xpath","value":"//*[@class = 'android.widget.TextView' and (@text = 'MAE' or . = 'MAE')]"}[39m
[35m[HTTP][39m [37m<-- POST /wd/hub/session/abdc2b0f-fff6-483c-b374-f42be0fe14a9/elements [39m[32m200[39m [90m81 ms - 12[39m
[35m[HTTP][39m [90m[39m
[35m[HTTP][39m [37m-->[39m [37mPOST[39m [37m/wd/hub/session/abdc2b0f-fff6-483c-b374-f42be0fe14a9/elements[39m
[35m[HTTP][39m [90m{"using":"xpath","value":"//*[@class = 'android.widget.TextView' and (@text = 'MAE' or . = 'MAE')]"}[39m
[35m[HTTP][39m [37m<-- POST /wd/hub/session/abdc2b0f-fff6-483c-b374-f42be0fe14a9/elements [39m[32m200[39m [90m76 ms - 12[39m
[35m[HTTP][39m [90m[39m
[35m[HTTP][39m [37m-->[39m [37mPOST[39m [37m/wd/hub/session/abdc2b0f-fff6-483c-b374-f42be0fe14a9/elements[39m
[35m[HTTP][39m [90m{"using":"xpath","value":"//*[@class = 'android.widget.TextView' and (@text = 'MAE' or . = 'MAE')]"}[39m
[35m[HTTP][39m [37m<-- POST /wd/hub/session/abdc2b0f-fff6-483c-b374-f42be0fe14a9/elements [39m[32m200[39m [90m102 ms - 12[39m
[35m[HTTP][39m [90m[39m
[35m[HTTP][39m [37m-->[39m [37mPOST[39m [37m/wd/hub/session/abdc2b0f-fff6-483c-b374-f42be0fe14a9/elements[39m
[35m[HTTP][39m [90m{"using":"xpath","value":"//*[@class = 'android.widget.TextView' and (@text = 'MAE' or . = 'MAE')]"}[39m
[35m[HTTP][39m [37m<-- POST /wd/hub/session/abdc2b0f-fff6-483c-b374-f42be0fe14a9/elements [39m[32m200[39m [90m97 ms - 12[39m
[35m[HTTP][39m [90m[39m
[35m[HTTP][39m [37m-->[39m [37mPOST[39m [37m/wd/hub/session/abdc2b0f-fff6-483c-b374-f42be0fe14a9/elements[39m
[35m[HTTP][39m [90m{"using":"xpath","value":"//*[@class = 'android.widget.TextView' and (@text = 'MAE' or . = 'MAE')]"}[39m
[35m[HTTP][39m [37m<-- POST /wd/hub/session/abdc2b0f-fff6-483c-b374-f42be0fe14a9/elements [39m[32m200[39m [90m93 ms - 12[39m
[35m[HTTP][39m [90m[39m
[35m[HTTP][39m [37m-->[39m [37mPOST[39m [37m/wd/hub/session/abdc2b0f-fff6-483c-b374-f42be0fe14a9/elements[39m
[35m[HTTP][39m [90m{"using":"xpath","value":"//*[@class = 'android.widget.TextView' and (@text = 'MAE' or . = 'MAE')]"}[39m
[35m[HTTP][39m [37m<-- POST /wd/hub/session/abdc2b0f-fff6-483c-b374-f42be0fe14a9/elements [39m[32m200[39m [90m90 ms - 12[39m
[35m[HTTP][39m [90m[39m
[35m[HTTP][39m [37m-->[39m [37mPOST[39m [37m/wd/hub/session/abdc2b0f-fff6-483c-b374-f42be0fe14a9/elements[39m
[35m[HTTP][39m [90m{"using":"xpath","value":"//*[@class = 'android.widget.TextView' and (@text = 'MAE' or . = 'MAE')]"}[39m
[35m[HTTP][39m [37m<-- POST /wd/hub/session/abdc2b0f-fff6-483c-b374-f42be0fe14a9/elements [39m[32m200[39m [90m99 ms - 12[39m
[35m[HTTP][39m [90m[39m
[35m[HTTP][39m [37m-->[39m [37mPOST[39m [37m/wd/hub/session/abdc2b0f-fff6-483c-b374-f42be0fe14a9/elements[39m
[35m[HTTP][39m [90m{"using":"xpath","value":"//*[@class = 'android.widget.TextView' and (@text = 'MAE' or . = 'MAE')]"}[39m
[35m[HTTP][39m [37m<-- POST /wd/hub/session/abdc2b0f-fff6-483c-b374-f42be0fe14a9/elements [39m[32m200[39m [90m101 ms - 12[39m
[35m[HTTP][39m [90m[39m
[35m[HTTP][39m [37m-->[39m [37mPOST[39m [37m/wd/hub/session/abdc2b0f-fff6-483c-b374-f42be0fe14a9/elements[39m
[35m[HTTP][39m [90m{"using":"xpath","value":"//*[@class = 'android.widget.TextView' and (@text = 'MAE' or . = 'MAE')]"}[39m
[35m[HTTP][39m [37m<-- POST /wd/hub/session/abdc2b0f-fff6-483c-b374-f42be0fe14a9/elements [39m[32m200[39m [90m88 ms - 12[39m
[35m[HTTP][39m [90m[39m
[35m[HTTP][39m [37m-->[39m [37mPOST[39m [37m/wd/hub/session/abdc2b0f-fff6-483c-b374-f42be0fe14a9/elements[39m
[35m[HTTP][39m [90m{"using":"xpath","value":"//*[@class = 'android.widget.TextView' and (@text = 'MAE' or . = 'MAE')]"}[39m
[35m[HTTP][39m [37m<-- POST /wd/hub/session/abdc2b0f-fff6-483c-b374-f42be0fe14a9/elements [39m[32m200[39m [90m130 ms - 12[39m
[35m[HTTP][39m [90m[39m
[35m[HTTP][39m [37m-->[39m [37mPOST[39m [37m/wd/hub/session/abdc2b0f-fff6-483c-b374-f42be0fe14a9/elements[39m
[35m[HTTP][39m [90m{"using":"xpath","value":"//*[@class = 'android.widget.TextView' and (@text = 'MAE' or . = 'MAE')]"}[39m
[35m[HTTP][39m [37m<-- POST /wd/hub/session/abdc2b0f-fff6-483c-b374-f42be0fe14a9/elements [39m[32m200[39m [90m185 ms - 12[39m
[35m[HTTP][39m [90m[39m
[35m[HTTP][39m [37m-->[39m [37mPOST[39m [37m/wd/hub/session/abdc2b0f-fff6-483c-b374-f42be0fe14a9/elements[39m
[35m[HTTP][39m [90m{"using":"xpath","value":"//*[@class = 'android.widget.TextView' and (@text = 'MAE' or . = 'MAE')]"}[39m
[35m[HTTP][39m [37m<-- POST /wd/hub/session/abdc2b0f-fff6-483c-b374-f42be0fe14a9/elements [39m[32m200[39m [90m1836 ms - 139[39m
[35m[HTTP][39m [90m[39m
[35m[HTTP][39m [37m-->[39m [37mGET[39m [37m/wd/hub/session/abdc2b0f-fff6-483c-b374-f42be0fe14a9/element/00000000-0000-0713-ffff-ffff00000281/location[39m
[35m[HTTP][39m [90m{}[39m
[35m[W3C (abdc2b0f)][39m Driver proxy active, passing request on via HTTP proxy
[35m[WD Proxy][39m Replacing sessionId b2664707-8399-4d0b-a4d7-3aaa3fcd4d86 with abdc2b0f-fff6-483c-b374-f42be0fe14a9
[35m[HTTP][39m [37m<-- GET /wd/hub/session/abdc2b0f-fff6-483c-b374-f42be0fe14a9/element/00000000-0000-0713-ffff-ffff00000281/location [39m[32m200[39m [90m26 ms - 78[39m
[35m[HTTP][39m [90m[39m
[35m[HTTP][39m [37m-->[39m [37mPOST[39m [37m/wd/hub/session/abdc2b0f-fff6-483c-b374-f42be0fe14a9/timeouts[39m
[35m[HTTP][39m [90m{"implicit":40000}[39m
[35m[HTTP][39m [37m<-- POST /wd/hub/session/abdc2b0f-fff6-483c-b374-f42be0fe14a9/timeouts [39m[32m200[39m [90m17 ms - 14[39m
[35m[HTTP][39m [90m[39m
[35m[HTTP][39m [37m-->[39m [37mGET[39m [37m/wd/hub/session/abdc2b0f-fff6-483c-b374-f42be0fe14a9/element/00000000-0000-0713-ffff-ffff00000281/displayed[39m
[35m[HTTP][39m [90m{}[39m
[35m[HTTP][39m [37m<-- GET /wd/hub/session/abdc2b0f-fff6-483c-b374-f42be0fe14a9/element/00000000-0000-0713-ffff-ffff00000281/displayed [39m[32m200[39m [90m33 ms - 14[39m
[35m[HTTP][39m [90m[39m
[35m[HTTP][39m [37m-->[39m [37mPOST[39m [37m/wd/hub/session/abdc2b0f-fff6-483c-b374-f42be0fe14a9/timeouts[39m
[35m[HTTP][39m [90m{"implicit":50}[39m
[35m[HTTP][39m [37m<-- POST /wd/hub/session/abdc2b0f-fff6-483c-b374-f42be0fe14a9/timeouts [39m[32m200[39m [90m1 ms - 14[39m
[35m[HTTP][39m [90m[39m
[35m[HTTP][39m [37m-->[39m [37mGET[39m [37m/wd/hub/session/abdc2b0f-fff6-483c-b374-f42be0fe14a9/window/rect[39m
[35m[HTTP][39m [90m{}[39m
[35m[HTTP][39m [37m<-- GET /wd/hub/session/abdc2b0f-fff6-483c-b374-f42be0fe14a9/window/rect [39m[32m200[39m [90m9 ms - 50[39m
[35m[HTTP][39m [90m[39m
[35m[HTTP][39m [37m-->[39m [37mPOST[39m [37m/wd/hub/session/abdc2b0f-fff6-483c-b374-f42be0fe14a9/elements[39m
[35m[HTTP][39m [90m{"using":"xpath","value":"//*[@class = 'android.widget.TextView' and (@text = 'MAE' or . = 'MAE')]"}[39m
[35m[HTTP][39m [37m<-- POST /wd/hub/session/abdc2b0f-fff6-483c-b374-f42be0fe14a9/elements [39m[32m200[39m [90m338 ms - 139[39m
[35m[HTTP][39m [90m[39m
[35m[HTTP][39m [37m-->[39m [37mGET[39m [37m/wd/hub/session/abdc2b0f-fff6-483c-b374-f42be0fe14a9/element/00000000-0000-0713-ffff-ffff00000281/location[39m
[35m[HTTP][39m [90m{}[39m
[35m[W3C (abdc2b0f)][39m Driver proxy active, passing request on via HTTP proxy
[35m[WD Proxy][39m Replacing sessionId b2664707-8399-4d0b-a4d7-3aaa3fcd4d86 with abdc2b0f-fff6-483c-b374-f42be0fe14a9
[35m[HTTP][39m [37m<-- GET /wd/hub/session/abdc2b0f-fff6-483c-b374-f42be0fe14a9/element/00000000-0000-0713-ffff-ffff00000281/location [39m[32m200[39m [90m15 ms - 78[39m
[35m[HTTP][39m [90m[39m
[35m[HTTP][39m [37m-->[39m [37mPOST[39m [37m/wd/hub/session/abdc2b0f-fff6-483c-b374-f42be0fe14a9/timeouts[39m
[35m[HTTP][39m [90m{"implicit":40000}[39m
[35m[HTTP][39m [37m<-- POST /wd/hub/session/abdc2b0f-fff6-483c-b374-f42be0fe14a9/timeouts [39m[32m200[39m [90m1 ms - 14[39m
[35m[HTTP][39m [90m[39m
[35m[HTTP][39m [37m-->[39m [37mPOST[39m [37m/wd/hub/session/abdc2b0f-fff6-483c-b374-f42be0fe14a9/element/00000000-0000-0713-ffff-ffff00000281/click[39m
[35m[HTTP][39m [90m{"id":"00000000-0000-0713-ffff-ffff00000281"}[39m
[35m[HTTP][39m [37m<-- POST /wd/hub/session/abdc2b0f-fff6-483c-b374-f42be0fe14a9/element/00000000-0000-0713-ffff-ffff00000281/click [39m[32m200[39m [90m40 ms - 14[39m
[35m[HTTP][39m [90m[39m
[35m[HTTP][39m [37m-->[39m [37mPOST[39m [37m/wd/hub/session/abdc2b0f-fff6-483c-b374-f42be0fe14a9/timeouts[39m
[35m[HTTP][39m [90m{"implicit":50}[39m
[35m[HTTP][39m [37m<-- POST /wd/hub/session/abdc2b0f-fff6-483c-b374-f42be0fe14a9/timeouts [39m[32m200[39m [90m1 ms - 14[39m
[35m[HTTP][39m [90m[39m
[35m[HTTP][39m [37m-->[39m [37mGET[39m [37m/wd/hub/session/abdc2b0f-fff6-483c-b374-f42be0fe14a9/window/rect[39m
[35m[HTTP][39m [90m{}[39m
[35m[HTTP][39m [37m<-- GET /wd/hub/session/abdc2b0f-fff6-483c-b374-f42be0fe14a9/window/rect [39m[32m200[39m [90m11 ms - 50[39m
[35m[HTTP][39m [90m[39m
[35m[HTTP][39m [37m-->[39m [37mPOST[39m [37m/wd/hub/session/abdc2b0f-fff6-483c-b374-f42be0fe14a9/elements[39m
[35m[HTTP][39m [90m{"using":"xpath","value":"//*[@class = 'android.widget.TextView' and (@text = 'Transfer' or . = 'Transfer')]"}[39m
[35m[HTTP][39m [37m<-- POST /wd/hub/session/abdc2b0f-fff6-483c-b374-f42be0fe14a9/elements [39m[32m200[39m [90m214 ms - 139[39m
[35m[HTTP][39m [90m[39m
[35m[HTTP][39m [37m-->[39m [37mGET[39m [37m/wd/hub/session/abdc2b0f-fff6-483c-b374-f42be0fe14a9/element/00000000-0000-0713-ffff-ffff00000342/location[39m
[35m[HTTP][39m [90m{}[39m
[35m[W3C (abdc2b0f)][39m Driver proxy active, passing request on via HTTP proxy
[35m[WD Proxy][39m Replacing sessionId b2664707-8399-4d0b-a4d7-3aaa3fcd4d86 with abdc2b0f-fff6-483c-b374-f42be0fe14a9
[35m[HTTP][39m [37m<-- GET /wd/hub/session/abdc2b0f-fff6-483c-b374-f42be0fe14a9/element/00000000-0000-0713-ffff-ffff00000342/location [39m[32m200[39m [90m16 ms - 79[39m
[35m[HTTP][39m [90m[39m
[35m[HTTP][39m [37m-->[39m [37mPOST[39m [37m/wd/hub/session/abdc2b0f-fff6-483c-b374-f42be0fe14a9/timeouts[39m
[35m[HTTP][39m [90m{"implicit":40000}[39m
[35m[HTTP][39m [37m<-- POST /wd/hub/session/abdc2b0f-fff6-483c-b374-f42be0fe14a9/timeouts [39m[32m200[39m [90m1 ms - 14[39m
[35m[HTTP][39m [90m[39m
[35m[HTTP][39m [37m-->[39m [37mPOST[39m [37m/wd/hub/session/abdc2b0f-fff6-483c-b374-f42be0fe14a9/element/00000000-0000-0713-ffff-ffff00000342/click[39m
[35m[HTTP][39m [90m{"id":"00000000-0000-0713-ffff-ffff00000342"}[39m
[35m[HTTP][39m [37m<-- POST /wd/hub/session/abdc2b0f-fff6-483c-b374-f42be0fe14a9/element/00000000-0000-0713-ffff-ffff00000342/click [39m[32m200[39m [90m41 ms - 14[39m
[35m[HTTP][39m [90m[39m
[35m[HTTP][39m [37m-->[39m [37mPOST[39m [37m/wd/hub/session/abdc2b0f-fff6-483c-b374-f42be0fe14a9/timeouts[39m
[35m[HTTP][39m [90m{"implicit":50}[39m
[35m[HTTP][39m [37m<-- POST /wd/hub/session/abdc2b0f-fff6-483c-b374-f42be0fe14a9/timeouts [39m[32m200[39m [90m1 ms - 14[39m
[35m[HTTP][39m [90m[39m
[35m[HTTP][39m [37m-->[39m [37mGET[39m [37m/wd/hub/session/abdc2b0f-fff6-483c-b374-f42be0fe14a9/window/rect[39m
[35m[HTTP][39m [90m{}[39m
[35m[HTTP][39m [37m<-- GET /wd/hub/session/abdc2b0f-fff6-483c-b374-f42be0fe14a9/window/rect [39m[32m200[39m [90m15 ms - 50[39m
[35m[HTTP][39m [90m[39m
[35m[HTTP][39m [37m-->[39m [37mPOST[39m [37m/wd/hub/session/abdc2b0f-fff6-483c-b374-f42be0fe14a9/elements[39m
[35m[HTTP][39m [90m{"using":"xpath","value":"//*[(@text = 'Forgot Password' or . = 'Forgot Password')]"}[39m
[35m[HTTP][39m [37m<-- POST /wd/hub/session/abdc2b0f-fff6-483c-b374-f42be0fe14a9/elements [39m[32m200[39m [90m10250 ms - 139[39m
[35m[HTTP][39m [90m[39m
[35m[HTTP][39m [37m-->[39m [37mGET[39m [37m/wd/hub/session/abdc2b0f-fff6-483c-b374-f42be0fe14a9/element/00000000-0000-0713-ffff-ffff00000415/location[39m
[35m[HTTP][39m [90m{}[39m
[35m[W3C (abdc2b0f)][39m Driver proxy active, passing request on via HTTP proxy
[35m[WD Proxy][39m Replacing sessionId b2664707-8399-4d0b-a4d7-3aaa3fcd4d86 with abdc2b0f-fff6-483c-b374-f42be0fe14a9
[35m[HTTP][39m [37m<-- GET /wd/hub/session/abdc2b0f-fff6-483c-b374-f42be0fe14a9/element/00000000-0000-0713-ffff-ffff00000415/location [39m[32m200[39m [90m20067 ms - 78[39m
[35m[HTTP][39m [90m[39m
[35m[HTTP][39m [37m-->[39m [37mPOST[39m [37m/wd/hub/session/abdc2b0f-fff6-483c-b374-f42be0fe14a9/timeouts[39m
[35m[HTTP][39m [90m{"implicit":40000}[39m
[35m[HTTP][39m [37m<-- POST /wd/hub/session/abdc2b0f-fff6-483c-b374-f42be0fe14a9/timeouts [39m[32m200[39m [90m1 ms - 14[39m
[35m[HTTP][39m [90m[39m
[35m[HTTP][39m [37m-->[39m [37mGET[39m [37m/wd/hub/session/abdc2b0f-fff6-483c-b374-f42be0fe14a9/element/00000000-0000-0713-ffff-ffff00000415/displayed[39m
[35m[HTTP][39m [90m{}[39m
[35m[HTTP][39m [37m<-- GET /wd/hub/session/abdc2b0f-fff6-483c-b374-f42be0fe14a9/element/00000000-0000-0713-ffff-ffff00000415/displayed [39m[32m200[39m [90m20125 ms - 14[39m
[35m[HTTP][39m [90m[39m
[35m[HTTP][39m [37m-->[39m [37mPOST[39m [37m/wd/hub/session/abdc2b0f-fff6-483c-b374-f42be0fe14a9/timeouts[39m
[35m[HTTP][39m [90m{"implicit":50}[39m
[35m[HTTP][39m [37m<-- POST /wd/hub/session/abdc2b0f-fff6-483c-b374-f42be0fe14a9/timeouts [39m[32m200[39m [90m1 ms - 14[39m
[35m[HTTP][39m [90m[39m
[35m[HTTP][39m [37m-->[39m [37mGET[39m [37m/wd/hub/session/abdc2b0f-fff6-483c-b374-f42be0fe14a9/window/rect[39m
[35m[HTTP][39m [90m{}[39m
[35m[HTTP][39m [37m<-- GET /wd/hub/session/abdc2b0f-fff6-483c-b374-f42be0fe14a9/window/rect [39m[32m200[39m [90m19 ms - 50[39m
[35m[HTTP][39m [90m[39m
[35m[HTTP][39m [37m-->[39m [37mPOST[39m [37m/wd/hub/session/abdc2b0f-fff6-483c-b374-f42be0fe14a9/elements[39m
[35m[HTTP][39m [90m{"using":"xpath","value":"//*[@class = 'android.widget.EditText' and (@text = 'M2U password' or . = 'M2U password')]"}[39m
[35m[HTTP][39m [37m<-- POST /wd/hub/session/abdc2b0f-fff6-483c-b374-f42be0fe14a9/elements [39m[32m200[39m [90m10247 ms - 139[39m
[35m[HTTP][39m [90m[39m
[35m[HTTP][39m [37m-->[39m [37mGET[39m [37m/wd/hub/session/abdc2b0f-fff6-483c-b374-f42be0fe14a9/element/00000000-0000-0713-ffff-ffff00000413/location[39m
[35m[HTTP][39m [90m{}[39m
[35m[W3C (abdc2b0f)][39m Driver proxy active, passing request on via HTTP proxy
[35m[WD Proxy][39m Replacing sessionId b2664707-8399-4d0b-a4d7-3aaa3fcd4d86 with abdc2b0f-fff6-483c-b374-f42be0fe14a9
[35m[HTTP][39m [37m<-- GET /wd/hub/session/abdc2b0f-fff6-483c-b374-f42be0fe14a9/element/00000000-0000-0713-ffff-ffff00000413/location [39m[32m200[39m [90m20077 ms - 77[39m
[35m[HTTP][39m [90m[39m
[35m[HTTP][39m [37m-->[39m [37mPOST[39m [37m/wd/hub/session/abdc2b0f-fff6-483c-b374-f42be0fe14a9/timeouts[39m
[35m[HTTP][39m [90m{"implicit":40000}[39m
[35m[HTTP][39m [37m<-- POST /wd/hub/session/abdc2b0f-fff6-483c-b374-f42be0fe14a9/timeouts [39m[32m200[39m [90m1 ms - 14[39m
[35m[HTTP][39m [90m[39m
[35m[HTTP][39m [37m-->[39m [37mPOST[39m [37m/wd/hub/session/abdc2b0f-fff6-483c-b374-f42be0fe14a9/element/00000000-0000-0713-ffff-ffff00000413/clear[39m
[35m[HTTP][39m [90m{"id":"00000000-0000-0713-ffff-ffff00000413"}[39m
[35m[HTTP][39m [37m<-- POST /wd/hub/session/abdc2b0f-fff6-483c-b374-f42be0fe14a9/element/00000000-0000-0713-ffff-ffff00000413/clear [39m[32m200[39m [90m20136 ms - 14[39m
[35m[HTTP][39m [90m[39m
[35m[HTTP][39m [37m-->[39m [37mPOST[39m [37m/wd/hub/session/abdc2b0f-fff6-483c-b374-f42be0fe14a9/element/00000000-0000-0713-ffff-ffff00000413/value[39m
[35m[HTTP][39m [90m{"id":"00000000-0000-0713-ffff-ffff00000413","text":"pass1234","value":["p","a","s","s","1","2","3","4"]}[39m
[35m[WD Proxy][39m Got response with status 404: {"sessionId":"b2664707-8399-4d0b-a4d7-3aaa3fcd4d86","value":{"error":"stale element reference","message":"androidx.test.uiautomator.StaleObjectException","stacktrace":"io.appium.uiautomator2.common.exceptions.StaleElementReferenceException: androidx.test.uiautomator.StaleObjectException\n\tat io.appium.uiautomator2.handler.request.SafeRequestHandler.handle(SafeRequestHandler.java:63)\n\tat io.appium.uiautomator2.server.AppiumServlet.handleRequest(AppiumServlet.java:266)\n\tat io.appium.uiautomator2.server.AppiumServlet.handleHttpRequest(AppiumServlet.java:260)\n\tat io.appium.uiautomator2.http.ServerHandler.channelRead(ServerHandler.java:68)\n\tat io.netty.channel.AbstractChannelHandlerContext.invokeChannelRead(AbstractChannelHandlerContext.java:366)\n\tat io.netty.channel.AbstractChannelHandlerContext.invokeChannelRead(AbstractChannelHandlerContext.java:352)\n\tat io.netty.channel.AbstractChannelHandlerContext.fireChannelRead(AbstractChannelHandlerContext.java:345)\n\tat io.netty.handler.codec.MessageToMe...
[35m[HTTP][39m [37m<-- POST /wd/hub/session/abdc2b0f-fff6-483c-b374-f42be0fe14a9/element/00000000-0000-0713-ffff-ffff00000413/value [39m[33m404[39m [90m46160 ms - 5034[39m
[35m[HTTP][39m [90m[39m
[35m[HTTP][39m [37m-->[39m [37mGET[39m [37m/wd/hub/session/abdc2b0f-fff6-483c-b374-f42be0fe14a9/context[39m
[35m[HTTP][39m [90m{}[39m
[35m[HTTP][39m [37m<-- GET /wd/hub/session/abdc2b0f-fff6-483c-b374-f42be0fe14a9/context [39m[32m200[39m [90m1 ms - 22[39m
[35m[HTTP][39m [90m[39m
[35m[HTTP][39m [37m-->[39m [37mGET[39m [37m/wd/hub/session/abdc2b0f-fff6-483c-b374-f42be0fe14a9/contexts[39m
[35m[HTTP][39m [90m{}[39m
[35m[HTTP][39m [37m<-- GET /wd/hub/session/abdc2b0f-fff6-483c-b374-f42be0fe14a9/contexts [39m[32m200[39m [90m116 ms - 41[39m
[35m[HTTP][39m [90m[39m
[35m[HTTP][39m [37m-->[39m [37mPOST[39m [37m/wd/hub/session/abdc2b0f-fff6-483c-b374-f42be0fe14a9/context[39m
[35m[HTTP][39m [90m{"name":"NATIVE_APP"}[39m
[35m[HTTP][39m [37m<-- POST /wd/hub/session/abdc2b0f-fff6-483c-b374-f42be0fe14a9/context [39m[32m200[39m [90m1 ms - 14[39m
[35m[HTTP][39m [90m[39m
[35m[HTTP][39m [37m-->[39m [37mPOST[39m [37m/wd/hub/session/abdc2b0f-fff6-483c-b374-f42be0fe14a9/appium/device/hide_keyboard[39m
[35m[HTTP][39m [90m{}[39m
[35m[ADB][39m Keyboard has no UI; no closing necessary
[35m[HTTP][39m [37m<-- POST /wd/hub/session/abdc2b0f-fff6-483c-b374-f42be0fe14a9/appium/device/hide_keyboard [39m[32m200[39m [90m993 ms - 15[39m
[35m[HTTP][39m [90m[39m
[35m[HTTP][39m [37m-->[39m [37mPOST[39m [37m/wd/hub/session/abdc2b0f-fff6-483c-b374-f42be0fe14a9/context[39m
[35m[HTTP][39m [90m{"name":"NATIVE_APP"}[39m
[35m[HTTP][39m [37m<-- POST /wd/hub/session/abdc2b0f-fff6-483c-b374-f42be0fe14a9/context [39m[32m200[39m [90m1 ms - 14[39m
[35m[HTTP][39m [90m[39m
[35m[HTTP][39m [37m-->[39m [37mPOST[39m [37m/wd/hub/session/abdc2b0f-fff6-483c-b374-f42be0fe14a9/timeouts[39m
[35m[HTTP][39m [90m{"implicit":50}[39m
[35m[HTTP][39m [37m<-- POST /wd/hub/session/abdc2b0f-fff6-483c-b374-f42be0fe14a9/timeouts [39m[32m200[39m [90m1 ms - 14[39m
[35m[HTTP][39m [90m[39m
[35m[HTTP][39m [37m-->[39m [37mGET[39m [37m/wd/hub/session/abdc2b0f-fff6-483c-b374-f42be0fe14a9/window/rect[39m
[35m[HTTP][39m [90m{}[39m
[35m[HTTP][39m [37m<-- GET /wd/hub/session/abdc2b0f-fff6-483c-b374-f42be0fe14a9/window/rect [39m[32m200[39m [90m13 ms - 50[39m
[35m[HTTP][39m [90m[39m
[35m[HTTP][39m [37m-->[39m [37mPOST[39m [37m/wd/hub/session/abdc2b0f-fff6-483c-b374-f42be0fe14a9/elements[39m
[35m[HTTP][39m [90m{"using":"xpath","value":"//hierarchy/android.widget.FrameLayout[1]/android.widget.LinearLayout[1]/android.widget.FrameLayout[1]/android.widget.LinearLayout[1]/android.widget.FrameLayout[1]/android.widget.FrameLayout[1]/android.view.ViewGroup[1]/android.view.ViewGroup[1]/android.view.ViewGroup[1]/android.view.ViewGroup[2]/android.view.ViewGroup[1]/android.view.ViewGroup[1]/android.view.ViewGroup[3]/android.view.ViewGroup[1]/android.view.ViewGroup[1]/android.widget.TextView[1]"}[39m
[35m[HTTP][39m [37m<-- POST /wd/hub/session/abdc2b0f-fff6-483c-b374-f42be0fe14a9/elements [39m[32m200[39m [90m439 ms - 12[39m
[35m[HTTP][39m [90m[39m
[35m[HTTP][39m [37m-->[39m [37mPOST[39m [37m/wd/hub/session/abdc2b0f-fff6-483c-b374-f42be0fe14a9/elements[39m
[35m[HTTP][39m [90m{"using":"xpath","value":"//hierarchy/android.widget.FrameLayout[1]/android.widget.LinearLayout[1]/android.widget.FrameLayout[1]/android.widget.LinearLayout[1]/android.widget.FrameLayout[1]/android.widget.FrameLayout[1]/android.view.ViewGroup[1]/android.view.ViewGroup[1]/android.view.ViewGroup[1]/android.view.ViewGroup[2]/android.view.ViewGroup[1]/android.view.ViewGroup[1]/android.view.ViewGroup[3]/android.view.ViewGroup[1]/android.view.ViewGroup[1]/android.widget.TextView[1]"}[39m
[35m[HTTP][39m [37m<-- POST /wd/hub/session/abdc2b0f-fff6-483c-b374-f42be0fe14a9/elements [39m[32m200[39m [90m469 ms - 12[39m
[35m[HTTP][39m [90m[39m
[35m[HTTP][39m [37m-->[39m [37mPOST[39m [37m/wd/hub/session/abdc2b0f-fff6-483c-b374-f42be0fe14a9/elements[39m
[35m[HTTP][39m [90m{"using":"xpath","value":"//hierarchy/android.widget.FrameLayout[1]/android.widget.LinearLayout[1]/android.widget.FrameLayout[1]/android.widget.LinearLayout[1]/android.widget.FrameLayout[1]/android.widget.FrameLayout[1]/android.view.ViewGroup[1]/android.view.ViewGroup[1]/android.view.ViewGroup[1]/android.view.ViewGroup[2]/android.view.ViewGroup[1]/android.view.ViewGroup[1]/android.view.ViewGroup[3]/android.view.ViewGroup[1]/android.view.ViewGroup[1]/android.widget.TextView[1]"}[39m
[35m[HTTP][39m [37m<-- POST /wd/hub/session/abdc2b0f-fff6-483c-b374-f42be0fe14a9/elements [39m[32m200[39m [90m448 ms - 12[39m
[35m[HTTP][39m [90m[39m
[35m[HTTP][39m [37m-->[39m [37mPOST[39m [37m/wd/hub/session/abdc2b0f-fff6-483c-b374-f42be0fe14a9/elements[39m
[35m[HTTP][39m [90m{"using":"xpath","value":"//hierarchy/android.widget.FrameLayout[1]/android.widget.LinearLayout[1]/android.widget.FrameLayout[1]/android.widget.LinearLayout[1]/android.widget.FrameLayout[1]/android.widget.FrameLayout[1]/android.view.ViewGroup[1]/android.view.ViewGroup[1]/android.view.ViewGroup[1]/android.view.ViewGroup[2]/android.view.ViewGroup[1]/android.view.ViewGroup[1]/android.view.ViewGroup[3]/android.view.ViewGroup[1]/android.view.ViewGroup[1]/android.widget.TextView[1]"}[39m
[35m[HTTP][39m [37m<-- POST /wd/hub/session/abdc2b0f-fff6-483c-b374-f42be0fe14a9/elements [39m[32m200[39m [90m422 ms - 12[39m
[35m[HTTP][39m [90m[39m
[35m[HTTP][39m [37m-->[39m [37mPOST[39m [37m/wd/hub/session/abdc2b0f-fff6-483c-b374-f42be0fe14a9/elements[39m
[35m[HTTP][39m [90m{"using":"xpath","value":"//hierarchy/android.widget.FrameLayout[1]/android.widget.LinearLayout[1]/android.widget.FrameLayout[1]/android.widget.LinearLayout[1]/android.widget.FrameLayout[1]/android.widget.FrameLayout[1]/android.view.ViewGroup[1]/android.view.ViewGroup[1]/android.view.ViewGroup[1]/android.view.ViewGroup[2]/android.view.ViewGroup[1]/android.view.ViewGroup[1]/android.view.ViewGroup[3]/android.view.ViewGroup[1]/android.view.ViewGroup[1]/android.widget.TextView[1]"}[39m
[35m[HTTP][39m [37m<-- POST /wd/hub/session/abdc2b0f-fff6-483c-b374-f42be0fe14a9/elements [39m[32m200[39m [90m452 ms - 12[39m
[35m[HTTP][39m [90m[39m
[35m[HTTP][39m [37m-->[39m [37mPOST[39m [37m/wd/hub/session/abdc2b0f-fff6-483c-b374-f42be0fe14a9/elements[39m
[35m[HTTP][39m [90m{"using":"xpath","value":"//hierarchy/android.widget.FrameLayout[1]/android.widget.LinearLayout[1]/android.widget.FrameLayout[1]/android.widget.LinearLayout[1]/android.widget.FrameLayout[1]/android.widget.FrameLayout[1]/android.view.ViewGroup[1]/android.view.ViewGroup[1]/android.view.ViewGroup[1]/android.view.ViewGroup[2]/android.view.ViewGroup[1]/android.view.ViewGroup[1]/android.view.ViewGroup[3]/android.view.ViewGroup[1]/android.view.ViewGroup[1]/android.widget.TextView[1]"}[39m
[35m[HTTP][39m [37m<-- POST /wd/hub/session/abdc2b0f-fff6-483c-b374-f42be0fe14a9/elements [39m[32m200[39m [90m406 ms - 12[39m
[35m[HTTP][39m [90m[39m
[35m[HTTP][39m [37m-->[39m [37mPOST[39m [37m/wd/hub/session/abdc2b0f-fff6-483c-b374-f42be0fe14a9/elements[39m
[35m[HTTP][39m [90m{"using":"xpath","value":"//hierarchy/android.widget.FrameLayout[1]/android.widget.LinearLayout[1]/android.widget.FrameLayout[1]/android.widget.LinearLayout[1]/android.widget.FrameLayout[1]/android.widget.FrameLayout[1]/android.view.ViewGroup[1]/android.view.ViewGroup[1]/android.view.ViewGroup[1]/android.view.ViewGroup[2]/android.view.ViewGroup[1]/android.view.ViewGroup[1]/android.view.ViewGroup[3]/android.view.ViewGroup[1]/android.view.ViewGroup[1]/android.widget.TextView[1]"}[39m
[35m[HTTP][39m [37m<-- POST /wd/hub/session/abdc2b0f-fff6-483c-b374-f42be0fe14a9/elements [39m[32m200[39m [90m454 ms - 12[39m
[35m[HTTP][39m [90m[39m
[35m[HTTP][39m [37m-->[39m [37mPOST[39m [37m/wd/hub/session/abdc2b0f-fff6-483c-b374-f42be0fe14a9/elements[39m
[35m[HTTP][39m [90m{"using":"xpath","value":"//hierarchy/android.widget.FrameLayout[1]/android.widget.LinearLayout[1]/android.widget.FrameLayout[1]/android.widget.LinearLayout[1]/android.widget.FrameLayout[1]/android.widget.FrameLayout[1]/android.view.ViewGroup[1]/android.view.ViewGroup[1]/android.view.ViewGroup[1]/android.view.ViewGroup[2]/android.view.ViewGroup[1]/android.view.ViewGroup[1]/android.view.ViewGroup[3]/android.view.ViewGroup[1]/android.view.ViewGroup[1]/android.widget.TextView[1]"}[39m
[35m[HTTP][39m [37m<-- POST /wd/hub/session/abdc2b0f-fff6-483c-b374-f42be0fe14a9/elements [39m[32m200[39m [90m456 ms - 12[39m
[35m[HTTP][39m [90m[39m
[35m[HTTP][39m [37m-->[39m [37mPOST[39m [37m/wd/hub/session/abdc2b0f-fff6-483c-b374-f42be0fe14a9/elements[39m
[35m[HTTP][39m [90m{"using":"xpath","value":"//hierarchy/android.widget.FrameLayout[1]/android.widget.LinearLayout[1]/android.widget.FrameLayout[1]/android.widget.LinearLayout[1]/android.widget.FrameLayout[1]/android.widget.FrameLayout[1]/android.view.ViewGroup[1]/android.view.ViewGroup[1]/android.view.ViewGroup[1]/android.view.ViewGroup[2]/android.view.ViewGroup[1]/android.view.ViewGroup[1]/android.view.ViewGroup[3]/android.view.ViewGroup[1]/android.view.ViewGroup[1]/android.widget.TextView[1]"}[39m
[35m[HTTP][39m [37m<-- POST /wd/hub/session/abdc2b0f-fff6-483c-b374-f42be0fe14a9/elements [39m[32m200[39m [90m420 ms - 12[39m
[35m[HTTP][39m [90m[39m
[35m[HTTP][39m [37m-->[39m [37mPOST[39m [37m/wd/hub/session/abdc2b0f-fff6-483c-b374-f42be0fe14a9/elements[39m
[35m[HTTP][39m [90m{"using":"xpath","value":"//hierarchy/android.widget.FrameLayout[1]/android.widget.LinearLayout[1]/android.widget.FrameLayout[1]/android.widget.LinearLayout[1]/android.widget.FrameLayout[1]/android.widget.FrameLayout[1]/android.view.ViewGroup[1]/android.view.ViewGroup[1]/android.view.ViewGroup[1]/android.view.ViewGroup[2]/android.view.ViewGroup[1]/android.view.ViewGroup[1]/android.view.ViewGroup[3]/android.view.ViewGroup[1]/android.view.ViewGroup[1]/android.widget.TextView[1]"}[39m
[35m[HTTP][39m [37m<-- POST /wd/hub/session/abdc2b0f-fff6-483c-b374-f42be0fe14a9/elements [39m[32m200[39m [90m443 ms - 12[39m
[35m[HTTP][39m [90m[39m
[35m[HTTP][39m [37m-->[39m [37mPOST[39m [37m/wd/hub/session/abdc2b0f-fff6-483c-b374-f42be0fe14a9/elements[39m
[35m[HTTP][39m [90m{"using":"xpath","value":"//hierarchy/android.widget.FrameLayout[1]/android.widget.LinearLayout[1]/android.widget.FrameLayout[1]/android.widget.LinearLayout[1]/android.widget.FrameLayout[1]/android.widget.FrameLayout[1]/android.view.ViewGroup[1]/android.view.ViewGroup[1]/android.view.ViewGroup[1]/android.view.ViewGroup[2]/android.view.ViewGroup[1]/android.view.ViewGroup[1]/android.view.ViewGroup[3]/android.view.ViewGroup[1]/android.view.ViewGroup[1]/android.widget.TextView[1]"}[39m
[35m[HTTP][39m [37m<-- POST /wd/hub/session/abdc2b0f-fff6-483c-b374-f42be0fe14a9/elements [39m[32m200[39m [90m467 ms - 12[39m
[35m[HTTP][39m [90m[39m
[35m[HTTP][39m [37m-->[39m [37mPOST[39m [37m/wd/hub/session/abdc2b0f-fff6-483c-b374-f42be0fe14a9/elements[39m
[35m[HTTP][39m [90m{"using":"xpath","value":"//hierarchy/android.widget.FrameLayout[1]/android.widget.LinearLayout[1]/android.widget.FrameLayout[1]/android.widget.LinearLayout[1]/android.widget.FrameLayout[1]/android.widget.FrameLayout[1]/android.view.ViewGroup[1]/android.view.ViewGroup[1]/android.view.ViewGroup[1]/android.view.ViewGroup[2]/android.view.ViewGroup[1]/android.view.ViewGroup[1]/android.view.ViewGroup[3]/android.view.ViewGroup[1]/android.view.ViewGroup[1]/android.widget.TextView[1]"}[39m
[35m[HTTP][39m [37m<-- POST /wd/hub/session/abdc2b0f-fff6-483c-b374-f42be0fe14a9/elements [39m[32m200[39m [90m442 ms - 12[39m
[35m[HTTP][39m [90m[39m
[35m[HTTP][39m [37m-->[39m [37mPOST[39m [37m/wd/hub/session/abdc2b0f-fff6-483c-b374-f42be0fe14a9/elements[39m
[35m[HTTP][39m [90m{"using":"xpath","value":"//hierarchy/android.widget.FrameLayout[1]/android.widget.LinearLayout[1]/android.widget.FrameLayout[1]/android.widget.LinearLayout[1]/android.widget.FrameLayout[1]/android.widget.FrameLayout[1]/android.view.ViewGroup[1]/android.view.ViewGroup[1]/android.view.ViewGroup[1]/android.view.ViewGroup[2]/android.view.ViewGroup[1]/android.view.ViewGroup[1]/android.view.ViewGroup[3]/android.view.ViewGroup[1]/android.view.ViewGroup[1]/android.widget.TextView[1]"}[39m
[35m[HTTP][39m [37m<-- POST /wd/hub/session/abdc2b0f-fff6-483c-b374-f42be0fe14a9/elements [39m[32m200[39m [90m459 ms - 12[39m
[35m[HTTP][39m [90m[39m
[35m[HTTP][39m [37m-->[39m [37mPOST[39m [37m/wd/hub/session/abdc2b0f-fff6-483c-b374-f42be0fe14a9/elements[39m
[35m[HTTP][39m [90m{"using":"xpath","value":"//hierarchy/android.widget.FrameLayout[1]/android.widget.LinearLayout[1]/android.widget.FrameLayout[1]/android.widget.LinearLayout[1]/android.widget.FrameLayout[1]/android.widget.FrameLayout[1]/android.view.ViewGroup[1]/android.view.ViewGroup[1]/android.view.ViewGroup[1]/android.view.ViewGroup[2]/android.view.ViewGroup[1]/android.view.ViewGroup[1]/android.view.ViewGroup[3]/android.view.ViewGroup[1]/android.view.ViewGroup[1]/android.widget.TextView[1]"}[39m
[35m[HTTP][39m [37m<-- POST /wd/hub/session/abdc2b0f-fff6-483c-b374-f42be0fe14a9/elements [39m[32m200[39m [90m467 ms - 12[39m
[35m[HTTP][39m [90m[39m
[35m[HTTP][39m [37m-->[39m [37mPOST[39m [37m/wd/hub/session/abdc2b0f-fff6-483c-b374-f42be0fe14a9/elements[39m
[35m[HTTP][39m [90m{"using":"xpath","value":"//hierarchy/android.widget.FrameLayout[1]/android.widget.LinearLayout[1]/android.widget.FrameLayout[1]/android.widget.LinearLayout[1]/android.widget.FrameLayout[1]/android.widget.FrameLayout[1]/android.view.ViewGroup[1]/android.view.ViewGroup[1]/android.view.ViewGroup[1]/android.view.ViewGroup[2]/android.view.ViewGroup[1]/android.view.ViewGroup[1]/android.view.ViewGroup[3]/android.view.ViewGroup[1]/android.view.ViewGroup[1]/android.widget.TextView[1]"}[39m
[35m[HTTP][39m [37m<-- POST /wd/hub/session/abdc2b0f-fff6-483c-b374-f42be0fe14a9/elements [39m[32m200[39m [90m448 ms - 12[39m
[35m[HTTP][39m [90m[39m
[35m[HTTP][39m [37m-->[39m [37mPOST[39m [37m/wd/hub/session/abdc2b0f-fff6-483c-b374-f42be0fe14a9/elements[39m
[35m[HTTP][39m [90m{"using":"xpath","value":"//hierarchy/android.widget.FrameLayout[1]/android.widget.LinearLayout[1]/android.widget.FrameLayout[1]/android.widget.LinearLayout[1]/android.widget.FrameLayout[1]/android.widget.FrameLayout[1]/android.view.ViewGroup[1]/android.view.ViewGroup[1]/android.view.ViewGroup[1]/android.view.ViewGroup[2]/android.view.ViewGroup[1]/android.view.ViewGroup[1]/android.view.ViewGroup[3]/android.view.ViewGroup[1]/android.view.ViewGroup[1]/android.widget.TextView[1]"}[39m
[35m[HTTP][39m [37m<-- POST /wd/hub/session/abdc2b0f-fff6-483c-b374-f42be0fe14a9/elements [39m[32m200[39m [90m426 ms - 12[39m
[35m[HTTP][39m [90m[39m
[35m[HTTP][39m [37m-->[39m [37mPOST[39m [37m/wd/hub/session/abdc2b0f-fff6-483c-b374-f42be0fe14a9/elements[39m
[35m[HTTP][39m [90m{"using":"xpath","value":"//hierarchy/android.widget.FrameLayout[1]/android.widget.LinearLayout[1]/android.widget.FrameLayout[1]/android.widget.LinearLayout[1]/android.widget.FrameLayout[1]/android.widget.FrameLayout[1]/android.view.ViewGroup[1]/android.view.ViewGroup[1]/android.view.ViewGroup[1]/android.view.ViewGroup[2]/android.view.ViewGroup[1]/android.view.ViewGroup[1]/android.view.ViewGroup[3]/android.view.ViewGroup[1]/android.view.ViewGroup[1]/android.widget.TextView[1]"}[39m
[35m[HTTP][39m [37m<-- POST /wd/hub/session/abdc2b0f-fff6-483c-b374-f42be0fe14a9/elements [39m[32m200[39m [90m453 ms - 12[39m
[35m[HTTP][39m [90m[39m
[35m[HTTP][39m [37m-->[39m [37mPOST[39m [37m/wd/hub/session/abdc2b0f-fff6-483c-b374-f42be0fe14a9/elements[39m
[35m[HTTP][39m [90m{"using":"xpath","value":"//hierarchy/android.widget.FrameLayout[1]/android.widget.LinearLayout[1]/android.widget.FrameLayout[1]/android.widget.LinearLayout[1]/android.widget.FrameLayout[1]/android.widget.FrameLayout[1]/android.view.ViewGroup[1]/android.view.ViewGroup[1]/android.view.ViewGroup[1]/android.view.ViewGroup[2]/android.view.ViewGroup[1]/android.view.ViewGroup[1]/android.view.ViewGroup[3]/android.view.ViewGroup[1]/android.view.ViewGroup[1]/android.widget.TextView[1]"}[39m
[35m[HTTP][39m [37m<-- POST /wd/hub/session/abdc2b0f-fff6-483c-b374-f42be0fe14a9/elements [39m[32m200[39m [90m420 ms - 12[39m
[35m[HTTP][39m [90m[39m
[35m[HTTP][39m [37m-->[39m [37mPOST[39m [37m/wd/hub/session/abdc2b0f-fff6-483c-b374-f42be0fe14a9/elements[39m
[35m[HTTP][39m [90m{"using":"xpath","value":"//hierarchy/android.widget.FrameLayout[1]/android.widget.LinearLayout[1]/android.widget.FrameLayout[1]/android.widget.LinearLayout[1]/android.widget.FrameLayout[1]/android.widget.FrameLayout[1]/android.view.ViewGroup[1]/android.view.ViewGroup[1]/android.view.ViewGroup[1]/android.view.ViewGroup[2]/android.view.ViewGroup[1]/android.view.ViewGroup[1]/android.view.ViewGroup[3]/android.view.ViewGroup[1]/android.view.ViewGroup[1]/android.widget.TextView[1]"}[39m
[35m[HTTP][39m [37m<-- POST /wd/hub/session/abdc2b0f-fff6-483c-b374-f42be0fe14a9/elements [39m[32m200[39m [90m447 ms - 12[39m
[35m[HTTP][39m [90m[39m
[35m[HTTP][39m [37m-->[39m [37mPOST[39m [37m/wd/hub/session/abdc2b0f-fff6-483c-b374-f42be0fe14a9/elements[39m
[35m[HTTP][39m [90m{"using":"xpath","value":"//hierarchy/android.widget.FrameLayout[1]/android.widget.LinearLayout[1]/android.widget.FrameLayout[1]/android.widget.LinearLayout[1]/android.widget.FrameLayout[1]/android.widget.FrameLayout[1]/android.view.ViewGroup[1]/android.view.ViewGroup[1]/android.view.ViewGroup[1]/android.view.ViewGroup[2]/android.view.ViewGroup[1]/android.view.ViewGroup[1]/android.view.ViewGroup[3]/android.view.ViewGroup[1]/android.view.ViewGroup[1]/android.widget.TextView[1]"}[39m
[35m[HTTP][39m [37m<-- POST /wd/hub/session/abdc2b0f-fff6-483c-b374-f42be0fe14a9/elements [39m[32m200[39m [90m455 ms - 12[39m
[35m[HTTP][39m [90m[39m
[35m[HTTP][39m [37m-->[39m [37mPOST[39m [37m/wd/hub/session/abdc2b0f-fff6-483c-b374-f42be0fe14a9/elements[39m
[35m[HTTP][39m [90m{"using":"xpath","value":"//hierarchy/android.widget.FrameLayout[1]/android.widget.LinearLayout[1]/android.widget.FrameLayout[1]/android.widget.LinearLayout[1]/android.widget.FrameLayout[1]/android.widget.FrameLayout[1]/android.view.ViewGroup[1]/android.view.ViewGroup[1]/android.view.ViewGroup[1]/android.view.ViewGroup[2]/android.view.ViewGroup[1]/android.view.ViewGroup[1]/android.view.ViewGroup[3]/android.view.ViewGroup[1]/android.view.ViewGroup[1]/android.widget.TextView[1]"}[39m
[35m[HTTP][39m [37m<-- POST /wd/hub/session/abdc2b0f-fff6-483c-b374-f42be0fe14a9/elements [39m[32m200[39m [90m451 ms - 12[39m
[35m[HTTP][39m [90m[39m
[35m[HTTP][39m [37m-->[39m [37mPOST[39m [37m/wd/hub/session/abdc2b0f-fff6-483c-b374-f42be0fe14a9/elements[39m
[35m[HTTP][39m [90m{"using":"xpath","value":"//hierarchy/android.widget.FrameLayout[1]/android.widget.LinearLayout[1]/android.widget.FrameLayout[1]/android.widget.LinearLayout[1]/android.widget.FrameLayout[1]/android.widget.FrameLayout[1]/android.view.ViewGroup[1]/android.view.ViewGroup[1]/android.view.ViewGroup[1]/android.view.ViewGroup[2]/android.view.ViewGroup[1]/android.view.ViewGroup[1]/android.view.ViewGroup[3]/android.view.ViewGroup[1]/android.view.ViewGroup[1]/android.widget.TextView[1]"}[39m
[35m[HTTP][39m [37m<-- POST /wd/hub/session/abdc2b0f-fff6-483c-b374-f42be0fe14a9/elements [39m[32m200[39m [90m452 ms - 12[39m
[35m[HTTP][39m [90m[39m
[35m[HTTP][39m [37m-->[39m [37mPOST[39m [37m/wd/hub/session/abdc2b0f-fff6-483c-b374-f42be0fe14a9/elements[39m
[35m[HTTP][39m [90m{"using":"xpath","value":"//hierarchy/android.widget.FrameLayout[1]/android.widget.LinearLayout[1]/android.widget.FrameLayout[1]/android.widget.LinearLayout[1]/android.widget.FrameLayout[1]/android.widget.FrameLayout[1]/android.view.ViewGroup[1]/android.view.ViewGroup[1]/android.view.ViewGroup[1]/android.view.ViewGroup[2]/android.view.ViewGroup[1]/android.view.ViewGroup[1]/android.view.ViewGroup[3]/android.view.ViewGroup[1]/android.view.ViewGroup[1]/android.widget.TextView[1]"}[39m
[35m[HTTP][39m [37m<-- POST /wd/hub/session/abdc2b0f-fff6-483c-b374-f42be0fe14a9/elements [39m[32m200[39m [90m433 ms - 12[39m
[35m[HTTP][39m [90m[39m
[35m[HTTP][39m [37m-->[39m [37mPOST[39m [37m/wd/hub/session/abdc2b0f-fff6-483c-b374-f42be0fe14a9/elements[39m
[35m[HTTP][39m [90m{"using":"xpath","value":"//hierarchy/android.widget.FrameLayout[1]/android.widget.LinearLayout[1]/android.widget.FrameLayout[1]/android.widget.LinearLayout[1]/android.widget.FrameLayout[1]/android.widget.FrameLayout[1]/android.view.ViewGroup[1]/android.view.ViewGroup[1]/android.view.ViewGroup[1]/android.view.ViewGroup[2]/android.view.ViewGroup[1]/android.view.ViewGroup[1]/android.view.ViewGroup[3]/android.view.ViewGroup[1]/android.view.ViewGroup[1]/android.widget.TextView[1]"}[39m
[35m[HTTP][39m [37m<-- POST /wd/hub/session/abdc2b0f-fff6-483c-b374-f42be0fe14a9/elements [39m[32m200[39m [90m248 ms - 12[39m
[35m[HTTP][39m [90m[39m
[35m[HTTP][39m [37m-->[39m [37mPOST[39m [37m/wd/hub/session/abdc2b0f-fff6-483c-b374-f42be0fe14a9/elements[39m
[35m[HTTP][39m [90m{"using":"xpath","value":"//hierarchy/android.widget.FrameLayout[1]/android.widget.LinearLayout[1]/android.widget.FrameLayout[1]/android.widget.LinearLayout[1]/android.widget.FrameLayout[1]/android.widget.FrameLayout[1]/android.view.ViewGroup[1]/android.view.ViewGroup[1]/android.view.ViewGroup[1]/android.view.ViewGroup[2]/android.view.ViewGroup[1]/android.view.ViewGroup[1]/android.view.ViewGroup[3]/android.view.ViewGroup[1]/android.view.ViewGroup[1]/android.widget.TextView[1]"}[39m
[35m[HTTP][39m [37m<-- POST /wd/hub/session/abdc2b0f-fff6-483c-b374-f42be0fe14a9/elements [39m[32m200[39m [90m196 ms - 12[39m
[35m[HTTP][39m [90m[39m
[35m[BaseDriver][39m Shutting down because we waited 1800 seconds for a command
[35m[Appium][39m Closing session, cause was 'New Command Timeout of 1800 seconds expired. Try customizing the timeout using the 'newCommandTimeout' desired capability'
[35m[Appium][39m Removing session 'abdc2b0f-fff6-483c-b374-f42be0fe14a9' from our master session list
[35m[UiAutomator2][39m Did not get confirmation UiAutomator2 deleteSession worked; Error was: UnknownError: An unknown server-side error occurred while processing the command. Original error: 'DELETE /' cannot be proxied to UiAutomator2 server because the instrumentation process is not running (probably crashed). Check the server log and/or the logcat output for more details
[35m[UiAutomator2][39m Restoring hidden api policy to the device default configuration
