[35m[Appium][39m Welcome to Appium v1.22.1
[35m[Appium][39m Non-default server args:
[35m[Appium][39m   port: 54237
[35m[Appium][39m   loglevel: info
[35m[Appium][39m   tmpDir: /var/folders/ng/yn0fw_vs06sd52svk474lbd40000gn/T//Katalon/Appium/Temp1646575803984
[35m[Appium][39m   chromedriverPort: 54238
[35m[Appium][39m Deprecated server args:
[35m[Appium][39m   [31m--chromedriver-port[39m => --default-capabilities
[35m[Appium][39m Default capabilities, which will be added to each request unless overridden by desired capabilities:
[35m[Appium][39m   chromedriverPort: 54238
[35m[Appium][39m Appium REST http interface listener started on 0.0.0.0:54237
[35m[HTTP][39m [37m-->[39m [37mGET[39m [37m/wd/hub/status[39m
[35m[HTTP][39m [90m{}[39m
[35m[HTTP][39m [37m<-- GET /wd/hub/status [39m[32m200[39m [90m5 ms - 68[39m
[35m[HTTP][39m [90m[39m
[35m[HTTP][39m [37m-->[39m [37mPOST[39m [37m/wd/hub/session[39m
[35m[HTTP][39m [90m{"desiredCapabilities":{"app":"/Users/a00139272/Katalon Studio/MAE/androidapp/app-sit-universal-release-copy.apk","appPackage":"com.maybank2u.life.sit","noReset":true,"appWaitActivity":"*","deviceId":"002b9cc60508","deviceName":"Xiaomi 21061119AG (Android 11)","fullReset":false,"platform":"ANDROID","appActivity":"com.maybank2u.life.MainActivity","newCommandTimeout":1800,"platformVersion":"11","automationName":"uiautomator2","autoGrantPermissions":true,"platformName":"Android","udid":"002b9cc60508","systemPort":54236},"capabilities":{"firstMatch":[{"appium:app":"/Users/a00139272/Katalon Studio/MAE/androidapp/app-sit-universal-release-copy.apk","appium:appActivity":"com.maybank2u.life.MainActivity","appium:appPackage":"com.maybank2u.life.sit","appium:appWaitActivity":"*","appium:autoGrantPermissions":true,"appium:automationName":"uiautomator2","deviceId":"002b9cc60508","appium:deviceName":"Xiaomi 21061119AG (Android 11)","appium:fullReset":false,"appium:newCommandTimeout":1800,"appium:noReset":true,"platform...[39m
[35m[BaseDriver][39m The following capabilities are not standard capabilities and should have an extension prefix:
[35m[BaseDriver][39m   deviceId
[35m[BaseDriver][39m   platform
[35m[BaseDriver][39m   chromedriverPort
[35m[Appium][39m Appium v1.22.1 creating new AndroidUiautomator2Driver (v1.70.1) session
[35m[BaseDriver][39m The following capabilities were provided, but are not recognized by Appium:
[35m[BaseDriver][39m   deviceId
[35m[BaseDriver][39m   platform
[35m[BaseDriver][39m Session created with session id: ffea806f-99a2-493e-b15a-6d14372d6ad3
[35m[BaseDriver][39m Using local app '/Users/a00139272/Katalon Studio/MAE/androidapp/app-sit-universal-release-copy.apk'
[35m[ADB][39m Found 1 'build-tools' folders under '/Users/a00139272/.katalon/tools/android_sdk' (newest first):
[35m[ADB][39m     /Users/a00139272/.katalon/tools/android_sdk/build-tools/29.0.3
[35m[ADB][39m Using 'adb' from '/Users/a00139272/.katalon/tools/android_sdk/platform-tools/adb'
[35m[AndroidDriver][39m Retrieving device list
[35m[AndroidDriver][39m Using device: 002b9cc60508
[35m[ADB][39m Using 'adb' from '/Users/a00139272/.katalon/tools/android_sdk/platform-tools/adb'
[35m[ADB][39m Getting device platform version
[35m[UiAutomator2][39m Relaxing hidden api policy
[35m[ADB][39m Using 'apksigner.jar' from '/Users/a00139272/.katalon/tools/android_sdk/build-tools/29.0.3/lib/apksigner.jar'
[35m[ADB][39m '/usr/local/lib/node_modules/appium/node_modules/appium-uiautomator2-server/apks/appium-uiautomator2-server-v4.27.0.apk' is signed with the default certificate
[35m[ADB][39m '/usr/local/lib/node_modules/appium/node_modules/appium-uiautomator2-server/apks/appium-uiautomator2-server-debug-androidTest.apk' is signed with the default certificate
[35m[UiAutomator2][39m Server packages are not going to be (re)installed
[35m[ADB][39m Adding packages ["io.appium.settings","io.appium.uiautomator2.server","io.appium.uiautomator2.server.test"] to Doze whitelist
[35m[ADB][39m '/Users/a00139272/Katalon Studio/MAE/androidapp/app-sit-universal-release-copy.apk' is signed with a non-default certificate
[35m[UiAutomator2][39m Starting UIAutomator2 server 4.27.0
[35m[UiAutomator2][39m Using UIAutomator2 server from '/usr/local/lib/node_modules/appium/node_modules/appium-uiautomator2-server/apks/appium-uiautomator2-server-v4.27.0.apk' and test from '/usr/local/lib/node_modules/appium/node_modules/appium-uiautomator2-server/apks/appium-uiautomator2-server-debug-androidTest.apk'
[35m[UiAutomator2][39m Waiting up to 30000ms for UiAutomator2 to be online...
[35m[WD Proxy][39m socket hang up
[35m[WD Proxy][39m socket hang up
[35m[WD Proxy][39m socket hang up
[35m[WD Proxy][39m Determined the downstream protocol as 'W3C'
[35m[AndroidDriver][39m Screen already unlocked, doing nothing
[35m[UiAutomator2][39m Starting 'com.maybank2u.life.sit/com.maybank2u.life.MainActivity and waiting for 'com.maybank2u.life.sit/*'
[35m[Appium][39m New AndroidUiautomator2Driver session created successfully, session ffea806f-99a2-493e-b15a-6d14372d6ad3 added to master session list
[35m[HTTP][39m [37m<-- POST /wd/hub/session [39m[32m200[39m [90m11143 ms - 1557[39m
[35m[HTTP][39m [90m[39m
[35m[HTTP][39m [37m-->[39m [37mGET[39m [37m/wd/hub/session/ffea806f-99a2-493e-b15a-6d14372d6ad3[39m
[35m[HTTP][39m [90m{}[39m
[35m[HTTP][39m [37m<-- GET /wd/hub/session/ffea806f-99a2-493e-b15a-6d14372d6ad3 [39m[32m200[39m [90m11 ms - 1511[39m
[35m[HTTP][39m [90m[39m
[35m[HTTP][39m [37m-->[39m [37mGET[39m [37m/wd/hub/session/ffea806f-99a2-493e-b15a-6d14372d6ad3[39m
[35m[HTTP][39m [90m{}[39m
[35m[HTTP][39m [37m<-- GET /wd/hub/session/ffea806f-99a2-493e-b15a-6d14372d6ad3 [39m[32m200[39m [90m10 ms - 1511[39m
[35m[HTTP][39m [90m[39m
[35m[HTTP][39m [37m-->[39m [37mGET[39m [37m/wd/hub/status[39m
[35m[HTTP][39m [90m{}[39m
[35m[HTTP][39m [37m<-- GET /wd/hub/status [39m[32m200[39m [90m1 ms - 68[39m
[35m[HTTP][39m [90m[39m
[35m[HTTP][39m [37m-->[39m [37mPOST[39m [37m/wd/hub/session/ffea806f-99a2-493e-b15a-6d14372d6ad3/timeouts[39m
[35m[HTTP][39m [90m{"implicit":20000}[39m
[35m[HTTP][39m [37m<-- POST /wd/hub/session/ffea806f-99a2-493e-b15a-6d14372d6ad3/timeouts [39m[32m200[39m [90m3 ms - 14[39m
[35m[HTTP][39m [90m[39m
[35m[HTTP][39m [37m-->[39m [37mGET[39m [37m/wd/hub/session/ffea806f-99a2-493e-b15a-6d14372d6ad3/screenshot[39m
[35m[HTTP][39m [90m{}[39m
[35m[HTTP][39m [37m<-- GET /wd/hub/session/ffea806f-99a2-493e-b15a-6d14372d6ad3/screenshot [39m[32m200[39m [90m553 ms - 124526[39m
[35m[HTTP][39m [90m[39m
[35m[HTTP][39m [37m-->[39m [37mGET[39m [37m/wd/hub/session/ffea806f-99a2-493e-b15a-6d14372d6ad3/window/rect[39m
[35m[HTTP][39m [90m{}[39m
[35m[HTTP][39m [37m<-- GET /wd/hub/session/ffea806f-99a2-493e-b15a-6d14372d6ad3/window/rect [39m[32m200[39m [90m24 ms - 50[39m
[35m[HTTP][39m [90m[39m
[35m[HTTP][39m [37m-->[39m [37mGET[39m [37m/wd/hub/session/ffea806f-99a2-493e-b15a-6d14372d6ad3/appium/device/system_bars[39m
[35m[HTTP][39m [90m{}[39m
[35m[HTTP][39m [37m<-- GET /wd/hub/session/ffea806f-99a2-493e-b15a-6d14372d6ad3/appium/device/system_bars [39m[32m200[39m [90m90 ms - 149[39m
[35m[HTTP][39m [90m[39m
[35m[HTTP][39m [37m-->[39m [37mPOST[39m [37m/wd/hub/session/ffea806f-99a2-493e-b15a-6d14372d6ad3/touch/perform[39m
[35m[HTTP][39m [90m{"actions":[{"action":"tap","options":{"x":355,"y":2147}},{"action":"wait","options":{"ms":50}}]}[39m
[35m[HTTP][39m [37m<-- POST /wd/hub/session/ffea806f-99a2-493e-b15a-6d14372d6ad3/touch/perform [39m[32m200[39m [90m234 ms - 14[39m
[35m[HTTP][39m [90m[39m
[35m[HTTP][39m [37m-->[39m [37mPOST[39m [37m/wd/hub/session/ffea806f-99a2-493e-b15a-6d14372d6ad3/timeouts[39m
[35m[HTTP][39m [90m{"implicit":50}[39m
[35m[HTTP][39m [37m<-- POST /wd/hub/session/ffea806f-99a2-493e-b15a-6d14372d6ad3/timeouts [39m[32m200[39m [90m1 ms - 14[39m
[35m[HTTP][39m [90m[39m
[35m[HTTP][39m [37m-->[39m [37mGET[39m [37m/wd/hub/session/ffea806f-99a2-493e-b15a-6d14372d6ad3/window/rect[39m
[35m[HTTP][39m [90m{}[39m
[35m[HTTP][39m [37m<-- GET /wd/hub/session/ffea806f-99a2-493e-b15a-6d14372d6ad3/window/rect [39m[32m200[39m [90m21 ms - 50[39m
[35m[HTTP][39m [90m[39m
[35m[HTTP][39m [37m-->[39m [37mPOST[39m [37m/wd/hub/session/ffea806f-99a2-493e-b15a-6d14372d6ad3/elements[39m
[35m[HTTP][39m [90m{"using":"xpath","value":"//*[@class = 'android.widget.TextView' and (@text = 'Enter your 6-digit PIN' or . = 'Enter your 6-digit PIN')]"}[39m
[35m[HTTP][39m [37m<-- POST /wd/hub/session/ffea806f-99a2-493e-b15a-6d14372d6ad3/elements [39m[32m200[39m [90m632 ms - 12[39m
[35m[HTTP][39m [90m[39m
[35m[HTTP][39m [37m-->[39m [37mPOST[39m [37m/wd/hub/session/ffea806f-99a2-493e-b15a-6d14372d6ad3/elements[39m
[35m[HTTP][39m [90m{"using":"xpath","value":"//*[@class = 'android.widget.TextView' and (@text = 'Enter your 6-digit PIN' or . = 'Enter your 6-digit PIN')]"}[39m
[35m[HTTP][39m [37m<-- POST /wd/hub/session/ffea806f-99a2-493e-b15a-6d14372d6ad3/elements [39m[32m200[39m [90m527 ms - 139[39m
[35m[HTTP][39m [90m[39m
[35m[HTTP][39m [37m-->[39m [37mGET[39m [37m/wd/hub/session/ffea806f-99a2-493e-b15a-6d14372d6ad3/element/00000000-0000-02ff-ffff-ffff00000270/location[39m
[35m[HTTP][39m [90m{}[39m
[35m[W3C (ffea806f)][39m Driver proxy active, passing request on via HTTP proxy
[35m[WD Proxy][39m Replacing sessionId ea2ca80d-34b6-4b6f-89ea-73185eec8407 with ffea806f-99a2-493e-b15a-6d14372d6ad3
[35m[HTTP][39m [37m<-- GET /wd/hub/session/ffea806f-99a2-493e-b15a-6d14372d6ad3/element/00000000-0000-02ff-ffff-ffff00000270/location [39m[32m200[39m [90m22 ms - 77[39m
[35m[HTTP][39m [90m[39m
[35m[HTTP][39m [37m-->[39m [37mPOST[39m [37m/wd/hub/session/ffea806f-99a2-493e-b15a-6d14372d6ad3/timeouts[39m
[35m[HTTP][39m [90m{"implicit":20000}[39m
[35m[HTTP][39m [37m<-- POST /wd/hub/session/ffea806f-99a2-493e-b15a-6d14372d6ad3/timeouts [39m[32m200[39m [90m1 ms - 14[39m
[35m[HTTP][39m [90m[39m
[35m[HTTP][39m [37m-->[39m [37mGET[39m [37m/wd/hub/session/ffea806f-99a2-493e-b15a-6d14372d6ad3/element/00000000-0000-02ff-ffff-ffff00000270/displayed[39m
[35m[HTTP][39m [90m{}[39m
[35m[HTTP][39m [37m<-- GET /wd/hub/session/ffea806f-99a2-493e-b15a-6d14372d6ad3/element/00000000-0000-02ff-ffff-ffff00000270/displayed [39m[32m200[39m [90m19 ms - 14[39m
[35m[HTTP][39m [90m[39m
[35m[HTTP][39m [37m-->[39m [37mPOST[39m [37m/wd/hub/session/ffea806f-99a2-493e-b15a-6d14372d6ad3/timeouts[39m
[35m[HTTP][39m [90m{"implicit":50}[39m
[35m[HTTP][39m [37m<-- POST /wd/hub/session/ffea806f-99a2-493e-b15a-6d14372d6ad3/timeouts [39m[32m200[39m [90m1 ms - 14[39m
[35m[HTTP][39m [90m[39m
[35m[HTTP][39m [37m-->[39m [37mGET[39m [37m/wd/hub/session/ffea806f-99a2-493e-b15a-6d14372d6ad3/window/rect[39m
[35m[HTTP][39m [90m{}[39m
[35m[HTTP][39m [37m<-- GET /wd/hub/session/ffea806f-99a2-493e-b15a-6d14372d6ad3/window/rect [39m[32m200[39m [90m12 ms - 50[39m
[35m[HTTP][39m [90m[39m
[35m[HTTP][39m [37m-->[39m [37mPOST[39m [37m/wd/hub/session/ffea806f-99a2-493e-b15a-6d14372d6ad3/elements[39m
[35m[HTTP][39m [90m{"using":"xpath","value":"//*[@class = 'android.widget.TextView' and (@text = '1' or . = '1')]"}[39m
[35m[HTTP][39m [37m<-- POST /wd/hub/session/ffea806f-99a2-493e-b15a-6d14372d6ad3/elements [39m[32m200[39m [90m179 ms - 139[39m
[35m[HTTP][39m [90m[39m
[35m[HTTP][39m [37m-->[39m [37mGET[39m [37m/wd/hub/session/ffea806f-99a2-493e-b15a-6d14372d6ad3/element/00000000-0000-02ff-ffff-ffff0000027b/location[39m
[35m[HTTP][39m [90m{}[39m
[35m[W3C (ffea806f)][39m Driver proxy active, passing request on via HTTP proxy
[35m[WD Proxy][39m Replacing sessionId ea2ca80d-34b6-4b6f-89ea-73185eec8407 with ffea806f-99a2-493e-b15a-6d14372d6ad3
[35m[HTTP][39m [37m<-- GET /wd/hub/session/ffea806f-99a2-493e-b15a-6d14372d6ad3/element/00000000-0000-02ff-ffff-ffff0000027b/location [39m[32m200[39m [90m17 ms - 79[39m
[35m[HTTP][39m [90m[39m
[35m[HTTP][39m [37m-->[39m [37mPOST[39m [37m/wd/hub/session/ffea806f-99a2-493e-b15a-6d14372d6ad3/timeouts[39m
[35m[HTTP][39m [90m{"implicit":20000}[39m
[35m[HTTP][39m [37m<-- POST /wd/hub/session/ffea806f-99a2-493e-b15a-6d14372d6ad3/timeouts [39m[32m200[39m [90m1 ms - 14[39m
[35m[HTTP][39m [90m[39m
[35m[HTTP][39m [37m-->[39m [37mPOST[39m [37m/wd/hub/session/ffea806f-99a2-493e-b15a-6d14372d6ad3/touch/perform[39m
[35m[HTTP][39m [90m{"actions":[{"action":"tap","options":{"x":1,"y":1,"element":"00000000-0000-02ff-ffff-ffff0000027b"}},{"action":"release","options":{}}]}[39m
[35m[UiAutomator2][39m calling get location: 00000000-0000-02ff-ffff-ffff0000027b
[35m[HTTP][39m [37m<-- POST /wd/hub/session/ffea806f-99a2-493e-b15a-6d14372d6ad3/touch/perform [39m[32m200[39m [90m166 ms - 14[39m
[35m[HTTP][39m [90m[39m
[35m[HTTP][39m [37m-->[39m [37mPOST[39m [37m/wd/hub/session/ffea806f-99a2-493e-b15a-6d14372d6ad3/timeouts[39m
[35m[HTTP][39m [90m{"implicit":50}[39m
[35m[HTTP][39m [37m<-- POST /wd/hub/session/ffea806f-99a2-493e-b15a-6d14372d6ad3/timeouts [39m[32m200[39m [90m1 ms - 14[39m
[35m[HTTP][39m [90m[39m
[35m[HTTP][39m [37m-->[39m [37mGET[39m [37m/wd/hub/session/ffea806f-99a2-493e-b15a-6d14372d6ad3/window/rect[39m
[35m[HTTP][39m [90m{}[39m
[35m[HTTP][39m [37m<-- GET /wd/hub/session/ffea806f-99a2-493e-b15a-6d14372d6ad3/window/rect [39m[32m200[39m [90m11 ms - 50[39m
[35m[HTTP][39m [90m[39m
[35m[HTTP][39m [37m-->[39m [37mPOST[39m [37m/wd/hub/session/ffea806f-99a2-493e-b15a-6d14372d6ad3/elements[39m
[35m[HTTP][39m [90m{"using":"xpath","value":"//*[@class = 'android.widget.TextView' and (@text = '1' or . = '1')]"}[39m
[35m[HTTP][39m [37m<-- POST /wd/hub/session/ffea806f-99a2-493e-b15a-6d14372d6ad3/elements [39m[32m200[39m [90m1690 ms - 139[39m
[35m[HTTP][39m [90m[39m
[35m[HTTP][39m [37m-->[39m [37mGET[39m [37m/wd/hub/session/ffea806f-99a2-493e-b15a-6d14372d6ad3/element/00000000-0000-02ff-ffff-ffff0000027b/location[39m
[35m[HTTP][39m [90m{}[39m
[35m[W3C (ffea806f)][39m Driver proxy active, passing request on via HTTP proxy
[35m[WD Proxy][39m Replacing sessionId ea2ca80d-34b6-4b6f-89ea-73185eec8407 with ffea806f-99a2-493e-b15a-6d14372d6ad3
[35m[HTTP][39m [37m<-- GET /wd/hub/session/ffea806f-99a2-493e-b15a-6d14372d6ad3/element/00000000-0000-02ff-ffff-ffff0000027b/location [39m[32m200[39m [90m21 ms - 79[39m
[35m[HTTP][39m [90m[39m
[35m[HTTP][39m [37m-->[39m [37mPOST[39m [37m/wd/hub/session/ffea806f-99a2-493e-b15a-6d14372d6ad3/timeouts[39m
[35m[HTTP][39m [90m{"implicit":20000}[39m
[35m[HTTP][39m [37m<-- POST /wd/hub/session/ffea806f-99a2-493e-b15a-6d14372d6ad3/timeouts [39m[32m200[39m [90m1 ms - 14[39m
[35m[HTTP][39m [90m[39m
[35m[HTTP][39m [37m-->[39m [37mPOST[39m [37m/wd/hub/session/ffea806f-99a2-493e-b15a-6d14372d6ad3/touch/perform[39m
[35m[HTTP][39m [90m{"actions":[{"action":"tap","options":{"x":1,"y":1,"element":"00000000-0000-02ff-ffff-ffff0000027b"}},{"action":"release","options":{}}]}[39m
[35m[UiAutomator2][39m calling get location: 00000000-0000-02ff-ffff-ffff0000027b
[35m[HTTP][39m [37m<-- POST /wd/hub/session/ffea806f-99a2-493e-b15a-6d14372d6ad3/touch/perform [39m[32m200[39m [90m169 ms - 14[39m
[35m[HTTP][39m [90m[39m
[35m[HTTP][39m [37m-->[39m [37mPOST[39m [37m/wd/hub/session/ffea806f-99a2-493e-b15a-6d14372d6ad3/timeouts[39m
[35m[HTTP][39m [90m{"implicit":50}[39m
[35m[HTTP][39m [37m<-- POST /wd/hub/session/ffea806f-99a2-493e-b15a-6d14372d6ad3/timeouts [39m[32m200[39m [90m1 ms - 14[39m
[35m[HTTP][39m [90m[39m
[35m[HTTP][39m [37m-->[39m [37mGET[39m [37m/wd/hub/session/ffea806f-99a2-493e-b15a-6d14372d6ad3/window/rect[39m
[35m[HTTP][39m [90m{}[39m
[35m[HTTP][39m [37m<-- GET /wd/hub/session/ffea806f-99a2-493e-b15a-6d14372d6ad3/window/rect [39m[32m200[39m [90m18 ms - 50[39m
[35m[HTTP][39m [90m[39m
[35m[HTTP][39m [37m-->[39m [37mPOST[39m [37m/wd/hub/session/ffea806f-99a2-493e-b15a-6d14372d6ad3/elements[39m
[35m[HTTP][39m [90m{"using":"xpath","value":"//*[@class = 'android.widget.TextView' and (@text = '1' or . = '1')]"}[39m
[35m[HTTP][39m [37m<-- POST /wd/hub/session/ffea806f-99a2-493e-b15a-6d14372d6ad3/elements [39m[32m200[39m [90m1731 ms - 139[39m
[35m[HTTP][39m [90m[39m
[35m[HTTP][39m [37m-->[39m [37mGET[39m [37m/wd/hub/session/ffea806f-99a2-493e-b15a-6d14372d6ad3/element/00000000-0000-02ff-ffff-ffff0000027b/location[39m
[35m[HTTP][39m [90m{}[39m
[35m[W3C (ffea806f)][39m Driver proxy active, passing request on via HTTP proxy
[35m[WD Proxy][39m Replacing sessionId ea2ca80d-34b6-4b6f-89ea-73185eec8407 with ffea806f-99a2-493e-b15a-6d14372d6ad3
[35m[HTTP][39m [37m<-- GET /wd/hub/session/ffea806f-99a2-493e-b15a-6d14372d6ad3/element/00000000-0000-02ff-ffff-ffff0000027b/location [39m[32m200[39m [90m17 ms - 79[39m
[35m[HTTP][39m [90m[39m
[35m[HTTP][39m [37m-->[39m [37mPOST[39m [37m/wd/hub/session/ffea806f-99a2-493e-b15a-6d14372d6ad3/timeouts[39m
[35m[HTTP][39m [90m{"implicit":20000}[39m
[35m[HTTP][39m [37m<-- POST /wd/hub/session/ffea806f-99a2-493e-b15a-6d14372d6ad3/timeouts [39m[32m200[39m [90m3 ms - 14[39m
[35m[HTTP][39m [90m[39m
[35m[HTTP][39m [37m-->[39m [37mPOST[39m [37m/wd/hub/session/ffea806f-99a2-493e-b15a-6d14372d6ad3/touch/perform[39m
[35m[HTTP][39m [90m{"actions":[{"action":"tap","options":{"x":1,"y":1,"element":"00000000-0000-02ff-ffff-ffff0000027b"}},{"action":"release","options":{}}]}[39m
[35m[UiAutomator2][39m calling get location: 00000000-0000-02ff-ffff-ffff0000027b
[35m[HTTP][39m [37m<-- POST /wd/hub/session/ffea806f-99a2-493e-b15a-6d14372d6ad3/touch/perform [39m[32m200[39m [90m158 ms - 14[39m
[35m[HTTP][39m [90m[39m
[35m[HTTP][39m [37m-->[39m [37mPOST[39m [37m/wd/hub/session/ffea806f-99a2-493e-b15a-6d14372d6ad3/timeouts[39m
[35m[HTTP][39m [90m{"implicit":50}[39m
[35m[HTTP][39m [37m<-- POST /wd/hub/session/ffea806f-99a2-493e-b15a-6d14372d6ad3/timeouts [39m[32m200[39m [90m1 ms - 14[39m
[35m[HTTP][39m [90m[39m
[35m[HTTP][39m [37m-->[39m [37mGET[39m [37m/wd/hub/session/ffea806f-99a2-493e-b15a-6d14372d6ad3/window/rect[39m
[35m[HTTP][39m [90m{}[39m
[35m[HTTP][39m [37m<-- GET /wd/hub/session/ffea806f-99a2-493e-b15a-6d14372d6ad3/window/rect [39m[32m200[39m [90m19 ms - 50[39m
[35m[HTTP][39m [90m[39m
[35m[HTTP][39m [37m-->[39m [37mPOST[39m [37m/wd/hub/session/ffea806f-99a2-493e-b15a-6d14372d6ad3/elements[39m
[35m[HTTP][39m [90m{"using":"xpath","value":"//*[@class = 'android.widget.TextView' and (@text = '1' or . = '1')]"}[39m
[35m[HTTP][39m [37m<-- POST /wd/hub/session/ffea806f-99a2-493e-b15a-6d14372d6ad3/elements [39m[32m200[39m [90m1728 ms - 139[39m
[35m[HTTP][39m [90m[39m
[35m[HTTP][39m [37m-->[39m [37mGET[39m [37m/wd/hub/session/ffea806f-99a2-493e-b15a-6d14372d6ad3/element/00000000-0000-02ff-ffff-ffff0000027b/location[39m
[35m[HTTP][39m [90m{}[39m
[35m[W3C (ffea806f)][39m Driver proxy active, passing request on via HTTP proxy
[35m[WD Proxy][39m Replacing sessionId ea2ca80d-34b6-4b6f-89ea-73185eec8407 with ffea806f-99a2-493e-b15a-6d14372d6ad3
[35m[HTTP][39m [37m<-- GET /wd/hub/session/ffea806f-99a2-493e-b15a-6d14372d6ad3/element/00000000-0000-02ff-ffff-ffff0000027b/location [39m[32m200[39m [90m17 ms - 79[39m
[35m[HTTP][39m [90m[39m
[35m[HTTP][39m [37m-->[39m [37mPOST[39m [37m/wd/hub/session/ffea806f-99a2-493e-b15a-6d14372d6ad3/timeouts[39m
[35m[HTTP][39m [90m{"implicit":20000}[39m
[35m[HTTP][39m [37m<-- POST /wd/hub/session/ffea806f-99a2-493e-b15a-6d14372d6ad3/timeouts [39m[32m200[39m [90m1 ms - 14[39m
[35m[HTTP][39m [90m[39m
[35m[HTTP][39m [37m-->[39m [37mPOST[39m [37m/wd/hub/session/ffea806f-99a2-493e-b15a-6d14372d6ad3/touch/perform[39m
[35m[HTTP][39m [90m{"actions":[{"action":"tap","options":{"x":1,"y":1,"element":"00000000-0000-02ff-ffff-ffff0000027b"}},{"action":"release","options":{}}]}[39m
[35m[UiAutomator2][39m calling get location: 00000000-0000-02ff-ffff-ffff0000027b
[35m[HTTP][39m [37m<-- POST /wd/hub/session/ffea806f-99a2-493e-b15a-6d14372d6ad3/touch/perform [39m[32m200[39m [90m161 ms - 14[39m
[35m[HTTP][39m [90m[39m
[35m[HTTP][39m [37m-->[39m [37mPOST[39m [37m/wd/hub/session/ffea806f-99a2-493e-b15a-6d14372d6ad3/timeouts[39m
[35m[HTTP][39m [90m{"implicit":50}[39m
[35m[HTTP][39m [37m<-- POST /wd/hub/session/ffea806f-99a2-493e-b15a-6d14372d6ad3/timeouts [39m[32m200[39m [90m2 ms - 14[39m
[35m[HTTP][39m [90m[39m
[35m[HTTP][39m [37m-->[39m [37mGET[39m [37m/wd/hub/session/ffea806f-99a2-493e-b15a-6d14372d6ad3/window/rect[39m
[35m[HTTP][39m [90m{}[39m
[35m[HTTP][39m [37m<-- GET /wd/hub/session/ffea806f-99a2-493e-b15a-6d14372d6ad3/window/rect [39m[32m200[39m [90m10 ms - 50[39m
[35m[HTTP][39m [90m[39m
[35m[HTTP][39m [37m-->[39m [37mPOST[39m [37m/wd/hub/session/ffea806f-99a2-493e-b15a-6d14372d6ad3/elements[39m
[35m[HTTP][39m [90m{"using":"xpath","value":"//*[@class = 'android.widget.TextView' and (@text = '1' or . = '1')]"}[39m
[35m[HTTP][39m [37m<-- POST /wd/hub/session/ffea806f-99a2-493e-b15a-6d14372d6ad3/elements [39m[32m200[39m [90m1706 ms - 139[39m
[35m[HTTP][39m [90m[39m
[35m[HTTP][39m [37m-->[39m [37mGET[39m [37m/wd/hub/session/ffea806f-99a2-493e-b15a-6d14372d6ad3/element/00000000-0000-02ff-ffff-ffff0000027b/location[39m
[35m[HTTP][39m [90m{}[39m
[35m[W3C (ffea806f)][39m Driver proxy active, passing request on via HTTP proxy
[35m[WD Proxy][39m Replacing sessionId ea2ca80d-34b6-4b6f-89ea-73185eec8407 with ffea806f-99a2-493e-b15a-6d14372d6ad3
[35m[HTTP][39m [37m<-- GET /wd/hub/session/ffea806f-99a2-493e-b15a-6d14372d6ad3/element/00000000-0000-02ff-ffff-ffff0000027b/location [39m[32m200[39m [90m17 ms - 79[39m
[35m[HTTP][39m [90m[39m
[35m[HTTP][39m [37m-->[39m [37mPOST[39m [37m/wd/hub/session/ffea806f-99a2-493e-b15a-6d14372d6ad3/timeouts[39m
[35m[HTTP][39m [90m{"implicit":20000}[39m
[35m[HTTP][39m [37m<-- POST /wd/hub/session/ffea806f-99a2-493e-b15a-6d14372d6ad3/timeouts [39m[32m200[39m [90m1 ms - 14[39m
[35m[HTTP][39m [90m[39m
[35m[HTTP][39m [37m-->[39m [37mPOST[39m [37m/wd/hub/session/ffea806f-99a2-493e-b15a-6d14372d6ad3/touch/perform[39m
[35m[HTTP][39m [90m{"actions":[{"action":"tap","options":{"x":1,"y":1,"element":"00000000-0000-02ff-ffff-ffff0000027b"}},{"action":"release","options":{}}]}[39m
[35m[UiAutomator2][39m calling get location: 00000000-0000-02ff-ffff-ffff0000027b
[35m[HTTP][39m [37m<-- POST /wd/hub/session/ffea806f-99a2-493e-b15a-6d14372d6ad3/touch/perform [39m[32m200[39m [90m166 ms - 14[39m
[35m[HTTP][39m [90m[39m
[35m[HTTP][39m [37m-->[39m [37mPOST[39m [37m/wd/hub/session/ffea806f-99a2-493e-b15a-6d14372d6ad3/timeouts[39m
[35m[HTTP][39m [90m{"implicit":50}[39m
[35m[HTTP][39m [37m<-- POST /wd/hub/session/ffea806f-99a2-493e-b15a-6d14372d6ad3/timeouts [39m[32m200[39m [90m1 ms - 14[39m
[35m[HTTP][39m [90m[39m
[35m[HTTP][39m [37m-->[39m [37mGET[39m [37m/wd/hub/session/ffea806f-99a2-493e-b15a-6d14372d6ad3/window/rect[39m
[35m[HTTP][39m [90m{}[39m
[35m[HTTP][39m [37m<-- GET /wd/hub/session/ffea806f-99a2-493e-b15a-6d14372d6ad3/window/rect [39m[32m200[39m [90m18 ms - 50[39m
[35m[HTTP][39m [90m[39m
[35m[HTTP][39m [37m-->[39m [37mPOST[39m [37m/wd/hub/session/ffea806f-99a2-493e-b15a-6d14372d6ad3/elements[39m
[35m[HTTP][39m [90m{"using":"xpath","value":"//*[@class = 'android.widget.TextView' and (@text = '2' or . = '2')]"}[39m
[35m[HTTP][39m [37m<-- POST /wd/hub/session/ffea806f-99a2-493e-b15a-6d14372d6ad3/elements [39m[32m200[39m [90m1694 ms - 139[39m
[35m[HTTP][39m [90m[39m
[35m[HTTP][39m [37m-->[39m [37mGET[39m [37m/wd/hub/session/ffea806f-99a2-493e-b15a-6d14372d6ad3/element/00000000-0000-02ff-ffff-ffff0000027d/location[39m
[35m[HTTP][39m [90m{}[39m
[35m[W3C (ffea806f)][39m Driver proxy active, passing request on via HTTP proxy
[35m[WD Proxy][39m Replacing sessionId ea2ca80d-34b6-4b6f-89ea-73185eec8407 with ffea806f-99a2-493e-b15a-6d14372d6ad3
[35m[HTTP][39m [37m<-- GET /wd/hub/session/ffea806f-99a2-493e-b15a-6d14372d6ad3/element/00000000-0000-02ff-ffff-ffff0000027d/location [39m[32m200[39m [90m18 ms - 79[39m
[35m[HTTP][39m [90m[39m
[35m[HTTP][39m [37m-->[39m [37mPOST[39m [37m/wd/hub/session/ffea806f-99a2-493e-b15a-6d14372d6ad3/timeouts[39m
[35m[HTTP][39m [90m{"implicit":20000}[39m
[35m[HTTP][39m [37m<-- POST /wd/hub/session/ffea806f-99a2-493e-b15a-6d14372d6ad3/timeouts [39m[32m200[39m [90m1 ms - 14[39m
[35m[HTTP][39m [90m[39m
[35m[HTTP][39m [37m-->[39m [37mPOST[39m [37m/wd/hub/session/ffea806f-99a2-493e-b15a-6d14372d6ad3/touch/perform[39m
[35m[HTTP][39m [90m{"actions":[{"action":"tap","options":{"x":1,"y":1,"element":"00000000-0000-02ff-ffff-ffff0000027d"}},{"action":"release","options":{}}]}[39m
[35m[UiAutomator2][39m calling get location: 00000000-0000-02ff-ffff-ffff0000027d
[35m[HTTP][39m [37m<-- POST /wd/hub/session/ffea806f-99a2-493e-b15a-6d14372d6ad3/touch/perform [39m[32m200[39m [90m153 ms - 14[39m
[35m[HTTP][39m [90m[39m
[35m[HTTP][39m [37m-->[39m [37mPOST[39m [37m/wd/hub/session/ffea806f-99a2-493e-b15a-6d14372d6ad3/timeouts[39m
[35m[HTTP][39m [90m{"implicit":50}[39m
[35m[HTTP][39m [37m<-- POST /wd/hub/session/ffea806f-99a2-493e-b15a-6d14372d6ad3/timeouts [39m[32m200[39m [90m1 ms - 14[39m
[35m[HTTP][39m [90m[39m
[35m[HTTP][39m [37m-->[39m [37mGET[39m [37m/wd/hub/session/ffea806f-99a2-493e-b15a-6d14372d6ad3/window/rect[39m
[35m[HTTP][39m [90m{}[39m
[35m[HTTP][39m [37m<-- GET /wd/hub/session/ffea806f-99a2-493e-b15a-6d14372d6ad3/window/rect [39m[32m200[39m [90m16 ms - 50[39m
[35m[HTTP][39m [90m[39m
[35m[HTTP][39m [37m-->[39m [37mPOST[39m [37m/wd/hub/session/ffea806f-99a2-493e-b15a-6d14372d6ad3/elements[39m
[35m[HTTP][39m [90m{"using":"xpath","value":"//*[@class = 'android.widget.TextView' and (@text = 'MAE' or . = 'MAE')]"}[39m
[35m[HTTP][39m [37m<-- POST /wd/hub/session/ffea806f-99a2-493e-b15a-6d14372d6ad3/elements [39m[32m200[39m [90m114 ms - 12[39m
[35m[HTTP][39m [90m[39m
[35m[HTTP][39m [37m-->[39m [37mPOST[39m [37m/wd/hub/session/ffea806f-99a2-493e-b15a-6d14372d6ad3/elements[39m
[35m[HTTP][39m [90m{"using":"xpath","value":"//*[@class = 'android.widget.TextView' and (@text = 'MAE' or . = 'MAE')]"}[39m
[35m[HTTP][39m [37m<-- POST /wd/hub/session/ffea806f-99a2-493e-b15a-6d14372d6ad3/elements [39m[32m200[39m [90m105 ms - 12[39m
[35m[HTTP][39m [90m[39m
[35m[HTTP][39m [37m-->[39m [37mPOST[39m [37m/wd/hub/session/ffea806f-99a2-493e-b15a-6d14372d6ad3/elements[39m
[35m[HTTP][39m [90m{"using":"xpath","value":"//*[@class = 'android.widget.TextView' and (@text = 'MAE' or . = 'MAE')]"}[39m
[35m[HTTP][39m [37m<-- POST /wd/hub/session/ffea806f-99a2-493e-b15a-6d14372d6ad3/elements [39m[32m200[39m [90m101 ms - 12[39m
[35m[HTTP][39m [90m[39m
[35m[HTTP][39m [37m-->[39m [37mPOST[39m [37m/wd/hub/session/ffea806f-99a2-493e-b15a-6d14372d6ad3/elements[39m
[35m[HTTP][39m [90m{"using":"xpath","value":"//*[@class = 'android.widget.TextView' and (@text = 'MAE' or . = 'MAE')]"}[39m
[35m[HTTP][39m [37m<-- POST /wd/hub/session/ffea806f-99a2-493e-b15a-6d14372d6ad3/elements [39m[32m200[39m [90m112 ms - 12[39m
[35m[HTTP][39m [90m[39m
[35m[HTTP][39m [37m-->[39m [37mPOST[39m [37m/wd/hub/session/ffea806f-99a2-493e-b15a-6d14372d6ad3/elements[39m
[35m[HTTP][39m [90m{"using":"xpath","value":"//*[@class = 'android.widget.TextView' and (@text = 'MAE' or . = 'MAE')]"}[39m
[35m[HTTP][39m [37m<-- POST /wd/hub/session/ffea806f-99a2-493e-b15a-6d14372d6ad3/elements [39m[32m200[39m [90m104 ms - 12[39m
[35m[HTTP][39m [90m[39m
[35m[HTTP][39m [37m-->[39m [37mPOST[39m [37m/wd/hub/session/ffea806f-99a2-493e-b15a-6d14372d6ad3/elements[39m
[35m[HTTP][39m [90m{"using":"xpath","value":"//*[@class = 'android.widget.TextView' and (@text = 'MAE' or . = 'MAE')]"}[39m
[35m[HTTP][39m [37m<-- POST /wd/hub/session/ffea806f-99a2-493e-b15a-6d14372d6ad3/elements [39m[32m200[39m [90m1675 ms - 139[39m
[35m[HTTP][39m [90m[39m
[35m[HTTP][39m [37m-->[39m [37mGET[39m [37m/wd/hub/session/ffea806f-99a2-493e-b15a-6d14372d6ad3/element/00000000-0000-02fe-ffff-ffff000002b1/location[39m
[35m[HTTP][39m [90m{}[39m
[35m[W3C (ffea806f)][39m Driver proxy active, passing request on via HTTP proxy
[35m[WD Proxy][39m Replacing sessionId ea2ca80d-34b6-4b6f-89ea-73185eec8407 with ffea806f-99a2-493e-b15a-6d14372d6ad3
[35m[HTTP][39m [37m<-- GET /wd/hub/session/ffea806f-99a2-493e-b15a-6d14372d6ad3/element/00000000-0000-02fe-ffff-ffff000002b1/location [39m[32m200[39m [90m17 ms - 78[39m
[35m[HTTP][39m [90m[39m
[35m[HTTP][39m [37m-->[39m [37mPOST[39m [37m/wd/hub/session/ffea806f-99a2-493e-b15a-6d14372d6ad3/timeouts[39m
[35m[HTTP][39m [90m{"implicit":20000}[39m
[35m[HTTP][39m [37m<-- POST /wd/hub/session/ffea806f-99a2-493e-b15a-6d14372d6ad3/timeouts [39m[32m200[39m [90m1 ms - 14[39m
[35m[HTTP][39m [90m[39m
[35m[HTTP][39m [37m-->[39m [37mGET[39m [37m/wd/hub/session/ffea806f-99a2-493e-b15a-6d14372d6ad3/element/00000000-0000-02fe-ffff-ffff000002b1/displayed[39m
[35m[HTTP][39m [90m{}[39m
[35m[HTTP][39m [37m<-- GET /wd/hub/session/ffea806f-99a2-493e-b15a-6d14372d6ad3/element/00000000-0000-02fe-ffff-ffff000002b1/displayed [39m[32m200[39m [90m14 ms - 14[39m
[35m[HTTP][39m [90m[39m
[35m[HTTP][39m [37m-->[39m [37mPOST[39m [37m/wd/hub/session/ffea806f-99a2-493e-b15a-6d14372d6ad3/timeouts[39m
[35m[HTTP][39m [90m{"implicit":50}[39m
[35m[HTTP][39m [37m<-- POST /wd/hub/session/ffea806f-99a2-493e-b15a-6d14372d6ad3/timeouts [39m[32m200[39m [90m1 ms - 14[39m
[35m[HTTP][39m [90m[39m
[35m[HTTP][39m [37m-->[39m [37mGET[39m [37m/wd/hub/session/ffea806f-99a2-493e-b15a-6d14372d6ad3/window/rect[39m
[35m[HTTP][39m [90m{}[39m
[35m[HTTP][39m [37m<-- GET /wd/hub/session/ffea806f-99a2-493e-b15a-6d14372d6ad3/window/rect [39m[32m200[39m [90m10 ms - 50[39m
[35m[HTTP][39m [90m[39m
[35m[HTTP][39m [37m-->[39m [37mPOST[39m [37m/wd/hub/session/ffea806f-99a2-493e-b15a-6d14372d6ad3/elements[39m
[35m[HTTP][39m [90m{"using":"xpath","value":"//*[@class = 'android.widget.TextView' and (@text = 'MAE' or . = 'MAE')]"}[39m
[35m[HTTP][39m [37m<-- POST /wd/hub/session/ffea806f-99a2-493e-b15a-6d14372d6ad3/elements [39m[32m200[39m [90m226 ms - 139[39m
[35m[HTTP][39m [90m[39m
[35m[HTTP][39m [37m-->[39m [37mGET[39m [37m/wd/hub/session/ffea806f-99a2-493e-b15a-6d14372d6ad3/element/00000000-0000-02fe-ffff-ffff000002b1/location[39m
[35m[HTTP][39m [90m{}[39m
[35m[W3C (ffea806f)][39m Driver proxy active, passing request on via HTTP proxy
[35m[WD Proxy][39m Replacing sessionId ea2ca80d-34b6-4b6f-89ea-73185eec8407 with ffea806f-99a2-493e-b15a-6d14372d6ad3
[35m[HTTP][39m [37m<-- GET /wd/hub/session/ffea806f-99a2-493e-b15a-6d14372d6ad3/element/00000000-0000-02fe-ffff-ffff000002b1/location [39m[32m200[39m [90m19 ms - 78[39m
[35m[HTTP][39m [90m[39m
[35m[HTTP][39m [37m-->[39m [37mPOST[39m [37m/wd/hub/session/ffea806f-99a2-493e-b15a-6d14372d6ad3/timeouts[39m
[35m[HTTP][39m [90m{"implicit":20000}[39m
[35m[HTTP][39m [37m<-- POST /wd/hub/session/ffea806f-99a2-493e-b15a-6d14372d6ad3/timeouts [39m[32m200[39m [90m1 ms - 14[39m
[35m[HTTP][39m [90m[39m
[35m[HTTP][39m [37m-->[39m [37mPOST[39m [37m/wd/hub/session/ffea806f-99a2-493e-b15a-6d14372d6ad3/touch/perform[39m
[35m[HTTP][39m [90m{"actions":[{"action":"tap","options":{"x":1,"y":1,"element":"00000000-0000-02fe-ffff-ffff000002b1"}},{"action":"release","options":{}}]}[39m
[35m[UiAutomator2][39m calling get location: 00000000-0000-02fe-ffff-ffff000002b1
[35m[HTTP][39m [37m<-- POST /wd/hub/session/ffea806f-99a2-493e-b15a-6d14372d6ad3/touch/perform [39m[32m200[39m [90m1914 ms - 14[39m
[35m[HTTP][39m [90m[39m
[35m[HTTP][39m [37m-->[39m [37mPOST[39m [37m/wd/hub/session/ffea806f-99a2-493e-b15a-6d14372d6ad3/timeouts[39m
[35m[HTTP][39m [90m{"implicit":50}[39m
[35m[HTTP][39m [37m<-- POST /wd/hub/session/ffea806f-99a2-493e-b15a-6d14372d6ad3/timeouts [39m[32m200[39m [90m1 ms - 14[39m
[35m[HTTP][39m [90m[39m
[35m[HTTP][39m [37m-->[39m [37mGET[39m [37m/wd/hub/session/ffea806f-99a2-493e-b15a-6d14372d6ad3/window/rect[39m
[35m[HTTP][39m [90m{}[39m
[35m[HTTP][39m [37m<-- GET /wd/hub/session/ffea806f-99a2-493e-b15a-6d14372d6ad3/window/rect [39m[32m200[39m [90m21 ms - 50[39m
[35m[HTTP][39m [90m[39m
[35m[HTTP][39m [37m-->[39m [37mPOST[39m [37m/wd/hub/session/ffea806f-99a2-493e-b15a-6d14372d6ad3/elements[39m
[35m[HTTP][39m [90m{"using":"xpath","value":"//*[@class = 'android.widget.TextView' and (@text = 'Transfer' or . = 'Transfer')]"}[39m
[35m[HTTP][39m [37m<-- POST /wd/hub/session/ffea806f-99a2-493e-b15a-6d14372d6ad3/elements [39m[32m200[39m [90m314 ms - 139[39m
[35m[HTTP][39m [90m[39m
[35m[HTTP][39m [37m-->[39m [37mGET[39m [37m/wd/hub/session/ffea806f-99a2-493e-b15a-6d14372d6ad3/element/00000000-0000-02fe-ffff-ffff00000316/location[39m
[35m[HTTP][39m [90m{}[39m
[35m[W3C (ffea806f)][39m Driver proxy active, passing request on via HTTP proxy
[35m[WD Proxy][39m Replacing sessionId ea2ca80d-34b6-4b6f-89ea-73185eec8407 with ffea806f-99a2-493e-b15a-6d14372d6ad3
[35m[HTTP][39m [37m<-- GET /wd/hub/session/ffea806f-99a2-493e-b15a-6d14372d6ad3/element/00000000-0000-02fe-ffff-ffff00000316/location [39m[32m200[39m [90m17 ms - 79[39m
[35m[HTTP][39m [90m[39m
[35m[HTTP][39m [37m-->[39m [37mPOST[39m [37m/wd/hub/session/ffea806f-99a2-493e-b15a-6d14372d6ad3/timeouts[39m
[35m[HTTP][39m [90m{"implicit":20000}[39m
[35m[HTTP][39m [37m<-- POST /wd/hub/session/ffea806f-99a2-493e-b15a-6d14372d6ad3/timeouts [39m[32m200[39m [90m1 ms - 14[39m
[35m[HTTP][39m [90m[39m
[35m[HTTP][39m [37m-->[39m [37mGET[39m [37m/wd/hub/session/ffea806f-99a2-493e-b15a-6d14372d6ad3/element/00000000-0000-02fe-ffff-ffff00000316/displayed[39m
[35m[HTTP][39m [90m{}[39m
[35m[HTTP][39m [37m<-- GET /wd/hub/session/ffea806f-99a2-493e-b15a-6d14372d6ad3/element/00000000-0000-02fe-ffff-ffff00000316/displayed [39m[32m200[39m [90m16 ms - 14[39m
[35m[HTTP][39m [90m[39m
[35m[HTTP][39m [37m-->[39m [37mPOST[39m [37m/wd/hub/session/ffea806f-99a2-493e-b15a-6d14372d6ad3/timeouts[39m
[35m[HTTP][39m [90m{"implicit":50}[39m
[35m[HTTP][39m [37m<-- POST /wd/hub/session/ffea806f-99a2-493e-b15a-6d14372d6ad3/timeouts [39m[32m200[39m [90m1 ms - 14[39m
[35m[HTTP][39m [90m[39m
[35m[HTTP][39m [37m-->[39m [37mGET[39m [37m/wd/hub/session/ffea806f-99a2-493e-b15a-6d14372d6ad3/window/rect[39m
[35m[HTTP][39m [90m{}[39m
[35m[HTTP][39m [37m<-- GET /wd/hub/session/ffea806f-99a2-493e-b15a-6d14372d6ad3/window/rect [39m[32m200[39m [90m10 ms - 50[39m
[35m[HTTP][39m [90m[39m
[35m[HTTP][39m [37m-->[39m [37mPOST[39m [37m/wd/hub/session/ffea806f-99a2-493e-b15a-6d14372d6ad3/elements[39m
[35m[HTTP][39m [90m{"using":"xpath","value":"//*[@class = 'android.widget.TextView' and (@text = 'Transfer' or . = 'Transfer')]"}[39m
[35m[HTTP][39m [37m<-- POST /wd/hub/session/ffea806f-99a2-493e-b15a-6d14372d6ad3/elements [39m[32m200[39m [90m240 ms - 139[39m
[35m[HTTP][39m [90m[39m
[35m[HTTP][39m [37m-->[39m [37mGET[39m [37m/wd/hub/session/ffea806f-99a2-493e-b15a-6d14372d6ad3/element/00000000-0000-02fe-ffff-ffff00000316/location[39m
[35m[HTTP][39m [90m{}[39m
[35m[W3C (ffea806f)][39m Driver proxy active, passing request on via HTTP proxy
[35m[WD Proxy][39m Replacing sessionId ea2ca80d-34b6-4b6f-89ea-73185eec8407 with ffea806f-99a2-493e-b15a-6d14372d6ad3
[35m[HTTP][39m [37m<-- GET /wd/hub/session/ffea806f-99a2-493e-b15a-6d14372d6ad3/element/00000000-0000-02fe-ffff-ffff00000316/location [39m[32m200[39m [90m22 ms - 79[39m
[35m[HTTP][39m [90m[39m
[35m[HTTP][39m [37m-->[39m [37mPOST[39m [37m/wd/hub/session/ffea806f-99a2-493e-b15a-6d14372d6ad3/timeouts[39m
[35m[HTTP][39m [90m{"implicit":20000}[39m
[35m[HTTP][39m [37m<-- POST /wd/hub/session/ffea806f-99a2-493e-b15a-6d14372d6ad3/timeouts [39m[32m200[39m [90m1 ms - 14[39m
[35m[HTTP][39m [90m[39m
[35m[HTTP][39m [37m-->[39m [37mPOST[39m [37m/wd/hub/session/ffea806f-99a2-493e-b15a-6d14372d6ad3/touch/perform[39m
[35m[HTTP][39m [90m{"actions":[{"action":"tap","options":{"x":1,"y":1,"element":"00000000-0000-02fe-ffff-ffff00000316"}},{"action":"release","options":{}}]}[39m
[35m[UiAutomator2][39m calling get location: 00000000-0000-02fe-ffff-ffff00000316
[35m[HTTP][39m [37m<-- POST /wd/hub/session/ffea806f-99a2-493e-b15a-6d14372d6ad3/touch/perform [39m[32m200[39m [90m10223 ms - 14[39m
[35m[HTTP][39m [90m[39m
[35m[HTTP][39m [37m-->[39m [37mPOST[39m [37m/wd/hub/session/ffea806f-99a2-493e-b15a-6d14372d6ad3/timeouts[39m
[35m[HTTP][39m [90m{"implicit":50}[39m
[35m[HTTP][39m [37m<-- POST /wd/hub/session/ffea806f-99a2-493e-b15a-6d14372d6ad3/timeouts [39m[32m200[39m [90m1 ms - 14[39m
[35m[HTTP][39m [90m[39m
[35m[HTTP][39m [37m-->[39m [37mGET[39m [37m/wd/hub/session/ffea806f-99a2-493e-b15a-6d14372d6ad3/window/rect[39m
[35m[HTTP][39m [90m{}[39m
[35m[HTTP][39m [37m<-- GET /wd/hub/session/ffea806f-99a2-493e-b15a-6d14372d6ad3/window/rect [39m[32m200[39m [90m16 ms - 50[39m
[35m[HTTP][39m [90m[39m
[35m[HTTP][39m [37m-->[39m [37mPOST[39m [37m/wd/hub/session/ffea806f-99a2-493e-b15a-6d14372d6ad3/elements[39m
[35m[HTTP][39m [90m{"using":"xpath","value":"//*[@class = 'android.widget.TextView' and (@text = 'Enter your password' or . = 'Enter your password')]"}[39m
[35m[HTTP][39m [37m<-- POST /wd/hub/session/ffea806f-99a2-493e-b15a-6d14372d6ad3/elements [39m[32m200[39m [90m10376 ms - 139[39m
[35m[HTTP][39m [90m[39m
[35m[HTTP][39m [37m-->[39m [37mGET[39m [37m/wd/hub/session/ffea806f-99a2-493e-b15a-6d14372d6ad3/element/00000000-0000-02fe-ffff-ffff000003e3/location[39m
[35m[HTTP][39m [90m{}[39m
[35m[W3C (ffea806f)][39m Driver proxy active, passing request on via HTTP proxy
[35m[WD Proxy][39m Got response with status 404: {"sessionId":"ea2ca80d-34b6-4b6f-89ea-73185eec8407","value":{"error":"stale element reference","message":"Cached elements 'By.xpath: //*[@class = 'android.widget.TextView' and (@text = 'Enter your password' or . = 'Enter your password')]' do not exist in DOM anymore","stacktrace":"io.appium.uiautomator2.common.exceptions.StaleElementReferenceException: Cached elements 'By.xpath: //*[@class = 'android.widget.TextView' and (@text = 'Enter your password' or . = 'Enter your password')]' do not exist in DOM anymore\n\tat io.appium.uiautomator2.model.ElementsCache.restore(ElementsCache.java:78)\n\tat io.appium.uiautomator2.model.ElementsCache.get(ElementsCache.java:153)\n\tat io.appium.uiautomator2.handler.Location.safeHandle(Location.java:23)\n\tat io.appium.uiautomator2.handler.request.SafeRequestHandler.handle(SafeRequestHandler.java:59)\n\tat io.appium.uiautomator2.server.AppiumServlet.handleRequest(AppiumServlet.java:266)\n\tat io.appium.uiautomator2.server.AppiumServlet.handleHttpRequest(AppiumServlet.java...
[35m[HTTP][39m [37m<-- GET /wd/hub/session/ffea806f-99a2-493e-b15a-6d14372d6ad3/element/00000000-0000-02fe-ffff-ffff000003e3/location [39m[33m404[39m [90m5907 ms - 4107[39m
[35m[HTTP][39m [90m[39m
[35m[HTTP][39m [37m-->[39m [37mPOST[39m [37m/wd/hub/session/ffea806f-99a2-493e-b15a-6d14372d6ad3/timeouts[39m
[35m[HTTP][39m [90m{"implicit":20000}[39m
[35m[HTTP][39m [37m<-- POST /wd/hub/session/ffea806f-99a2-493e-b15a-6d14372d6ad3/timeouts [39m[32m200[39m [90m1 ms - 14[39m
[35m[HTTP][39m [90m[39m
[35m[HTTP][39m [37m-->[39m [37mPOST[39m [37m/wd/hub/session/ffea806f-99a2-493e-b15a-6d14372d6ad3/timeouts[39m
[35m[HTTP][39m [90m{"implicit":50}[39m
[35m[HTTP][39m [37m<-- POST /wd/hub/session/ffea806f-99a2-493e-b15a-6d14372d6ad3/timeouts [39m[32m200[39m [90m1 ms - 14[39m
[35m[HTTP][39m [90m[39m
[35m[HTTP][39m [37m-->[39m [37mGET[39m [37m/wd/hub/session/ffea806f-99a2-493e-b15a-6d14372d6ad3/window/rect[39m
[35m[HTTP][39m [90m{}[39m
[35m[HTTP][39m [37m<-- GET /wd/hub/session/ffea806f-99a2-493e-b15a-6d14372d6ad3/window/rect [39m[32m200[39m [90m12 ms - 50[39m
[35m[HTTP][39m [90m[39m
[35m[HTTP][39m [37m-->[39m [37mPOST[39m [37m/wd/hub/session/ffea806f-99a2-493e-b15a-6d14372d6ad3/elements[39m
[35m[HTTP][39m [90m{"using":"xpath","value":"//*[@class = 'android.widget.TextView' and (@text = 'Banks' or . = 'Banks')]"}[39m
[35m[HTTP][39m [37m<-- POST /wd/hub/session/ffea806f-99a2-493e-b15a-6d14372d6ad3/elements [39m[32m-[39m [90m- ms - -[39m
[35m[HTTP][39m [90m[39m
[35m[BaseDriver][39m Shutting down because we waited 1800 seconds for a command
[35m[Appium][39m Closing session, cause was 'New Command Timeout of 1800 seconds expired. Try customizing the timeout using the 'newCommandTimeout' desired capability'
[35m[Appium][39m Removing session 'ffea806f-99a2-493e-b15a-6d14372d6ad3' from our master session list
[35m[UiAutomator2][39m Did not get confirmation UiAutomator2 deleteSession worked; Error was: UnknownError: An unknown server-side error occurred while processing the command. Original error: 'DELETE /' cannot be proxied to UiAutomator2 server because the instrumentation process is not running (probably crashed). Check the server log and/or the logcat output for more details
[35m[UiAutomator2][39m Restoring hidden api policy to the device default configuration
