[35m[Appium][39m Welcome to Appium v1.22.1
[35m[Appium][39m Non-default server args:
[35m[Appium][39m   port: 51871
[35m[Appium][39m   loglevel: info
[35m[Appium][39m   tmpDir: /var/folders/ng/yn0fw_vs06sd52svk474lbd40000gn/T//Katalon/Appium/Temp1646354472187
[35m[Appium][39m   chromedriverPort: 51872
[35m[Appium][39m Deprecated server args:
[35m[Appium][39m   [31m--chromedriver-port[39m => --default-capabilities
[35m[Appium][39m Default capabilities, which will be added to each request unless overridden by desired capabilities:
[35m[Appium][39m   chromedriverPort: 51872
[35m[Appium][39m Appium REST http interface listener started on 0.0.0.0:51871
[35m[HTTP][39m [37m-->[39m [37mGET[39m [37m/wd/hub/status[39m
[35m[HTTP][39m [90m{}[39m
[35m[HTTP][39m [37m<-- GET /wd/hub/status [39m[32m200[39m [90m5 ms - 68[39m
[35m[HTTP][39m [90m[39m
[35m[HTTP][39m [37m-->[39m [37mPOST[39m [37m/wd/hub/session[39m
[35m[HTTP][39m [90m{"desiredCapabilities":{"app":"/Users/a00139272/Katalon Studio/MAE/androidapp/app-sit-universal-release-copy.apk","appPackage":"com.maybank2u.life.sit","noReset":true,"appWaitActivity":"*","deviceId":"002b9cc60508","deviceName":"Xiaomi 21061119AG (Android 11)","fullReset":false,"platform":"ANDROID","appActivity":"com.maybank2u.life.MainActivity","newCommandTimeout":1800,"platformVersion":"11","automationName":"uiautomator2","autoGrantPermissions":true,"platformName":"Android","udid":"002b9cc60508","systemPort":51870},"capabilities":{"firstMatch":[{"appium:app":"/Users/a00139272/Katalon Studio/MAE/androidapp/app-sit-universal-release-copy.apk","appium:appActivity":"com.maybank2u.life.MainActivity","appium:appPackage":"com.maybank2u.life.sit","appium:appWaitActivity":"*","appium:autoGrantPermissions":true,"appium:automationName":"uiautomator2","deviceId":"002b9cc60508","appium:deviceName":"Xiaomi 21061119AG (Android 11)","appium:fullReset":false,"appium:newCommandTimeout":1800,"appium:noReset":true,"platform...[39m
[35m[BaseDriver][39m The following capabilities are not standard capabilities and should have an extension prefix:
[35m[BaseDriver][39m   deviceId
[35m[BaseDriver][39m   platform
[35m[BaseDriver][39m   chromedriverPort
[35m[Appium][39m Appium v1.22.1 creating new AndroidUiautomator2Driver (v1.70.1) session
[35m[BaseDriver][39m The following capabilities were provided, but are not recognized by Appium:
[35m[BaseDriver][39m   deviceId
[35m[BaseDriver][39m   platform
[35m[BaseDriver][39m Session created with session id: 21652c62-16f4-485d-888d-ec11524d3e27
[35m[BaseDriver][39m Using local app '/Users/a00139272/Katalon Studio/MAE/androidapp/app-sit-universal-release-copy.apk'
[35m[ADB][39m Found 1 'build-tools' folders under '/Users/a00139272/.katalon/tools/android_sdk' (newest first):
[35m[ADB][39m     /Users/a00139272/.katalon/tools/android_sdk/build-tools/29.0.3
[35m[ADB][39m Using 'adb' from '/Users/a00139272/.katalon/tools/android_sdk/platform-tools/adb'
[35m[AndroidDriver][39m Retrieving device list
[35m[AndroidDriver][39m Using device: 002b9cc60508
[35m[ADB][39m Using 'adb' from '/Users/a00139272/.katalon/tools/android_sdk/platform-tools/adb'
[35m[ADB][39m Getting device platform version
[35m[UiAutomator2][39m Relaxing hidden api policy
[35m[ADB][39m Using 'apksigner.jar' from '/Users/a00139272/.katalon/tools/android_sdk/build-tools/29.0.3/lib/apksigner.jar'
[35m[ADB][39m '/usr/local/lib/node_modules/appium/node_modules/appium-uiautomator2-server/apks/appium-uiautomator2-server-v4.27.0.apk' is signed with the default certificate
[35m[ADB][39m '/usr/local/lib/node_modules/appium/node_modules/appium-uiautomator2-server/apks/appium-uiautomator2-server-debug-androidTest.apk' is signed with the default certificate
[35m[UiAutomator2][39m Server packages are not going to be (re)installed
[35m[ADB][39m Adding packages ["io.appium.settings","io.appium.uiautomator2.server","io.appium.uiautomator2.server.test"] to Doze whitelist
[35m[ADB][39m '/Users/a00139272/Katalon Studio/MAE/androidapp/app-sit-universal-release-copy.apk' is signed with a non-default certificate
[35m[UiAutomator2][39m Starting UIAutomator2 server 4.27.0
[35m[UiAutomator2][39m Using UIAutomator2 server from '/usr/local/lib/node_modules/appium/node_modules/appium-uiautomator2-server/apks/appium-uiautomator2-server-v4.27.0.apk' and test from '/usr/local/lib/node_modules/appium/node_modules/appium-uiautomator2-server/apks/appium-uiautomator2-server-debug-androidTest.apk'
[35m[UiAutomator2][39m Waiting up to 30000ms for UiAutomator2 to be online...
[35m[WD Proxy][39m socket hang up
[35m[WD Proxy][39m socket hang up
[35m[WD Proxy][39m socket hang up
[35m[WD Proxy][39m Determined the downstream protocol as 'W3C'
[35m[AndroidDriver][39m Screen already unlocked, doing nothing
[35m[UiAutomator2][39m Starting 'com.maybank2u.life.sit/com.maybank2u.life.MainActivity and waiting for 'com.maybank2u.life.sit/*'
[35m[Appium][39m New AndroidUiautomator2Driver session created successfully, session 21652c62-16f4-485d-888d-ec11524d3e27 added to master session list
[35m[HTTP][39m [37m<-- POST /wd/hub/session [39m[32m200[39m [90m12179 ms - 1557[39m
[35m[HTTP][39m [90m[39m
[35m[HTTP][39m [37m-->[39m [37mGET[39m [37m/wd/hub/session/21652c62-16f4-485d-888d-ec11524d3e27[39m
[35m[HTTP][39m [90m{}[39m
[35m[HTTP][39m [37m<-- GET /wd/hub/session/21652c62-16f4-485d-888d-ec11524d3e27 [39m[32m200[39m [90m14 ms - 1511[39m
[35m[HTTP][39m [90m[39m
[35m[HTTP][39m [37m-->[39m [37mGET[39m [37m/wd/hub/session/21652c62-16f4-485d-888d-ec11524d3e27[39m
[35m[HTTP][39m [90m{}[39m
[35m[HTTP][39m [37m<-- GET /wd/hub/session/21652c62-16f4-485d-888d-ec11524d3e27 [39m[32m200[39m [90m9 ms - 1511[39m
[35m[HTTP][39m [90m[39m
[35m[HTTP][39m [37m-->[39m [37mGET[39m [37m/wd/hub/status[39m
[35m[HTTP][39m [90m{}[39m
[35m[HTTP][39m [37m<-- GET /wd/hub/status [39m[32m200[39m [90m1 ms - 68[39m
[35m[HTTP][39m [90m[39m
[35m[HTTP][39m [37m-->[39m [37mPOST[39m [37m/wd/hub/session/21652c62-16f4-485d-888d-ec11524d3e27/timeouts[39m
[35m[HTTP][39m [90m{"implicit":20000}[39m
[35m[HTTP][39m [37m<-- POST /wd/hub/session/21652c62-16f4-485d-888d-ec11524d3e27/timeouts [39m[32m200[39m [90m2 ms - 14[39m
[35m[HTTP][39m [90m[39m
[35m[HTTP][39m [37m-->[39m [37mGET[39m [37m/wd/hub/session/21652c62-16f4-485d-888d-ec11524d3e27/screenshot[39m
[35m[HTTP][39m [90m{}[39m
[35m[HTTP][39m [37m<-- GET /wd/hub/session/21652c62-16f4-485d-888d-ec11524d3e27/screenshot [39m[32m200[39m [90m574 ms - 199142[39m
[35m[HTTP][39m [90m[39m
[35m[HTTP][39m [37m-->[39m [37mGET[39m [37m/wd/hub/session/21652c62-16f4-485d-888d-ec11524d3e27/window/rect[39m
[35m[HTTP][39m [90m{}[39m
[35m[HTTP][39m [37m<-- GET /wd/hub/session/21652c62-16f4-485d-888d-ec11524d3e27/window/rect [39m[32m200[39m [90m24 ms - 50[39m
[35m[HTTP][39m [90m[39m
[35m[HTTP][39m [37m-->[39m [37mGET[39m [37m/wd/hub/session/21652c62-16f4-485d-888d-ec11524d3e27/appium/device/system_bars[39m
[35m[HTTP][39m [90m{}[39m
[35m[HTTP][39m [37m<-- GET /wd/hub/session/21652c62-16f4-485d-888d-ec11524d3e27/appium/device/system_bars [39m[32m200[39m [90m86 ms - 149[39m
[35m[HTTP][39m [90m[39m
[35m[HTTP][39m [37m-->[39m [37mPOST[39m [37m/wd/hub/session/21652c62-16f4-485d-888d-ec11524d3e27/timeouts[39m
[35m[HTTP][39m [90m{"implicit":50}[39m
[35m[HTTP][39m [37m<-- POST /wd/hub/session/21652c62-16f4-485d-888d-ec11524d3e27/timeouts [39m[32m200[39m [90m2 ms - 14[39m
[35m[HTTP][39m [90m[39m
[35m[HTTP][39m [37m-->[39m [37mGET[39m [37m/wd/hub/session/21652c62-16f4-485d-888d-ec11524d3e27/window/rect[39m
[35m[HTTP][39m [90m{}[39m
[35m[HTTP][39m [37m<-- GET /wd/hub/session/21652c62-16f4-485d-888d-ec11524d3e27/window/rect [39m[32m200[39m [90m26 ms - 50[39m
[35m[HTTP][39m [90m[39m
[35m[HTTP][39m [37m-->[39m [37mPOST[39m [37m/wd/hub/session/21652c62-16f4-485d-888d-ec11524d3e27/elements[39m
[35m[HTTP][39m [90m{"using":"xpath","value":"//*[@class = 'android.widget.TextView' and (@text = 'Enter your 6-digit PIN' or . = 'Enter your 6-digit PIN')]"}[39m
[35m[HTTP][39m [37m<-- POST /wd/hub/session/21652c62-16f4-485d-888d-ec11524d3e27/elements [39m[32m200[39m [90m1411 ms - 12[39m
[35m[HTTP][39m [90m[39m
[35m[HTTP][39m [37m-->[39m [37mPOST[39m [37m/wd/hub/session/21652c62-16f4-485d-888d-ec11524d3e27/elements[39m
[35m[HTTP][39m [90m{"using":"xpath","value":"//*[@class = 'android.widget.TextView' and (@text = 'Enter your 6-digit PIN' or . = 'Enter your 6-digit PIN')]"}[39m
[35m[HTTP][39m [37m<-- POST /wd/hub/session/21652c62-16f4-485d-888d-ec11524d3e27/elements [39m[32m200[39m [90m827 ms - 12[39m
[35m[HTTP][39m [90m[39m
[35m[HTTP][39m [37m-->[39m [37mPOST[39m [37m/wd/hub/session/21652c62-16f4-485d-888d-ec11524d3e27/elements[39m
[35m[HTTP][39m [90m{"using":"xpath","value":"//*[@class = 'android.widget.TextView' and (@text = 'Enter your 6-digit PIN' or . = 'Enter your 6-digit PIN')]"}[39m
[35m[HTTP][39m [37m<-- POST /wd/hub/session/21652c62-16f4-485d-888d-ec11524d3e27/elements [39m[32m200[39m [90m370 ms - 12[39m
[35m[HTTP][39m [90m[39m
[35m[HTTP][39m [37m-->[39m [37mPOST[39m [37m/wd/hub/session/21652c62-16f4-485d-888d-ec11524d3e27/elements[39m
[35m[HTTP][39m [90m{"using":"xpath","value":"//*[@class = 'android.widget.TextView' and (@text = 'Enter your 6-digit PIN' or . = 'Enter your 6-digit PIN')]"}[39m
[35m[HTTP][39m [37m<-- POST /wd/hub/session/21652c62-16f4-485d-888d-ec11524d3e27/elements [39m[32m200[39m [90m385 ms - 12[39m
[35m[HTTP][39m [90m[39m
[35m[HTTP][39m [37m-->[39m [37mPOST[39m [37m/wd/hub/session/21652c62-16f4-485d-888d-ec11524d3e27/elements[39m
[35m[HTTP][39m [90m{"using":"xpath","value":"//*[@class = 'android.widget.TextView' and (@text = 'Enter your 6-digit PIN' or . = 'Enter your 6-digit PIN')]"}[39m
[35m[HTTP][39m [37m<-- POST /wd/hub/session/21652c62-16f4-485d-888d-ec11524d3e27/elements [39m[32m200[39m [90m354 ms - 12[39m
[35m[HTTP][39m [90m[39m
[35m[HTTP][39m [37m-->[39m [37mPOST[39m [37m/wd/hub/session/21652c62-16f4-485d-888d-ec11524d3e27/elements[39m
[35m[HTTP][39m [90m{"using":"xpath","value":"//*[@class = 'android.widget.TextView' and (@text = 'Enter your 6-digit PIN' or . = 'Enter your 6-digit PIN')]"}[39m
[35m[HTTP][39m [37m<-- POST /wd/hub/session/21652c62-16f4-485d-888d-ec11524d3e27/elements [39m[32m200[39m [90m277 ms - 12[39m
[35m[HTTP][39m [90m[39m
[35m[HTTP][39m [37m-->[39m [37mPOST[39m [37m/wd/hub/session/21652c62-16f4-485d-888d-ec11524d3e27/elements[39m
[35m[HTTP][39m [90m{"using":"xpath","value":"//*[@class = 'android.widget.TextView' and (@text = 'Enter your 6-digit PIN' or . = 'Enter your 6-digit PIN')]"}[39m
[35m[HTTP][39m [37m<-- POST /wd/hub/session/21652c62-16f4-485d-888d-ec11524d3e27/elements [39m[32m200[39m [90m373 ms - 12[39m
[35m[HTTP][39m [90m[39m
[35m[HTTP][39m [37m-->[39m [37mPOST[39m [37m/wd/hub/session/21652c62-16f4-485d-888d-ec11524d3e27/elements[39m
[35m[HTTP][39m [90m{"using":"xpath","value":"//*[@class = 'android.widget.TextView' and (@text = 'Enter your 6-digit PIN' or . = 'Enter your 6-digit PIN')]"}[39m
[35m[HTTP][39m [37m<-- POST /wd/hub/session/21652c62-16f4-485d-888d-ec11524d3e27/elements [39m[32m200[39m [90m382 ms - 12[39m
[35m[HTTP][39m [90m[39m
[35m[HTTP][39m [37m-->[39m [37mPOST[39m [37m/wd/hub/session/21652c62-16f4-485d-888d-ec11524d3e27/elements[39m
[35m[HTTP][39m [90m{"using":"xpath","value":"//*[@class = 'android.widget.TextView' and (@text = 'Enter your 6-digit PIN' or . = 'Enter your 6-digit PIN')]"}[39m
[35m[HTTP][39m [37m<-- POST /wd/hub/session/21652c62-16f4-485d-888d-ec11524d3e27/elements [39m[32m200[39m [90m278 ms - 12[39m
[35m[HTTP][39m [90m[39m
[35m[HTTP][39m [37m-->[39m [37mPOST[39m [37m/wd/hub/session/21652c62-16f4-485d-888d-ec11524d3e27/elements[39m
[35m[HTTP][39m [90m{"using":"xpath","value":"//*[@class = 'android.widget.TextView' and (@text = 'Enter your 6-digit PIN' or . = 'Enter your 6-digit PIN')]"}[39m
[35m[HTTP][39m [37m<-- POST /wd/hub/session/21652c62-16f4-485d-888d-ec11524d3e27/elements [39m[32m200[39m [90m377 ms - 12[39m
[35m[HTTP][39m [90m[39m
[35m[HTTP][39m [37m-->[39m [37mPOST[39m [37m/wd/hub/session/21652c62-16f4-485d-888d-ec11524d3e27/elements[39m
[35m[HTTP][39m [90m{"using":"xpath","value":"//*[@class = 'android.widget.TextView' and (@text = 'Enter your 6-digit PIN' or . = 'Enter your 6-digit PIN')]"}[39m
[35m[HTTP][39m [37m<-- POST /wd/hub/session/21652c62-16f4-485d-888d-ec11524d3e27/elements [39m[32m200[39m [90m372 ms - 12[39m
[35m[HTTP][39m [90m[39m
[35m[HTTP][39m [37m-->[39m [37mPOST[39m [37m/wd/hub/session/21652c62-16f4-485d-888d-ec11524d3e27/elements[39m
[35m[HTTP][39m [90m{"using":"xpath","value":"//*[@class = 'android.widget.TextView' and (@text = 'Enter your 6-digit PIN' or . = 'Enter your 6-digit PIN')]"}[39m
[35m[HTTP][39m [37m<-- POST /wd/hub/session/21652c62-16f4-485d-888d-ec11524d3e27/elements [39m[32m200[39m [90m287 ms - 12[39m
[35m[HTTP][39m [90m[39m
[35m[HTTP][39m [37m-->[39m [37mPOST[39m [37m/wd/hub/session/21652c62-16f4-485d-888d-ec11524d3e27/elements[39m
[35m[HTTP][39m [90m{"using":"xpath","value":"//*[@class = 'android.widget.TextView' and (@text = 'Enter your 6-digit PIN' or . = 'Enter your 6-digit PIN')]"}[39m
[35m[HTTP][39m [37m<-- POST /wd/hub/session/21652c62-16f4-485d-888d-ec11524d3e27/elements [39m[32m200[39m [90m352 ms - 12[39m
[35m[HTTP][39m [90m[39m
[35m[HTTP][39m [37m-->[39m [37mPOST[39m [37m/wd/hub/session/21652c62-16f4-485d-888d-ec11524d3e27/elements[39m
[35m[HTTP][39m [90m{"using":"xpath","value":"//*[@class = 'android.widget.TextView' and (@text = 'Enter your 6-digit PIN' or . = 'Enter your 6-digit PIN')]"}[39m
[35m[HTTP][39m [37m<-- POST /wd/hub/session/21652c62-16f4-485d-888d-ec11524d3e27/elements [39m[32m200[39m [90m373 ms - 12[39m
[35m[HTTP][39m [90m[39m
[35m[HTTP][39m [37m-->[39m [37mPOST[39m [37m/wd/hub/session/21652c62-16f4-485d-888d-ec11524d3e27/elements[39m
[35m[HTTP][39m [90m{"using":"xpath","value":"//*[@class = 'android.widget.TextView' and (@text = 'Enter your 6-digit PIN' or . = 'Enter your 6-digit PIN')]"}[39m
[35m[HTTP][39m [37m<-- POST /wd/hub/session/21652c62-16f4-485d-888d-ec11524d3e27/elements [39m[32m200[39m [90m307 ms - 12[39m
[35m[HTTP][39m [90m[39m
[35m[HTTP][39m [37m-->[39m [37mPOST[39m [37m/wd/hub/session/21652c62-16f4-485d-888d-ec11524d3e27/elements[39m
[35m[HTTP][39m [90m{"using":"xpath","value":"//*[@class = 'android.widget.TextView' and (@text = 'Enter your 6-digit PIN' or . = 'Enter your 6-digit PIN')]"}[39m
[35m[HTTP][39m [37m<-- POST /wd/hub/session/21652c62-16f4-485d-888d-ec11524d3e27/elements [39m[32m200[39m [90m254 ms - 12[39m
[35m[HTTP][39m [90m[39m
[35m[HTTP][39m [37m-->[39m [37mPOST[39m [37m/wd/hub/session/21652c62-16f4-485d-888d-ec11524d3e27/elements[39m
[35m[HTTP][39m [90m{"using":"xpath","value":"//*[@class = 'android.widget.TextView' and (@text = 'Enter your 6-digit PIN' or . = 'Enter your 6-digit PIN')]"}[39m
[35m[HTTP][39m [37m<-- POST /wd/hub/session/21652c62-16f4-485d-888d-ec11524d3e27/elements [39m[32m200[39m [90m353 ms - 12[39m
[35m[HTTP][39m [90m[39m
[35m[HTTP][39m [37m-->[39m [37mPOST[39m [37m/wd/hub/session/21652c62-16f4-485d-888d-ec11524d3e27/elements[39m
[35m[HTTP][39m [90m{"using":"xpath","value":"//*[@class = 'android.widget.TextView' and (@text = 'Enter your 6-digit PIN' or . = 'Enter your 6-digit PIN')]"}[39m
[35m[HTTP][39m [37m<-- POST /wd/hub/session/21652c62-16f4-485d-888d-ec11524d3e27/elements [39m[32m200[39m [90m351 ms - 12[39m
[35m[HTTP][39m [90m[39m
[35m[HTTP][39m [37m-->[39m [37mPOST[39m [37m/wd/hub/session/21652c62-16f4-485d-888d-ec11524d3e27/elements[39m
[35m[HTTP][39m [90m{"using":"xpath","value":"//*[@class = 'android.widget.TextView' and (@text = 'Enter your 6-digit PIN' or . = 'Enter your 6-digit PIN')]"}[39m
[35m[HTTP][39m [37m<-- POST /wd/hub/session/21652c62-16f4-485d-888d-ec11524d3e27/elements [39m[32m200[39m [90m319 ms - 12[39m
[35m[HTTP][39m [90m[39m
[35m[HTTP][39m [37m-->[39m [37mPOST[39m [37m/wd/hub/session/21652c62-16f4-485d-888d-ec11524d3e27/elements[39m
[35m[HTTP][39m [90m{"using":"xpath","value":"//*[@class = 'android.widget.TextView' and (@text = 'Enter your 6-digit PIN' or . = 'Enter your 6-digit PIN')]"}[39m
[35m[HTTP][39m [37m<-- POST /wd/hub/session/21652c62-16f4-485d-888d-ec11524d3e27/elements [39m[32m200[39m [90m311 ms - 12[39m
[35m[HTTP][39m [90m[39m
[35m[HTTP][39m [37m-->[39m [37mPOST[39m [37m/wd/hub/session/21652c62-16f4-485d-888d-ec11524d3e27/elements[39m
[35m[HTTP][39m [90m{"using":"xpath","value":"//*[@class = 'android.widget.TextView' and (@text = 'Enter your 6-digit PIN' or . = 'Enter your 6-digit PIN')]"}[39m
[35m[HTTP][39m [37m<-- POST /wd/hub/session/21652c62-16f4-485d-888d-ec11524d3e27/elements [39m[32m200[39m [90m295 ms - 12[39m
[35m[HTTP][39m [90m[39m
[35m[HTTP][39m [37m-->[39m [37mPOST[39m [37m/wd/hub/session/21652c62-16f4-485d-888d-ec11524d3e27/elements[39m
[35m[HTTP][39m [90m{"using":"xpath","value":"//*[@class = 'android.widget.TextView' and (@text = 'Enter your 6-digit PIN' or . = 'Enter your 6-digit PIN')]"}[39m
[35m[HTTP][39m [37m<-- POST /wd/hub/session/21652c62-16f4-485d-888d-ec11524d3e27/elements [39m[32m200[39m [90m296 ms - 12[39m
[35m[HTTP][39m [90m[39m
[35m[HTTP][39m [37m-->[39m [37mPOST[39m [37m/wd/hub/session/21652c62-16f4-485d-888d-ec11524d3e27/elements[39m
[35m[HTTP][39m [90m{"using":"xpath","value":"//*[@class = 'android.widget.TextView' and (@text = 'Enter your 6-digit PIN' or . = 'Enter your 6-digit PIN')]"}[39m
[35m[HTTP][39m [37m<-- POST /wd/hub/session/21652c62-16f4-485d-888d-ec11524d3e27/elements [39m[32m200[39m [90m294 ms - 12[39m
[35m[HTTP][39m [90m[39m
[35m[HTTP][39m [37m-->[39m [37mPOST[39m [37m/wd/hub/session/21652c62-16f4-485d-888d-ec11524d3e27/elements[39m
[35m[HTTP][39m [90m{"using":"xpath","value":"//*[@class = 'android.widget.TextView' and (@text = 'Enter your 6-digit PIN' or . = 'Enter your 6-digit PIN')]"}[39m
[35m[HTTP][39m [37m<-- POST /wd/hub/session/21652c62-16f4-485d-888d-ec11524d3e27/elements [39m[32m200[39m [90m274 ms - 12[39m
[35m[HTTP][39m [90m[39m
[35m[HTTP][39m [37m-->[39m [37mPOST[39m [37m/wd/hub/session/21652c62-16f4-485d-888d-ec11524d3e27/elements[39m
[35m[HTTP][39m [90m{"using":"xpath","value":"//*[@class = 'android.widget.TextView' and (@text = 'Enter your 6-digit PIN' or . = 'Enter your 6-digit PIN')]"}[39m
[35m[HTTP][39m [37m<-- POST /wd/hub/session/21652c62-16f4-485d-888d-ec11524d3e27/elements [39m[32m200[39m [90m356 ms - 12[39m
[35m[HTTP][39m [90m[39m
[35m[HTTP][39m [37m-->[39m [37mPOST[39m [37m/wd/hub/session/21652c62-16f4-485d-888d-ec11524d3e27/elements[39m
[35m[HTTP][39m [90m{"using":"xpath","value":"//*[@class = 'android.widget.TextView' and (@text = 'Enter your 6-digit PIN' or . = 'Enter your 6-digit PIN')]"}[39m
[35m[HTTP][39m [37m<-- POST /wd/hub/session/21652c62-16f4-485d-888d-ec11524d3e27/elements [39m[32m200[39m [90m326 ms - 12[39m
[35m[HTTP][39m [90m[39m
[35m[HTTP][39m [37m-->[39m [37mPOST[39m [37m/wd/hub/session/21652c62-16f4-485d-888d-ec11524d3e27/elements[39m
[35m[HTTP][39m [90m{"using":"xpath","value":"//*[@class = 'android.widget.TextView' and (@text = 'Enter your 6-digit PIN' or . = 'Enter your 6-digit PIN')]"}[39m
[35m[HTTP][39m [37m<-- POST /wd/hub/session/21652c62-16f4-485d-888d-ec11524d3e27/elements [39m[32m200[39m [90m281 ms - 12[39m
[35m[HTTP][39m [90m[39m
[35m[HTTP][39m [37m-->[39m [37mPOST[39m [37m/wd/hub/session/21652c62-16f4-485d-888d-ec11524d3e27/elements[39m
[35m[HTTP][39m [90m{"using":"xpath","value":"//*[@class = 'android.widget.TextView' and (@text = 'Enter your 6-digit PIN' or . = 'Enter your 6-digit PIN')]"}[39m
[35m[HTTP][39m [37m<-- POST /wd/hub/session/21652c62-16f4-485d-888d-ec11524d3e27/elements [39m[32m200[39m [90m234 ms - 12[39m
[35m[HTTP][39m [90m[39m
[35m[HTTP][39m [37m-->[39m [37mPOST[39m [37m/wd/hub/session/21652c62-16f4-485d-888d-ec11524d3e27/elements[39m
[35m[HTTP][39m [90m{"using":"xpath","value":"//*[@class = 'android.widget.TextView' and (@text = 'Enter your 6-digit PIN' or . = 'Enter your 6-digit PIN')]"}[39m
[35m[HTTP][39m [37m<-- POST /wd/hub/session/21652c62-16f4-485d-888d-ec11524d3e27/elements [39m[32m200[39m [90m287 ms - 12[39m
[35m[HTTP][39m [90m[39m
[35m[HTTP][39m [37m-->[39m [37mPOST[39m [37m/wd/hub/session/21652c62-16f4-485d-888d-ec11524d3e27/elements[39m
[35m[HTTP][39m [90m{"using":"xpath","value":"//*[@class = 'android.widget.TextView' and (@text = 'Enter your 6-digit PIN' or . = 'Enter your 6-digit PIN')]"}[39m
[35m[HTTP][39m [37m<-- POST /wd/hub/session/21652c62-16f4-485d-888d-ec11524d3e27/elements [39m[32m200[39m [90m331 ms - 12[39m
[35m[HTTP][39m [90m[39m
[35m[HTTP][39m [37m-->[39m [37mPOST[39m [37m/wd/hub/session/21652c62-16f4-485d-888d-ec11524d3e27/elements[39m
[35m[HTTP][39m [90m{"using":"xpath","value":"//*[@class = 'android.widget.TextView' and (@text = 'Enter your 6-digit PIN' or . = 'Enter your 6-digit PIN')]"}[39m
[35m[HTTP][39m [37m<-- POST /wd/hub/session/21652c62-16f4-485d-888d-ec11524d3e27/elements [39m[32m200[39m [90m299 ms - 12[39m
[35m[HTTP][39m [90m[39m
[35m[HTTP][39m [37m-->[39m [37mPOST[39m [37m/wd/hub/session/21652c62-16f4-485d-888d-ec11524d3e27/elements[39m
[35m[HTTP][39m [90m{"using":"xpath","value":"//*[@class = 'android.widget.TextView' and (@text = 'Enter your 6-digit PIN' or . = 'Enter your 6-digit PIN')]"}[39m
[35m[HTTP][39m [37m<-- POST /wd/hub/session/21652c62-16f4-485d-888d-ec11524d3e27/elements [39m[32m200[39m [90m284 ms - 12[39m
[35m[HTTP][39m [90m[39m
[35m[HTTP][39m [37m-->[39m [37mPOST[39m [37m/wd/hub/session/21652c62-16f4-485d-888d-ec11524d3e27/elements[39m
[35m[HTTP][39m [90m{"using":"xpath","value":"//*[@class = 'android.widget.TextView' and (@text = 'Enter your 6-digit PIN' or . = 'Enter your 6-digit PIN')]"}[39m
[35m[HTTP][39m [37m<-- POST /wd/hub/session/21652c62-16f4-485d-888d-ec11524d3e27/elements [39m[32m200[39m [90m291 ms - 12[39m
[35m[HTTP][39m [90m[39m
[35m[HTTP][39m [37m-->[39m [37mPOST[39m [37m/wd/hub/session/21652c62-16f4-485d-888d-ec11524d3e27/elements[39m
[35m[HTTP][39m [90m{"using":"xpath","value":"//*[@class = 'android.widget.TextView' and (@text = 'Enter your 6-digit PIN' or . = 'Enter your 6-digit PIN')]"}[39m
[35m[HTTP][39m [37m<-- POST /wd/hub/session/21652c62-16f4-485d-888d-ec11524d3e27/elements [39m[32m200[39m [90m328 ms - 12[39m
[35m[HTTP][39m [90m[39m
[35m[HTTP][39m [37m-->[39m [37mPOST[39m [37m/wd/hub/session/21652c62-16f4-485d-888d-ec11524d3e27/elements[39m
[35m[HTTP][39m [90m{"using":"xpath","value":"//*[@class = 'android.widget.TextView' and (@text = 'Enter your 6-digit PIN' or . = 'Enter your 6-digit PIN')]"}[39m
[35m[HTTP][39m [37m<-- POST /wd/hub/session/21652c62-16f4-485d-888d-ec11524d3e27/elements [39m[32m200[39m [90m287 ms - 12[39m
[35m[HTTP][39m [90m[39m
[35m[HTTP][39m [37m-->[39m [37mPOST[39m [37m/wd/hub/session/21652c62-16f4-485d-888d-ec11524d3e27/elements[39m
[35m[HTTP][39m [90m{"using":"xpath","value":"//*[@class = 'android.widget.TextView' and (@text = 'Enter your 6-digit PIN' or . = 'Enter your 6-digit PIN')]"}[39m
[35m[HTTP][39m [37m<-- POST /wd/hub/session/21652c62-16f4-485d-888d-ec11524d3e27/elements [39m[32m200[39m [90m340 ms - 12[39m
[35m[HTTP][39m [90m[39m
[35m[HTTP][39m [37m-->[39m [37mPOST[39m [37m/wd/hub/session/21652c62-16f4-485d-888d-ec11524d3e27/elements[39m
[35m[HTTP][39m [90m{"using":"xpath","value":"//*[@class = 'android.widget.TextView' and (@text = 'Enter your 6-digit PIN' or . = 'Enter your 6-digit PIN')]"}[39m
[35m[HTTP][39m [37m<-- POST /wd/hub/session/21652c62-16f4-485d-888d-ec11524d3e27/elements [39m[32m200[39m [90m345 ms - 12[39m
[35m[HTTP][39m [90m[39m
[35m[HTTP][39m [37m-->[39m [37mPOST[39m [37m/wd/hub/session/21652c62-16f4-485d-888d-ec11524d3e27/elements[39m
[35m[HTTP][39m [90m{"using":"xpath","value":"//*[@class = 'android.widget.TextView' and (@text = 'Enter your 6-digit PIN' or . = 'Enter your 6-digit PIN')]"}[39m
[35m[HTTP][39m [37m<-- POST /wd/hub/session/21652c62-16f4-485d-888d-ec11524d3e27/elements [39m[32m200[39m [90m272 ms - 12[39m
[35m[HTTP][39m [90m[39m
[35m[HTTP][39m [37m-->[39m [37mPOST[39m [37m/wd/hub/session/21652c62-16f4-485d-888d-ec11524d3e27/elements[39m
[35m[HTTP][39m [90m{"using":"xpath","value":"//*[@class = 'android.widget.TextView' and (@text = 'Enter your 6-digit PIN' or . = 'Enter your 6-digit PIN')]"}[39m
[35m[HTTP][39m [37m<-- POST /wd/hub/session/21652c62-16f4-485d-888d-ec11524d3e27/elements [39m[32m200[39m [90m242 ms - 12[39m
[35m[HTTP][39m [90m[39m
[35m[HTTP][39m [37m-->[39m [37mPOST[39m [37m/wd/hub/session/21652c62-16f4-485d-888d-ec11524d3e27/elements[39m
[35m[HTTP][39m [90m{"using":"xpath","value":"//*[@class = 'android.widget.TextView' and (@text = 'Enter your 6-digit PIN' or . = 'Enter your 6-digit PIN')]"}[39m
[35m[HTTP][39m [37m<-- POST /wd/hub/session/21652c62-16f4-485d-888d-ec11524d3e27/elements [39m[32m200[39m [90m276 ms - 12[39m
[35m[HTTP][39m [90m[39m
[35m[HTTP][39m [37m-->[39m [37mPOST[39m [37m/wd/hub/session/21652c62-16f4-485d-888d-ec11524d3e27/elements[39m
[35m[HTTP][39m [90m{"using":"xpath","value":"//*[@class = 'android.widget.TextView' and (@text = 'Enter your 6-digit PIN' or . = 'Enter your 6-digit PIN')]"}[39m
[35m[HTTP][39m [37m<-- POST /wd/hub/session/21652c62-16f4-485d-888d-ec11524d3e27/elements [39m[32m200[39m [90m335 ms - 12[39m
[35m[HTTP][39m [90m[39m
[35m[HTTP][39m [37m-->[39m [37mPOST[39m [37m/wd/hub/session/21652c62-16f4-485d-888d-ec11524d3e27/elements[39m
[35m[HTTP][39m [90m{"using":"xpath","value":"//*[@class = 'android.widget.TextView' and (@text = 'Enter your 6-digit PIN' or . = 'Enter your 6-digit PIN')]"}[39m
[35m[HTTP][39m [37m<-- POST /wd/hub/session/21652c62-16f4-485d-888d-ec11524d3e27/elements [39m[32m200[39m [90m324 ms - 12[39m
[35m[HTTP][39m [90m[39m
[35m[HTTP][39m [37m-->[39m [37mPOST[39m [37m/wd/hub/session/21652c62-16f4-485d-888d-ec11524d3e27/elements[39m
[35m[HTTP][39m [90m{"using":"xpath","value":"//*[@class = 'android.widget.TextView' and (@text = 'Enter your 6-digit PIN' or . = 'Enter your 6-digit PIN')]"}[39m
[35m[HTTP][39m [37m<-- POST /wd/hub/session/21652c62-16f4-485d-888d-ec11524d3e27/elements [39m[32m200[39m [90m261 ms - 12[39m
[35m[HTTP][39m [90m[39m
[35m[HTTP][39m [37m-->[39m [37mPOST[39m [37m/wd/hub/session/21652c62-16f4-485d-888d-ec11524d3e27/elements[39m
[35m[HTTP][39m [90m{"using":"xpath","value":"//*[@class = 'android.widget.TextView' and (@text = 'Enter your 6-digit PIN' or . = 'Enter your 6-digit PIN')]"}[39m
[35m[HTTP][39m [37m<-- POST /wd/hub/session/21652c62-16f4-485d-888d-ec11524d3e27/elements [39m[32m200[39m [90m324 ms - 12[39m
[35m[HTTP][39m [90m[39m
[35m[HTTP][39m [37m-->[39m [37mPOST[39m [37m/wd/hub/session/21652c62-16f4-485d-888d-ec11524d3e27/elements[39m
[35m[HTTP][39m [90m{"using":"xpath","value":"//*[@class = 'android.widget.TextView' and (@text = 'Enter your 6-digit PIN' or . = 'Enter your 6-digit PIN')]"}[39m
[35m[HTTP][39m [37m<-- POST /wd/hub/session/21652c62-16f4-485d-888d-ec11524d3e27/elements [39m[32m200[39m [90m313 ms - 12[39m
[35m[HTTP][39m [90m[39m
[35m[HTTP][39m [37m-->[39m [37mPOST[39m [37m/wd/hub/session/21652c62-16f4-485d-888d-ec11524d3e27/elements[39m
[35m[HTTP][39m [90m{"using":"xpath","value":"//*[@class = 'android.widget.TextView' and (@text = 'Enter your 6-digit PIN' or . = 'Enter your 6-digit PIN')]"}[39m
[35m[HTTP][39m [37m<-- POST /wd/hub/session/21652c62-16f4-485d-888d-ec11524d3e27/elements [39m[32m200[39m [90m319 ms - 12[39m
[35m[HTTP][39m [90m[39m
[35m[HTTP][39m [37m-->[39m [37mPOST[39m [37m/wd/hub/session/21652c62-16f4-485d-888d-ec11524d3e27/elements[39m
[35m[HTTP][39m [90m{"using":"xpath","value":"//*[@class = 'android.widget.TextView' and (@text = 'Enter your 6-digit PIN' or . = 'Enter your 6-digit PIN')]"}[39m
[35m[HTTP][39m [37m<-- POST /wd/hub/session/21652c62-16f4-485d-888d-ec11524d3e27/elements [39m[32m200[39m [90m226 ms - 12[39m
[35m[HTTP][39m [90m[39m
[35m[HTTP][39m [37m-->[39m [37mPOST[39m [37m/wd/hub/session/21652c62-16f4-485d-888d-ec11524d3e27/elements[39m
[35m[HTTP][39m [90m{"using":"xpath","value":"//*[@class = 'android.widget.TextView' and (@text = 'Enter your 6-digit PIN' or . = 'Enter your 6-digit PIN')]"}[39m
[35m[HTTP][39m [37m<-- POST /wd/hub/session/21652c62-16f4-485d-888d-ec11524d3e27/elements [39m[32m200[39m [90m330 ms - 12[39m
[35m[HTTP][39m [90m[39m
[35m[HTTP][39m [37m-->[39m [37mPOST[39m [37m/wd/hub/session/21652c62-16f4-485d-888d-ec11524d3e27/elements[39m
[35m[HTTP][39m [90m{"using":"xpath","value":"//*[@class = 'android.widget.TextView' and (@text = 'Enter your 6-digit PIN' or . = 'Enter your 6-digit PIN')]"}[39m
[35m[HTTP][39m [37m<-- POST /wd/hub/session/21652c62-16f4-485d-888d-ec11524d3e27/elements [39m[32m200[39m [90m330 ms - 12[39m
[35m[HTTP][39m [90m[39m
[35m[HTTP][39m [37m-->[39m [37mPOST[39m [37m/wd/hub/session/21652c62-16f4-485d-888d-ec11524d3e27/elements[39m
[35m[HTTP][39m [90m{"using":"xpath","value":"//*[@class = 'android.widget.TextView' and (@text = 'Enter your 6-digit PIN' or . = 'Enter your 6-digit PIN')]"}[39m
[35m[HTTP][39m [37m<-- POST /wd/hub/session/21652c62-16f4-485d-888d-ec11524d3e27/elements [39m[32m200[39m [90m323 ms - 12[39m
[35m[HTTP][39m [90m[39m
[35m[HTTP][39m [37m-->[39m [37mPOST[39m [37m/wd/hub/session/21652c62-16f4-485d-888d-ec11524d3e27/elements[39m
[35m[HTTP][39m [90m{"using":"xpath","value":"//*[@class = 'android.widget.TextView' and (@text = 'Enter your 6-digit PIN' or . = 'Enter your 6-digit PIN')]"}[39m
[35m[HTTP][39m [37m<-- POST /wd/hub/session/21652c62-16f4-485d-888d-ec11524d3e27/elements [39m[32m200[39m [90m229 ms - 12[39m
[35m[HTTP][39m [90m[39m
[35m[HTTP][39m [37m-->[39m [37mPOST[39m [37m/wd/hub/session/21652c62-16f4-485d-888d-ec11524d3e27/elements[39m
[35m[HTTP][39m [90m{"using":"xpath","value":"//*[@class = 'android.widget.TextView' and (@text = 'Enter your 6-digit PIN' or . = 'Enter your 6-digit PIN')]"}[39m
[35m[HTTP][39m [37m<-- POST /wd/hub/session/21652c62-16f4-485d-888d-ec11524d3e27/elements [39m[32m200[39m [90m310 ms - 12[39m
[35m[HTTP][39m [90m[39m
[35m[HTTP][39m [37m-->[39m [37mPOST[39m [37m/wd/hub/session/21652c62-16f4-485d-888d-ec11524d3e27/elements[39m
[35m[HTTP][39m [90m{"using":"xpath","value":"//*[@class = 'android.widget.TextView' and (@text = 'Enter your 6-digit PIN' or . = 'Enter your 6-digit PIN')]"}[39m
[35m[HTTP][39m [37m<-- POST /wd/hub/session/21652c62-16f4-485d-888d-ec11524d3e27/elements [39m[32m200[39m [90m303 ms - 12[39m
[35m[HTTP][39m [90m[39m
[35m[HTTP][39m [37m-->[39m [37mPOST[39m [37m/wd/hub/session/21652c62-16f4-485d-888d-ec11524d3e27/elements[39m
[35m[HTTP][39m [90m{"using":"xpath","value":"//*[@class = 'android.widget.TextView' and (@text = 'Enter your 6-digit PIN' or . = 'Enter your 6-digit PIN')]"}[39m
[35m[HTTP][39m [37m<-- POST /wd/hub/session/21652c62-16f4-485d-888d-ec11524d3e27/elements [39m[32m200[39m [90m284 ms - 12[39m
[35m[HTTP][39m [90m[39m
[35m[HTTP][39m [37m-->[39m [37mPOST[39m [37m/wd/hub/session/21652c62-16f4-485d-888d-ec11524d3e27/elements[39m
[35m[HTTP][39m [90m{"using":"xpath","value":"//*[@class = 'android.widget.TextView' and (@text = 'Enter your 6-digit PIN' or . = 'Enter your 6-digit PIN')]"}[39m
[35m[HTTP][39m [37m<-- POST /wd/hub/session/21652c62-16f4-485d-888d-ec11524d3e27/elements [39m[32m200[39m [90m241 ms - 12[39m
[35m[HTTP][39m [90m[39m
[35m[HTTP][39m [37m-->[39m [37mPOST[39m [37m/wd/hub/session/21652c62-16f4-485d-888d-ec11524d3e27/elements[39m
[35m[HTTP][39m [90m{"using":"xpath","value":"//*[@class = 'android.widget.TextView' and (@text = 'Enter your 6-digit PIN' or . = 'Enter your 6-digit PIN')]"}[39m
[35m[HTTP][39m [37m<-- POST /wd/hub/session/21652c62-16f4-485d-888d-ec11524d3e27/elements [39m[32m200[39m [90m306 ms - 12[39m
[35m[HTTP][39m [90m[39m
[35m[HTTP][39m [37m-->[39m [37mPOST[39m [37m/wd/hub/session/21652c62-16f4-485d-888d-ec11524d3e27/elements[39m
[35m[HTTP][39m [90m{"using":"xpath","value":"//*[@class = 'android.widget.TextView' and (@text = 'Enter your 6-digit PIN' or . = 'Enter your 6-digit PIN')]"}[39m
[35m[HTTP][39m [37m<-- POST /wd/hub/session/21652c62-16f4-485d-888d-ec11524d3e27/elements [39m[32m200[39m [90m236 ms - 12[39m
[35m[HTTP][39m [90m[39m
[35m[HTTP][39m [37m-->[39m [37mPOST[39m [37m/wd/hub/session/21652c62-16f4-485d-888d-ec11524d3e27/elements[39m
[35m[HTTP][39m [90m{"using":"xpath","value":"//*[@class = 'android.widget.TextView' and (@text = 'Enter your 6-digit PIN' or . = 'Enter your 6-digit PIN')]"}[39m
[35m[HTTP][39m [37m<-- POST /wd/hub/session/21652c62-16f4-485d-888d-ec11524d3e27/elements [39m[32m200[39m [90m244 ms - 12[39m
[35m[HTTP][39m [90m[39m
[35m[HTTP][39m [37m-->[39m [37mPOST[39m [37m/wd/hub/session/21652c62-16f4-485d-888d-ec11524d3e27/elements[39m
[35m[HTTP][39m [90m{"using":"xpath","value":"//*[@class = 'android.widget.TextView' and (@text = 'Enter your 6-digit PIN' or . = 'Enter your 6-digit PIN')]"}[39m
[35m[HTTP][39m [37m<-- POST /wd/hub/session/21652c62-16f4-485d-888d-ec11524d3e27/elements [39m[32m200[39m [90m1972 ms - 12[39m
[35m[HTTP][39m [90m[39m
[35m[HTTP][39m [37m-->[39m [37mPOST[39m [37m/wd/hub/session/21652c62-16f4-485d-888d-ec11524d3e27/timeouts[39m
[35m[HTTP][39m [90m{"implicit":20000}[39m
[35m[HTTP][39m [37m<-- POST /wd/hub/session/21652c62-16f4-485d-888d-ec11524d3e27/timeouts [39m[32m200[39m [90m1 ms - 14[39m
[35m[HTTP][39m [90m[39m
[35m[HTTP][39m [37m-->[39m [37mPOST[39m [37m/wd/hub/session/21652c62-16f4-485d-888d-ec11524d3e27/timeouts[39m
[35m[HTTP][39m [90m{"implicit":50}[39m
[35m[HTTP][39m [37m<-- POST /wd/hub/session/21652c62-16f4-485d-888d-ec11524d3e27/timeouts [39m[32m200[39m [90m1 ms - 14[39m
[35m[HTTP][39m [90m[39m
[35m[HTTP][39m [37m-->[39m [37mGET[39m [37m/wd/hub/session/21652c62-16f4-485d-888d-ec11524d3e27/window/rect[39m
[35m[HTTP][39m [90m{}[39m
[35m[HTTP][39m [37m<-- GET /wd/hub/session/21652c62-16f4-485d-888d-ec11524d3e27/window/rect [39m[32m200[39m [90m11 ms - 50[39m
[35m[HTTP][39m [90m[39m
[35m[HTTP][39m [37m-->[39m [37mPOST[39m [37m/wd/hub/session/21652c62-16f4-485d-888d-ec11524d3e27/elements[39m
[35m[HTTP][39m [90m{"using":"xpath","value":"//*[@class = 'android.widget.TextView' and (@text = 'Send\nMoney' or . = 'Send\nMoney')]"}[39m
[35m[HTTP][39m [37m<-- POST /wd/hub/session/21652c62-16f4-485d-888d-ec11524d3e27/elements [39m[32m200[39m [90m232 ms - 12[39m
[35m[HTTP][39m [90m[39m
[35m[HTTP][39m [37m-->[39m [37mPOST[39m [37m/wd/hub/session/21652c62-16f4-485d-888d-ec11524d3e27/elements[39m
[35m[HTTP][39m [90m{"using":"xpath","value":"//*[@class = 'android.widget.TextView' and (@text = 'Send\nMoney' or . = 'Send\nMoney')]"}[39m
[35m[HTTP][39m [37m<-- POST /wd/hub/session/21652c62-16f4-485d-888d-ec11524d3e27/elements [39m[32m200[39m [90m321 ms - 12[39m
[35m[HTTP][39m [90m[39m
[35m[HTTP][39m [37m-->[39m [37mPOST[39m [37m/wd/hub/session/21652c62-16f4-485d-888d-ec11524d3e27/elements[39m
[35m[HTTP][39m [90m{"using":"xpath","value":"//*[@class = 'android.widget.TextView' and (@text = 'Send\nMoney' or . = 'Send\nMoney')]"}[39m
[35m[HTTP][39m [37m<-- POST /wd/hub/session/21652c62-16f4-485d-888d-ec11524d3e27/elements [39m[32m200[39m [90m339 ms - 12[39m
[35m[HTTP][39m [90m[39m
[35m[HTTP][39m [37m-->[39m [37mPOST[39m [37m/wd/hub/session/21652c62-16f4-485d-888d-ec11524d3e27/elements[39m
[35m[HTTP][39m [90m{"using":"xpath","value":"//*[@class = 'android.widget.TextView' and (@text = 'Send\nMoney' or . = 'Send\nMoney')]"}[39m
[35m[HTTP][39m [37m<-- POST /wd/hub/session/21652c62-16f4-485d-888d-ec11524d3e27/elements [39m[32m200[39m [90m310 ms - 12[39m
[35m[HTTP][39m [90m[39m
[35m[HTTP][39m [37m-->[39m [37mPOST[39m [37m/wd/hub/session/21652c62-16f4-485d-888d-ec11524d3e27/elements[39m
[35m[HTTP][39m [90m{"using":"xpath","value":"//*[@class = 'android.widget.TextView' and (@text = 'Send\nMoney' or . = 'Send\nMoney')]"}[39m
[35m[HTTP][39m [37m<-- POST /wd/hub/session/21652c62-16f4-485d-888d-ec11524d3e27/elements [39m[32m200[39m [90m222 ms - 12[39m
[35m[HTTP][39m [90m[39m
[35m[HTTP][39m [37m-->[39m [37mPOST[39m [37m/wd/hub/session/21652c62-16f4-485d-888d-ec11524d3e27/elements[39m
[35m[HTTP][39m [90m{"using":"xpath","value":"//*[@class = 'android.widget.TextView' and (@text = 'Send\nMoney' or . = 'Send\nMoney')]"}[39m
[35m[HTTP][39m [37m<-- POST /wd/hub/session/21652c62-16f4-485d-888d-ec11524d3e27/elements [39m[32m200[39m [90m260 ms - 12[39m
[35m[HTTP][39m [90m[39m
[35m[HTTP][39m [37m-->[39m [37mPOST[39m [37m/wd/hub/session/21652c62-16f4-485d-888d-ec11524d3e27/elements[39m
[35m[HTTP][39m [90m{"using":"xpath","value":"//*[@class = 'android.widget.TextView' and (@text = 'Send\nMoney' or . = 'Send\nMoney')]"}[39m
[35m[HTTP][39m [37m<-- POST /wd/hub/session/21652c62-16f4-485d-888d-ec11524d3e27/elements [39m[32m200[39m [90m751 ms - 12[39m
[35m[HTTP][39m [90m[39m
[35m[HTTP][39m [37m-->[39m [37mPOST[39m [37m/wd/hub/session/21652c62-16f4-485d-888d-ec11524d3e27/elements[39m
[35m[HTTP][39m [90m{"using":"xpath","value":"//*[@class = 'android.widget.TextView' and (@text = 'Send\nMoney' or . = 'Send\nMoney')]"}[39m
[35m[HTTP][39m [37m<-- POST /wd/hub/session/21652c62-16f4-485d-888d-ec11524d3e27/elements [39m[32m200[39m [90m307 ms - 12[39m
[35m[HTTP][39m [90m[39m
[35m[HTTP][39m [37m-->[39m [37mPOST[39m [37m/wd/hub/session/21652c62-16f4-485d-888d-ec11524d3e27/elements[39m
[35m[HTTP][39m [90m{"using":"xpath","value":"//*[@class = 'android.widget.TextView' and (@text = 'Send\nMoney' or . = 'Send\nMoney')]"}[39m
[35m[HTTP][39m [37m<-- POST /wd/hub/session/21652c62-16f4-485d-888d-ec11524d3e27/elements [39m[32m200[39m [90m309 ms - 12[39m
[35m[HTTP][39m [90m[39m
[35m[HTTP][39m [37m-->[39m [37mPOST[39m [37m/wd/hub/session/21652c62-16f4-485d-888d-ec11524d3e27/elements[39m
[35m[HTTP][39m [90m{"using":"xpath","value":"//*[@class = 'android.widget.TextView' and (@text = 'Send\nMoney' or . = 'Send\nMoney')]"}[39m
[35m[HTTP][39m [37m<-- POST /wd/hub/session/21652c62-16f4-485d-888d-ec11524d3e27/elements [39m[32m200[39m [90m717 ms - 12[39m
[35m[HTTP][39m [90m[39m
[35m[HTTP][39m [37m-->[39m [37mPOST[39m [37m/wd/hub/session/21652c62-16f4-485d-888d-ec11524d3e27/elements[39m
[35m[HTTP][39m [90m{"using":"xpath","value":"//*[@class = 'android.widget.TextView' and (@text = 'Send\nMoney' or . = 'Send\nMoney')]"}[39m
[35m[HTTP][39m [37m<-- POST /wd/hub/session/21652c62-16f4-485d-888d-ec11524d3e27/elements [39m[32m200[39m [90m279 ms - 12[39m
[35m[HTTP][39m [90m[39m
[35m[HTTP][39m [37m-->[39m [37mPOST[39m [37m/wd/hub/session/21652c62-16f4-485d-888d-ec11524d3e27/elements[39m
[35m[HTTP][39m [90m{"using":"xpath","value":"//*[@class = 'android.widget.TextView' and (@text = 'Send\nMoney' or . = 'Send\nMoney')]"}[39m
[35m[HTTP][39m [37m<-- POST /wd/hub/session/21652c62-16f4-485d-888d-ec11524d3e27/elements [39m[32m200[39m [90m334 ms - 12[39m
[35m[HTTP][39m [90m[39m
[35m[HTTP][39m [37m-->[39m [37mPOST[39m [37m/wd/hub/session/21652c62-16f4-485d-888d-ec11524d3e27/elements[39m
[35m[HTTP][39m [90m{"using":"xpath","value":"//*[@class = 'android.widget.TextView' and (@text = 'Send\nMoney' or . = 'Send\nMoney')]"}[39m
[35m[HTTP][39m [37m<-- POST /wd/hub/session/21652c62-16f4-485d-888d-ec11524d3e27/elements [39m[32m200[39m [90m486 ms - 12[39m
[35m[HTTP][39m [90m[39m
[35m[HTTP][39m [37m-->[39m [37mPOST[39m [37m/wd/hub/session/21652c62-16f4-485d-888d-ec11524d3e27/elements[39m
[35m[HTTP][39m [90m{"using":"xpath","value":"//*[@class = 'android.widget.TextView' and (@text = 'Send\nMoney' or . = 'Send\nMoney')]"}[39m
[35m[HTTP][39m [37m<-- POST /wd/hub/session/21652c62-16f4-485d-888d-ec11524d3e27/elements [39m[32m200[39m [90m357 ms - 12[39m
[35m[HTTP][39m [90m[39m
[35m[HTTP][39m [37m-->[39m [37mPOST[39m [37m/wd/hub/session/21652c62-16f4-485d-888d-ec11524d3e27/elements[39m
[35m[HTTP][39m [90m{"using":"xpath","value":"//*[@class = 'android.widget.TextView' and (@text = 'Send\nMoney' or . = 'Send\nMoney')]"}[39m
[35m[HTTP][39m [37m<-- POST /wd/hub/session/21652c62-16f4-485d-888d-ec11524d3e27/elements [39m[32m200[39m [90m381 ms - 12[39m
[35m[HTTP][39m [90m[39m
[35m[HTTP][39m [37m-->[39m [37mPOST[39m [37m/wd/hub/session/21652c62-16f4-485d-888d-ec11524d3e27/elements[39m
[35m[HTTP][39m [90m{"using":"xpath","value":"//*[@class = 'android.widget.TextView' and (@text = 'Send\nMoney' or . = 'Send\nMoney')]"}[39m
[35m[HTTP][39m [37m<-- POST /wd/hub/session/21652c62-16f4-485d-888d-ec11524d3e27/elements [39m[32m200[39m [90m386 ms - 12[39m
[35m[HTTP][39m [90m[39m
[35m[HTTP][39m [37m-->[39m [37mPOST[39m [37m/wd/hub/session/21652c62-16f4-485d-888d-ec11524d3e27/elements[39m
[35m[HTTP][39m [90m{"using":"xpath","value":"//*[@class = 'android.widget.TextView' and (@text = 'Send\nMoney' or . = 'Send\nMoney')]"}[39m
[35m[HTTP][39m [37m<-- POST /wd/hub/session/21652c62-16f4-485d-888d-ec11524d3e27/elements [39m[32m200[39m [90m279 ms - 12[39m
[35m[HTTP][39m [90m[39m
[35m[HTTP][39m [37m-->[39m [37mPOST[39m [37m/wd/hub/session/21652c62-16f4-485d-888d-ec11524d3e27/elements[39m
[35m[HTTP][39m [90m{"using":"xpath","value":"//*[@class = 'android.widget.TextView' and (@text = 'Send\nMoney' or . = 'Send\nMoney')]"}[39m
[35m[HTTP][39m [37m<-- POST /wd/hub/session/21652c62-16f4-485d-888d-ec11524d3e27/elements [39m[32m200[39m [90m397 ms - 12[39m
[35m[HTTP][39m [90m[39m
[35m[HTTP][39m [37m-->[39m [37mPOST[39m [37m/wd/hub/session/21652c62-16f4-485d-888d-ec11524d3e27/elements[39m
[35m[HTTP][39m [90m{"using":"xpath","value":"//*[@class = 'android.widget.TextView' and (@text = 'Send\nMoney' or . = 'Send\nMoney')]"}[39m
[35m[HTTP][39m [37m<-- POST /wd/hub/session/21652c62-16f4-485d-888d-ec11524d3e27/elements [39m[32m200[39m [90m429 ms - 12[39m
[35m[HTTP][39m [90m[39m
[35m[HTTP][39m [37m-->[39m [37mPOST[39m [37m/wd/hub/session/21652c62-16f4-485d-888d-ec11524d3e27/elements[39m
[35m[HTTP][39m [90m{"using":"xpath","value":"//*[@class = 'android.widget.TextView' and (@text = 'Send\nMoney' or . = 'Send\nMoney')]"}[39m
[35m[HTTP][39m [37m<-- POST /wd/hub/session/21652c62-16f4-485d-888d-ec11524d3e27/elements [39m[32m200[39m [90m282 ms - 12[39m
[35m[HTTP][39m [90m[39m
[35m[HTTP][39m [37m-->[39m [37mPOST[39m [37m/wd/hub/session/21652c62-16f4-485d-888d-ec11524d3e27/elements[39m
[35m[HTTP][39m [90m{"using":"xpath","value":"//*[@class = 'android.widget.TextView' and (@text = 'Send\nMoney' or . = 'Send\nMoney')]"}[39m
[35m[HTTP][39m [37m<-- POST /wd/hub/session/21652c62-16f4-485d-888d-ec11524d3e27/elements [39m[32m200[39m [90m373 ms - 12[39m
[35m[HTTP][39m [90m[39m
[35m[HTTP][39m [37m-->[39m [37mPOST[39m [37m/wd/hub/session/21652c62-16f4-485d-888d-ec11524d3e27/elements[39m
[35m[HTTP][39m [90m{"using":"xpath","value":"//*[@class = 'android.widget.TextView' and (@text = 'Send\nMoney' or . = 'Send\nMoney')]"}[39m
[35m[HTTP][39m [37m<-- POST /wd/hub/session/21652c62-16f4-485d-888d-ec11524d3e27/elements [39m[32m200[39m [90m432 ms - 12[39m
[35m[HTTP][39m [90m[39m
[35m[HTTP][39m [37m-->[39m [37mPOST[39m [37m/wd/hub/session/21652c62-16f4-485d-888d-ec11524d3e27/elements[39m
[35m[HTTP][39m [90m{"using":"xpath","value":"//*[@class = 'android.widget.TextView' and (@text = 'Send\nMoney' or . = 'Send\nMoney')]"}[39m
[35m[HTTP][39m [37m<-- POST /wd/hub/session/21652c62-16f4-485d-888d-ec11524d3e27/elements [39m[32m200[39m [90m276 ms - 12[39m
[35m[HTTP][39m [90m[39m
[35m[HTTP][39m [37m-->[39m [37mPOST[39m [37m/wd/hub/session/21652c62-16f4-485d-888d-ec11524d3e27/elements[39m
[35m[HTTP][39m [90m{"using":"xpath","value":"//*[@class = 'android.widget.TextView' and (@text = 'Send\nMoney' or . = 'Send\nMoney')]"}[39m
[35m[HTTP][39m [37m<-- POST /wd/hub/session/21652c62-16f4-485d-888d-ec11524d3e27/elements [39m[32m200[39m [90m397 ms - 12[39m
[35m[HTTP][39m [90m[39m
[35m[HTTP][39m [37m-->[39m [37mPOST[39m [37m/wd/hub/session/21652c62-16f4-485d-888d-ec11524d3e27/elements[39m
[35m[HTTP][39m [90m{"using":"xpath","value":"//*[@class = 'android.widget.TextView' and (@text = 'Send\nMoney' or . = 'Send\nMoney')]"}[39m
[35m[HTTP][39m [37m<-- POST /wd/hub/session/21652c62-16f4-485d-888d-ec11524d3e27/elements [39m[32m200[39m [90m400 ms - 12[39m
[35m[HTTP][39m [90m[39m
[35m[HTTP][39m [37m-->[39m [37mPOST[39m [37m/wd/hub/session/21652c62-16f4-485d-888d-ec11524d3e27/elements[39m
[35m[HTTP][39m [90m{"using":"xpath","value":"//*[@class = 'android.widget.TextView' and (@text = 'Send\nMoney' or . = 'Send\nMoney')]"}[39m
[35m[HTTP][39m [37m<-- POST /wd/hub/session/21652c62-16f4-485d-888d-ec11524d3e27/elements [39m[32m200[39m [90m357 ms - 12[39m
[35m[HTTP][39m [90m[39m
[35m[HTTP][39m [37m-->[39m [37mPOST[39m [37m/wd/hub/session/21652c62-16f4-485d-888d-ec11524d3e27/elements[39m
[35m[HTTP][39m [90m{"using":"xpath","value":"//*[@class = 'android.widget.TextView' and (@text = 'Send\nMoney' or . = 'Send\nMoney')]"}[39m
[35m[HTTP][39m [37m<-- POST /wd/hub/session/21652c62-16f4-485d-888d-ec11524d3e27/elements [39m[32m200[39m [90m374 ms - 12[39m
[35m[HTTP][39m [90m[39m
[35m[HTTP][39m [37m-->[39m [37mPOST[39m [37m/wd/hub/session/21652c62-16f4-485d-888d-ec11524d3e27/timeouts[39m
[35m[HTTP][39m [90m{"implicit":20000}[39m
[35m[HTTP][39m [37m<-- POST /wd/hub/session/21652c62-16f4-485d-888d-ec11524d3e27/timeouts [39m[32m200[39m [90m1 ms - 14[39m
[35m[HTTP][39m [90m[39m
[35m[HTTP][39m [37m-->[39m [37mPOST[39m [37m/wd/hub/session/21652c62-16f4-485d-888d-ec11524d3e27/timeouts[39m
[35m[HTTP][39m [90m{"implicit":50}[39m
[35m[HTTP][39m [37m<-- POST /wd/hub/session/21652c62-16f4-485d-888d-ec11524d3e27/timeouts [39m[32m200[39m [90m1 ms - 14[39m
[35m[HTTP][39m [90m[39m
[35m[HTTP][39m [37m-->[39m [37mGET[39m [37m/wd/hub/session/21652c62-16f4-485d-888d-ec11524d3e27/window/rect[39m
[35m[HTTP][39m [90m{}[39m
[35m[HTTP][39m [37m<-- GET /wd/hub/session/21652c62-16f4-485d-888d-ec11524d3e27/window/rect [39m[32m200[39m [90m9 ms - 50[39m
[35m[HTTP][39m [90m[39m
[35m[HTTP][39m [37m-->[39m [37mPOST[39m [37m/wd/hub/session/21652c62-16f4-485d-888d-ec11524d3e27/elements[39m
[35m[HTTP][39m [90m{"using":"xpath","value":"//*[@class = 'android.widget.TextView' and (@text = 'Send\nMoney' or . = 'Send\nMoney')]"}[39m
[35m[HTTP][39m [37m<-- POST /wd/hub/session/21652c62-16f4-485d-888d-ec11524d3e27/elements [39m[32m200[39m [90m448 ms - 12[39m
[35m[HTTP][39m [90m[39m
[35m[HTTP][39m [37m-->[39m [37mPOST[39m [37m/wd/hub/session/21652c62-16f4-485d-888d-ec11524d3e27/elements[39m
[35m[HTTP][39m [90m{"using":"xpath","value":"//*[@class = 'android.widget.TextView' and (@text = 'Send\nMoney' or . = 'Send\nMoney')]"}[39m
[35m[HTTP][39m [37m<-- POST /wd/hub/session/21652c62-16f4-485d-888d-ec11524d3e27/elements [39m[32m200[39m [90m326 ms - 12[39m
[35m[HTTP][39m [90m[39m
[35m[HTTP][39m [37m-->[39m [37mPOST[39m [37m/wd/hub/session/21652c62-16f4-485d-888d-ec11524d3e27/elements[39m
[35m[HTTP][39m [90m{"using":"xpath","value":"//*[@class = 'android.widget.TextView' and (@text = 'Send\nMoney' or . = 'Send\nMoney')]"}[39m
[35m[HTTP][39m [37m<-- POST /wd/hub/session/21652c62-16f4-485d-888d-ec11524d3e27/elements [39m[32m200[39m [90m445 ms - 12[39m
[35m[HTTP][39m [90m[39m
[35m[HTTP][39m [37m-->[39m [37mPOST[39m [37m/wd/hub/session/21652c62-16f4-485d-888d-ec11524d3e27/elements[39m
[35m[HTTP][39m [90m{"using":"xpath","value":"//*[@class = 'android.widget.TextView' and (@text = 'Send\nMoney' or . = 'Send\nMoney')]"}[39m
[35m[HTTP][39m [37m<-- POST /wd/hub/session/21652c62-16f4-485d-888d-ec11524d3e27/elements [39m[32m200[39m [90m460 ms - 12[39m
[35m[HTTP][39m [90m[39m
[35m[HTTP][39m [37m-->[39m [37mPOST[39m [37m/wd/hub/session/21652c62-16f4-485d-888d-ec11524d3e27/elements[39m
[35m[HTTP][39m [90m{"using":"xpath","value":"//*[@class = 'android.widget.TextView' and (@text = 'Send\nMoney' or . = 'Send\nMoney')]"}[39m
[35m[HTTP][39m [37m<-- POST /wd/hub/session/21652c62-16f4-485d-888d-ec11524d3e27/elements [39m[32m200[39m [90m296 ms - 12[39m
[35m[HTTP][39m [90m[39m
[35m[HTTP][39m [37m-->[39m [37mPOST[39m [37m/wd/hub/session/21652c62-16f4-485d-888d-ec11524d3e27/elements[39m
[35m[HTTP][39m [90m{"using":"xpath","value":"//*[@class = 'android.widget.TextView' and (@text = 'Send\nMoney' or . = 'Send\nMoney')]"}[39m
[35m[HTTP][39m [37m<-- POST /wd/hub/session/21652c62-16f4-485d-888d-ec11524d3e27/elements [39m[32m200[39m [90m441 ms - 12[39m
[35m[HTTP][39m [90m[39m
[35m[HTTP][39m [37m-->[39m [37mPOST[39m [37m/wd/hub/session/21652c62-16f4-485d-888d-ec11524d3e27/elements[39m
[35m[HTTP][39m [90m{"using":"xpath","value":"//*[@class = 'android.widget.TextView' and (@text = 'Send\nMoney' or . = 'Send\nMoney')]"}[39m
[35m[HTTP][39m [37m<-- POST /wd/hub/session/21652c62-16f4-485d-888d-ec11524d3e27/elements [39m[32m200[39m [90m407 ms - 12[39m
[35m[HTTP][39m [90m[39m
[35m[HTTP][39m [37m-->[39m [37mPOST[39m [37m/wd/hub/session/21652c62-16f4-485d-888d-ec11524d3e27/elements[39m
[35m[HTTP][39m [90m{"using":"xpath","value":"//*[@class = 'android.widget.TextView' and (@text = 'Send\nMoney' or . = 'Send\nMoney')]"}[39m
[35m[HTTP][39m [37m<-- POST /wd/hub/session/21652c62-16f4-485d-888d-ec11524d3e27/elements [39m[32m200[39m [90m302 ms - 12[39m
[35m[HTTP][39m [90m[39m
[35m[HTTP][39m [37m-->[39m [37mPOST[39m [37m/wd/hub/session/21652c62-16f4-485d-888d-ec11524d3e27/elements[39m
[35m[HTTP][39m [90m{"using":"xpath","value":"//*[@class = 'android.widget.TextView' and (@text = 'Send\nMoney' or . = 'Send\nMoney')]"}[39m
[35m[HTTP][39m [37m<-- POST /wd/hub/session/21652c62-16f4-485d-888d-ec11524d3e27/elements [39m[32m200[39m [90m423 ms - 12[39m
[35m[HTTP][39m [90m[39m
[35m[HTTP][39m [37m-->[39m [37mPOST[39m [37m/wd/hub/session/21652c62-16f4-485d-888d-ec11524d3e27/elements[39m
[35m[HTTP][39m [90m{"using":"xpath","value":"//*[@class = 'android.widget.TextView' and (@text = 'Send\nMoney' or . = 'Send\nMoney')]"}[39m
[35m[HTTP][39m [37m<-- POST /wd/hub/session/21652c62-16f4-485d-888d-ec11524d3e27/elements [39m[32m200[39m [90m419 ms - 12[39m
[35m[HTTP][39m [90m[39m
[35m[HTTP][39m [37m-->[39m [37mPOST[39m [37m/wd/hub/session/21652c62-16f4-485d-888d-ec11524d3e27/elements[39m
[35m[HTTP][39m [90m{"using":"xpath","value":"//*[@class = 'android.widget.TextView' and (@text = 'Send\nMoney' or . = 'Send\nMoney')]"}[39m
[35m[HTTP][39m [37m<-- POST /wd/hub/session/21652c62-16f4-485d-888d-ec11524d3e27/elements [39m[32m200[39m [90m320 ms - 12[39m
[35m[HTTP][39m [90m[39m
[35m[HTTP][39m [37m-->[39m [37mPOST[39m [37m/wd/hub/session/21652c62-16f4-485d-888d-ec11524d3e27/elements[39m
[35m[HTTP][39m [90m{"using":"xpath","value":"//*[@class = 'android.widget.TextView' and (@text = 'Send\nMoney' or . = 'Send\nMoney')]"}[39m
[35m[HTTP][39m [37m<-- POST /wd/hub/session/21652c62-16f4-485d-888d-ec11524d3e27/elements [39m[32m200[39m [90m365 ms - 12[39m
[35m[HTTP][39m [90m[39m
[35m[HTTP][39m [37m-->[39m [37mPOST[39m [37m/wd/hub/session/21652c62-16f4-485d-888d-ec11524d3e27/elements[39m
[35m[HTTP][39m [90m{"using":"xpath","value":"//*[@class = 'android.widget.TextView' and (@text = 'Send\nMoney' or . = 'Send\nMoney')]"}[39m
[35m[HTTP][39m [37m<-- POST /wd/hub/session/21652c62-16f4-485d-888d-ec11524d3e27/elements [39m[32m200[39m [90m442 ms - 12[39m
[35m[HTTP][39m [90m[39m
[35m[BaseDriver][39m Shutting down because we waited 1800 seconds for a command
[35m[Appium][39m Closing session, cause was 'New Command Timeout of 1800 seconds expired. Try customizing the timeout using the 'newCommandTimeout' desired capability'
[35m[Appium][39m Removing session '21652c62-16f4-485d-888d-ec11524d3e27' from our master session list
[35m[UiAutomator2][39m Did not get confirmation UiAutomator2 deleteSession worked; Error was: UnknownError: An unknown server-side error occurred while processing the command. Original error: 'DELETE /' cannot be proxied to UiAutomator2 server because the instrumentation process is not running (probably crashed). Check the server log and/or the logcat output for more details
[35m[UiAutomator2][39m Restoring hidden api policy to the device default configuration
