[35m[Appium][39m Welcome to Appium v1.22.1
[35m[Appium][39m Non-default server args:
[35m[Appium][39m   port: 57675
[35m[Appium][39m   loglevel: info
[35m[Appium][39m   tmpDir: /var/folders/ng/yn0fw_vs06sd52svk474lbd40000gn/T//Katalon/Appium/Temp1655275343671
[35m[Appium][39m   chromedriverPort: 57676
[35m[Appium][39m Deprecated server args:
[35m[Appium][39m   [31m--chromedriver-port[39m => --default-capabilities
[35m[Appium][39m Default capabilities, which will be added to each request unless overridden by desired capabilities:
[35m[Appium][39m   chromedriverPort: 57676
[35m[Appium][39m Appium REST http interface listener started on 0.0.0.0:57675
[35m[HTTP][39m [37m-->[39m [37mGET[39m [37m/wd/hub/status[39m
[35m[HTTP][39m [90m{}[39m
[35m[HTTP][39m [37m<-- GET /wd/hub/status [39m[32m200[39m [90m5 ms - 68[39m
[35m[HTTP][39m [90m[39m
[35m[HTTP][39m [37m-->[39m [37mPOST[39m [37m/wd/hub/session[39m
[35m[HTTP][39m [90m{"desiredCapabilities":{"app":"/Users/a00139272/Katalon Studio/MAE/androidapp/app-dev-universal-release (1).apk","appPackage":"com.maybank2u.life.uat","noReset":true,"appWaitActivity":"*","deviceId":"002b9cc60508","deviceName":"Xiaomi 21061119AG (Android 11)","fullReset":false,"platform":"ANDROID","appActivity":"com.maybank2u.life.MainActivity","newCommandTimeout":1800,"platformVersion":"11","automationName":"uiautomator2","autoGrantPermissions":true,"platformName":"Android","udid":"002b9cc60508","systemPort":57674},"capabilities":{"firstMatch":[{"appium:app":"/Users/a00139272/Katalon Studio/MAE/androidapp/app-dev-universal-release (1).apk","appium:appActivity":"com.maybank2u.life.MainActivity","appium:appPackage":"com.maybank2u.life.uat","appium:appWaitActivity":"*","appium:autoGrantPermissions":true,"appium:automationName":"uiautomator2","deviceId":"002b9cc60508","appium:deviceName":"Xiaomi 21061119AG (Android 11)","appium:fullReset":false,"appium:newCommandTimeout":1800,"appium:noReset":true,"platform":...[39m
[35m[BaseDriver][39m The following capabilities are not standard capabilities and should have an extension prefix:
[35m[BaseDriver][39m   deviceId
[35m[BaseDriver][39m   platform
[35m[BaseDriver][39m   chromedriverPort
[35m[Appium][39m Appium v1.22.1 creating new AndroidUiautomator2Driver (v1.70.1) session
[35m[BaseDriver][39m The following capabilities were provided, but are not recognized by Appium:
[35m[BaseDriver][39m   deviceId
[35m[BaseDriver][39m   platform
[35m[BaseDriver][39m Session created with session id: 988f1165-b08b-4acd-a537-3877b2199a29
[35m[BaseDriver][39m Using local app '/Users/a00139272/Katalon Studio/MAE/androidapp/app-dev-universal-release (1).apk'
[35m[ADB][39m Found 1 'build-tools' folders under '/Users/a00139272/.katalon/tools/android_sdk' (newest first):
[35m[ADB][39m     /Users/a00139272/.katalon/tools/android_sdk/build-tools/29.0.3
[35m[ADB][39m Using 'adb' from '/Users/a00139272/.katalon/tools/android_sdk/platform-tools/adb'
[35m[AndroidDriver][39m Retrieving device list
[35m[AndroidDriver][39m Using device: 002b9cc60508
[35m[ADB][39m Using 'adb' from '/Users/a00139272/.katalon/tools/android_sdk/platform-tools/adb'
[35m[ADB][39m Getting device platform version
[35m[UiAutomator2][39m Relaxing hidden api policy
[35m[ADB][39m Using 'apksigner.jar' from '/Users/a00139272/.katalon/tools/android_sdk/build-tools/29.0.3/lib/apksigner.jar'
[35m[ADB][39m '/usr/local/lib/node_modules/appium/node_modules/appium-uiautomator2-server/apks/appium-uiautomator2-server-v4.27.0.apk' is signed with the default certificate
[35m[ADB][39m '/usr/local/lib/node_modules/appium/node_modules/appium-uiautomator2-server/apks/appium-uiautomator2-server-debug-androidTest.apk' is signed with the default certificate
[35m[UiAutomator2][39m Server packages are not going to be (re)installed
[35m[ADB][39m Adding packages ["io.appium.settings","io.appium.uiautomator2.server","io.appium.uiautomator2.server.test"] to Doze whitelist
[35m[ADB][39m '/Users/a00139272/Katalon Studio/MAE/androidapp/app-dev-universal-release (1).apk' is signed with a non-default certificate
[35m[UiAutomator2][39m Starting UIAutomator2 server 4.27.0
[35m[UiAutomator2][39m Using UIAutomator2 server from '/usr/local/lib/node_modules/appium/node_modules/appium-uiautomator2-server/apks/appium-uiautomator2-server-v4.27.0.apk' and test from '/usr/local/lib/node_modules/appium/node_modules/appium-uiautomator2-server/apks/appium-uiautomator2-server-debug-androidTest.apk'
[35m[UiAutomator2][39m Waiting up to 30000ms for UiAutomator2 to be online...
[35m[WD Proxy][39m socket hang up
[35m[WD Proxy][39m socket hang up
[35m[WD Proxy][39m socket hang up
[35m[WD Proxy][39m Determined the downstream protocol as 'W3C'
[35m[AndroidDriver][39m Screen already unlocked, doing nothing
[35m[UiAutomator2][39m Starting 'com.maybank2u.life.uat/com.maybank2u.life.MainActivity and waiting for 'com.maybank2u.life.uat/*'
[35m[Appium][39m New AndroidUiautomator2Driver session created successfully, session 988f1165-b08b-4acd-a537-3877b2199a29 added to master session list
[35m[HTTP][39m [37m<-- POST /wd/hub/session [39m[32m200[39m [90m11157 ms - 1555[39m
[35m[HTTP][39m [90m[39m
[35m[HTTP][39m [37m-->[39m [37mGET[39m [37m/wd/hub/session/988f1165-b08b-4acd-a537-3877b2199a29[39m
[35m[HTTP][39m [90m{}[39m
[35m[HTTP][39m [37m<-- GET /wd/hub/session/988f1165-b08b-4acd-a537-3877b2199a29 [39m[32m200[39m [90m14 ms - 1509[39m
[35m[HTTP][39m [90m[39m
[35m[HTTP][39m [37m-->[39m [37mGET[39m [37m/wd/hub/session/988f1165-b08b-4acd-a537-3877b2199a29[39m
[35m[HTTP][39m [90m{}[39m
[35m[HTTP][39m [37m<-- GET /wd/hub/session/988f1165-b08b-4acd-a537-3877b2199a29 [39m[32m200[39m [90m17 ms - 1509[39m
[35m[HTTP][39m [90m[39m
[35m[HTTP][39m [37m-->[39m [37mGET[39m [37m/wd/hub/status[39m
[35m[HTTP][39m [90m{}[39m
[35m[HTTP][39m [37m<-- GET /wd/hub/status [39m[32m200[39m [90m1 ms - 68[39m
[35m[HTTP][39m [90m[39m
[35m[HTTP][39m [37m-->[39m [37mPOST[39m [37m/wd/hub/session/988f1165-b08b-4acd-a537-3877b2199a29/timeouts[39m
[35m[HTTP][39m [90m{"implicit":40000}[39m
[35m[HTTP][39m [37m<-- POST /wd/hub/session/988f1165-b08b-4acd-a537-3877b2199a29/timeouts [39m[32m200[39m [90m2 ms - 14[39m
[35m[HTTP][39m [90m[39m
[35m[HTTP][39m [37m-->[39m [37mGET[39m [37m/wd/hub/session/988f1165-b08b-4acd-a537-3877b2199a29/screenshot[39m
[35m[HTTP][39m [90m{}[39m
[35m[HTTP][39m [37m<-- GET /wd/hub/session/988f1165-b08b-4acd-a537-3877b2199a29/screenshot [39m[32m200[39m [90m592 ms - 124608[39m
[35m[HTTP][39m [90m[39m
[35m[HTTP][39m [37m-->[39m [37mGET[39m [37m/wd/hub/session/988f1165-b08b-4acd-a537-3877b2199a29/window/rect[39m
[35m[HTTP][39m [90m{}[39m
[35m[HTTP][39m [37m<-- GET /wd/hub/session/988f1165-b08b-4acd-a537-3877b2199a29/window/rect [39m[32m200[39m [90m24 ms - 50[39m
[35m[HTTP][39m [90m[39m
[35m[HTTP][39m [37m-->[39m [37mGET[39m [37m/wd/hub/session/988f1165-b08b-4acd-a537-3877b2199a29/appium/device/system_bars[39m
[35m[HTTP][39m [90m{}[39m
[35m[HTTP][39m [37m<-- GET /wd/hub/session/988f1165-b08b-4acd-a537-3877b2199a29/appium/device/system_bars [39m[32m200[39m [90m65 ms - 149[39m
[35m[HTTP][39m [90m[39m
[35m[HTTP][39m [37m-->[39m [37mPOST[39m [37m/wd/hub/session/988f1165-b08b-4acd-a537-3877b2199a29/timeouts[39m
[35m[HTTP][39m [90m{"implicit":50}[39m
[35m[HTTP][39m [37m<-- POST /wd/hub/session/988f1165-b08b-4acd-a537-3877b2199a29/timeouts [39m[32m200[39m [90m2 ms - 14[39m
[35m[HTTP][39m [90m[39m
[35m[HTTP][39m [37m-->[39m [37mGET[39m [37m/wd/hub/session/988f1165-b08b-4acd-a537-3877b2199a29/window/rect[39m
[35m[HTTP][39m [90m{}[39m
[35m[HTTP][39m [37m<-- GET /wd/hub/session/988f1165-b08b-4acd-a537-3877b2199a29/window/rect [39m[32m200[39m [90m14 ms - 50[39m
[35m[HTTP][39m [90m[39m
[35m[HTTP][39m [37m-->[39m [37mPOST[39m [37m/wd/hub/session/988f1165-b08b-4acd-a537-3877b2199a29/elements[39m
[35m[HTTP][39m [90m{"using":"xpath","value":"//*[@class = 'android.widget.TextView' and (@text = 'Skip' or . = 'Skip')]"}[39m
[35m[HTTP][39m [37m<-- POST /wd/hub/session/988f1165-b08b-4acd-a537-3877b2199a29/elements [39m[32m200[39m [90m394 ms - 12[39m
[35m[HTTP][39m [90m[39m
[35m[HTTP][39m [37m-->[39m [37mPOST[39m [37m/wd/hub/session/988f1165-b08b-4acd-a537-3877b2199a29/elements[39m
[35m[HTTP][39m [90m{"using":"xpath","value":"//*[@class = 'android.widget.TextView' and (@text = 'Skip' or . = 'Skip')]"}[39m
[35m[HTTP][39m [37m<-- POST /wd/hub/session/988f1165-b08b-4acd-a537-3877b2199a29/elements [39m[32m200[39m [90m75 ms - 12[39m
[35m[HTTP][39m [90m[39m
[35m[HTTP][39m [37m-->[39m [37mPOST[39m [37m/wd/hub/session/988f1165-b08b-4acd-a537-3877b2199a29/elements[39m
[35m[HTTP][39m [90m{"using":"xpath","value":"//*[@class = 'android.widget.TextView' and (@text = 'Skip' or . = 'Skip')]"}[39m
[35m[HTTP][39m [37m<-- POST /wd/hub/session/988f1165-b08b-4acd-a537-3877b2199a29/elements [39m[32m200[39m [90m68 ms - 12[39m
[35m[HTTP][39m [90m[39m
[35m[HTTP][39m [37m-->[39m [37mPOST[39m [37m/wd/hub/session/988f1165-b08b-4acd-a537-3877b2199a29/elements[39m
[35m[HTTP][39m [90m{"using":"xpath","value":"//*[@class = 'android.widget.TextView' and (@text = 'Skip' or . = 'Skip')]"}[39m
[35m[HTTP][39m [37m<-- POST /wd/hub/session/988f1165-b08b-4acd-a537-3877b2199a29/elements [39m[32m200[39m [90m66 ms - 12[39m
[35m[HTTP][39m [90m[39m
[35m[HTTP][39m [37m-->[39m [37mPOST[39m [37m/wd/hub/session/988f1165-b08b-4acd-a537-3877b2199a29/elements[39m
[35m[HTTP][39m [90m{"using":"xpath","value":"//*[@class = 'android.widget.TextView' and (@text = 'Skip' or . = 'Skip')]"}[39m
[35m[HTTP][39m [37m<-- POST /wd/hub/session/988f1165-b08b-4acd-a537-3877b2199a29/elements [39m[32m200[39m [90m69 ms - 12[39m
[35m[HTTP][39m [90m[39m
[35m[HTTP][39m [37m-->[39m [37mPOST[39m [37m/wd/hub/session/988f1165-b08b-4acd-a537-3877b2199a29/elements[39m
[35m[HTTP][39m [90m{"using":"xpath","value":"//*[@class = 'android.widget.TextView' and (@text = 'Skip' or . = 'Skip')]"}[39m
[35m[HTTP][39m [37m<-- POST /wd/hub/session/988f1165-b08b-4acd-a537-3877b2199a29/elements [39m[32m200[39m [90m68 ms - 12[39m
[35m[HTTP][39m [90m[39m
[35m[HTTP][39m [37m-->[39m [37mPOST[39m [37m/wd/hub/session/988f1165-b08b-4acd-a537-3877b2199a29/elements[39m
[35m[HTTP][39m [90m{"using":"xpath","value":"//*[@class = 'android.widget.TextView' and (@text = 'Skip' or . = 'Skip')]"}[39m
[35m[HTTP][39m [37m<-- POST /wd/hub/session/988f1165-b08b-4acd-a537-3877b2199a29/elements [39m[32m200[39m [90m69 ms - 12[39m
[35m[HTTP][39m [90m[39m
[35m[HTTP][39m [37m-->[39m [37mPOST[39m [37m/wd/hub/session/988f1165-b08b-4acd-a537-3877b2199a29/elements[39m
[35m[HTTP][39m [90m{"using":"xpath","value":"//*[@class = 'android.widget.TextView' and (@text = 'Skip' or . = 'Skip')]"}[39m
[35m[HTTP][39m [37m<-- POST /wd/hub/session/988f1165-b08b-4acd-a537-3877b2199a29/elements [39m[32m200[39m [90m69 ms - 12[39m
[35m[HTTP][39m [90m[39m
[35m[HTTP][39m [37m-->[39m [37mPOST[39m [37m/wd/hub/session/988f1165-b08b-4acd-a537-3877b2199a29/elements[39m
[35m[HTTP][39m [90m{"using":"xpath","value":"//*[@class = 'android.widget.TextView' and (@text = 'Skip' or . = 'Skip')]"}[39m
[35m[HTTP][39m [37m<-- POST /wd/hub/session/988f1165-b08b-4acd-a537-3877b2199a29/elements [39m[32m200[39m [90m62 ms - 12[39m
[35m[HTTP][39m [90m[39m
[35m[HTTP][39m [37m-->[39m [37mPOST[39m [37m/wd/hub/session/988f1165-b08b-4acd-a537-3877b2199a29/elements[39m
[35m[HTTP][39m [90m{"using":"xpath","value":"//*[@class = 'android.widget.TextView' and (@text = 'Skip' or . = 'Skip')]"}[39m
[35m[HTTP][39m [37m<-- POST /wd/hub/session/988f1165-b08b-4acd-a537-3877b2199a29/elements [39m[32m200[39m [90m61 ms - 12[39m
[35m[HTTP][39m [90m[39m
[35m[HTTP][39m [37m-->[39m [37mPOST[39m [37m/wd/hub/session/988f1165-b08b-4acd-a537-3877b2199a29/elements[39m
[35m[HTTP][39m [90m{"using":"xpath","value":"//*[@class = 'android.widget.TextView' and (@text = 'Skip' or . = 'Skip')]"}[39m
[35m[HTTP][39m [37m<-- POST /wd/hub/session/988f1165-b08b-4acd-a537-3877b2199a29/elements [39m[32m200[39m [90m51 ms - 12[39m
[35m[HTTP][39m [90m[39m
[35m[HTTP][39m [37m-->[39m [37mPOST[39m [37m/wd/hub/session/988f1165-b08b-4acd-a537-3877b2199a29/elements[39m
[35m[HTTP][39m [90m{"using":"xpath","value":"//*[@class = 'android.widget.TextView' and (@text = 'Skip' or . = 'Skip')]"}[39m
[35m[HTTP][39m [37m<-- POST /wd/hub/session/988f1165-b08b-4acd-a537-3877b2199a29/elements [39m[32m200[39m [90m53 ms - 12[39m
[35m[HTTP][39m [90m[39m
[35m[HTTP][39m [37m-->[39m [37mPOST[39m [37m/wd/hub/session/988f1165-b08b-4acd-a537-3877b2199a29/elements[39m
[35m[HTTP][39m [90m{"using":"xpath","value":"//*[@class = 'android.widget.TextView' and (@text = 'Skip' or . = 'Skip')]"}[39m
[35m[HTTP][39m [37m<-- POST /wd/hub/session/988f1165-b08b-4acd-a537-3877b2199a29/elements [39m[32m200[39m [90m107 ms - 12[39m
[35m[HTTP][39m [90m[39m
[35m[HTTP][39m [37m-->[39m [37mPOST[39m [37m/wd/hub/session/988f1165-b08b-4acd-a537-3877b2199a29/elements[39m
[35m[HTTP][39m [90m{"using":"xpath","value":"//*[@class = 'android.widget.TextView' and (@text = 'Skip' or . = 'Skip')]"}[39m
[35m[HTTP][39m [37m<-- POST /wd/hub/session/988f1165-b08b-4acd-a537-3877b2199a29/elements [39m[32m200[39m [90m51 ms - 12[39m
[35m[HTTP][39m [90m[39m
[35m[HTTP][39m [37m-->[39m [37mPOST[39m [37m/wd/hub/session/988f1165-b08b-4acd-a537-3877b2199a29/elements[39m
[35m[HTTP][39m [90m{"using":"xpath","value":"//*[@class = 'android.widget.TextView' and (@text = 'Skip' or . = 'Skip')]"}[39m
[35m[HTTP][39m [37m<-- POST /wd/hub/session/988f1165-b08b-4acd-a537-3877b2199a29/elements [39m[32m200[39m [90m55 ms - 12[39m
[35m[HTTP][39m [90m[39m
[35m[HTTP][39m [37m-->[39m [37mPOST[39m [37m/wd/hub/session/988f1165-b08b-4acd-a537-3877b2199a29/elements[39m
[35m[HTTP][39m [90m{"using":"xpath","value":"//*[@class = 'android.widget.TextView' and (@text = 'Skip' or . = 'Skip')]"}[39m
[35m[HTTP][39m [37m<-- POST /wd/hub/session/988f1165-b08b-4acd-a537-3877b2199a29/elements [39m[32m200[39m [90m54 ms - 12[39m
[35m[HTTP][39m [90m[39m
[35m[HTTP][39m [37m-->[39m [37mPOST[39m [37m/wd/hub/session/988f1165-b08b-4acd-a537-3877b2199a29/elements[39m
[35m[HTTP][39m [90m{"using":"xpath","value":"//*[@class = 'android.widget.TextView' and (@text = 'Skip' or . = 'Skip')]"}[39m
[35m[HTTP][39m [37m<-- POST /wd/hub/session/988f1165-b08b-4acd-a537-3877b2199a29/elements [39m[32m200[39m [90m1812 ms - 139[39m
[35m[HTTP][39m [90m[39m
[35m[HTTP][39m [37m-->[39m [37mGET[39m [37m/wd/hub/session/988f1165-b08b-4acd-a537-3877b2199a29/element/00000000-0000-0314-ffff-ffff00000048/location[39m
[35m[HTTP][39m [90m{}[39m
[35m[W3C (988f1165)][39m Driver proxy active, passing request on via HTTP proxy
[35m[WD Proxy][39m Replacing sessionId 9bae7568-f9fa-435b-b306-196bd80f5cb1 with 988f1165-b08b-4acd-a537-3877b2199a29
[35m[HTTP][39m [37m<-- GET /wd/hub/session/988f1165-b08b-4acd-a537-3877b2199a29/element/00000000-0000-0314-ffff-ffff00000048/location [39m[32m200[39m [90m16 ms - 78[39m
[35m[HTTP][39m [90m[39m
[35m[HTTP][39m [37m-->[39m [37mPOST[39m [37m/wd/hub/session/988f1165-b08b-4acd-a537-3877b2199a29/timeouts[39m
[35m[HTTP][39m [90m{"implicit":40000}[39m
[35m[HTTP][39m [37m<-- POST /wd/hub/session/988f1165-b08b-4acd-a537-3877b2199a29/timeouts [39m[32m200[39m [90m1 ms - 14[39m
[35m[HTTP][39m [90m[39m
[35m[HTTP][39m [37m-->[39m [37mGET[39m [37m/wd/hub/session/988f1165-b08b-4acd-a537-3877b2199a29/element/00000000-0000-0314-ffff-ffff00000048/displayed[39m
[35m[HTTP][39m [90m{}[39m
[35m[HTTP][39m [37m<-- GET /wd/hub/session/988f1165-b08b-4acd-a537-3877b2199a29/element/00000000-0000-0314-ffff-ffff00000048/displayed [39m[32m200[39m [90m11 ms - 14[39m
[35m[HTTP][39m [90m[39m
[35m[HTTP][39m [37m-->[39m [37mPOST[39m [37m/wd/hub/session/988f1165-b08b-4acd-a537-3877b2199a29/timeouts[39m
[35m[HTTP][39m [90m{"implicit":50}[39m
[35m[HTTP][39m [37m<-- POST /wd/hub/session/988f1165-b08b-4acd-a537-3877b2199a29/timeouts [39m[32m200[39m [90m1 ms - 14[39m
[35m[HTTP][39m [90m[39m
[35m[HTTP][39m [37m-->[39m [37mGET[39m [37m/wd/hub/session/988f1165-b08b-4acd-a537-3877b2199a29/window/rect[39m
[35m[HTTP][39m [90m{}[39m
[35m[HTTP][39m [37m<-- GET /wd/hub/session/988f1165-b08b-4acd-a537-3877b2199a29/window/rect [39m[32m200[39m [90m8 ms - 50[39m
[35m[HTTP][39m [90m[39m
[35m[HTTP][39m [37m-->[39m [37mPOST[39m [37m/wd/hub/session/988f1165-b08b-4acd-a537-3877b2199a29/elements[39m
[35m[HTTP][39m [90m{"using":"xpath","value":"//*[@class = 'android.widget.TextView' and (@text = 'Skip' or . = 'Skip')]"}[39m
[35m[HTTP][39m [37m<-- POST /wd/hub/session/988f1165-b08b-4acd-a537-3877b2199a29/elements [39m[32m200[39m [90m79 ms - 139[39m
[35m[HTTP][39m [90m[39m
[35m[HTTP][39m [37m-->[39m [37mGET[39m [37m/wd/hub/session/988f1165-b08b-4acd-a537-3877b2199a29/element/00000000-0000-0314-ffff-ffff00000048/location[39m
[35m[HTTP][39m [90m{}[39m
[35m[W3C (988f1165)][39m Driver proxy active, passing request on via HTTP proxy
[35m[WD Proxy][39m Replacing sessionId 9bae7568-f9fa-435b-b306-196bd80f5cb1 with 988f1165-b08b-4acd-a537-3877b2199a29
[35m[HTTP][39m [37m<-- GET /wd/hub/session/988f1165-b08b-4acd-a537-3877b2199a29/element/00000000-0000-0314-ffff-ffff00000048/location [39m[32m200[39m [90m14 ms - 78[39m
[35m[HTTP][39m [90m[39m
[35m[HTTP][39m [37m-->[39m [37mPOST[39m [37m/wd/hub/session/988f1165-b08b-4acd-a537-3877b2199a29/timeouts[39m
[35m[HTTP][39m [90m{"implicit":40000}[39m
[35m[HTTP][39m [37m<-- POST /wd/hub/session/988f1165-b08b-4acd-a537-3877b2199a29/timeouts [39m[32m200[39m [90m3 ms - 14[39m
[35m[HTTP][39m [90m[39m
[35m[HTTP][39m [37m-->[39m [37mPOST[39m [37m/wd/hub/session/988f1165-b08b-4acd-a537-3877b2199a29/timeouts[39m
[35m[HTTP][39m [90m{"implicit":50}[39m
[35m[HTTP][39m [37m<-- POST /wd/hub/session/988f1165-b08b-4acd-a537-3877b2199a29/timeouts [39m[32m200[39m [90m1 ms - 14[39m
[35m[HTTP][39m [90m[39m
[35m[HTTP][39m [37m-->[39m [37mGET[39m [37m/wd/hub/session/988f1165-b08b-4acd-a537-3877b2199a29/window/rect[39m
[35m[HTTP][39m [90m{}[39m
[35m[HTTP][39m [37m<-- GET /wd/hub/session/988f1165-b08b-4acd-a537-3877b2199a29/window/rect [39m[32m200[39m [90m8 ms - 50[39m
[35m[HTTP][39m [90m[39m
[35m[HTTP][39m [37m-->[39m [37mPOST[39m [37m/wd/hub/session/988f1165-b08b-4acd-a537-3877b2199a29/elements[39m
[35m[HTTP][39m [90m{"using":"xpath","value":"//*[@class = 'android.widget.TextView' and (@text = 'Skip' or . = 'Skip')]"}[39m
[35m[HTTP][39m [37m<-- POST /wd/hub/session/988f1165-b08b-4acd-a537-3877b2199a29/elements [39m[32m200[39m [90m75 ms - 139[39m
[35m[HTTP][39m [90m[39m
[35m[HTTP][39m [37m-->[39m [37mGET[39m [37m/wd/hub/session/988f1165-b08b-4acd-a537-3877b2199a29/element/00000000-0000-0314-ffff-ffff00000048/location[39m
[35m[HTTP][39m [90m{}[39m
[35m[W3C (988f1165)][39m Driver proxy active, passing request on via HTTP proxy
[35m[WD Proxy][39m Replacing sessionId 9bae7568-f9fa-435b-b306-196bd80f5cb1 with 988f1165-b08b-4acd-a537-3877b2199a29
[35m[HTTP][39m [37m<-- GET /wd/hub/session/988f1165-b08b-4acd-a537-3877b2199a29/element/00000000-0000-0314-ffff-ffff00000048/location [39m[32m200[39m [90m15 ms - 78[39m
[35m[HTTP][39m [90m[39m
[35m[HTTP][39m [37m-->[39m [37mPOST[39m [37m/wd/hub/session/988f1165-b08b-4acd-a537-3877b2199a29/timeouts[39m
[35m[HTTP][39m [90m{"implicit":40000}[39m
[35m[HTTP][39m [37m<-- POST /wd/hub/session/988f1165-b08b-4acd-a537-3877b2199a29/timeouts [39m[32m200[39m [90m1 ms - 14[39m
[35m[HTTP][39m [90m[39m
[35m[HTTP][39m [37m-->[39m [37mPOST[39m [37m/wd/hub/session/988f1165-b08b-4acd-a537-3877b2199a29/element/00000000-0000-0314-ffff-ffff00000048/click[39m
[35m[HTTP][39m [90m{"id":"00000000-0000-0314-ffff-ffff00000048"}[39m
[35m[HTTP][39m [37m<-- POST /wd/hub/session/988f1165-b08b-4acd-a537-3877b2199a29/element/00000000-0000-0314-ffff-ffff00000048/click [39m[32m200[39m [90m58 ms - 14[39m
[35m[HTTP][39m [90m[39m
[35m[HTTP][39m [37m-->[39m [37mPOST[39m [37m/wd/hub/session/988f1165-b08b-4acd-a537-3877b2199a29/timeouts[39m
[35m[HTTP][39m [90m{"implicit":50}[39m
[35m[HTTP][39m [37m<-- POST /wd/hub/session/988f1165-b08b-4acd-a537-3877b2199a29/timeouts [39m[32m200[39m [90m1 ms - 14[39m
[35m[HTTP][39m [90m[39m
[35m[HTTP][39m [37m-->[39m [37mGET[39m [37m/wd/hub/session/988f1165-b08b-4acd-a537-3877b2199a29/window/rect[39m
[35m[HTTP][39m [90m{}[39m
[35m[HTTP][39m [37m<-- GET /wd/hub/session/988f1165-b08b-4acd-a537-3877b2199a29/window/rect [39m[32m200[39m [90m10 ms - 50[39m
[35m[HTTP][39m [90m[39m
[35m[HTTP][39m [37m-->[39m [37mPOST[39m [37m/wd/hub/session/988f1165-b08b-4acd-a537-3877b2199a29/elements[39m
[35m[HTTP][39m [90m{"using":"xpath","value":"//*[@class = 'android.widget.TextView' and (@text = 'Agree' or . = 'Agree')]"}[39m
[35m[HTTP][39m [37m<-- POST /wd/hub/session/988f1165-b08b-4acd-a537-3877b2199a29/elements [39m[32m200[39m [90m181 ms - 12[39m
[35m[HTTP][39m [90m[39m
[35m[HTTP][39m [37m-->[39m [37mPOST[39m [37m/wd/hub/session/988f1165-b08b-4acd-a537-3877b2199a29/elements[39m
[35m[HTTP][39m [90m{"using":"xpath","value":"//*[@class = 'android.widget.TextView' and (@text = 'Agree' or . = 'Agree')]"}[39m
[35m[HTTP][39m [37m<-- POST /wd/hub/session/988f1165-b08b-4acd-a537-3877b2199a29/elements [39m[32m200[39m [90m555 ms - 139[39m
[35m[HTTP][39m [90m[39m
[35m[HTTP][39m [37m-->[39m [37mGET[39m [37m/wd/hub/session/988f1165-b08b-4acd-a537-3877b2199a29/element/00000000-0000-0315-ffff-ffff0000005f/location[39m
[35m[HTTP][39m [90m{}[39m
[35m[W3C (988f1165)][39m Driver proxy active, passing request on via HTTP proxy
[35m[WD Proxy][39m Replacing sessionId 9bae7568-f9fa-435b-b306-196bd80f5cb1 with 988f1165-b08b-4acd-a537-3877b2199a29
[35m[HTTP][39m [37m<-- GET /wd/hub/session/988f1165-b08b-4acd-a537-3877b2199a29/element/00000000-0000-0315-ffff-ffff0000005f/location [39m[32m200[39m [90m18 ms - 79[39m
[35m[HTTP][39m [90m[39m
[35m[HTTP][39m [37m-->[39m [37mPOST[39m [37m/wd/hub/session/988f1165-b08b-4acd-a537-3877b2199a29/timeouts[39m
[35m[HTTP][39m [90m{"implicit":40000}[39m
[35m[HTTP][39m [37m<-- POST /wd/hub/session/988f1165-b08b-4acd-a537-3877b2199a29/timeouts [39m[32m200[39m [90m1 ms - 14[39m
[35m[HTTP][39m [90m[39m
[35m[HTTP][39m [37m-->[39m [37mPOST[39m [37m/wd/hub/session/988f1165-b08b-4acd-a537-3877b2199a29/element/00000000-0000-0315-ffff-ffff0000005f/click[39m
[35m[HTTP][39m [90m{"id":"00000000-0000-0315-ffff-ffff0000005f"}[39m
[35m[HTTP][39m [37m<-- POST /wd/hub/session/988f1165-b08b-4acd-a537-3877b2199a29/element/00000000-0000-0315-ffff-ffff0000005f/click [39m[32m200[39m [90m47 ms - 14[39m
[35m[HTTP][39m [90m[39m
[35m[HTTP][39m [37m-->[39m [37mPOST[39m [37m/wd/hub/session/988f1165-b08b-4acd-a537-3877b2199a29/timeouts[39m
[35m[HTTP][39m [90m{"implicit":50}[39m
[35m[HTTP][39m [37m<-- POST /wd/hub/session/988f1165-b08b-4acd-a537-3877b2199a29/timeouts [39m[32m200[39m [90m1 ms - 14[39m
[35m[HTTP][39m [90m[39m
[35m[HTTP][39m [37m-->[39m [37mGET[39m [37m/wd/hub/session/988f1165-b08b-4acd-a537-3877b2199a29/window/rect[39m
[35m[HTTP][39m [90m{}[39m
[35m[HTTP][39m [37m<-- GET /wd/hub/session/988f1165-b08b-4acd-a537-3877b2199a29/window/rect [39m[32m200[39m [90m8 ms - 50[39m
[35m[HTTP][39m [90m[39m
[35m[HTTP][39m [37m-->[39m [37mPOST[39m [37m/wd/hub/session/988f1165-b08b-4acd-a537-3877b2199a29/elements[39m
[35m[HTTP][39m [90m{"using":"xpath","value":"//*[@class = 'android.widget.TextView' and (@text = 'Set Up Wallet' or . = 'Set Up Wallet')]"}[39m
[35m[HTTP][39m [37m<-- POST /wd/hub/session/988f1165-b08b-4acd-a537-3877b2199a29/elements [39m[32m200[39m [90m6400 ms - 139[39m
[35m[HTTP][39m [90m[39m
[35m[HTTP][39m [37m-->[39m [37mGET[39m [37m/wd/hub/session/988f1165-b08b-4acd-a537-3877b2199a29/element/00000000-0000-0314-ffff-ffff000000aa/location[39m
[35m[HTTP][39m [90m{}[39m
[35m[W3C (988f1165)][39m Driver proxy active, passing request on via HTTP proxy
[35m[WD Proxy][39m Replacing sessionId 9bae7568-f9fa-435b-b306-196bd80f5cb1 with 988f1165-b08b-4acd-a537-3877b2199a29
[35m[HTTP][39m [37m<-- GET /wd/hub/session/988f1165-b08b-4acd-a537-3877b2199a29/element/00000000-0000-0314-ffff-ffff000000aa/location [39m[32m200[39m [90m19 ms - 78[39m
[35m[HTTP][39m [90m[39m
[35m[HTTP][39m [37m-->[39m [37mPOST[39m [37m/wd/hub/session/988f1165-b08b-4acd-a537-3877b2199a29/timeouts[39m
[35m[HTTP][39m [90m{"implicit":40000}[39m
[35m[HTTP][39m [37m<-- POST /wd/hub/session/988f1165-b08b-4acd-a537-3877b2199a29/timeouts [39m[32m200[39m [90m1 ms - 14[39m
[35m[HTTP][39m [90m[39m
[35m[HTTP][39m [37m-->[39m [37mPOST[39m [37m/wd/hub/session/988f1165-b08b-4acd-a537-3877b2199a29/element/00000000-0000-0314-ffff-ffff000000aa/click[39m
[35m[HTTP][39m [90m{"id":"00000000-0000-0314-ffff-ffff000000aa"}[39m
[35m[HTTP][39m [37m<-- POST /wd/hub/session/988f1165-b08b-4acd-a537-3877b2199a29/element/00000000-0000-0314-ffff-ffff000000aa/click [39m[32m200[39m [90m68 ms - 14[39m
[35m[HTTP][39m [90m[39m
[35m[HTTP][39m [37m-->[39m [37mPOST[39m [37m/wd/hub/session/988f1165-b08b-4acd-a537-3877b2199a29/timeouts[39m
[35m[HTTP][39m [90m{"implicit":50}[39m
[35m[HTTP][39m [37m<-- POST /wd/hub/session/988f1165-b08b-4acd-a537-3877b2199a29/timeouts [39m[32m200[39m [90m1 ms - 14[39m
[35m[HTTP][39m [90m[39m
[35m[HTTP][39m [37m-->[39m [37mGET[39m [37m/wd/hub/session/988f1165-b08b-4acd-a537-3877b2199a29/window/rect[39m
[35m[HTTP][39m [90m{}[39m
[35m[HTTP][39m [37m<-- GET /wd/hub/session/988f1165-b08b-4acd-a537-3877b2199a29/window/rect [39m[32m200[39m [90m9 ms - 50[39m
[35m[HTTP][39m [90m[39m
[35m[HTTP][39m [37m-->[39m [37mPOST[39m [37m/wd/hub/session/988f1165-b08b-4acd-a537-3877b2199a29/elements[39m
[35m[HTTP][39m [90m{"using":"xpath","value":"//*[@class = 'android.widget.TextView' and (@text = 'Existing M2U/MAE user? Log in here' or . = 'Existing M2U/MAE user? Log in here')]"}[39m
[35m[HTTP][39m [37m<-- POST /wd/hub/session/988f1165-b08b-4acd-a537-3877b2199a29/elements [39m[32m200[39m [90m1786 ms - 139[39m
[35m[HTTP][39m [90m[39m
[35m[HTTP][39m [37m-->[39m [37mGET[39m [37m/wd/hub/session/988f1165-b08b-4acd-a537-3877b2199a29/element/00000000-0000-0314-ffff-ffff00000223/location[39m
[35m[HTTP][39m [90m{}[39m
[35m[W3C (988f1165)][39m Driver proxy active, passing request on via HTTP proxy
[35m[WD Proxy][39m Replacing sessionId 9bae7568-f9fa-435b-b306-196bd80f5cb1 with 988f1165-b08b-4acd-a537-3877b2199a29
[35m[HTTP][39m [37m<-- GET /wd/hub/session/988f1165-b08b-4acd-a537-3877b2199a29/element/00000000-0000-0314-ffff-ffff00000223/location [39m[32m200[39m [90m29 ms - 79[39m
[35m[HTTP][39m [90m[39m
[35m[HTTP][39m [37m-->[39m [37mPOST[39m [37m/wd/hub/session/988f1165-b08b-4acd-a537-3877b2199a29/timeouts[39m
[35m[HTTP][39m [90m{"implicit":40000}[39m
[35m[HTTP][39m [37m<-- POST /wd/hub/session/988f1165-b08b-4acd-a537-3877b2199a29/timeouts [39m[32m200[39m [90m1 ms - 14[39m
[35m[HTTP][39m [90m[39m
[35m[HTTP][39m [37m-->[39m [37mPOST[39m [37m/wd/hub/session/988f1165-b08b-4acd-a537-3877b2199a29/element/00000000-0000-0314-ffff-ffff00000223/click[39m
[35m[HTTP][39m [90m{"id":"00000000-0000-0314-ffff-ffff00000223"}[39m
[35m[HTTP][39m [37m<-- POST /wd/hub/session/988f1165-b08b-4acd-a537-3877b2199a29/element/00000000-0000-0314-ffff-ffff00000223/click [39m[32m200[39m [90m65 ms - 14[39m
[35m[HTTP][39m [90m[39m
[35m[HTTP][39m [37m-->[39m [37mPOST[39m [37m/wd/hub/session/988f1165-b08b-4acd-a537-3877b2199a29/timeouts[39m
[35m[HTTP][39m [90m{"implicit":50}[39m
[35m[HTTP][39m [37m<-- POST /wd/hub/session/988f1165-b08b-4acd-a537-3877b2199a29/timeouts [39m[32m200[39m [90m1 ms - 14[39m
[35m[HTTP][39m [90m[39m
[35m[HTTP][39m [37m-->[39m [37mGET[39m [37m/wd/hub/session/988f1165-b08b-4acd-a537-3877b2199a29/window/rect[39m
[35m[HTTP][39m [90m{}[39m
[35m[HTTP][39m [37m<-- GET /wd/hub/session/988f1165-b08b-4acd-a537-3877b2199a29/window/rect [39m[32m200[39m [90m15 ms - 50[39m
[35m[HTTP][39m [90m[39m
[35m[HTTP][39m [37m-->[39m [37mPOST[39m [37m/wd/hub/session/988f1165-b08b-4acd-a537-3877b2199a29/elements[39m
[35m[HTTP][39m [90m{"using":"xpath","value":"//*[@class = 'android.widget.EditText' and (@text = '' or . = '')]"}[39m
[35m[HTTP][39m [37m<-- POST /wd/hub/session/988f1165-b08b-4acd-a537-3877b2199a29/elements [39m[32m200[39m [90m1564 ms - 139[39m
[35m[HTTP][39m [90m[39m
[35m[HTTP][39m [37m-->[39m [37mGET[39m [37m/wd/hub/session/988f1165-b08b-4acd-a537-3877b2199a29/element/00000000-0000-0314-ffff-ffff0000023e/location[39m
[35m[HTTP][39m [90m{}[39m
[35m[W3C (988f1165)][39m Driver proxy active, passing request on via HTTP proxy
[35m[WD Proxy][39m Replacing sessionId 9bae7568-f9fa-435b-b306-196bd80f5cb1 with 988f1165-b08b-4acd-a537-3877b2199a29
[35m[HTTP][39m [37m<-- GET /wd/hub/session/988f1165-b08b-4acd-a537-3877b2199a29/element/00000000-0000-0314-ffff-ffff0000023e/location [39m[32m200[39m [90m27 ms - 77[39m
[35m[HTTP][39m [90m[39m
[35m[HTTP][39m [37m-->[39m [37mPOST[39m [37m/wd/hub/session/988f1165-b08b-4acd-a537-3877b2199a29/timeouts[39m
[35m[HTTP][39m [90m{"implicit":40000}[39m
[35m[HTTP][39m [37m<-- POST /wd/hub/session/988f1165-b08b-4acd-a537-3877b2199a29/timeouts [39m[32m200[39m [90m1 ms - 14[39m
[35m[HTTP][39m [90m[39m
[35m[HTTP][39m [37m-->[39m [37mPOST[39m [37m/wd/hub/session/988f1165-b08b-4acd-a537-3877b2199a29/element/00000000-0000-0314-ffff-ffff0000023e/clear[39m
[35m[HTTP][39m [90m{"id":"00000000-0000-0314-ffff-ffff0000023e"}[39m
[35m[HTTP][39m [37m<-- POST /wd/hub/session/988f1165-b08b-4acd-a537-3877b2199a29/element/00000000-0000-0314-ffff-ffff0000023e/clear [39m[32m200[39m [90m27 ms - 14[39m
[35m[HTTP][39m [90m[39m
[35m[HTTP][39m [37m-->[39m [37mPOST[39m [37m/wd/hub/session/988f1165-b08b-4acd-a537-3877b2199a29/element/00000000-0000-0314-ffff-ffff0000023e/value[39m
[35m[HTTP][39m [90m{"id":"00000000-0000-0314-ffff-ffff0000023e","text":"kachu89","value":["k","a","c","h","u","8","9"]}[39m
[35m[HTTP][39m [37m<-- POST /wd/hub/session/988f1165-b08b-4acd-a537-3877b2199a29/element/00000000-0000-0314-ffff-ffff0000023e/value [39m[32m200[39m [90m639 ms - 14[39m
[35m[HTTP][39m [90m[39m
[35m[HTTP][39m [37m-->[39m [37mGET[39m [37m/wd/hub/session/988f1165-b08b-4acd-a537-3877b2199a29/context[39m
[35m[HTTP][39m [90m{}[39m
[35m[HTTP][39m [37m<-- GET /wd/hub/session/988f1165-b08b-4acd-a537-3877b2199a29/context [39m[32m200[39m [90m1 ms - 22[39m
[35m[HTTP][39m [90m[39m
[35m[HTTP][39m [37m-->[39m [37mGET[39m [37m/wd/hub/session/988f1165-b08b-4acd-a537-3877b2199a29/contexts[39m
[35m[HTTP][39m [90m{}[39m
[35m[HTTP][39m [37m<-- GET /wd/hub/session/988f1165-b08b-4acd-a537-3877b2199a29/contexts [39m[32m200[39m [90m69 ms - 24[39m
[35m[HTTP][39m [90m[39m
[35m[HTTP][39m [37m-->[39m [37mPOST[39m [37m/wd/hub/session/988f1165-b08b-4acd-a537-3877b2199a29/context[39m
[35m[HTTP][39m [90m{"name":"NATIVE_APP"}[39m
[35m[HTTP][39m [37m<-- POST /wd/hub/session/988f1165-b08b-4acd-a537-3877b2199a29/context [39m[32m200[39m [90m1 ms - 14[39m
[35m[HTTP][39m [90m[39m
[35m[HTTP][39m [37m-->[39m [37mPOST[39m [37m/wd/hub/session/988f1165-b08b-4acd-a537-3877b2199a29/appium/device/hide_keyboard[39m
[35m[HTTP][39m [90m{}[39m
[35m[HTTP][39m [37m<-- POST /wd/hub/session/988f1165-b08b-4acd-a537-3877b2199a29/appium/device/hide_keyboard [39m[32m200[39m [90m1916 ms - 14[39m
[35m[HTTP][39m [90m[39m
[35m[HTTP][39m [37m-->[39m [37mPOST[39m [37m/wd/hub/session/988f1165-b08b-4acd-a537-3877b2199a29/context[39m
[35m[HTTP][39m [90m{"name":"NATIVE_APP"}[39m
[35m[HTTP][39m [37m<-- POST /wd/hub/session/988f1165-b08b-4acd-a537-3877b2199a29/context [39m[32m200[39m [90m2 ms - 14[39m
[35m[HTTP][39m [90m[39m
[35m[HTTP][39m [37m-->[39m [37mPOST[39m [37m/wd/hub/session/988f1165-b08b-4acd-a537-3877b2199a29/timeouts[39m
[35m[HTTP][39m [90m{"implicit":50}[39m
[35m[HTTP][39m [37m<-- POST /wd/hub/session/988f1165-b08b-4acd-a537-3877b2199a29/timeouts [39m[32m200[39m [90m1 ms - 14[39m
[35m[HTTP][39m [90m[39m
[35m[HTTP][39m [37m-->[39m [37mGET[39m [37m/wd/hub/session/988f1165-b08b-4acd-a537-3877b2199a29/window/rect[39m
[35m[HTTP][39m [90m{}[39m
[35m[HTTP][39m [37m<-- GET /wd/hub/session/988f1165-b08b-4acd-a537-3877b2199a29/window/rect [39m[32m200[39m [90m9 ms - 50[39m
[35m[HTTP][39m [90m[39m
[35m[HTTP][39m [37m-->[39m [37mPOST[39m [37m/wd/hub/session/988f1165-b08b-4acd-a537-3877b2199a29/elements[39m
[35m[HTTP][39m [90m{"using":"xpath","value":"//*[@class = 'android.widget.TextView' and (@text = 'Continue' or . = 'Continue')]"}[39m
[35m[HTTP][39m [37m<-- POST /wd/hub/session/988f1165-b08b-4acd-a537-3877b2199a29/elements [39m[32m200[39m [90m71 ms - 139[39m
[35m[HTTP][39m [90m[39m
[35m[HTTP][39m [37m-->[39m [37mGET[39m [37m/wd/hub/session/988f1165-b08b-4acd-a537-3877b2199a29/element/00000000-0000-0314-ffff-ffff00000245/location[39m
[35m[HTTP][39m [90m{}[39m
[35m[W3C (988f1165)][39m Driver proxy active, passing request on via HTTP proxy
[35m[WD Proxy][39m Replacing sessionId 9bae7568-f9fa-435b-b306-196bd80f5cb1 with 988f1165-b08b-4acd-a537-3877b2199a29
[35m[HTTP][39m [37m<-- GET /wd/hub/session/988f1165-b08b-4acd-a537-3877b2199a29/element/00000000-0000-0314-ffff-ffff00000245/location [39m[32m200[39m [90m16 ms - 79[39m
[35m[HTTP][39m [90m[39m
[35m[HTTP][39m [37m-->[39m [37mPOST[39m [37m/wd/hub/session/988f1165-b08b-4acd-a537-3877b2199a29/timeouts[39m
[35m[HTTP][39m [90m{"implicit":40000}[39m
[35m[HTTP][39m [37m<-- POST /wd/hub/session/988f1165-b08b-4acd-a537-3877b2199a29/timeouts [39m[32m200[39m [90m1 ms - 14[39m
[35m[HTTP][39m [90m[39m
[35m[HTTP][39m [37m-->[39m [37mPOST[39m [37m/wd/hub/session/988f1165-b08b-4acd-a537-3877b2199a29/element/00000000-0000-0314-ffff-ffff00000245/click[39m
[35m[HTTP][39m [90m{"id":"00000000-0000-0314-ffff-ffff00000245"}[39m
[35m[HTTP][39m [37m<-- POST /wd/hub/session/988f1165-b08b-4acd-a537-3877b2199a29/element/00000000-0000-0314-ffff-ffff00000245/click [39m[32m200[39m [90m78 ms - 14[39m
[35m[HTTP][39m [90m[39m
[35m[HTTP][39m [37m-->[39m [37mPOST[39m [37m/wd/hub/session/988f1165-b08b-4acd-a537-3877b2199a29/timeouts[39m
[35m[HTTP][39m [90m{"implicit":50}[39m
[35m[HTTP][39m [37m<-- POST /wd/hub/session/988f1165-b08b-4acd-a537-3877b2199a29/timeouts [39m[32m200[39m [90m1 ms - 14[39m
[35m[HTTP][39m [90m[39m
[35m[HTTP][39m [37m-->[39m [37mGET[39m [37m/wd/hub/session/988f1165-b08b-4acd-a537-3877b2199a29/window/rect[39m
[35m[HTTP][39m [90m{}[39m
[35m[HTTP][39m [37m<-- GET /wd/hub/session/988f1165-b08b-4acd-a537-3877b2199a29/window/rect [39m[32m200[39m [90m8 ms - 50[39m
[35m[HTTP][39m [90m[39m
[35m[HTTP][39m [37m-->[39m [37mPOST[39m [37m/wd/hub/session/988f1165-b08b-4acd-a537-3877b2199a29/elements[39m
[35m[HTTP][39m [90m{"using":"xpath","value":"//*[@class = 'android.widget.TextView' and (@text = 'Yes, It’s Mine' or . = 'Yes, It’s Mine')]"}[39m
[35m[HTTP][39m [37m<-- POST /wd/hub/session/988f1165-b08b-4acd-a537-3877b2199a29/elements [39m[32m200[39m [90m701 ms - 12[39m
[35m[HTTP][39m [90m[39m
[35m[HTTP][39m [37m-->[39m [37mPOST[39m [37m/wd/hub/session/988f1165-b08b-4acd-a537-3877b2199a29/elements[39m
[35m[HTTP][39m [90m{"using":"xpath","value":"//*[@class = 'android.widget.TextView' and (@text = 'Yes, It’s Mine' or . = 'Yes, It’s Mine')]"}[39m
[35m[HTTP][39m [37m<-- POST /wd/hub/session/988f1165-b08b-4acd-a537-3877b2199a29/elements [39m[32m200[39m [90m94 ms - 12[39m
[35m[HTTP][39m [90m[39m
[35m[HTTP][39m [37m-->[39m [37mPOST[39m [37m/wd/hub/session/988f1165-b08b-4acd-a537-3877b2199a29/elements[39m
[35m[HTTP][39m [90m{"using":"xpath","value":"//*[@class = 'android.widget.TextView' and (@text = 'Yes, It’s Mine' or . = 'Yes, It’s Mine')]"}[39m
[35m[HTTP][39m [37m<-- POST /wd/hub/session/988f1165-b08b-4acd-a537-3877b2199a29/elements [39m[32m200[39m [90m84 ms - 12[39m
[35m[HTTP][39m [90m[39m
[35m[HTTP][39m [37m-->[39m [37mPOST[39m [37m/wd/hub/session/988f1165-b08b-4acd-a537-3877b2199a29/elements[39m
[35m[HTTP][39m [90m{"using":"xpath","value":"//*[@class = 'android.widget.TextView' and (@text = 'Yes, It’s Mine' or . = 'Yes, It’s Mine')]"}[39m
[35m[HTTP][39m [37m<-- POST /wd/hub/session/988f1165-b08b-4acd-a537-3877b2199a29/elements [39m[32m200[39m [90m94 ms - 12[39m
[35m[HTTP][39m [90m[39m
[35m[HTTP][39m [37m-->[39m [37mPOST[39m [37m/wd/hub/session/988f1165-b08b-4acd-a537-3877b2199a29/elements[39m
[35m[HTTP][39m [90m{"using":"xpath","value":"//*[@class = 'android.widget.TextView' and (@text = 'Yes, It’s Mine' or . = 'Yes, It’s Mine')]"}[39m
[35m[HTTP][39m [37m<-- POST /wd/hub/session/988f1165-b08b-4acd-a537-3877b2199a29/elements [39m[32m200[39m [90m87 ms - 12[39m
[35m[HTTP][39m [90m[39m
[35m[HTTP][39m [37m-->[39m [37mPOST[39m [37m/wd/hub/session/988f1165-b08b-4acd-a537-3877b2199a29/elements[39m
[35m[HTTP][39m [90m{"using":"xpath","value":"//*[@class = 'android.widget.TextView' and (@text = 'Yes, It’s Mine' or . = 'Yes, It’s Mine')]"}[39m
[35m[HTTP][39m [37m<-- POST /wd/hub/session/988f1165-b08b-4acd-a537-3877b2199a29/elements [39m[32m200[39m [90m93 ms - 12[39m
[35m[HTTP][39m [90m[39m
[35m[HTTP][39m [37m-->[39m [37mPOST[39m [37m/wd/hub/session/988f1165-b08b-4acd-a537-3877b2199a29/elements[39m
[35m[HTTP][39m [90m{"using":"xpath","value":"//*[@class = 'android.widget.TextView' and (@text = 'Yes, It’s Mine' or . = 'Yes, It’s Mine')]"}[39m
[35m[HTTP][39m [37m<-- POST /wd/hub/session/988f1165-b08b-4acd-a537-3877b2199a29/elements [39m[32m200[39m [90m94 ms - 12[39m
[35m[HTTP][39m [90m[39m
[35m[HTTP][39m [37m-->[39m [37mPOST[39m [37m/wd/hub/session/988f1165-b08b-4acd-a537-3877b2199a29/elements[39m
[35m[HTTP][39m [90m{"using":"xpath","value":"//*[@class = 'android.widget.TextView' and (@text = 'Yes, It’s Mine' or . = 'Yes, It’s Mine')]"}[39m
[35m[HTTP][39m [37m<-- POST /wd/hub/session/988f1165-b08b-4acd-a537-3877b2199a29/elements [39m[32m200[39m [90m96 ms - 12[39m
[35m[HTTP][39m [90m[39m
[35m[HTTP][39m [37m-->[39m [37mPOST[39m [37m/wd/hub/session/988f1165-b08b-4acd-a537-3877b2199a29/elements[39m
[35m[HTTP][39m [90m{"using":"xpath","value":"//*[@class = 'android.widget.TextView' and (@text = 'Yes, It’s Mine' or . = 'Yes, It’s Mine')]"}[39m
[35m[HTTP][39m [37m<-- POST /wd/hub/session/988f1165-b08b-4acd-a537-3877b2199a29/elements [39m[32m200[39m [90m1063 ms - 139[39m
[35m[HTTP][39m [90m[39m
[35m[HTTP][39m [37m-->[39m [37mGET[39m [37m/wd/hub/session/988f1165-b08b-4acd-a537-3877b2199a29/element/00000000-0000-0314-ffff-ffff00000267/location[39m
[35m[HTTP][39m [90m{}[39m
[35m[W3C (988f1165)][39m Driver proxy active, passing request on via HTTP proxy
[35m[WD Proxy][39m Replacing sessionId 9bae7568-f9fa-435b-b306-196bd80f5cb1 with 988f1165-b08b-4acd-a537-3877b2199a29
[35m[HTTP][39m [37m<-- GET /wd/hub/session/988f1165-b08b-4acd-a537-3877b2199a29/element/00000000-0000-0314-ffff-ffff00000267/location [39m[32m200[39m [90m26 ms - 79[39m
[35m[HTTP][39m [90m[39m
[35m[HTTP][39m [37m-->[39m [37mPOST[39m [37m/wd/hub/session/988f1165-b08b-4acd-a537-3877b2199a29/timeouts[39m
[35m[HTTP][39m [90m{"implicit":40000}[39m
[35m[HTTP][39m [37m<-- POST /wd/hub/session/988f1165-b08b-4acd-a537-3877b2199a29/timeouts [39m[32m200[39m [90m1 ms - 14[39m
[35m[HTTP][39m [90m[39m
[35m[HTTP][39m [37m-->[39m [37mPOST[39m [37m/wd/hub/session/988f1165-b08b-4acd-a537-3877b2199a29/timeouts[39m
[35m[HTTP][39m [90m{"implicit":50}[39m
[35m[HTTP][39m [37m<-- POST /wd/hub/session/988f1165-b08b-4acd-a537-3877b2199a29/timeouts [39m[32m200[39m [90m1 ms - 14[39m
[35m[HTTP][39m [90m[39m
[35m[HTTP][39m [37m-->[39m [37mGET[39m [37m/wd/hub/session/988f1165-b08b-4acd-a537-3877b2199a29/window/rect[39m
[35m[HTTP][39m [90m{}[39m
[35m[HTTP][39m [37m<-- GET /wd/hub/session/988f1165-b08b-4acd-a537-3877b2199a29/window/rect [39m[32m200[39m [90m11 ms - 50[39m
[35m[HTTP][39m [90m[39m
[35m[HTTP][39m [37m-->[39m [37mPOST[39m [37m/wd/hub/session/988f1165-b08b-4acd-a537-3877b2199a29/elements[39m
[35m[HTTP][39m [90m{"using":"xpath","value":"//*[@class = 'android.widget.TextView' and (@text = 'Yes, It’s Mine' or . = 'Yes, It’s Mine')]"}[39m
[35m[HTTP][39m [37m<-- POST /wd/hub/session/988f1165-b08b-4acd-a537-3877b2199a29/elements [39m[32m200[39m [90m105 ms - 139[39m
[35m[HTTP][39m [90m[39m
[35m[HTTP][39m [37m-->[39m [37mGET[39m [37m/wd/hub/session/988f1165-b08b-4acd-a537-3877b2199a29/element/00000000-0000-0314-ffff-ffff00000267/location[39m
[35m[HTTP][39m [90m{}[39m
[35m[W3C (988f1165)][39m Driver proxy active, passing request on via HTTP proxy
[35m[WD Proxy][39m Replacing sessionId 9bae7568-f9fa-435b-b306-196bd80f5cb1 with 988f1165-b08b-4acd-a537-3877b2199a29
[35m[HTTP][39m [37m<-- GET /wd/hub/session/988f1165-b08b-4acd-a537-3877b2199a29/element/00000000-0000-0314-ffff-ffff00000267/location [39m[32m200[39m [90m22 ms - 79[39m
[35m[HTTP][39m [90m[39m
[35m[HTTP][39m [37m-->[39m [37mPOST[39m [37m/wd/hub/session/988f1165-b08b-4acd-a537-3877b2199a29/timeouts[39m
[35m[HTTP][39m [90m{"implicit":40000}[39m
[35m[HTTP][39m [37m<-- POST /wd/hub/session/988f1165-b08b-4acd-a537-3877b2199a29/timeouts [39m[32m200[39m [90m3 ms - 14[39m
[35m[HTTP][39m [90m[39m
[35m[HTTP][39m [37m-->[39m [37mPOST[39m [37m/wd/hub/session/988f1165-b08b-4acd-a537-3877b2199a29/element/00000000-0000-0314-ffff-ffff00000267/click[39m
[35m[HTTP][39m [90m{"id":"00000000-0000-0314-ffff-ffff00000267"}[39m
[35m[HTTP][39m [37m<-- POST /wd/hub/session/988f1165-b08b-4acd-a537-3877b2199a29/element/00000000-0000-0314-ffff-ffff00000267/click [39m[32m200[39m [90m56 ms - 14[39m
[35m[HTTP][39m [90m[39m
[35m[HTTP][39m [37m-->[39m [37mPOST[39m [37m/wd/hub/session/988f1165-b08b-4acd-a537-3877b2199a29/timeouts[39m
[35m[HTTP][39m [90m{"implicit":50}[39m
[35m[HTTP][39m [37m<-- POST /wd/hub/session/988f1165-b08b-4acd-a537-3877b2199a29/timeouts [39m[32m200[39m [90m1 ms - 14[39m
[35m[HTTP][39m [90m[39m
[35m[HTTP][39m [37m-->[39m [37mGET[39m [37m/wd/hub/session/988f1165-b08b-4acd-a537-3877b2199a29/window/rect[39m
[35m[HTTP][39m [90m{}[39m
[35m[HTTP][39m [37m<-- GET /wd/hub/session/988f1165-b08b-4acd-a537-3877b2199a29/window/rect [39m[32m200[39m [90m8 ms - 50[39m
[35m[HTTP][39m [90m[39m
[35m[HTTP][39m [37m-->[39m [37mPOST[39m [37m/wd/hub/session/988f1165-b08b-4acd-a537-3877b2199a29/elements[39m
[35m[HTTP][39m [90m{"using":"xpath","value":"//*[@class = 'android.widget.EditText' and (@text = '' or . = '')]"}[39m
[35m[HTTP][39m [37m<-- POST /wd/hub/session/988f1165-b08b-4acd-a537-3877b2199a29/elements [39m[32m200[39m [90m81 ms - 12[39m
[35m[HTTP][39m [90m[39m
[35m[HTTP][39m [37m-->[39m [37mPOST[39m [37m/wd/hub/session/988f1165-b08b-4acd-a537-3877b2199a29/elements[39m
[35m[HTTP][39m [90m{"using":"xpath","value":"//*[@class = 'android.widget.EditText' and (@text = '' or . = '')]"}[39m
[35m[HTTP][39m [37m<-- POST /wd/hub/session/988f1165-b08b-4acd-a537-3877b2199a29/elements [39m[32m200[39m [90m1260 ms - 139[39m
[35m[HTTP][39m [90m[39m
[35m[HTTP][39m [37m-->[39m [37mGET[39m [37m/wd/hub/session/988f1165-b08b-4acd-a537-3877b2199a29/element/00000000-0000-0314-ffff-ffff00000284/location[39m
[35m[HTTP][39m [90m{}[39m
[35m[W3C (988f1165)][39m Driver proxy active, passing request on via HTTP proxy
[35m[WD Proxy][39m Replacing sessionId 9bae7568-f9fa-435b-b306-196bd80f5cb1 with 988f1165-b08b-4acd-a537-3877b2199a29
[35m[HTTP][39m [37m<-- GET /wd/hub/session/988f1165-b08b-4acd-a537-3877b2199a29/element/00000000-0000-0314-ffff-ffff00000284/location [39m[32m200[39m [90m21 ms - 77[39m
[35m[HTTP][39m [90m[39m
[35m[HTTP][39m [37m-->[39m [37mPOST[39m [37m/wd/hub/session/988f1165-b08b-4acd-a537-3877b2199a29/timeouts[39m
[35m[HTTP][39m [90m{"implicit":40000}[39m
[35m[HTTP][39m [37m<-- POST /wd/hub/session/988f1165-b08b-4acd-a537-3877b2199a29/timeouts [39m[32m200[39m [90m1 ms - 14[39m
[35m[HTTP][39m [90m[39m
[35m[HTTP][39m [37m-->[39m [37mPOST[39m [37m/wd/hub/session/988f1165-b08b-4acd-a537-3877b2199a29/element/00000000-0000-0314-ffff-ffff00000284/clear[39m
[35m[HTTP][39m [90m{"id":"00000000-0000-0314-ffff-ffff00000284"}[39m
[35m[HTTP][39m [37m<-- POST /wd/hub/session/988f1165-b08b-4acd-a537-3877b2199a29/element/00000000-0000-0314-ffff-ffff00000284/clear [39m[32m200[39m [90m21 ms - 14[39m
[35m[HTTP][39m [90m[39m
[35m[HTTP][39m [37m-->[39m [37mPOST[39m [37m/wd/hub/session/988f1165-b08b-4acd-a537-3877b2199a29/element/00000000-0000-0314-ffff-ffff00000284/value[39m
[35m[HTTP][39m [90m{"id":"00000000-0000-0314-ffff-ffff00000284","text":"pass1234","value":["p","a","s","s","1","2","3","4"]}[39m
[35m[HTTP][39m [37m<-- POST /wd/hub/session/988f1165-b08b-4acd-a537-3877b2199a29/element/00000000-0000-0314-ffff-ffff00000284/value [39m[32m200[39m [90m631 ms - 14[39m
[35m[HTTP][39m [90m[39m
[35m[HTTP][39m [37m-->[39m [37mGET[39m [37m/wd/hub/session/988f1165-b08b-4acd-a537-3877b2199a29/context[39m
[35m[HTTP][39m [90m{}[39m
[35m[HTTP][39m [37m<-- GET /wd/hub/session/988f1165-b08b-4acd-a537-3877b2199a29/context [39m[32m200[39m [90m1 ms - 22[39m
[35m[HTTP][39m [90m[39m
[35m[HTTP][39m [37m-->[39m [37mGET[39m [37m/wd/hub/session/988f1165-b08b-4acd-a537-3877b2199a29/contexts[39m
[35m[HTTP][39m [90m{}[39m
[35m[HTTP][39m [37m<-- GET /wd/hub/session/988f1165-b08b-4acd-a537-3877b2199a29/contexts [39m[32m200[39m [90m50 ms - 24[39m
[35m[HTTP][39m [90m[39m
[35m[HTTP][39m [37m-->[39m [37mPOST[39m [37m/wd/hub/session/988f1165-b08b-4acd-a537-3877b2199a29/context[39m
[35m[HTTP][39m [90m{"name":"NATIVE_APP"}[39m
[35m[HTTP][39m [37m<-- POST /wd/hub/session/988f1165-b08b-4acd-a537-3877b2199a29/context [39m[32m200[39m [90m1 ms - 14[39m
[35m[HTTP][39m [90m[39m
[35m[HTTP][39m [37m-->[39m [37mPOST[39m [37m/wd/hub/session/988f1165-b08b-4acd-a537-3877b2199a29/appium/device/hide_keyboard[39m
[35m[HTTP][39m [90m{}[39m
[35m[HTTP][39m [37m<-- POST /wd/hub/session/988f1165-b08b-4acd-a537-3877b2199a29/appium/device/hide_keyboard [39m[32m200[39m [90m3942 ms - 14[39m
[35m[HTTP][39m [90m[39m
[35m[HTTP][39m [37m-->[39m [37mPOST[39m [37m/wd/hub/session/988f1165-b08b-4acd-a537-3877b2199a29/context[39m
[35m[HTTP][39m [90m{"name":"NATIVE_APP"}[39m
[35m[HTTP][39m [37m<-- POST /wd/hub/session/988f1165-b08b-4acd-a537-3877b2199a29/context [39m[32m200[39m [90m1 ms - 14[39m
[35m[HTTP][39m [90m[39m
[35m[HTTP][39m [37m-->[39m [37mPOST[39m [37m/wd/hub/session/988f1165-b08b-4acd-a537-3877b2199a29/timeouts[39m
[35m[HTTP][39m [90m{"implicit":50}[39m
[35m[HTTP][39m [37m<-- POST /wd/hub/session/988f1165-b08b-4acd-a537-3877b2199a29/timeouts [39m[32m200[39m [90m1 ms - 14[39m
[35m[HTTP][39m [90m[39m
[35m[HTTP][39m [37m-->[39m [37mGET[39m [37m/wd/hub/session/988f1165-b08b-4acd-a537-3877b2199a29/window/rect[39m
[35m[HTTP][39m [90m{}[39m
[35m[HTTP][39m [37m<-- GET /wd/hub/session/988f1165-b08b-4acd-a537-3877b2199a29/window/rect [39m[32m200[39m [90m26 ms - 50[39m
[35m[HTTP][39m [90m[39m
[35m[HTTP][39m [37m-->[39m [37mPOST[39m [37m/wd/hub/session/988f1165-b08b-4acd-a537-3877b2199a29/elements[39m
[35m[HTTP][39m [90m{"using":"xpath","value":"//*[@class = 'android.widget.TextView' and (@text = 'Continue' or . = 'Continue')]"}[39m
[35m[HTTP][39m [37m<-- POST /wd/hub/session/988f1165-b08b-4acd-a537-3877b2199a29/elements [39m[32m200[39m [90m176 ms - 139[39m
[35m[HTTP][39m [90m[39m
[35m[HTTP][39m [37m-->[39m [37mGET[39m [37m/wd/hub/session/988f1165-b08b-4acd-a537-3877b2199a29/element/00000000-0000-0314-ffff-ffff0000028b/location[39m
[35m[HTTP][39m [90m{}[39m
[35m[W3C (988f1165)][39m Driver proxy active, passing request on via HTTP proxy
[35m[WD Proxy][39m Replacing sessionId 9bae7568-f9fa-435b-b306-196bd80f5cb1 with 988f1165-b08b-4acd-a537-3877b2199a29
[35m[HTTP][39m [37m<-- GET /wd/hub/session/988f1165-b08b-4acd-a537-3877b2199a29/element/00000000-0000-0314-ffff-ffff0000028b/location [39m[32m200[39m [90m21 ms - 79[39m
[35m[HTTP][39m [90m[39m
[35m[HTTP][39m [37m-->[39m [37mPOST[39m [37m/wd/hub/session/988f1165-b08b-4acd-a537-3877b2199a29/timeouts[39m
[35m[HTTP][39m [90m{"implicit":40000}[39m
[35m[HTTP][39m [37m<-- POST /wd/hub/session/988f1165-b08b-4acd-a537-3877b2199a29/timeouts [39m[32m200[39m [90m1 ms - 14[39m
[35m[HTTP][39m [90m[39m
[35m[HTTP][39m [37m-->[39m [37mPOST[39m [37m/wd/hub/session/988f1165-b08b-4acd-a537-3877b2199a29/element/00000000-0000-0314-ffff-ffff0000028b/click[39m
[35m[HTTP][39m [90m{"id":"00000000-0000-0314-ffff-ffff0000028b"}[39m
[35m[HTTP][39m [37m<-- POST /wd/hub/session/988f1165-b08b-4acd-a537-3877b2199a29/element/00000000-0000-0314-ffff-ffff0000028b/click [39m[32m200[39m [90m67 ms - 14[39m
[35m[HTTP][39m [90m[39m
[35m[HTTP][39m [37m-->[39m [37mPOST[39m [37m/wd/hub/session/988f1165-b08b-4acd-a537-3877b2199a29/timeouts[39m
[35m[HTTP][39m [90m{"implicit":50}[39m
[35m[HTTP][39m [37m<-- POST /wd/hub/session/988f1165-b08b-4acd-a537-3877b2199a29/timeouts [39m[32m200[39m [90m1 ms - 14[39m
[35m[HTTP][39m [90m[39m
[35m[HTTP][39m [37m-->[39m [37mGET[39m [37m/wd/hub/session/988f1165-b08b-4acd-a537-3877b2199a29/window/rect[39m
[35m[HTTP][39m [90m{}[39m
[35m[HTTP][39m [37m<-- GET /wd/hub/session/988f1165-b08b-4acd-a537-3877b2199a29/window/rect [39m[32m200[39m [90m7 ms - 50[39m
[35m[HTTP][39m [90m[39m
[35m[HTTP][39m [37m-->[39m [37mPOST[39m [37m/wd/hub/session/988f1165-b08b-4acd-a537-3877b2199a29/elements[39m
[35m[HTTP][39m [90m{"using":"xpath","value":"//*[@class = 'android.widget.TextView' and (@text = 'Proceed' or . = 'Proceed')]"}[39m
[35m[HTTP][39m [37m<-- POST /wd/hub/session/988f1165-b08b-4acd-a537-3877b2199a29/elements [39m[32m200[39m [90m100 ms - 12[39m
[35m[HTTP][39m [90m[39m
[35m[HTTP][39m [37m-->[39m [37mPOST[39m [37m/wd/hub/session/988f1165-b08b-4acd-a537-3877b2199a29/elements[39m
[35m[HTTP][39m [90m{"using":"xpath","value":"//*[@class = 'android.widget.TextView' and (@text = 'Proceed' or . = 'Proceed')]"}[39m
[35m[HTTP][39m [37m<-- POST /wd/hub/session/988f1165-b08b-4acd-a537-3877b2199a29/elements [39m[32m200[39m [90m101 ms - 12[39m
[35m[HTTP][39m [90m[39m
[35m[HTTP][39m [37m-->[39m [37mPOST[39m [37m/wd/hub/session/988f1165-b08b-4acd-a537-3877b2199a29/elements[39m
[35m[HTTP][39m [90m{"using":"xpath","value":"//*[@class = 'android.widget.TextView' and (@text = 'Proceed' or . = 'Proceed')]"}[39m
[35m[HTTP][39m [37m<-- POST /wd/hub/session/988f1165-b08b-4acd-a537-3877b2199a29/elements [39m[32m200[39m [90m86 ms - 12[39m
[35m[HTTP][39m [90m[39m
[35m[HTTP][39m [37m-->[39m [37mPOST[39m [37m/wd/hub/session/988f1165-b08b-4acd-a537-3877b2199a29/elements[39m
[35m[HTTP][39m [90m{"using":"xpath","value":"//*[@class = 'android.widget.TextView' and (@text = 'Proceed' or . = 'Proceed')]"}[39m
[35m[HTTP][39m [37m<-- POST /wd/hub/session/988f1165-b08b-4acd-a537-3877b2199a29/elements [39m[32m200[39m [90m92 ms - 12[39m
[35m[HTTP][39m [90m[39m
[35m[HTTP][39m [37m-->[39m [37mPOST[39m [37m/wd/hub/session/988f1165-b08b-4acd-a537-3877b2199a29/elements[39m
[35m[HTTP][39m [90m{"using":"xpath","value":"//*[@class = 'android.widget.TextView' and (@text = 'Proceed' or . = 'Proceed')]"}[39m
[35m[HTTP][39m [37m<-- POST /wd/hub/session/988f1165-b08b-4acd-a537-3877b2199a29/elements [39m[32m200[39m [90m98 ms - 12[39m
[35m[HTTP][39m [90m[39m
[35m[HTTP][39m [37m-->[39m [37mPOST[39m [37m/wd/hub/session/988f1165-b08b-4acd-a537-3877b2199a29/elements[39m
[35m[HTTP][39m [90m{"using":"xpath","value":"//*[@class = 'android.widget.TextView' and (@text = 'Proceed' or . = 'Proceed')]"}[39m
[35m[HTTP][39m [37m<-- POST /wd/hub/session/988f1165-b08b-4acd-a537-3877b2199a29/elements [39m[32m200[39m [90m92 ms - 12[39m
[35m[HTTP][39m [90m[39m
[35m[HTTP][39m [37m-->[39m [37mPOST[39m [37m/wd/hub/session/988f1165-b08b-4acd-a537-3877b2199a29/elements[39m
[35m[HTTP][39m [90m{"using":"xpath","value":"//*[@class = 'android.widget.TextView' and (@text = 'Proceed' or . = 'Proceed')]"}[39m
[35m[HTTP][39m [37m<-- POST /wd/hub/session/988f1165-b08b-4acd-a537-3877b2199a29/elements [39m[32m200[39m [90m93 ms - 12[39m
[35m[HTTP][39m [90m[39m
[35m[HTTP][39m [37m-->[39m [37mPOST[39m [37m/wd/hub/session/988f1165-b08b-4acd-a537-3877b2199a29/elements[39m
[35m[HTTP][39m [90m{"using":"xpath","value":"//*[@class = 'android.widget.TextView' and (@text = 'Proceed' or . = 'Proceed')]"}[39m
[35m[HTTP][39m [37m<-- POST /wd/hub/session/988f1165-b08b-4acd-a537-3877b2199a29/elements [39m[32m200[39m [90m93 ms - 12[39m
[35m[HTTP][39m [90m[39m
[35m[HTTP][39m [37m-->[39m [37mPOST[39m [37m/wd/hub/session/988f1165-b08b-4acd-a537-3877b2199a29/elements[39m
[35m[HTTP][39m [90m{"using":"xpath","value":"//*[@class = 'android.widget.TextView' and (@text = 'Proceed' or . = 'Proceed')]"}[39m
[35m[HTTP][39m [37m<-- POST /wd/hub/session/988f1165-b08b-4acd-a537-3877b2199a29/elements [39m[32m200[39m [90m90 ms - 12[39m
[35m[HTTP][39m [90m[39m
[35m[HTTP][39m [37m-->[39m [37mPOST[39m [37m/wd/hub/session/988f1165-b08b-4acd-a537-3877b2199a29/elements[39m
[35m[HTTP][39m [90m{"using":"xpath","value":"//*[@class = 'android.widget.TextView' and (@text = 'Proceed' or . = 'Proceed')]"}[39m
[35m[HTTP][39m [37m<-- POST /wd/hub/session/988f1165-b08b-4acd-a537-3877b2199a29/elements [39m[32m200[39m [90m77 ms - 12[39m
[35m[HTTP][39m [90m[39m
[35m[HTTP][39m [37m-->[39m [37mPOST[39m [37m/wd/hub/session/988f1165-b08b-4acd-a537-3877b2199a29/elements[39m
[35m[HTTP][39m [90m{"using":"xpath","value":"//*[@class = 'android.widget.TextView' and (@text = 'Proceed' or . = 'Proceed')]"}[39m
[35m[HTTP][39m [37m<-- POST /wd/hub/session/988f1165-b08b-4acd-a537-3877b2199a29/elements [39m[32m200[39m [90m90 ms - 12[39m
[35m[HTTP][39m [90m[39m
[35m[HTTP][39m [37m-->[39m [37mPOST[39m [37m/wd/hub/session/988f1165-b08b-4acd-a537-3877b2199a29/elements[39m
[35m[HTTP][39m [90m{"using":"xpath","value":"//*[@class = 'android.widget.TextView' and (@text = 'Proceed' or . = 'Proceed')]"}[39m
[35m[HTTP][39m [37m<-- POST /wd/hub/session/988f1165-b08b-4acd-a537-3877b2199a29/elements [39m[32m200[39m [90m91 ms - 12[39m
[35m[HTTP][39m [90m[39m
[35m[HTTP][39m [37m-->[39m [37mPOST[39m [37m/wd/hub/session/988f1165-b08b-4acd-a537-3877b2199a29/elements[39m
[35m[HTTP][39m [90m{"using":"xpath","value":"//*[@class = 'android.widget.TextView' and (@text = 'Proceed' or . = 'Proceed')]"}[39m
[35m[HTTP][39m [37m<-- POST /wd/hub/session/988f1165-b08b-4acd-a537-3877b2199a29/elements [39m[32m200[39m [90m72 ms - 12[39m
[35m[HTTP][39m [90m[39m
[35m[HTTP][39m [37m-->[39m [37mPOST[39m [37m/wd/hub/session/988f1165-b08b-4acd-a537-3877b2199a29/elements[39m
[35m[HTTP][39m [90m{"using":"xpath","value":"//*[@class = 'android.widget.TextView' and (@text = 'Proceed' or . = 'Proceed')]"}[39m
[35m[HTTP][39m [37m<-- POST /wd/hub/session/988f1165-b08b-4acd-a537-3877b2199a29/elements [39m[32m200[39m [90m69 ms - 12[39m
[35m[HTTP][39m [90m[39m
[35m[HTTP][39m [37m-->[39m [37mPOST[39m [37m/wd/hub/session/988f1165-b08b-4acd-a537-3877b2199a29/elements[39m
[35m[HTTP][39m [90m{"using":"xpath","value":"//*[@class = 'android.widget.TextView' and (@text = 'Proceed' or . = 'Proceed')]"}[39m
[35m[HTTP][39m [37m<-- POST /wd/hub/session/988f1165-b08b-4acd-a537-3877b2199a29/elements [39m[32m200[39m [90m69 ms - 12[39m
[35m[HTTP][39m [90m[39m
[35m[HTTP][39m [37m-->[39m [37mPOST[39m [37m/wd/hub/session/988f1165-b08b-4acd-a537-3877b2199a29/elements[39m
[35m[HTTP][39m [90m{"using":"xpath","value":"//*[@class = 'android.widget.TextView' and (@text = 'Proceed' or . = 'Proceed')]"}[39m
[35m[HTTP][39m [37m<-- POST /wd/hub/session/988f1165-b08b-4acd-a537-3877b2199a29/elements [39m[32m200[39m [90m70 ms - 12[39m
[35m[HTTP][39m [90m[39m
[35m[HTTP][39m [37m-->[39m [37mPOST[39m [37m/wd/hub/session/988f1165-b08b-4acd-a537-3877b2199a29/elements[39m
[35m[HTTP][39m [90m{"using":"xpath","value":"//*[@class = 'android.widget.TextView' and (@text = 'Proceed' or . = 'Proceed')]"}[39m
[35m[HTTP][39m [37m<-- POST /wd/hub/session/988f1165-b08b-4acd-a537-3877b2199a29/elements [39m[32m200[39m [90m74 ms - 12[39m
[35m[HTTP][39m [90m[39m
[35m[HTTP][39m [37m-->[39m [37mPOST[39m [37m/wd/hub/session/988f1165-b08b-4acd-a537-3877b2199a29/elements[39m
[35m[HTTP][39m [90m{"using":"xpath","value":"//*[@class = 'android.widget.TextView' and (@text = 'Proceed' or . = 'Proceed')]"}[39m
[35m[HTTP][39m [37m<-- POST /wd/hub/session/988f1165-b08b-4acd-a537-3877b2199a29/elements [39m[32m200[39m [90m75 ms - 12[39m
[35m[HTTP][39m [90m[39m
[35m[HTTP][39m [37m-->[39m [37mPOST[39m [37m/wd/hub/session/988f1165-b08b-4acd-a537-3877b2199a29/elements[39m
[35m[HTTP][39m [90m{"using":"xpath","value":"//*[@class = 'android.widget.TextView' and (@text = 'Proceed' or . = 'Proceed')]"}[39m
[35m[HTTP][39m [37m<-- POST /wd/hub/session/988f1165-b08b-4acd-a537-3877b2199a29/elements [39m[32m200[39m [90m75 ms - 12[39m
[35m[HTTP][39m [90m[39m
[35m[HTTP][39m [37m-->[39m [37mPOST[39m [37m/wd/hub/session/988f1165-b08b-4acd-a537-3877b2199a29/elements[39m
[35m[HTTP][39m [90m{"using":"xpath","value":"//*[@class = 'android.widget.TextView' and (@text = 'Proceed' or . = 'Proceed')]"}[39m
[35m[HTTP][39m [37m<-- POST /wd/hub/session/988f1165-b08b-4acd-a537-3877b2199a29/elements [39m[32m200[39m [90m69 ms - 12[39m
[35m[HTTP][39m [90m[39m
[35m[HTTP][39m [37m-->[39m [37mPOST[39m [37m/wd/hub/session/988f1165-b08b-4acd-a537-3877b2199a29/elements[39m
[35m[HTTP][39m [90m{"using":"xpath","value":"//*[@class = 'android.widget.TextView' and (@text = 'Proceed' or . = 'Proceed')]"}[39m
[35m[HTTP][39m [37m<-- POST /wd/hub/session/988f1165-b08b-4acd-a537-3877b2199a29/elements [39m[32m200[39m [90m68 ms - 12[39m
[35m[HTTP][39m [90m[39m
[35m[HTTP][39m [37m-->[39m [37mPOST[39m [37m/wd/hub/session/988f1165-b08b-4acd-a537-3877b2199a29/elements[39m
[35m[HTTP][39m [90m{"using":"xpath","value":"//*[@class = 'android.widget.TextView' and (@text = 'Proceed' or . = 'Proceed')]"}[39m
[35m[HTTP][39m [37m<-- POST /wd/hub/session/988f1165-b08b-4acd-a537-3877b2199a29/elements [39m[32m200[39m [90m70 ms - 12[39m
[35m[HTTP][39m [90m[39m
[35m[HTTP][39m [37m-->[39m [37mPOST[39m [37m/wd/hub/session/988f1165-b08b-4acd-a537-3877b2199a29/elements[39m
[35m[HTTP][39m [90m{"using":"xpath","value":"//*[@class = 'android.widget.TextView' and (@text = 'Proceed' or . = 'Proceed')]"}[39m
[35m[HTTP][39m [37m<-- POST /wd/hub/session/988f1165-b08b-4acd-a537-3877b2199a29/elements [39m[32m200[39m [90m74 ms - 12[39m
[35m[HTTP][39m [90m[39m
[35m[HTTP][39m [37m-->[39m [37mPOST[39m [37m/wd/hub/session/988f1165-b08b-4acd-a537-3877b2199a29/elements[39m
[35m[HTTP][39m [90m{"using":"xpath","value":"//*[@class = 'android.widget.TextView' and (@text = 'Proceed' or . = 'Proceed')]"}[39m
[35m[HTTP][39m [37m<-- POST /wd/hub/session/988f1165-b08b-4acd-a537-3877b2199a29/elements [39m[32m200[39m [90m73 ms - 12[39m
[35m[HTTP][39m [90m[39m
[35m[HTTP][39m [37m-->[39m [37mPOST[39m [37m/wd/hub/session/988f1165-b08b-4acd-a537-3877b2199a29/elements[39m
[35m[HTTP][39m [90m{"using":"xpath","value":"//*[@class = 'android.widget.TextView' and (@text = 'Proceed' or . = 'Proceed')]"}[39m
[35m[HTTP][39m [37m<-- POST /wd/hub/session/988f1165-b08b-4acd-a537-3877b2199a29/elements [39m[32m200[39m [90m71 ms - 12[39m
[35m[HTTP][39m [90m[39m
[35m[HTTP][39m [37m-->[39m [37mPOST[39m [37m/wd/hub/session/988f1165-b08b-4acd-a537-3877b2199a29/elements[39m
[35m[HTTP][39m [90m{"using":"xpath","value":"//*[@class = 'android.widget.TextView' and (@text = 'Proceed' or . = 'Proceed')]"}[39m
[35m[HTTP][39m [37m<-- POST /wd/hub/session/988f1165-b08b-4acd-a537-3877b2199a29/elements [39m[32m200[39m [90m72 ms - 12[39m
[35m[HTTP][39m [90m[39m
[35m[HTTP][39m [37m-->[39m [37mPOST[39m [37m/wd/hub/session/988f1165-b08b-4acd-a537-3877b2199a29/elements[39m
[35m[HTTP][39m [90m{"using":"xpath","value":"//*[@class = 'android.widget.TextView' and (@text = 'Proceed' or . = 'Proceed')]"}[39m
[35m[HTTP][39m [37m<-- POST /wd/hub/session/988f1165-b08b-4acd-a537-3877b2199a29/elements [39m[32m200[39m [90m74 ms - 12[39m
[35m[HTTP][39m [90m[39m
[35m[HTTP][39m [37m-->[39m [37mPOST[39m [37m/wd/hub/session/988f1165-b08b-4acd-a537-3877b2199a29/elements[39m
[35m[HTTP][39m [90m{"using":"xpath","value":"//*[@class = 'android.widget.TextView' and (@text = 'Proceed' or . = 'Proceed')]"}[39m
[35m[HTTP][39m [37m<-- POST /wd/hub/session/988f1165-b08b-4acd-a537-3877b2199a29/elements [39m[32m200[39m [90m72 ms - 12[39m
[35m[HTTP][39m [90m[39m
[35m[HTTP][39m [37m-->[39m [37mPOST[39m [37m/wd/hub/session/988f1165-b08b-4acd-a537-3877b2199a29/elements[39m
[35m[HTTP][39m [90m{"using":"xpath","value":"//*[@class = 'android.widget.TextView' and (@text = 'Proceed' or . = 'Proceed')]"}[39m
[35m[HTTP][39m [37m<-- POST /wd/hub/session/988f1165-b08b-4acd-a537-3877b2199a29/elements [39m[32m200[39m [90m71 ms - 12[39m
[35m[HTTP][39m [90m[39m
[35m[HTTP][39m [37m-->[39m [37mPOST[39m [37m/wd/hub/session/988f1165-b08b-4acd-a537-3877b2199a29/elements[39m
[35m[HTTP][39m [90m{"using":"xpath","value":"//*[@class = 'android.widget.TextView' and (@text = 'Proceed' or . = 'Proceed')]"}[39m
[35m[HTTP][39m [37m<-- POST /wd/hub/session/988f1165-b08b-4acd-a537-3877b2199a29/elements [39m[32m200[39m [90m76 ms - 12[39m
[35m[HTTP][39m [90m[39m
[35m[HTTP][39m [37m-->[39m [37mPOST[39m [37m/wd/hub/session/988f1165-b08b-4acd-a537-3877b2199a29/elements[39m
[35m[HTTP][39m [90m{"using":"xpath","value":"//*[@class = 'android.widget.TextView' and (@text = 'Proceed' or . = 'Proceed')]"}[39m
[35m[HTTP][39m [37m<-- POST /wd/hub/session/988f1165-b08b-4acd-a537-3877b2199a29/elements [39m[32m200[39m [90m70 ms - 12[39m
[35m[HTTP][39m [90m[39m
[35m[HTTP][39m [37m-->[39m [37mPOST[39m [37m/wd/hub/session/988f1165-b08b-4acd-a537-3877b2199a29/elements[39m
[35m[HTTP][39m [90m{"using":"xpath","value":"//*[@class = 'android.widget.TextView' and (@text = 'Proceed' or . = 'Proceed')]"}[39m
[35m[HTTP][39m [37m<-- POST /wd/hub/session/988f1165-b08b-4acd-a537-3877b2199a29/elements [39m[32m200[39m [90m76 ms - 12[39m
[35m[HTTP][39m [90m[39m
[35m[HTTP][39m [37m-->[39m [37mPOST[39m [37m/wd/hub/session/988f1165-b08b-4acd-a537-3877b2199a29/elements[39m
[35m[HTTP][39m [90m{"using":"xpath","value":"//*[@class = 'android.widget.TextView' and (@text = 'Proceed' or . = 'Proceed')]"}[39m
[35m[HTTP][39m [37m<-- POST /wd/hub/session/988f1165-b08b-4acd-a537-3877b2199a29/elements [39m[32m200[39m [90m66 ms - 12[39m
[35m[HTTP][39m [90m[39m
[35m[HTTP][39m [37m-->[39m [37mPOST[39m [37m/wd/hub/session/988f1165-b08b-4acd-a537-3877b2199a29/elements[39m
[35m[HTTP][39m [90m{"using":"xpath","value":"//*[@class = 'android.widget.TextView' and (@text = 'Proceed' or . = 'Proceed')]"}[39m
[35m[HTTP][39m [37m<-- POST /wd/hub/session/988f1165-b08b-4acd-a537-3877b2199a29/elements [39m[32m200[39m [90m67 ms - 12[39m
[35m[HTTP][39m [90m[39m
[35m[HTTP][39m [37m-->[39m [37mPOST[39m [37m/wd/hub/session/988f1165-b08b-4acd-a537-3877b2199a29/elements[39m
[35m[HTTP][39m [90m{"using":"xpath","value":"//*[@class = 'android.widget.TextView' and (@text = 'Proceed' or . = 'Proceed')]"}[39m
[35m[HTTP][39m [37m<-- POST /wd/hub/session/988f1165-b08b-4acd-a537-3877b2199a29/elements [39m[32m200[39m [90m72 ms - 12[39m
[35m[HTTP][39m [90m[39m
[35m[HTTP][39m [37m-->[39m [37mPOST[39m [37m/wd/hub/session/988f1165-b08b-4acd-a537-3877b2199a29/elements[39m
[35m[HTTP][39m [90m{"using":"xpath","value":"//*[@class = 'android.widget.TextView' and (@text = 'Proceed' or . = 'Proceed')]"}[39m
[35m[HTTP][39m [37m<-- POST /wd/hub/session/988f1165-b08b-4acd-a537-3877b2199a29/elements [39m[32m200[39m [90m71 ms - 12[39m
[35m[HTTP][39m [90m[39m
[35m[HTTP][39m [37m-->[39m [37mPOST[39m [37m/wd/hub/session/988f1165-b08b-4acd-a537-3877b2199a29/elements[39m
[35m[HTTP][39m [90m{"using":"xpath","value":"//*[@class = 'android.widget.TextView' and (@text = 'Proceed' or . = 'Proceed')]"}[39m
[35m[HTTP][39m [37m<-- POST /wd/hub/session/988f1165-b08b-4acd-a537-3877b2199a29/elements [39m[32m200[39m [90m987 ms - 12[39m
[35m[HTTP][39m [90m[39m
[35m[HTTP][39m [37m-->[39m [37mPOST[39m [37m/wd/hub/session/988f1165-b08b-4acd-a537-3877b2199a29/timeouts[39m
[35m[HTTP][39m [90m{"implicit":40000}[39m
[35m[HTTP][39m [37m<-- POST /wd/hub/session/988f1165-b08b-4acd-a537-3877b2199a29/timeouts [39m[32m200[39m [90m1 ms - 14[39m
[35m[HTTP][39m [90m[39m
[35m[HTTP][39m [37m-->[39m [37mPOST[39m [37m/wd/hub/session/988f1165-b08b-4acd-a537-3877b2199a29/timeouts[39m
[35m[HTTP][39m [90m{"implicit":50}[39m
[35m[HTTP][39m [37m<-- POST /wd/hub/session/988f1165-b08b-4acd-a537-3877b2199a29/timeouts [39m[32m200[39m [90m1 ms - 14[39m
[35m[HTTP][39m [90m[39m
[35m[HTTP][39m [37m-->[39m [37mGET[39m [37m/wd/hub/session/988f1165-b08b-4acd-a537-3877b2199a29/window/rect[39m
[35m[HTTP][39m [90m{}[39m
[35m[HTTP][39m [37m<-- GET /wd/hub/session/988f1165-b08b-4acd-a537-3877b2199a29/window/rect [39m[32m200[39m [90m10 ms - 50[39m
[35m[HTTP][39m [90m[39m
[35m[HTTP][39m [37m-->[39m [37mPOST[39m [37m/wd/hub/session/988f1165-b08b-4acd-a537-3877b2199a29/elements[39m
[35m[HTTP][39m [90m{"using":"xpath","value":"//*[@class = 'android.widget.TextView' and (@text = '1' or . = '1')]"}[39m
[35m[HTTP][39m [37m<-- POST /wd/hub/session/988f1165-b08b-4acd-a537-3877b2199a29/elements [39m[32m200[39m [90m123 ms - 12[39m
[35m[HTTP][39m [90m[39m
[35m[HTTP][39m [37m-->[39m [37mPOST[39m [37m/wd/hub/session/988f1165-b08b-4acd-a537-3877b2199a29/elements[39m
[35m[HTTP][39m [90m{"using":"xpath","value":"//*[@class = 'android.widget.TextView' and (@text = '1' or . = '1')]"}[39m
[35m[HTTP][39m [37m<-- POST /wd/hub/session/988f1165-b08b-4acd-a537-3877b2199a29/elements [39m[32m200[39m [90m98 ms - 12[39m
[35m[HTTP][39m [90m[39m
[35m[HTTP][39m [37m-->[39m [37mPOST[39m [37m/wd/hub/session/988f1165-b08b-4acd-a537-3877b2199a29/elements[39m
[35m[HTTP][39m [90m{"using":"xpath","value":"//*[@class = 'android.widget.TextView' and (@text = '1' or . = '1')]"}[39m
[35m[HTTP][39m [37m<-- POST /wd/hub/session/988f1165-b08b-4acd-a537-3877b2199a29/elements [39m[32m200[39m [90m88 ms - 12[39m
[35m[HTTP][39m [90m[39m
[35m[HTTP][39m [37m-->[39m [37mPOST[39m [37m/wd/hub/session/988f1165-b08b-4acd-a537-3877b2199a29/elements[39m
[35m[HTTP][39m [90m{"using":"xpath","value":"//*[@class = 'android.widget.TextView' and (@text = '1' or . = '1')]"}[39m
[35m[HTTP][39m [37m<-- POST /wd/hub/session/988f1165-b08b-4acd-a537-3877b2199a29/elements [39m[32m200[39m [90m85 ms - 12[39m
[35m[HTTP][39m [90m[39m
[35m[HTTP][39m [37m-->[39m [37mPOST[39m [37m/wd/hub/session/988f1165-b08b-4acd-a537-3877b2199a29/elements[39m
[35m[HTTP][39m [90m{"using":"xpath","value":"//*[@class = 'android.widget.TextView' and (@text = '1' or . = '1')]"}[39m
[35m[HTTP][39m [37m<-- POST /wd/hub/session/988f1165-b08b-4acd-a537-3877b2199a29/elements [39m[32m200[39m [90m86 ms - 12[39m
[35m[HTTP][39m [90m[39m
[35m[HTTP][39m [37m-->[39m [37mPOST[39m [37m/wd/hub/session/988f1165-b08b-4acd-a537-3877b2199a29/elements[39m
[35m[HTTP][39m [90m{"using":"xpath","value":"//*[@class = 'android.widget.TextView' and (@text = '1' or . = '1')]"}[39m
[35m[HTTP][39m [37m<-- POST /wd/hub/session/988f1165-b08b-4acd-a537-3877b2199a29/elements [39m[32m200[39m [90m82 ms - 12[39m
[35m[HTTP][39m [90m[39m
[35m[HTTP][39m [37m-->[39m [37mPOST[39m [37m/wd/hub/session/988f1165-b08b-4acd-a537-3877b2199a29/elements[39m
[35m[HTTP][39m [90m{"using":"xpath","value":"//*[@class = 'android.widget.TextView' and (@text = '1' or . = '1')]"}[39m
[35m[HTTP][39m [37m<-- POST /wd/hub/session/988f1165-b08b-4acd-a537-3877b2199a29/elements [39m[32m200[39m [90m81 ms - 12[39m
[35m[HTTP][39m [90m[39m
[35m[HTTP][39m [37m-->[39m [37mPOST[39m [37m/wd/hub/session/988f1165-b08b-4acd-a537-3877b2199a29/elements[39m
[35m[HTTP][39m [90m{"using":"xpath","value":"//*[@class = 'android.widget.TextView' and (@text = '1' or . = '1')]"}[39m
[35m[HTTP][39m [37m<-- POST /wd/hub/session/988f1165-b08b-4acd-a537-3877b2199a29/elements [39m[32m200[39m [90m81 ms - 12[39m
[35m[HTTP][39m [90m[39m
[35m[HTTP][39m [37m-->[39m [37mPOST[39m [37m/wd/hub/session/988f1165-b08b-4acd-a537-3877b2199a29/elements[39m
[35m[HTTP][39m [90m{"using":"xpath","value":"//*[@class = 'android.widget.TextView' and (@text = '1' or . = '1')]"}[39m
[35m[HTTP][39m [37m<-- POST /wd/hub/session/988f1165-b08b-4acd-a537-3877b2199a29/elements [39m[32m200[39m [90m86 ms - 12[39m
[35m[HTTP][39m [90m[39m
[35m[HTTP][39m [37m-->[39m [37mPOST[39m [37m/wd/hub/session/988f1165-b08b-4acd-a537-3877b2199a29/elements[39m
[35m[HTTP][39m [90m{"using":"xpath","value":"//*[@class = 'android.widget.TextView' and (@text = '1' or . = '1')]"}[39m
[35m[HTTP][39m [37m<-- POST /wd/hub/session/988f1165-b08b-4acd-a537-3877b2199a29/elements [39m[32m200[39m [90m78 ms - 12[39m
[35m[HTTP][39m [90m[39m
[35m[HTTP][39m [37m-->[39m [37mPOST[39m [37m/wd/hub/session/988f1165-b08b-4acd-a537-3877b2199a29/elements[39m
[35m[HTTP][39m [90m{"using":"xpath","value":"//*[@class = 'android.widget.TextView' and (@text = '1' or . = '1')]"}[39m
[35m[HTTP][39m [37m<-- POST /wd/hub/session/988f1165-b08b-4acd-a537-3877b2199a29/elements [39m[32m200[39m [90m75 ms - 12[39m
[35m[HTTP][39m [90m[39m
[35m[HTTP][39m [37m-->[39m [37mPOST[39m [37m/wd/hub/session/988f1165-b08b-4acd-a537-3877b2199a29/elements[39m
[35m[HTTP][39m [90m{"using":"xpath","value":"//*[@class = 'android.widget.TextView' and (@text = '1' or . = '1')]"}[39m
[35m[HTTP][39m [37m<-- POST /wd/hub/session/988f1165-b08b-4acd-a537-3877b2199a29/elements [39m[32m200[39m [90m78 ms - 12[39m
[35m[HTTP][39m [90m[39m
[35m[HTTP][39m [37m-->[39m [37mPOST[39m [37m/wd/hub/session/988f1165-b08b-4acd-a537-3877b2199a29/elements[39m
[35m[HTTP][39m [90m{"using":"xpath","value":"//*[@class = 'android.widget.TextView' and (@text = '1' or . = '1')]"}[39m
[35m[HTTP][39m [37m<-- POST /wd/hub/session/988f1165-b08b-4acd-a537-3877b2199a29/elements [39m[32m200[39m [90m83 ms - 12[39m
[35m[HTTP][39m [90m[39m
[35m[HTTP][39m [37m-->[39m [37mPOST[39m [37m/wd/hub/session/988f1165-b08b-4acd-a537-3877b2199a29/elements[39m
[35m[HTTP][39m [90m{"using":"xpath","value":"//*[@class = 'android.widget.TextView' and (@text = '1' or . = '1')]"}[39m
[35m[HTTP][39m [37m<-- POST /wd/hub/session/988f1165-b08b-4acd-a537-3877b2199a29/elements [39m[32m200[39m [90m78 ms - 12[39m
[35m[HTTP][39m [90m[39m
[35m[HTTP][39m [37m-->[39m [37mPOST[39m [37m/wd/hub/session/988f1165-b08b-4acd-a537-3877b2199a29/elements[39m
[35m[HTTP][39m [90m{"using":"xpath","value":"//*[@class = 'android.widget.TextView' and (@text = '1' or . = '1')]"}[39m
[35m[HTTP][39m [37m<-- POST /wd/hub/session/988f1165-b08b-4acd-a537-3877b2199a29/elements [39m[32m200[39m [90m82 ms - 12[39m
[35m[HTTP][39m [90m[39m
[35m[HTTP][39m [37m-->[39m [37mPOST[39m [37m/wd/hub/session/988f1165-b08b-4acd-a537-3877b2199a29/elements[39m
[35m[HTTP][39m [90m{"using":"xpath","value":"//*[@class = 'android.widget.TextView' and (@text = '1' or . = '1')]"}[39m
[35m[HTTP][39m [37m<-- POST /wd/hub/session/988f1165-b08b-4acd-a537-3877b2199a29/elements [39m[32m200[39m [90m79 ms - 12[39m
[35m[HTTP][39m [90m[39m
[35m[HTTP][39m [37m-->[39m [37mPOST[39m [37m/wd/hub/session/988f1165-b08b-4acd-a537-3877b2199a29/elements[39m
[35m[HTTP][39m [90m{"using":"xpath","value":"//*[@class = 'android.widget.TextView' and (@text = '1' or . = '1')]"}[39m
[35m[HTTP][39m [37m<-- POST /wd/hub/session/988f1165-b08b-4acd-a537-3877b2199a29/elements [39m[32m200[39m [90m76 ms - 12[39m
[35m[HTTP][39m [90m[39m
[35m[HTTP][39m [37m-->[39m [37mPOST[39m [37m/wd/hub/session/988f1165-b08b-4acd-a537-3877b2199a29/elements[39m
[35m[HTTP][39m [90m{"using":"xpath","value":"//*[@class = 'android.widget.TextView' and (@text = '1' or . = '1')]"}[39m
[35m[HTTP][39m [37m<-- POST /wd/hub/session/988f1165-b08b-4acd-a537-3877b2199a29/elements [39m[32m200[39m [90m83 ms - 12[39m
[35m[HTTP][39m [90m[39m
[35m[HTTP][39m [37m-->[39m [37mPOST[39m [37m/wd/hub/session/988f1165-b08b-4acd-a537-3877b2199a29/elements[39m
[35m[HTTP][39m [90m{"using":"xpath","value":"//*[@class = 'android.widget.TextView' and (@text = '1' or . = '1')]"}[39m
[35m[HTTP][39m [37m<-- POST /wd/hub/session/988f1165-b08b-4acd-a537-3877b2199a29/elements [39m[32m200[39m [90m76 ms - 12[39m
[35m[HTTP][39m [90m[39m
[35m[HTTP][39m [37m-->[39m [37mPOST[39m [37m/wd/hub/session/988f1165-b08b-4acd-a537-3877b2199a29/elements[39m
[35m[HTTP][39m [90m{"using":"xpath","value":"//*[@class = 'android.widget.TextView' and (@text = '1' or . = '1')]"}[39m
[35m[HTTP][39m [37m<-- POST /wd/hub/session/988f1165-b08b-4acd-a537-3877b2199a29/elements [39m[32m200[39m [90m77 ms - 12[39m
[35m[HTTP][39m [90m[39m
[35m[HTTP][39m [37m-->[39m [37mPOST[39m [37m/wd/hub/session/988f1165-b08b-4acd-a537-3877b2199a29/elements[39m
[35m[HTTP][39m [90m{"using":"xpath","value":"//*[@class = 'android.widget.TextView' and (@text = '1' or . = '1')]"}[39m
[35m[HTTP][39m [37m<-- POST /wd/hub/session/988f1165-b08b-4acd-a537-3877b2199a29/elements [39m[32m200[39m [90m78 ms - 12[39m
[35m[HTTP][39m [90m[39m
[35m[HTTP][39m [37m-->[39m [37mPOST[39m [37m/wd/hub/session/988f1165-b08b-4acd-a537-3877b2199a29/elements[39m
[35m[HTTP][39m [90m{"using":"xpath","value":"//*[@class = 'android.widget.TextView' and (@text = '1' or . = '1')]"}[39m
[35m[HTTP][39m [37m<-- POST /wd/hub/session/988f1165-b08b-4acd-a537-3877b2199a29/elements [39m[32m200[39m [90m88 ms - 12[39m
[35m[HTTP][39m [90m[39m
[35m[HTTP][39m [37m-->[39m [37mPOST[39m [37m/wd/hub/session/988f1165-b08b-4acd-a537-3877b2199a29/elements[39m
[35m[HTTP][39m [90m{"using":"xpath","value":"//*[@class = 'android.widget.TextView' and (@text = '1' or . = '1')]"}[39m
[35m[HTTP][39m [37m<-- POST /wd/hub/session/988f1165-b08b-4acd-a537-3877b2199a29/elements [39m[32m200[39m [90m81 ms - 12[39m
[35m[HTTP][39m [90m[39m
[35m[HTTP][39m [37m-->[39m [37mPOST[39m [37m/wd/hub/session/988f1165-b08b-4acd-a537-3877b2199a29/elements[39m
[35m[HTTP][39m [90m{"using":"xpath","value":"//*[@class = 'android.widget.TextView' and (@text = '1' or . = '1')]"}[39m
[35m[HTTP][39m [37m<-- POST /wd/hub/session/988f1165-b08b-4acd-a537-3877b2199a29/elements [39m[32m200[39m [90m88 ms - 12[39m
[35m[HTTP][39m [90m[39m
[35m[HTTP][39m [37m-->[39m [37mPOST[39m [37m/wd/hub/session/988f1165-b08b-4acd-a537-3877b2199a29/elements[39m
[35m[HTTP][39m [90m{"using":"xpath","value":"//*[@class = 'android.widget.TextView' and (@text = '1' or . = '1')]"}[39m
[35m[HTTP][39m [37m<-- POST /wd/hub/session/988f1165-b08b-4acd-a537-3877b2199a29/elements [39m[32m200[39m [90m93 ms - 12[39m
[35m[HTTP][39m [90m[39m
[35m[HTTP][39m [37m-->[39m [37mPOST[39m [37m/wd/hub/session/988f1165-b08b-4acd-a537-3877b2199a29/elements[39m
[35m[HTTP][39m [90m{"using":"xpath","value":"//*[@class = 'android.widget.TextView' and (@text = '1' or . = '1')]"}[39m
[35m[HTTP][39m [37m<-- POST /wd/hub/session/988f1165-b08b-4acd-a537-3877b2199a29/elements [39m[32m200[39m [90m89 ms - 12[39m
[35m[HTTP][39m [90m[39m
[35m[HTTP][39m [37m-->[39m [37mPOST[39m [37m/wd/hub/session/988f1165-b08b-4acd-a537-3877b2199a29/elements[39m
[35m[HTTP][39m [90m{"using":"xpath","value":"//*[@class = 'android.widget.TextView' and (@text = '1' or . = '1')]"}[39m
[35m[HTTP][39m [37m<-- POST /wd/hub/session/988f1165-b08b-4acd-a537-3877b2199a29/elements [39m[32m200[39m [90m88 ms - 12[39m
[35m[HTTP][39m [90m[39m
[35m[HTTP][39m [37m-->[39m [37mPOST[39m [37m/wd/hub/session/988f1165-b08b-4acd-a537-3877b2199a29/elements[39m
[35m[HTTP][39m [90m{"using":"xpath","value":"//*[@class = 'android.widget.TextView' and (@text = '1' or . = '1')]"}[39m
[35m[HTTP][39m [37m<-- POST /wd/hub/session/988f1165-b08b-4acd-a537-3877b2199a29/elements [39m[32m200[39m [90m84 ms - 12[39m
[35m[HTTP][39m [90m[39m
[35m[HTTP][39m [37m-->[39m [37mPOST[39m [37m/wd/hub/session/988f1165-b08b-4acd-a537-3877b2199a29/elements[39m
[35m[HTTP][39m [90m{"using":"xpath","value":"//*[@class = 'android.widget.TextView' and (@text = '1' or . = '1')]"}[39m
[35m[HTTP][39m [37m<-- POST /wd/hub/session/988f1165-b08b-4acd-a537-3877b2199a29/elements [39m[32m200[39m [90m94 ms - 12[39m
[35m[HTTP][39m [90m[39m
[35m[HTTP][39m [37m-->[39m [37mPOST[39m [37m/wd/hub/session/988f1165-b08b-4acd-a537-3877b2199a29/elements[39m
[35m[HTTP][39m [90m{"using":"xpath","value":"//*[@class = 'android.widget.TextView' and (@text = '1' or . = '1')]"}[39m
[35m[HTTP][39m [37m<-- POST /wd/hub/session/988f1165-b08b-4acd-a537-3877b2199a29/elements [39m[32m200[39m [90m95 ms - 12[39m
[35m[HTTP][39m [90m[39m
[35m[HTTP][39m [37m-->[39m [37mPOST[39m [37m/wd/hub/session/988f1165-b08b-4acd-a537-3877b2199a29/elements[39m
[35m[HTTP][39m [90m{"using":"xpath","value":"//*[@class = 'android.widget.TextView' and (@text = '1' or . = '1')]"}[39m
[35m[HTTP][39m [37m<-- POST /wd/hub/session/988f1165-b08b-4acd-a537-3877b2199a29/elements [39m[32m200[39m [90m116 ms - 12[39m
[35m[HTTP][39m [90m[39m
[35m[HTTP][39m [37m-->[39m [37mPOST[39m [37m/wd/hub/session/988f1165-b08b-4acd-a537-3877b2199a29/elements[39m
[35m[HTTP][39m [90m{"using":"xpath","value":"//*[@class = 'android.widget.TextView' and (@text = '1' or . = '1')]"}[39m
[35m[HTTP][39m [37m<-- POST /wd/hub/session/988f1165-b08b-4acd-a537-3877b2199a29/elements [39m[32m200[39m [90m121 ms - 12[39m
[35m[HTTP][39m [90m[39m
[35m[HTTP][39m [37m-->[39m [37mPOST[39m [37m/wd/hub/session/988f1165-b08b-4acd-a537-3877b2199a29/elements[39m
[35m[HTTP][39m [90m{"using":"xpath","value":"//*[@class = 'android.widget.TextView' and (@text = '1' or . = '1')]"}[39m
[35m[HTTP][39m [37m<-- POST /wd/hub/session/988f1165-b08b-4acd-a537-3877b2199a29/elements [39m[32m200[39m [90m125 ms - 12[39m
[35m[HTTP][39m [90m[39m
[35m[HTTP][39m [37m-->[39m [37mPOST[39m [37m/wd/hub/session/988f1165-b08b-4acd-a537-3877b2199a29/elements[39m
[35m[HTTP][39m [90m{"using":"xpath","value":"//*[@class = 'android.widget.TextView' and (@text = '1' or . = '1')]"}[39m
[35m[HTTP][39m [37m<-- POST /wd/hub/session/988f1165-b08b-4acd-a537-3877b2199a29/elements [39m[32m200[39m [90m137 ms - 12[39m
[35m[HTTP][39m [90m[39m
[35m[HTTP][39m [37m-->[39m [37mPOST[39m [37m/wd/hub/session/988f1165-b08b-4acd-a537-3877b2199a29/elements[39m
[35m[HTTP][39m [90m{"using":"xpath","value":"//*[@class = 'android.widget.TextView' and (@text = '1' or . = '1')]"}[39m
[35m[HTTP][39m [37m<-- POST /wd/hub/session/988f1165-b08b-4acd-a537-3877b2199a29/elements [39m[32m200[39m [90m97 ms - 12[39m
[35m[HTTP][39m [90m[39m
[35m[HTTP][39m [37m-->[39m [37mPOST[39m [37m/wd/hub/session/988f1165-b08b-4acd-a537-3877b2199a29/elements[39m
[35m[HTTP][39m [90m{"using":"xpath","value":"//*[@class = 'android.widget.TextView' and (@text = '1' or . = '1')]"}[39m
[35m[HTTP][39m [37m<-- POST /wd/hub/session/988f1165-b08b-4acd-a537-3877b2199a29/elements [39m[32m200[39m [90m85 ms - 12[39m
[35m[HTTP][39m [90m[39m
[35m[HTTP][39m [37m-->[39m [37mPOST[39m [37m/wd/hub/session/988f1165-b08b-4acd-a537-3877b2199a29/elements[39m
[35m[HTTP][39m [90m{"using":"xpath","value":"//*[@class = 'android.widget.TextView' and (@text = '1' or . = '1')]"}[39m
[35m[HTTP][39m [37m<-- POST /wd/hub/session/988f1165-b08b-4acd-a537-3877b2199a29/elements [39m[32m200[39m [90m88 ms - 12[39m
[35m[HTTP][39m [90m[39m
[35m[HTTP][39m [37m-->[39m [37mPOST[39m [37m/wd/hub/session/988f1165-b08b-4acd-a537-3877b2199a29/elements[39m
[35m[HTTP][39m [90m{"using":"xpath","value":"//*[@class = 'android.widget.TextView' and (@text = '1' or . = '1')]"}[39m
[35m[HTTP][39m [37m<-- POST /wd/hub/session/988f1165-b08b-4acd-a537-3877b2199a29/elements [39m[32m200[39m [90m90 ms - 12[39m
[35m[HTTP][39m [90m[39m
[35m[HTTP][39m [37m-->[39m [37mPOST[39m [37m/wd/hub/session/988f1165-b08b-4acd-a537-3877b2199a29/elements[39m
[35m[HTTP][39m [90m{"using":"xpath","value":"//*[@class = 'android.widget.TextView' and (@text = '1' or . = '1')]"}[39m
[35m[HTTP][39m [37m<-- POST /wd/hub/session/988f1165-b08b-4acd-a537-3877b2199a29/elements [39m[32m200[39m [90m91 ms - 12[39m
[35m[HTTP][39m [90m[39m
[35m[HTTP][39m [37m-->[39m [37mPOST[39m [37m/wd/hub/session/988f1165-b08b-4acd-a537-3877b2199a29/elements[39m
[35m[HTTP][39m [90m{"using":"xpath","value":"//*[@class = 'android.widget.TextView' and (@text = '1' or . = '1')]"}[39m
[35m[HTTP][39m [37m<-- POST /wd/hub/session/988f1165-b08b-4acd-a537-3877b2199a29/elements [39m[32m200[39m [90m90 ms - 12[39m
[35m[HTTP][39m [90m[39m
[35m[HTTP][39m [37m-->[39m [37mPOST[39m [37m/wd/hub/session/988f1165-b08b-4acd-a537-3877b2199a29/elements[39m
[35m[HTTP][39m [90m{"using":"xpath","value":"//*[@class = 'android.widget.TextView' and (@text = '1' or . = '1')]"}[39m
[35m[HTTP][39m [37m<-- POST /wd/hub/session/988f1165-b08b-4acd-a537-3877b2199a29/elements [39m[32m200[39m [90m96 ms - 12[39m
[35m[HTTP][39m [90m[39m
[35m[HTTP][39m [37m-->[39m [37mPOST[39m [37m/wd/hub/session/988f1165-b08b-4acd-a537-3877b2199a29/elements[39m
[35m[HTTP][39m [90m{"using":"xpath","value":"//*[@class = 'android.widget.TextView' and (@text = '1' or . = '1')]"}[39m
[35m[HTTP][39m [37m<-- POST /wd/hub/session/988f1165-b08b-4acd-a537-3877b2199a29/elements [39m[32m200[39m [90m89 ms - 12[39m
[35m[HTTP][39m [90m[39m
[35m[HTTP][39m [37m-->[39m [37mPOST[39m [37m/wd/hub/session/988f1165-b08b-4acd-a537-3877b2199a29/elements[39m
[35m[HTTP][39m [90m{"using":"xpath","value":"//*[@class = 'android.widget.TextView' and (@text = '1' or . = '1')]"}[39m
[35m[HTTP][39m [37m<-- POST /wd/hub/session/988f1165-b08b-4acd-a537-3877b2199a29/elements [39m[32m200[39m [90m86 ms - 12[39m
[35m[HTTP][39m [90m[39m
[35m[HTTP][39m [37m-->[39m [37mPOST[39m [37m/wd/hub/session/988f1165-b08b-4acd-a537-3877b2199a29/elements[39m
[35m[HTTP][39m [90m{"using":"xpath","value":"//*[@class = 'android.widget.TextView' and (@text = '1' or . = '1')]"}[39m
[35m[HTTP][39m [37m<-- POST /wd/hub/session/988f1165-b08b-4acd-a537-3877b2199a29/elements [39m[32m200[39m [90m91 ms - 12[39m
[35m[HTTP][39m [90m[39m
[35m[HTTP][39m [37m-->[39m [37mPOST[39m [37m/wd/hub/session/988f1165-b08b-4acd-a537-3877b2199a29/elements[39m
[35m[HTTP][39m [90m{"using":"xpath","value":"//*[@class = 'android.widget.TextView' and (@text = '1' or . = '1')]"}[39m
[35m[HTTP][39m [37m<-- POST /wd/hub/session/988f1165-b08b-4acd-a537-3877b2199a29/elements [39m[32m200[39m [90m87 ms - 12[39m
[35m[HTTP][39m [90m[39m
[35m[HTTP][39m [37m-->[39m [37mPOST[39m [37m/wd/hub/session/988f1165-b08b-4acd-a537-3877b2199a29/elements[39m
[35m[HTTP][39m [90m{"using":"xpath","value":"//*[@class = 'android.widget.TextView' and (@text = '1' or . = '1')]"}[39m
[35m[HTTP][39m [37m<-- POST /wd/hub/session/988f1165-b08b-4acd-a537-3877b2199a29/elements [39m[32m200[39m [90m118 ms - 12[39m
[35m[HTTP][39m [90m[39m
[35m[HTTP][39m [37m-->[39m [37mPOST[39m [37m/wd/hub/session/988f1165-b08b-4acd-a537-3877b2199a29/elements[39m
[35m[HTTP][39m [90m{"using":"xpath","value":"//*[@class = 'android.widget.TextView' and (@text = '1' or . = '1')]"}[39m
[35m[HTTP][39m [37m<-- POST /wd/hub/session/988f1165-b08b-4acd-a537-3877b2199a29/elements [39m[32m200[39m [90m126 ms - 12[39m
[35m[HTTP][39m [90m[39m
[35m[HTTP][39m [37m-->[39m [37mPOST[39m [37m/wd/hub/session/988f1165-b08b-4acd-a537-3877b2199a29/elements[39m
[35m[HTTP][39m [90m{"using":"xpath","value":"//*[@class = 'android.widget.TextView' and (@text = '1' or . = '1')]"}[39m
[35m[HTTP][39m [37m<-- POST /wd/hub/session/988f1165-b08b-4acd-a537-3877b2199a29/elements [39m[32m200[39m [90m127 ms - 12[39m
[35m[HTTP][39m [90m[39m
[35m[HTTP][39m [37m-->[39m [37mPOST[39m [37m/wd/hub/session/988f1165-b08b-4acd-a537-3877b2199a29/elements[39m
[35m[HTTP][39m [90m{"using":"xpath","value":"//*[@class = 'android.widget.TextView' and (@text = '1' or . = '1')]"}[39m
[35m[HTTP][39m [37m<-- POST /wd/hub/session/988f1165-b08b-4acd-a537-3877b2199a29/elements [39m[32m200[39m [90m125 ms - 12[39m
[35m[HTTP][39m [90m[39m
[35m[HTTP][39m [37m-->[39m [37mPOST[39m [37m/wd/hub/session/988f1165-b08b-4acd-a537-3877b2199a29/elements[39m
[35m[HTTP][39m [90m{"using":"xpath","value":"//*[@class = 'android.widget.TextView' and (@text = '1' or . = '1')]"}[39m
[35m[HTTP][39m [37m<-- POST /wd/hub/session/988f1165-b08b-4acd-a537-3877b2199a29/elements [39m[32m200[39m [90m128 ms - 12[39m
[35m[HTTP][39m [90m[39m
[35m[HTTP][39m [37m-->[39m [37mPOST[39m [37m/wd/hub/session/988f1165-b08b-4acd-a537-3877b2199a29/elements[39m
[35m[HTTP][39m [90m{"using":"xpath","value":"//*[@class = 'android.widget.TextView' and (@text = '1' or . = '1')]"}[39m
[35m[HTTP][39m [37m<-- POST /wd/hub/session/988f1165-b08b-4acd-a537-3877b2199a29/elements [39m[32m200[39m [90m125 ms - 12[39m
[35m[HTTP][39m [90m[39m
[35m[HTTP][39m [37m-->[39m [37mPOST[39m [37m/wd/hub/session/988f1165-b08b-4acd-a537-3877b2199a29/elements[39m
[35m[HTTP][39m [90m{"using":"xpath","value":"//*[@class = 'android.widget.TextView' and (@text = '1' or . = '1')]"}[39m
[35m[HTTP][39m [37m<-- POST /wd/hub/session/988f1165-b08b-4acd-a537-3877b2199a29/elements [39m[32m200[39m [90m127 ms - 12[39m
[35m[HTTP][39m [90m[39m
[35m[HTTP][39m [37m-->[39m [37mPOST[39m [37m/wd/hub/session/988f1165-b08b-4acd-a537-3877b2199a29/elements[39m
[35m[HTTP][39m [90m{"using":"xpath","value":"//*[@class = 'android.widget.TextView' and (@text = '1' or . = '1')]"}[39m
[35m[HTTP][39m [37m<-- POST /wd/hub/session/988f1165-b08b-4acd-a537-3877b2199a29/elements [39m[32m200[39m [90m130 ms - 12[39m
[35m[HTTP][39m [90m[39m
[35m[HTTP][39m [37m-->[39m [37mPOST[39m [37m/wd/hub/session/988f1165-b08b-4acd-a537-3877b2199a29/elements[39m
[35m[HTTP][39m [90m{"using":"xpath","value":"//*[@class = 'android.widget.TextView' and (@text = '1' or . = '1')]"}[39m
[35m[HTTP][39m [37m<-- POST /wd/hub/session/988f1165-b08b-4acd-a537-3877b2199a29/elements [39m[32m200[39m [90m131 ms - 12[39m
[35m[HTTP][39m [90m[39m
[35m[HTTP][39m [37m-->[39m [37mPOST[39m [37m/wd/hub/session/988f1165-b08b-4acd-a537-3877b2199a29/elements[39m
[35m[HTTP][39m [90m{"using":"xpath","value":"//*[@class = 'android.widget.TextView' and (@text = '1' or . = '1')]"}[39m
[35m[HTTP][39m [37m<-- POST /wd/hub/session/988f1165-b08b-4acd-a537-3877b2199a29/elements [39m[32m200[39m [90m129 ms - 12[39m
[35m[HTTP][39m [90m[39m
[35m[HTTP][39m [37m-->[39m [37mPOST[39m [37m/wd/hub/session/988f1165-b08b-4acd-a537-3877b2199a29/elements[39m
[35m[HTTP][39m [90m{"using":"xpath","value":"//*[@class = 'android.widget.TextView' and (@text = '1' or . = '1')]"}[39m
[35m[HTTP][39m [37m<-- POST /wd/hub/session/988f1165-b08b-4acd-a537-3877b2199a29/elements [39m[32m200[39m [90m126 ms - 12[39m
[35m[HTTP][39m [90m[39m
[35m[HTTP][39m [37m-->[39m [37mPOST[39m [37m/wd/hub/session/988f1165-b08b-4acd-a537-3877b2199a29/elements[39m
[35m[HTTP][39m [90m{"using":"xpath","value":"//*[@class = 'android.widget.TextView' and (@text = '1' or . = '1')]"}[39m
[35m[HTTP][39m [37m<-- POST /wd/hub/session/988f1165-b08b-4acd-a537-3877b2199a29/elements [39m[32m200[39m [90m5539 ms - 12[39m
[35m[HTTP][39m [90m[39m
[35m[HTTP][39m [37m-->[39m [37mPOST[39m [37m/wd/hub/session/988f1165-b08b-4acd-a537-3877b2199a29/elements[39m
[35m[HTTP][39m [90m{"using":"xpath","value":"//*[@class = 'android.widget.TextView' and (@text = '1' or . = '1')]"}[39m
[35m[HTTP][39m [37m<-- POST /wd/hub/session/988f1165-b08b-4acd-a537-3877b2199a29/elements [39m[32m200[39m [90m267 ms - 12[39m
[35m[HTTP][39m [90m[39m
[35m[HTTP][39m [37m-->[39m [37mPOST[39m [37m/wd/hub/session/988f1165-b08b-4acd-a537-3877b2199a29/elements[39m
[35m[HTTP][39m [90m{"using":"xpath","value":"//*[@class = 'android.widget.TextView' and (@text = '1' or . = '1')]"}[39m
[35m[HTTP][39m [37m<-- POST /wd/hub/session/988f1165-b08b-4acd-a537-3877b2199a29/elements [39m[32m-[39m [90m- ms - -[39m
[35m[HTTP][39m [90m[39m
[35m[BaseDriver][39m Shutting down because we waited 1800 seconds for a command
[35m[Appium][39m Closing session, cause was 'New Command Timeout of 1800 seconds expired. Try customizing the timeout using the 'newCommandTimeout' desired capability'
[35m[Appium][39m Removing session '988f1165-b08b-4acd-a537-3877b2199a29' from our master session list
[35m[UiAutomator2][39m Did not get confirmation UiAutomator2 deleteSession worked; Error was: UnknownError: An unknown server-side error occurred while processing the command. Original error: 'DELETE /' cannot be proxied to UiAutomator2 server because the instrumentation process is not running (probably crashed). Check the server log and/or the logcat output for more details
[35m[UiAutomator2][39m Restoring hidden api policy to the device default configuration
