[35m[Appium][39m Welcome to Appium v1.22.1
[35m[Appium][39m Non-default server args:
[35m[Appium][39m   port: 53028
[35m[Appium][39m   loglevel: info
[35m[Appium][39m   tmpDir: C:\Users\00139711\AppData\Local\Temp\\Katalon\Appium\Temp1662367252369
[35m[Appium][39m   chromedriverPort: 53029
[35m[Appium][39m Deprecated server args:
[35m[Appium][39m   [31m--chromedriver-port[39m => --default-capabilities
[35m[Appium][39m Default capabilities, which will be added to each request unless overridden by desired capabilities:
[35m[Appium][39m   chromedriverPort: 53029
[35m[Appium][39m Appium REST http interface listener started on 0.0.0.0:53028
[35m[HTTP][39m [37m-->[39m [37mGET[39m [37m/wd/hub/status[39m
[35m[HTTP][39m [90m{}[39m
[35m[HTTP][39m [37m<-- GET /wd/hub/status [39m[32m200[39m [90m23 ms - 68[39m
[35m[HTTP][39m [90m[39m
[35m[HTTP][39m [37m-->[39m [37mPOST[39m [37m/wd/hub/session[39m
[35m[HTTP][39m [90m{"desiredCapabilities":{"appPackage":"com.android.settings","noReset":true,"AppWaitActivity":"*","deviceId":"65c223c2","deviceName":"Xiaomi 2107113SG (Android 12)","platform":"ANDROID","appActivity":".Settings","newCommandTimeout":1800,"platformVersion":"12","automationName":"uiautomator2","autoGrantPermissions":true,"platformName":"Android","udid":"65c223c2","systemPort":8253},"capabilities":{"firstMatch":[{"AppWaitActivity":"*","appium:appActivity":".Settings","appium:appPackage":"com.android.settings","appium:autoGrantPermissions":true,"appium:automationName":"uiautomator2","deviceId":"65c223c2","appium:deviceName":"Xiaomi 2107113SG (Android 12)","appium:newCommandTimeout":1800,"appium:noReset":true,"platform":"ANDROID","platformName":"android","appium:platformVersion":"12","appium:systemPort":8253,"appium:udid":"65c223c2"}]}}[39m
[35m[BaseDriver][39m The following capabilities are not standard capabilities and should have an extension prefix:
[35m[BaseDriver][39m   AppWaitActivity
[35m[BaseDriver][39m   deviceId
[35m[BaseDriver][39m   platform
[35m[BaseDriver][39m   chromedriverPort
[35m[Appium][39m Appium v1.22.1 creating new AndroidUiautomator2Driver (v1.70.1) session
[35m[BaseDriver][39m The following capabilities were provided, but are not recognized by Appium:
[35m[BaseDriver][39m   AppWaitActivity
[35m[BaseDriver][39m   deviceId
[35m[BaseDriver][39m   platform
[35m[BaseDriver][39m Session created with session id: c61a498f-3f2a-4698-9deb-5b30490f4fbf
[35m[UiAutomator2][39m Starting 'com.android.settings' directly on the device
[35m[ADB][39m Found 1 'build-tools' folders under 'C:\Users\00139711\.katalon\tools\android_sdk' (newest first):
[35m[ADB][39m     C:/Users/00139711/.katalon/tools/android_sdk/build-tools/29.0.3
[35m[ADB][39m Using 'adb.exe' from 'C:\Users\00139711\.katalon\tools\android_sdk\platform-tools\adb.exe'
[35m[AndroidDriver][39m Retrieving device list
[35m[AndroidDriver][39m Using device: 65c223c2
[35m[ADB][39m Using 'adb.exe' from 'C:\Users\00139711\.katalon\tools\android_sdk\platform-tools\adb.exe'
[35m[ADB][39m Getting device platform version
[35m[UiAutomator2][39m Relaxing hidden api policy
[35m[AndroidDriver][39m No app sent in, not parsing package/activity
[35m[ADB][39m Using 'apksigner.jar' from 'C:\Users\00139711\.katalon\tools\android_sdk\build-tools\29.0.3\lib\apksigner.jar'
[35m[ADB][39m 'C:\Users\00139711\AppData\Roaming\npm\node_modules\appium\node_modules\appium-uiautomator2-server\apks\appium-uiautomator2-server-v4.27.0.apk' is signed with the default certificate
[35m[ADB][39m 'C:\Users\00139711\AppData\Roaming\npm\node_modules\appium\node_modules\appium-uiautomator2-server\apks\appium-uiautomator2-server-debug-androidTest.apk' is signed with the default certificate
[35m[UiAutomator2][39m Server packages are not going to be (re)installed
[35m[ADB][39m Adding packages ["io.appium.settings","io.appium.uiautomator2.server","io.appium.uiautomator2.server.test"] to Doze whitelist
[35m[UiAutomator2][39m Starting UIAutomator2 server 4.27.0
[35m[UiAutomator2][39m Using UIAutomator2 server from 'C:\Users\00139711\AppData\Roaming\npm\node_modules\appium\node_modules\appium-uiautomator2-server\apks\appium-uiautomator2-server-v4.27.0.apk' and test from 'C:\Users\00139711\AppData\Roaming\npm\node_modules\appium\node_modules\appium-uiautomator2-server\apks\appium-uiautomator2-server-debug-androidTest.apk'
[35m[UiAutomator2][39m Waiting up to 30000ms for UiAutomator2 to be online...
[35m[WD Proxy][39m socket hang up
[35m[WD Proxy][39m socket hang up
[35m[WD Proxy][39m socket hang up
[35m[WD Proxy][39m socket hang up
[35m[WD Proxy][39m Determined the downstream protocol as 'W3C'
[35m[AndroidDriver][39m Screen already unlocked, doing nothing
[35m[UiAutomator2][39m Starting 'com.android.settings/.Settings and waiting for 'com.android.settings/.Settings'
[35m[Appium][39m New AndroidUiautomator2Driver session created successfully, session c61a498f-3f2a-4698-9deb-5b30490f4fbf added to master session list
[35m[HTTP][39m [37m<-- POST /wd/hub/session [39m[32m200[39m [90m18594 ms - 1263[39m
[35m[HTTP][39m [90m[39m
[35m[HTTP][39m [37m-->[39m [37mGET[39m [37m/wd/hub/session/c61a498f-3f2a-4698-9deb-5b30490f4fbf[39m
[35m[HTTP][39m [90m{}[39m
[35m[HTTP][39m [37m<-- GET /wd/hub/session/c61a498f-3f2a-4698-9deb-5b30490f4fbf [39m[32m200[39m [90m19 ms - 1217[39m
[35m[HTTP][39m [90m[39m
[35m[HTTP][39m [37m-->[39m [37mGET[39m [37m/wd/hub/session/c61a498f-3f2a-4698-9deb-5b30490f4fbf[39m
[35m[HTTP][39m [90m{}[39m
[35m[HTTP][39m [37m<-- GET /wd/hub/session/c61a498f-3f2a-4698-9deb-5b30490f4fbf [39m[32m200[39m [90m17 ms - 1217[39m
[35m[HTTP][39m [90m[39m
[35m[HTTP][39m [37m-->[39m [37mGET[39m [37m/wd/hub/status[39m
[35m[HTTP][39m [90m{}[39m
[35m[HTTP][39m [37m<-- GET /wd/hub/status [39m[32m200[39m [90m3 ms - 68[39m
[35m[HTTP][39m [90m[39m
[35m[HTTP][39m [37m-->[39m [37mPOST[39m [37m/wd/hub/session/c61a498f-3f2a-4698-9deb-5b30490f4fbf/timeouts[39m
[35m[HTTP][39m [90m{"implicit":30000}[39m
[35m[HTTP][39m [37m<-- POST /wd/hub/session/c61a498f-3f2a-4698-9deb-5b30490f4fbf/timeouts [39m[32m200[39m [90m10 ms - 14[39m
[35m[HTTP][39m [90m[39m
[35m[HTTP][39m [37m-->[39m [37mGET[39m [37m/wd/hub/session/c61a498f-3f2a-4698-9deb-5b30490f4fbf/screenshot[39m
[35m[HTTP][39m [90m{}[39m
[35m[HTTP][39m [37m<-- GET /wd/hub/session/c61a498f-3f2a-4698-9deb-5b30490f4fbf/screenshot [39m[32m200[39m [90m264 ms - 210202[39m
[35m[HTTP][39m [90m[39m
[35m[HTTP][39m [37m-->[39m [37mGET[39m [37m/wd/hub/session/c61a498f-3f2a-4698-9deb-5b30490f4fbf/window/rect[39m
[35m[HTTP][39m [90m{}[39m
[35m[HTTP][39m [37m<-- GET /wd/hub/session/c61a498f-3f2a-4698-9deb-5b30490f4fbf/window/rect [39m[32m200[39m [90m24 ms - 50[39m
[35m[HTTP][39m [90m[39m
[35m[HTTP][39m [37m-->[39m [37mGET[39m [37m/wd/hub/session/c61a498f-3f2a-4698-9deb-5b30490f4fbf/appium/device/system_bars[39m
[35m[HTTP][39m [90m{}[39m
[35m[HTTP][39m [37m<-- GET /wd/hub/session/c61a498f-3f2a-4698-9deb-5b30490f4fbf/appium/device/system_bars [39m[32m200[39m [90m170 ms - 145[39m
[35m[HTTP][39m [90m[39m
[35m[HTTP][39m [37m-->[39m [37mPOST[39m [37m/wd/hub/session/c61a498f-3f2a-4698-9deb-5b30490f4fbf/appium/device/activate_app[39m
[35m[HTTP][39m [90m{"bundleId":"com.maybank2u.life.sit"}[39m
[35m[HTTP][39m [37m<-- POST /wd/hub/session/c61a498f-3f2a-4698-9deb-5b30490f4fbf/appium/device/activate_app [39m[32m200[39m [90m2306 ms - 14[39m
[35m[HTTP][39m [90m[39m
[35m[HTTP][39m [37m-->[39m [37mPOST[39m [37m/wd/hub/session/c61a498f-3f2a-4698-9deb-5b30490f4fbf/timeouts[39m
[35m[HTTP][39m [90m{"implicit":50}[39m
[35m[HTTP][39m [37m<-- POST /wd/hub/session/c61a498f-3f2a-4698-9deb-5b30490f4fbf/timeouts [39m[32m200[39m [90m8 ms - 14[39m
[35m[HTTP][39m [90m[39m
[35m[HTTP][39m [37m-->[39m [37mGET[39m [37m/wd/hub/session/c61a498f-3f2a-4698-9deb-5b30490f4fbf/window/rect[39m
[35m[HTTP][39m [90m{}[39m
[35m[HTTP][39m [37m<-- GET /wd/hub/session/c61a498f-3f2a-4698-9deb-5b30490f4fbf/window/rect [39m[32m200[39m [90m32 ms - 50[39m
[35m[HTTP][39m [90m[39m
[35m[HTTP][39m [37m-->[39m [37mPOST[39m [37m/wd/hub/session/c61a498f-3f2a-4698-9deb-5b30490f4fbf/elements[39m
[35m[HTTP][39m [90m{"using":"xpath","value":"//hierarchy/android.widget.FrameLayout[1]/android.widget.LinearLayout[1]/android.widget.FrameLayout[1]/android.widget.LinearLayout[1]/android.widget.FrameLayout[1]/android.widget.FrameLayout[1]/android.view.ViewGroup[1]/android.view.ViewGroup[1]/android.view.ViewGroup[1]/android.view.ViewGroup[1]/android.view.ViewGroup[1]/android.widget.FrameLayout[1]/android.view.ViewGroup[1]/android.view.ViewGroup[1]/android.view.ViewGroup[1]/android.view.ViewGroup[1]/android.view.ViewGroup[1]/android.view.ViewGroup[1]/android.widget.FrameLayout[1]/android.view.ViewGroup[1]/android.view.ViewGroup[1]/android.view.ViewGroup[1]/android.view.ViewGroup[1]/android.view.ViewGroup[1]/android.view.ViewGroup[2]/android.widget.Button[5]"}[39m
[35m[HTTP][39m [37m<-- POST /wd/hub/session/c61a498f-3f2a-4698-9deb-5b30490f4fbf/elements [39m[32m200[39m [90m409 ms - 139[39m
[35m[HTTP][39m [90m[39m
[35m[HTTP][39m [37m-->[39m [37mGET[39m [37m/wd/hub/session/c61a498f-3f2a-4698-9deb-5b30490f4fbf/element/00000000-0000-0255-ffff-ffff00000745/location[39m
[35m[HTTP][39m [90m{}[39m
[35m[W3C (c61a498f)][39m Driver proxy active, passing request on via HTTP proxy
[35m[WD Proxy][39m Replacing sessionId 79e58d05-41f0-4176-8cbb-bdb2fda9ab7a with c61a498f-3f2a-4698-9deb-5b30490f4fbf
[35m[HTTP][39m [37m<-- GET /wd/hub/session/c61a498f-3f2a-4698-9deb-5b30490f4fbf/element/00000000-0000-0255-ffff-ffff00000745/location [39m[32m200[39m [90m58 ms - 79[39m
[35m[HTTP][39m [90m[39m
[35m[HTTP][39m [37m-->[39m [37mPOST[39m [37m/wd/hub/session/c61a498f-3f2a-4698-9deb-5b30490f4fbf/timeouts[39m
[35m[HTTP][39m [90m{"implicit":30000}[39m
[35m[HTTP][39m [37m<-- POST /wd/hub/session/c61a498f-3f2a-4698-9deb-5b30490f4fbf/timeouts [39m[32m200[39m [90m6 ms - 14[39m
[35m[HTTP][39m [90m[39m
[35m[HTTP][39m [37m-->[39m [37mPOST[39m [37m/wd/hub/session/c61a498f-3f2a-4698-9deb-5b30490f4fbf/touch/perform[39m
[35m[HTTP][39m [90m{"actions":[{"action":"tap","options":{"x":1,"y":1,"element":"00000000-0000-0255-ffff-ffff00000745"}},{"action":"release","options":{}}]}[39m
[35m[UiAutomator2][39m calling get location: 00000000-0000-0255-ffff-ffff00000745
[35m[HTTP][39m [37m<-- POST /wd/hub/session/c61a498f-3f2a-4698-9deb-5b30490f4fbf/touch/perform [39m[32m200[39m [90m2177 ms - 14[39m
[35m[HTTP][39m [90m[39m
[35m[HTTP][39m [37m-->[39m [37mPOST[39m [37m/wd/hub/session/c61a498f-3f2a-4698-9deb-5b30490f4fbf/timeouts[39m
[35m[HTTP][39m [90m{"implicit":50}[39m
[35m[HTTP][39m [37m<-- POST /wd/hub/session/c61a498f-3f2a-4698-9deb-5b30490f4fbf/timeouts [39m[32m200[39m [90m7 ms - 14[39m
[35m[HTTP][39m [90m[39m
[35m[HTTP][39m [37m-->[39m [37mGET[39m [37m/wd/hub/session/c61a498f-3f2a-4698-9deb-5b30490f4fbf/window/rect[39m
[35m[HTTP][39m [90m{}[39m
[35m[HTTP][39m [37m<-- GET /wd/hub/session/c61a498f-3f2a-4698-9deb-5b30490f4fbf/window/rect [39m[32m200[39m [90m45 ms - 50[39m
[35m[HTTP][39m [90m[39m
[35m[HTTP][39m [37m-->[39m [37mPOST[39m [37m/wd/hub/session/c61a498f-3f2a-4698-9deb-5b30490f4fbf/elements[39m
[35m[HTTP][39m [90m{"using":"xpath","value":"//hierarchy/android.widget.FrameLayout[1]/android.widget.LinearLayout[1]/android.widget.FrameLayout[1]/android.widget.LinearLayout[1]/android.widget.FrameLayout[1]/android.widget.FrameLayout[1]/android.view.ViewGroup[1]/android.view.ViewGroup[1]/android.view.ViewGroup[1]/android.view.ViewGroup[1]/android.view.ViewGroup[1]/android.widget.FrameLayout[1]/android.view.ViewGroup[1]/android.view.ViewGroup[1]/android.view.ViewGroup[1]/android.view.ViewGroup[1]/android.view.ViewGroup[1]/android.view.ViewGroup[1]/android.widget.FrameLayout[1]/android.view.ViewGroup[1]/android.view.ViewGroup[1]/android.view.ViewGroup[1]/android.view.ViewGroup[1]/android.view.ViewGroup[1]/android.view.ViewGroup[1]/android.widget.FrameLayout[1]/android.view.ViewGroup[1]/android.view.ViewGroup[1]/android.view.ViewGroup[1]/android.view.ViewGroup[1]/android.widget.FrameLayout[1]/android.view.ViewGroup[1]/android.view.ViewGroup[1]/android.view.ViewGroup[1]/android.view.ViewGroup[1]/android.view.ViewGroup[1]/andro...[39m
[35m[HTTP][39m [37m<-- POST /wd/hub/session/c61a498f-3f2a-4698-9deb-5b30490f4fbf/elements [39m[32m200[39m [90m262 ms - 139[39m
[35m[HTTP][39m [90m[39m
[35m[HTTP][39m [37m-->[39m [37mGET[39m [37m/wd/hub/session/c61a498f-3f2a-4698-9deb-5b30490f4fbf/element/00000000-0000-0255-ffff-ffff00000af2/location[39m
[35m[HTTP][39m [90m{}[39m
[35m[W3C (c61a498f)][39m Driver proxy active, passing request on via HTTP proxy
[35m[WD Proxy][39m Replacing sessionId 79e58d05-41f0-4176-8cbb-bdb2fda9ab7a with c61a498f-3f2a-4698-9deb-5b30490f4fbf
[35m[HTTP][39m [37m<-- GET /wd/hub/session/c61a498f-3f2a-4698-9deb-5b30490f4fbf/element/00000000-0000-0255-ffff-ffff00000af2/location [39m[32m200[39m [90m35 ms - 79[39m
[35m[HTTP][39m [90m[39m
[35m[HTTP][39m [37m-->[39m [37mPOST[39m [37m/wd/hub/session/c61a498f-3f2a-4698-9deb-5b30490f4fbf/timeouts[39m
[35m[HTTP][39m [90m{"implicit":30000}[39m
[35m[HTTP][39m [37m<-- POST /wd/hub/session/c61a498f-3f2a-4698-9deb-5b30490f4fbf/timeouts [39m[32m200[39m [90m4 ms - 14[39m
[35m[HTTP][39m [90m[39m
[35m[HTTP][39m [37m-->[39m [37mPOST[39m [37m/wd/hub/session/c61a498f-3f2a-4698-9deb-5b30490f4fbf/touch/perform[39m
[35m[HTTP][39m [90m{"actions":[{"action":"tap","options":{"x":1,"y":1,"element":"00000000-0000-0255-ffff-ffff00000af2"}},{"action":"release","options":{}}]}[39m
[35m[UiAutomator2][39m calling get location: 00000000-0000-0255-ffff-ffff00000af2
[35m[HTTP][39m [37m<-- POST /wd/hub/session/c61a498f-3f2a-4698-9deb-5b30490f4fbf/touch/perform [39m[32m200[39m [90m1123 ms - 14[39m
[35m[HTTP][39m [90m[39m
[35m[HTTP][39m [37m-->[39m [37mPOST[39m [37m/wd/hub/session/c61a498f-3f2a-4698-9deb-5b30490f4fbf/timeouts[39m
[35m[HTTP][39m [90m{"implicit":50}[39m
[35m[HTTP][39m [37m<-- POST /wd/hub/session/c61a498f-3f2a-4698-9deb-5b30490f4fbf/timeouts [39m[32m200[39m [90m2 ms - 14[39m
[35m[HTTP][39m [90m[39m
[35m[HTTP][39m [37m-->[39m [37mGET[39m [37m/wd/hub/session/c61a498f-3f2a-4698-9deb-5b30490f4fbf/window/rect[39m
[35m[HTTP][39m [90m{}[39m
[35m[HTTP][39m [37m<-- GET /wd/hub/session/c61a498f-3f2a-4698-9deb-5b30490f4fbf/window/rect [39m[32m200[39m [90m29 ms - 50[39m
[35m[HTTP][39m [90m[39m
[35m[HTTP][39m [37m-->[39m [37mPOST[39m [37m/wd/hub/session/c61a498f-3f2a-4698-9deb-5b30490f4fbf/elements[39m
[35m[HTTP][39m [90m{"using":"xpath","value":"//*[(@text = 'Tabung: Funding' or . = 'Tabung: Funding')]"}[39m
[35m[HTTP][39m [37m<-- POST /wd/hub/session/c61a498f-3f2a-4698-9deb-5b30490f4fbf/elements [39m[32m200[39m [90m447 ms - 12[39m
[35m[HTTP][39m [90m[39m
[35m[HTTP][39m [37m-->[39m [37mPOST[39m [37m/wd/hub/session/c61a498f-3f2a-4698-9deb-5b30490f4fbf/elements[39m
[35m[HTTP][39m [90m{"using":"xpath","value":"//*[(@text = 'Tabung: Funding' or . = 'Tabung: Funding')]"}[39m
[35m[HTTP][39m [37m<-- POST /wd/hub/session/c61a498f-3f2a-4698-9deb-5b30490f4fbf/elements [39m[32m200[39m [90m103 ms - 12[39m
[35m[HTTP][39m [90m[39m
[35m[HTTP][39m [37m-->[39m [37mPOST[39m [37m/wd/hub/session/c61a498f-3f2a-4698-9deb-5b30490f4fbf/elements[39m
[35m[HTTP][39m [90m{"using":"xpath","value":"//*[(@text = 'Tabung: Funding' or . = 'Tabung: Funding')]"}[39m
[35m[HTTP][39m [37m<-- POST /wd/hub/session/c61a498f-3f2a-4698-9deb-5b30490f4fbf/elements [39m[32m200[39m [90m69 ms - 12[39m
[35m[HTTP][39m [90m[39m
[35m[HTTP][39m [37m-->[39m [37mPOST[39m [37m/wd/hub/session/c61a498f-3f2a-4698-9deb-5b30490f4fbf/elements[39m
[35m[HTTP][39m [90m{"using":"xpath","value":"//*[(@text = 'Tabung: Funding' or . = 'Tabung: Funding')]"}[39m
[35m[HTTP][39m [37m<-- POST /wd/hub/session/c61a498f-3f2a-4698-9deb-5b30490f4fbf/elements [39m[32m200[39m [90m88 ms - 12[39m
[35m[HTTP][39m [90m[39m
[35m[HTTP][39m [37m-->[39m [37mPOST[39m [37m/wd/hub/session/c61a498f-3f2a-4698-9deb-5b30490f4fbf/elements[39m
[35m[HTTP][39m [90m{"using":"xpath","value":"//*[(@text = 'Tabung: Funding' or . = 'Tabung: Funding')]"}[39m
[35m[HTTP][39m [37m<-- POST /wd/hub/session/c61a498f-3f2a-4698-9deb-5b30490f4fbf/elements [39m[32m200[39m [90m97 ms - 12[39m
[35m[HTTP][39m [90m[39m
[35m[HTTP][39m [37m-->[39m [37mPOST[39m [37m/wd/hub/session/c61a498f-3f2a-4698-9deb-5b30490f4fbf/elements[39m
[35m[HTTP][39m [90m{"using":"xpath","value":"//*[(@text = 'Tabung: Funding' or . = 'Tabung: Funding')]"}[39m
[35m[HTTP][39m [37m<-- POST /wd/hub/session/c61a498f-3f2a-4698-9deb-5b30490f4fbf/elements [39m[32m200[39m [90m72 ms - 12[39m
[35m[HTTP][39m [90m[39m
[35m[HTTP][39m [37m-->[39m [37mPOST[39m [37m/wd/hub/session/c61a498f-3f2a-4698-9deb-5b30490f4fbf/elements[39m
[35m[HTTP][39m [90m{"using":"xpath","value":"//*[(@text = 'Tabung: Funding' or . = 'Tabung: Funding')]"}[39m
[35m[HTTP][39m [37m<-- POST /wd/hub/session/c61a498f-3f2a-4698-9deb-5b30490f4fbf/elements [39m[32m200[39m [90m82 ms - 12[39m
[35m[HTTP][39m [90m[39m
[35m[HTTP][39m [37m-->[39m [37mPOST[39m [37m/wd/hub/session/c61a498f-3f2a-4698-9deb-5b30490f4fbf/elements[39m
[35m[HTTP][39m [90m{"using":"xpath","value":"//*[(@text = 'Tabung: Funding' or . = 'Tabung: Funding')]"}[39m
[35m[HTTP][39m [37m<-- POST /wd/hub/session/c61a498f-3f2a-4698-9deb-5b30490f4fbf/elements [39m[32m200[39m [90m86 ms - 12[39m
[35m[HTTP][39m [90m[39m
[35m[HTTP][39m [37m-->[39m [37mPOST[39m [37m/wd/hub/session/c61a498f-3f2a-4698-9deb-5b30490f4fbf/elements[39m
[35m[HTTP][39m [90m{"using":"xpath","value":"//*[(@text = 'Tabung: Funding' or . = 'Tabung: Funding')]"}[39m
[35m[HTTP][39m [37m<-- POST /wd/hub/session/c61a498f-3f2a-4698-9deb-5b30490f4fbf/elements [39m[32m200[39m [90m81 ms - 12[39m
[35m[HTTP][39m [90m[39m
[35m[HTTP][39m [37m-->[39m [37mPOST[39m [37m/wd/hub/session/c61a498f-3f2a-4698-9deb-5b30490f4fbf/elements[39m
[35m[HTTP][39m [90m{"using":"xpath","value":"//*[(@text = 'Tabung: Funding' or . = 'Tabung: Funding')]"}[39m
[35m[HTTP][39m [37m<-- POST /wd/hub/session/c61a498f-3f2a-4698-9deb-5b30490f4fbf/elements [39m[32m200[39m [90m107 ms - 12[39m
[35m[HTTP][39m [90m[39m
[35m[HTTP][39m [37m-->[39m [37mPOST[39m [37m/wd/hub/session/c61a498f-3f2a-4698-9deb-5b30490f4fbf/elements[39m
[35m[HTTP][39m [90m{"using":"xpath","value":"//*[(@text = 'Tabung: Funding' or . = 'Tabung: Funding')]"}[39m
[35m[HTTP][39m [37m<-- POST /wd/hub/session/c61a498f-3f2a-4698-9deb-5b30490f4fbf/elements [39m[32m200[39m [90m128 ms - 12[39m
[35m[HTTP][39m [90m[39m
[35m[HTTP][39m [37m-->[39m [37mPOST[39m [37m/wd/hub/session/c61a498f-3f2a-4698-9deb-5b30490f4fbf/elements[39m
[35m[HTTP][39m [90m{"using":"xpath","value":"//*[(@text = 'Tabung: Funding' or . = 'Tabung: Funding')]"}[39m
[35m[HTTP][39m [37m<-- POST /wd/hub/session/c61a498f-3f2a-4698-9deb-5b30490f4fbf/elements [39m[32m200[39m [90m142 ms - 12[39m
[35m[HTTP][39m [90m[39m
[35m[HTTP][39m [37m-->[39m [37mPOST[39m [37m/wd/hub/session/c61a498f-3f2a-4698-9deb-5b30490f4fbf/elements[39m
[35m[HTTP][39m [90m{"using":"xpath","value":"//*[(@text = 'Tabung: Funding' or . = 'Tabung: Funding')]"}[39m
[35m[HTTP][39m [37m<-- POST /wd/hub/session/c61a498f-3f2a-4698-9deb-5b30490f4fbf/elements [39m[32m200[39m [90m124 ms - 12[39m
[35m[HTTP][39m [90m[39m
[35m[HTTP][39m [37m-->[39m [37mPOST[39m [37m/wd/hub/session/c61a498f-3f2a-4698-9deb-5b30490f4fbf/elements[39m
[35m[HTTP][39m [90m{"using":"xpath","value":"//*[(@text = 'Tabung: Funding' or . = 'Tabung: Funding')]"}[39m
[35m[HTTP][39m [37m<-- POST /wd/hub/session/c61a498f-3f2a-4698-9deb-5b30490f4fbf/elements [39m[32m200[39m [90m119 ms - 12[39m
[35m[HTTP][39m [90m[39m
[35m[HTTP][39m [37m-->[39m [37mPOST[39m [37m/wd/hub/session/c61a498f-3f2a-4698-9deb-5b30490f4fbf/elements[39m
[35m[HTTP][39m [90m{"using":"xpath","value":"//*[(@text = 'Tabung: Funding' or . = 'Tabung: Funding')]"}[39m
[35m[HTTP][39m [37m<-- POST /wd/hub/session/c61a498f-3f2a-4698-9deb-5b30490f4fbf/elements [39m[32m200[39m [90m172 ms - 12[39m
[35m[HTTP][39m [90m[39m
[35m[HTTP][39m [37m-->[39m [37mPOST[39m [37m/wd/hub/session/c61a498f-3f2a-4698-9deb-5b30490f4fbf/elements[39m
[35m[HTTP][39m [90m{"using":"xpath","value":"//*[(@text = 'Tabung: Funding' or . = 'Tabung: Funding')]"}[39m
[35m[HTTP][39m [37m<-- POST /wd/hub/session/c61a498f-3f2a-4698-9deb-5b30490f4fbf/elements [39m[32m200[39m [90m128 ms - 12[39m
[35m[HTTP][39m [90m[39m
[35m[HTTP][39m [37m-->[39m [37mPOST[39m [37m/wd/hub/session/c61a498f-3f2a-4698-9deb-5b30490f4fbf/elements[39m
[35m[HTTP][39m [90m{"using":"xpath","value":"//*[(@text = 'Tabung: Funding' or . = 'Tabung: Funding')]"}[39m
[35m[HTTP][39m [37m<-- POST /wd/hub/session/c61a498f-3f2a-4698-9deb-5b30490f4fbf/elements [39m[32m200[39m [90m137 ms - 12[39m
[35m[HTTP][39m [90m[39m
[35m[HTTP][39m [37m-->[39m [37mPOST[39m [37m/wd/hub/session/c61a498f-3f2a-4698-9deb-5b30490f4fbf/elements[39m
[35m[HTTP][39m [90m{"using":"xpath","value":"//*[(@text = 'Tabung: Funding' or . = 'Tabung: Funding')]"}[39m
[35m[HTTP][39m [37m<-- POST /wd/hub/session/c61a498f-3f2a-4698-9deb-5b30490f4fbf/elements [39m[32m200[39m [90m133 ms - 12[39m
[35m[HTTP][39m [90m[39m
[35m[HTTP][39m [37m-->[39m [37mPOST[39m [37m/wd/hub/session/c61a498f-3f2a-4698-9deb-5b30490f4fbf/elements[39m
[35m[HTTP][39m [90m{"using":"xpath","value":"//*[(@text = 'Tabung: Funding' or . = 'Tabung: Funding')]"}[39m
[35m[HTTP][39m [37m<-- POST /wd/hub/session/c61a498f-3f2a-4698-9deb-5b30490f4fbf/elements [39m[32m200[39m [90m83 ms - 12[39m
[35m[HTTP][39m [90m[39m
[35m[HTTP][39m [37m-->[39m [37mPOST[39m [37m/wd/hub/session/c61a498f-3f2a-4698-9deb-5b30490f4fbf/elements[39m
[35m[HTTP][39m [90m{"using":"xpath","value":"//*[(@text = 'Tabung: Funding' or . = 'Tabung: Funding')]"}[39m
[35m[HTTP][39m [37m<-- POST /wd/hub/session/c61a498f-3f2a-4698-9deb-5b30490f4fbf/elements [39m[32m200[39m [90m89 ms - 12[39m
[35m[HTTP][39m [90m[39m
[35m[HTTP][39m [37m-->[39m [37mPOST[39m [37m/wd/hub/session/c61a498f-3f2a-4698-9deb-5b30490f4fbf/elements[39m
[35m[HTTP][39m [90m{"using":"xpath","value":"//*[(@text = 'Tabung: Funding' or . = 'Tabung: Funding')]"}[39m
[35m[HTTP][39m [37m<-- POST /wd/hub/session/c61a498f-3f2a-4698-9deb-5b30490f4fbf/elements [39m[32m200[39m [90m129 ms - 12[39m
[35m[HTTP][39m [90m[39m
[35m[HTTP][39m [37m-->[39m [37mPOST[39m [37m/wd/hub/session/c61a498f-3f2a-4698-9deb-5b30490f4fbf/elements[39m
[35m[HTTP][39m [90m{"using":"xpath","value":"//*[(@text = 'Tabung: Funding' or . = 'Tabung: Funding')]"}[39m
[35m[HTTP][39m [37m<-- POST /wd/hub/session/c61a498f-3f2a-4698-9deb-5b30490f4fbf/elements [39m[32m200[39m [90m138 ms - 12[39m
[35m[HTTP][39m [90m[39m
[35m[HTTP][39m [37m-->[39m [37mPOST[39m [37m/wd/hub/session/c61a498f-3f2a-4698-9deb-5b30490f4fbf/elements[39m
[35m[HTTP][39m [90m{"using":"xpath","value":"//*[(@text = 'Tabung: Funding' or . = 'Tabung: Funding')]"}[39m
[35m[HTTP][39m [37m<-- POST /wd/hub/session/c61a498f-3f2a-4698-9deb-5b30490f4fbf/elements [39m[32m200[39m [90m126 ms - 12[39m
[35m[HTTP][39m [90m[39m
[35m[HTTP][39m [37m-->[39m [37mPOST[39m [37m/wd/hub/session/c61a498f-3f2a-4698-9deb-5b30490f4fbf/elements[39m
[35m[HTTP][39m [90m{"using":"xpath","value":"//*[(@text = 'Tabung: Funding' or . = 'Tabung: Funding')]"}[39m
[35m[HTTP][39m [37m<-- POST /wd/hub/session/c61a498f-3f2a-4698-9deb-5b30490f4fbf/elements [39m[32m200[39m [90m84 ms - 12[39m
[35m[HTTP][39m [90m[39m
[35m[HTTP][39m [37m-->[39m [37mPOST[39m [37m/wd/hub/session/c61a498f-3f2a-4698-9deb-5b30490f4fbf/elements[39m
[35m[HTTP][39m [90m{"using":"xpath","value":"//*[(@text = 'Tabung: Funding' or . = 'Tabung: Funding')]"}[39m
[35m[HTTP][39m [37m<-- POST /wd/hub/session/c61a498f-3f2a-4698-9deb-5b30490f4fbf/elements [39m[32m200[39m [90m79 ms - 12[39m
[35m[HTTP][39m [90m[39m
[35m[HTTP][39m [37m-->[39m [37mPOST[39m [37m/wd/hub/session/c61a498f-3f2a-4698-9deb-5b30490f4fbf/elements[39m
[35m[HTTP][39m [90m{"using":"xpath","value":"//*[(@text = 'Tabung: Funding' or . = 'Tabung: Funding')]"}[39m
[35m[HTTP][39m [37m<-- POST /wd/hub/session/c61a498f-3f2a-4698-9deb-5b30490f4fbf/elements [39m[32m200[39m [90m118 ms - 12[39m
[35m[HTTP][39m [90m[39m
[35m[HTTP][39m [37m-->[39m [37mPOST[39m [37m/wd/hub/session/c61a498f-3f2a-4698-9deb-5b30490f4fbf/elements[39m
[35m[HTTP][39m [90m{"using":"xpath","value":"//*[(@text = 'Tabung: Funding' or . = 'Tabung: Funding')]"}[39m
[35m[HTTP][39m [37m<-- POST /wd/hub/session/c61a498f-3f2a-4698-9deb-5b30490f4fbf/elements [39m[32m200[39m [90m133 ms - 12[39m
[35m[HTTP][39m [90m[39m
[35m[HTTP][39m [37m-->[39m [37mPOST[39m [37m/wd/hub/session/c61a498f-3f2a-4698-9deb-5b30490f4fbf/elements[39m
[35m[HTTP][39m [90m{"using":"xpath","value":"//*[(@text = 'Tabung: Funding' or . = 'Tabung: Funding')]"}[39m
[35m[HTTP][39m [37m<-- POST /wd/hub/session/c61a498f-3f2a-4698-9deb-5b30490f4fbf/elements [39m[32m200[39m [90m713 ms - 12[39m
[35m[HTTP][39m [90m[39m
[35m[HTTP][39m [37m-->[39m [37mPOST[39m [37m/wd/hub/session/c61a498f-3f2a-4698-9deb-5b30490f4fbf/elements[39m
[35m[HTTP][39m [90m{"using":"xpath","value":"//*[(@text = 'Tabung: Funding' or . = 'Tabung: Funding')]"}[39m
[35m[HTTP][39m [37m<-- POST /wd/hub/session/c61a498f-3f2a-4698-9deb-5b30490f4fbf/elements [39m[32m200[39m [90m141 ms - 12[39m
[35m[HTTP][39m [90m[39m
[35m[HTTP][39m [37m-->[39m [37mPOST[39m [37m/wd/hub/session/c61a498f-3f2a-4698-9deb-5b30490f4fbf/elements[39m
[35m[HTTP][39m [90m{"using":"xpath","value":"//*[(@text = 'Tabung: Funding' or . = 'Tabung: Funding')]"}[39m
[35m[HTTP][39m [37m<-- POST /wd/hub/session/c61a498f-3f2a-4698-9deb-5b30490f4fbf/elements [39m[32m200[39m [90m116 ms - 12[39m
[35m[HTTP][39m [90m[39m
[35m[HTTP][39m [37m-->[39m [37mPOST[39m [37m/wd/hub/session/c61a498f-3f2a-4698-9deb-5b30490f4fbf/elements[39m
[35m[HTTP][39m [90m{"using":"xpath","value":"//*[(@text = 'Tabung: Funding' or . = 'Tabung: Funding')]"}[39m
[35m[HTTP][39m [37m<-- POST /wd/hub/session/c61a498f-3f2a-4698-9deb-5b30490f4fbf/elements [39m[32m200[39m [90m120 ms - 12[39m
[35m[HTTP][39m [90m[39m
[35m[HTTP][39m [37m-->[39m [37mPOST[39m [37m/wd/hub/session/c61a498f-3f2a-4698-9deb-5b30490f4fbf/elements[39m
[35m[HTTP][39m [90m{"using":"xpath","value":"//*[(@text = 'Tabung: Funding' or . = 'Tabung: Funding')]"}[39m
[35m[HTTP][39m [37m<-- POST /wd/hub/session/c61a498f-3f2a-4698-9deb-5b30490f4fbf/elements [39m[32m200[39m [90m111 ms - 12[39m
[35m[HTTP][39m [90m[39m
[35m[HTTP][39m [37m-->[39m [37mPOST[39m [37m/wd/hub/session/c61a498f-3f2a-4698-9deb-5b30490f4fbf/elements[39m
[35m[HTTP][39m [90m{"using":"xpath","value":"//*[(@text = 'Tabung: Funding' or . = 'Tabung: Funding')]"}[39m
[35m[HTTP][39m [37m<-- POST /wd/hub/session/c61a498f-3f2a-4698-9deb-5b30490f4fbf/elements [39m[32m200[39m [90m71 ms - 12[39m
[35m[HTTP][39m [90m[39m
[35m[HTTP][39m [37m-->[39m [37mPOST[39m [37m/wd/hub/session/c61a498f-3f2a-4698-9deb-5b30490f4fbf/elements[39m
[35m[HTTP][39m [90m{"using":"xpath","value":"//*[(@text = 'Tabung: Funding' or . = 'Tabung: Funding')]"}[39m
[35m[HTTP][39m [37m<-- POST /wd/hub/session/c61a498f-3f2a-4698-9deb-5b30490f4fbf/elements [39m[32m200[39m [90m61 ms - 12[39m
[35m[HTTP][39m [90m[39m
[35m[HTTP][39m [37m-->[39m [37mPOST[39m [37m/wd/hub/session/c61a498f-3f2a-4698-9deb-5b30490f4fbf/elements[39m
[35m[HTTP][39m [90m{"using":"xpath","value":"//*[(@text = 'Tabung: Funding' or . = 'Tabung: Funding')]"}[39m
[35m[HTTP][39m [37m<-- POST /wd/hub/session/c61a498f-3f2a-4698-9deb-5b30490f4fbf/elements [39m[32m200[39m [90m100 ms - 12[39m
[35m[HTTP][39m [90m[39m
[35m[HTTP][39m [37m-->[39m [37mPOST[39m [37m/wd/hub/session/c61a498f-3f2a-4698-9deb-5b30490f4fbf/elements[39m
[35m[HTTP][39m [90m{"using":"xpath","value":"//*[(@text = 'Tabung: Funding' or . = 'Tabung: Funding')]"}[39m
[35m[HTTP][39m [37m<-- POST /wd/hub/session/c61a498f-3f2a-4698-9deb-5b30490f4fbf/elements [39m[32m200[39m [90m106 ms - 12[39m
[35m[HTTP][39m [90m[39m
[35m[HTTP][39m [37m-->[39m [37mPOST[39m [37m/wd/hub/session/c61a498f-3f2a-4698-9deb-5b30490f4fbf/elements[39m
[35m[HTTP][39m [90m{"using":"xpath","value":"//*[(@text = 'Tabung: Funding' or . = 'Tabung: Funding')]"}[39m
[35m[HTTP][39m [37m<-- POST /wd/hub/session/c61a498f-3f2a-4698-9deb-5b30490f4fbf/elements [39m[32m200[39m [90m57 ms - 12[39m
[35m[HTTP][39m [90m[39m
[35m[HTTP][39m [37m-->[39m [37mPOST[39m [37m/wd/hub/session/c61a498f-3f2a-4698-9deb-5b30490f4fbf/elements[39m
[35m[HTTP][39m [90m{"using":"xpath","value":"//*[(@text = 'Tabung: Funding' or . = 'Tabung: Funding')]"}[39m
[35m[HTTP][39m [37m<-- POST /wd/hub/session/c61a498f-3f2a-4698-9deb-5b30490f4fbf/elements [39m[32m200[39m [90m77 ms - 12[39m
[35m[HTTP][39m [90m[39m
[35m[HTTP][39m [37m-->[39m [37mPOST[39m [37m/wd/hub/session/c61a498f-3f2a-4698-9deb-5b30490f4fbf/elements[39m
[35m[HTTP][39m [90m{"using":"xpath","value":"//*[(@text = 'Tabung: Funding' or . = 'Tabung: Funding')]"}[39m
[35m[HTTP][39m [37m<-- POST /wd/hub/session/c61a498f-3f2a-4698-9deb-5b30490f4fbf/elements [39m[32m200[39m [90m78 ms - 12[39m
[35m[HTTP][39m [90m[39m
[35m[HTTP][39m [37m-->[39m [37mPOST[39m [37m/wd/hub/session/c61a498f-3f2a-4698-9deb-5b30490f4fbf/elements[39m
[35m[HTTP][39m [90m{"using":"xpath","value":"//*[(@text = 'Tabung: Funding' or . = 'Tabung: Funding')]"}[39m
[35m[HTTP][39m [37m<-- POST /wd/hub/session/c61a498f-3f2a-4698-9deb-5b30490f4fbf/elements [39m[32m200[39m [90m108 ms - 12[39m
[35m[HTTP][39m [90m[39m
[35m[HTTP][39m [37m-->[39m [37mPOST[39m [37m/wd/hub/session/c61a498f-3f2a-4698-9deb-5b30490f4fbf/elements[39m
[35m[HTTP][39m [90m{"using":"xpath","value":"//*[(@text = 'Tabung: Funding' or . = 'Tabung: Funding')]"}[39m
[35m[HTTP][39m [37m<-- POST /wd/hub/session/c61a498f-3f2a-4698-9deb-5b30490f4fbf/elements [39m[32m200[39m [90m110 ms - 12[39m
[35m[HTTP][39m [90m[39m
[35m[HTTP][39m [37m-->[39m [37mPOST[39m [37m/wd/hub/session/c61a498f-3f2a-4698-9deb-5b30490f4fbf/elements[39m
[35m[HTTP][39m [90m{"using":"xpath","value":"//*[(@text = 'Tabung: Funding' or . = 'Tabung: Funding')]"}[39m
[35m[HTTP][39m [37m<-- POST /wd/hub/session/c61a498f-3f2a-4698-9deb-5b30490f4fbf/elements [39m[32m200[39m [90m89 ms - 12[39m
[35m[HTTP][39m [90m[39m
[35m[HTTP][39m [37m-->[39m [37mPOST[39m [37m/wd/hub/session/c61a498f-3f2a-4698-9deb-5b30490f4fbf/elements[39m
[35m[HTTP][39m [90m{"using":"xpath","value":"//*[(@text = 'Tabung: Funding' or . = 'Tabung: Funding')]"}[39m
[35m[HTTP][39m [37m<-- POST /wd/hub/session/c61a498f-3f2a-4698-9deb-5b30490f4fbf/elements [39m[32m200[39m [90m138 ms - 12[39m
[35m[HTTP][39m [90m[39m
[35m[HTTP][39m [37m-->[39m [37mPOST[39m [37m/wd/hub/session/c61a498f-3f2a-4698-9deb-5b30490f4fbf/elements[39m
[35m[HTTP][39m [90m{"using":"xpath","value":"//*[(@text = 'Tabung: Funding' or . = 'Tabung: Funding')]"}[39m
[35m[HTTP][39m [37m<-- POST /wd/hub/session/c61a498f-3f2a-4698-9deb-5b30490f4fbf/elements [39m[32m200[39m [90m92 ms - 12[39m
[35m[HTTP][39m [90m[39m
[35m[HTTP][39m [37m-->[39m [37mPOST[39m [37m/wd/hub/session/c61a498f-3f2a-4698-9deb-5b30490f4fbf/elements[39m
[35m[HTTP][39m [90m{"using":"xpath","value":"//*[(@text = 'Tabung: Funding' or . = 'Tabung: Funding')]"}[39m
[35m[HTTP][39m [37m<-- POST /wd/hub/session/c61a498f-3f2a-4698-9deb-5b30490f4fbf/elements [39m[32m200[39m [90m95 ms - 12[39m
[35m[HTTP][39m [90m[39m
[35m[HTTP][39m [37m-->[39m [37mPOST[39m [37m/wd/hub/session/c61a498f-3f2a-4698-9deb-5b30490f4fbf/elements[39m
[35m[HTTP][39m [90m{"using":"xpath","value":"//*[(@text = 'Tabung: Funding' or . = 'Tabung: Funding')]"}[39m
[35m[HTTP][39m [37m<-- POST /wd/hub/session/c61a498f-3f2a-4698-9deb-5b30490f4fbf/elements [39m[32m200[39m [90m95 ms - 12[39m
[35m[HTTP][39m [90m[39m
[35m[HTTP][39m [37m-->[39m [37mPOST[39m [37m/wd/hub/session/c61a498f-3f2a-4698-9deb-5b30490f4fbf/elements[39m
[35m[HTTP][39m [90m{"using":"xpath","value":"//*[(@text = 'Tabung: Funding' or . = 'Tabung: Funding')]"}[39m
[35m[HTTP][39m [37m<-- POST /wd/hub/session/c61a498f-3f2a-4698-9deb-5b30490f4fbf/elements [39m[32m200[39m [90m115 ms - 12[39m
[35m[HTTP][39m [90m[39m
[35m[HTTP][39m [37m-->[39m [37mPOST[39m [37m/wd/hub/session/c61a498f-3f2a-4698-9deb-5b30490f4fbf/elements[39m
[35m[HTTP][39m [90m{"using":"xpath","value":"//*[(@text = 'Tabung: Funding' or . = 'Tabung: Funding')]"}[39m
[35m[HTTP][39m [37m<-- POST /wd/hub/session/c61a498f-3f2a-4698-9deb-5b30490f4fbf/elements [39m[32m200[39m [90m101 ms - 12[39m
[35m[HTTP][39m [90m[39m
[35m[HTTP][39m [37m-->[39m [37mPOST[39m [37m/wd/hub/session/c61a498f-3f2a-4698-9deb-5b30490f4fbf/elements[39m
[35m[HTTP][39m [90m{"using":"xpath","value":"//*[(@text = 'Tabung: Funding' or . = 'Tabung: Funding')]"}[39m
[35m[HTTP][39m [37m<-- POST /wd/hub/session/c61a498f-3f2a-4698-9deb-5b30490f4fbf/elements [39m[32m200[39m [90m105 ms - 12[39m
[35m[HTTP][39m [90m[39m
[35m[HTTP][39m [37m-->[39m [37mPOST[39m [37m/wd/hub/session/c61a498f-3f2a-4698-9deb-5b30490f4fbf/elements[39m
[35m[HTTP][39m [90m{"using":"xpath","value":"//*[(@text = 'Tabung: Funding' or . = 'Tabung: Funding')]"}[39m
[35m[HTTP][39m [37m<-- POST /wd/hub/session/c61a498f-3f2a-4698-9deb-5b30490f4fbf/elements [39m[32m200[39m [90m109 ms - 12[39m
[35m[HTTP][39m [90m[39m
[35m[HTTP][39m [37m-->[39m [37mPOST[39m [37m/wd/hub/session/c61a498f-3f2a-4698-9deb-5b30490f4fbf/elements[39m
[35m[HTTP][39m [90m{"using":"xpath","value":"//*[(@text = 'Tabung: Funding' or . = 'Tabung: Funding')]"}[39m
[35m[HTTP][39m [37m<-- POST /wd/hub/session/c61a498f-3f2a-4698-9deb-5b30490f4fbf/elements [39m[32m200[39m [90m94 ms - 12[39m
[35m[HTTP][39m [90m[39m
[35m[HTTP][39m [37m-->[39m [37mPOST[39m [37m/wd/hub/session/c61a498f-3f2a-4698-9deb-5b30490f4fbf/elements[39m
[35m[HTTP][39m [90m{"using":"xpath","value":"//*[(@text = 'Tabung: Funding' or . = 'Tabung: Funding')]"}[39m
[35m[HTTP][39m [37m<-- POST /wd/hub/session/c61a498f-3f2a-4698-9deb-5b30490f4fbf/elements [39m[32m200[39m [90m97 ms - 12[39m
[35m[HTTP][39m [90m[39m
[35m[HTTP][39m [37m-->[39m [37mPOST[39m [37m/wd/hub/session/c61a498f-3f2a-4698-9deb-5b30490f4fbf/elements[39m
[35m[HTTP][39m [90m{"using":"xpath","value":"//*[(@text = 'Tabung: Funding' or . = 'Tabung: Funding')]"}[39m
[35m[HTTP][39m [37m<-- POST /wd/hub/session/c61a498f-3f2a-4698-9deb-5b30490f4fbf/elements [39m[32m200[39m [90m99 ms - 12[39m
[35m[HTTP][39m [90m[39m
[35m[HTTP][39m [37m-->[39m [37mPOST[39m [37m/wd/hub/session/c61a498f-3f2a-4698-9deb-5b30490f4fbf/elements[39m
[35m[HTTP][39m [90m{"using":"xpath","value":"//*[(@text = 'Tabung: Funding' or . = 'Tabung: Funding')]"}[39m
[35m[HTTP][39m [37m<-- POST /wd/hub/session/c61a498f-3f2a-4698-9deb-5b30490f4fbf/elements [39m[32m200[39m [90m88 ms - 12[39m
[35m[HTTP][39m [90m[39m
[35m[HTTP][39m [37m-->[39m [37mPOST[39m [37m/wd/hub/session/c61a498f-3f2a-4698-9deb-5b30490f4fbf/elements[39m
[35m[HTTP][39m [90m{"using":"xpath","value":"//*[(@text = 'Tabung: Funding' or . = 'Tabung: Funding')]"}[39m
[35m[HTTP][39m [37m<-- POST /wd/hub/session/c61a498f-3f2a-4698-9deb-5b30490f4fbf/elements [39m[32m200[39m [90m87 ms - 12[39m
[35m[HTTP][39m [90m[39m
[35m[HTTP][39m [37m-->[39m [37mPOST[39m [37m/wd/hub/session/c61a498f-3f2a-4698-9deb-5b30490f4fbf/elements[39m
[35m[HTTP][39m [90m{"using":"xpath","value":"//*[(@text = 'Tabung: Funding' or . = 'Tabung: Funding')]"}[39m
[35m[HTTP][39m [37m<-- POST /wd/hub/session/c61a498f-3f2a-4698-9deb-5b30490f4fbf/elements [39m[32m200[39m [90m83 ms - 12[39m
[35m[HTTP][39m [90m[39m
[35m[HTTP][39m [37m-->[39m [37mPOST[39m [37m/wd/hub/session/c61a498f-3f2a-4698-9deb-5b30490f4fbf/elements[39m
[35m[HTTP][39m [90m{"using":"xpath","value":"//*[(@text = 'Tabung: Funding' or . = 'Tabung: Funding')]"}[39m
[35m[HTTP][39m [37m<-- POST /wd/hub/session/c61a498f-3f2a-4698-9deb-5b30490f4fbf/elements [39m[32m200[39m [90m63 ms - 12[39m
[35m[HTTP][39m [90m[39m
[35m[HTTP][39m [37m-->[39m [37mPOST[39m [37m/wd/hub/session/c61a498f-3f2a-4698-9deb-5b30490f4fbf/elements[39m
[35m[HTTP][39m [90m{"using":"xpath","value":"//*[(@text = 'Tabung: Funding' or . = 'Tabung: Funding')]"}[39m
[35m[HTTP][39m [37m<-- POST /wd/hub/session/c61a498f-3f2a-4698-9deb-5b30490f4fbf/elements [39m[32m200[39m [90m594 ms - 12[39m
[35m[HTTP][39m [90m[39m
[35m[HTTP][39m [37m-->[39m [37mPOST[39m [37m/wd/hub/session/c61a498f-3f2a-4698-9deb-5b30490f4fbf/elements[39m
[35m[HTTP][39m [90m{"using":"xpath","value":"//*[(@text = 'Tabung: Funding' or . = 'Tabung: Funding')]"}[39m
[35m[HTTP][39m [37m<-- POST /wd/hub/session/c61a498f-3f2a-4698-9deb-5b30490f4fbf/elements [39m[32m200[39m [90m99 ms - 12[39m
[35m[HTTP][39m [90m[39m
[35m[HTTP][39m [37m-->[39m [37mPOST[39m [37m/wd/hub/session/c61a498f-3f2a-4698-9deb-5b30490f4fbf/elements[39m
[35m[HTTP][39m [90m{"using":"xpath","value":"//*[(@text = 'Tabung: Funding' or . = 'Tabung: Funding')]"}[39m
[35m[HTTP][39m [37m<-- POST /wd/hub/session/c61a498f-3f2a-4698-9deb-5b30490f4fbf/elements [39m[32m200[39m [90m102 ms - 12[39m
[35m[HTTP][39m [90m[39m
[35m[HTTP][39m [37m-->[39m [37mPOST[39m [37m/wd/hub/session/c61a498f-3f2a-4698-9deb-5b30490f4fbf/elements[39m
[35m[HTTP][39m [90m{"using":"xpath","value":"//*[(@text = 'Tabung: Funding' or . = 'Tabung: Funding')]"}[39m
[35m[HTTP][39m [37m<-- POST /wd/hub/session/c61a498f-3f2a-4698-9deb-5b30490f4fbf/elements [39m[32m200[39m [90m81 ms - 12[39m
[35m[HTTP][39m [90m[39m
[35m[HTTP][39m [37m-->[39m [37mPOST[39m [37m/wd/hub/session/c61a498f-3f2a-4698-9deb-5b30490f4fbf/elements[39m
[35m[HTTP][39m [90m{"using":"xpath","value":"//*[(@text = 'Tabung: Funding' or . = 'Tabung: Funding')]"}[39m
[35m[HTTP][39m [37m<-- POST /wd/hub/session/c61a498f-3f2a-4698-9deb-5b30490f4fbf/elements [39m[32m200[39m [90m54 ms - 12[39m
[35m[HTTP][39m [90m[39m
[35m[HTTP][39m [37m-->[39m [37mPOST[39m [37m/wd/hub/session/c61a498f-3f2a-4698-9deb-5b30490f4fbf/elements[39m
[35m[HTTP][39m [90m{"using":"xpath","value":"//*[(@text = 'Tabung: Funding' or . = 'Tabung: Funding')]"}[39m
[35m[HTTP][39m [37m<-- POST /wd/hub/session/c61a498f-3f2a-4698-9deb-5b30490f4fbf/elements [39m[32m200[39m [90m70 ms - 12[39m
[35m[HTTP][39m [90m[39m
[35m[HTTP][39m [37m-->[39m [37mPOST[39m [37m/wd/hub/session/c61a498f-3f2a-4698-9deb-5b30490f4fbf/elements[39m
[35m[HTTP][39m [90m{"using":"xpath","value":"//*[(@text = 'Tabung: Funding' or . = 'Tabung: Funding')]"}[39m
[35m[HTTP][39m [37m<-- POST /wd/hub/session/c61a498f-3f2a-4698-9deb-5b30490f4fbf/elements [39m[32m200[39m [90m81 ms - 12[39m
[35m[HTTP][39m [90m[39m
[35m[HTTP][39m [37m-->[39m [37mPOST[39m [37m/wd/hub/session/c61a498f-3f2a-4698-9deb-5b30490f4fbf/elements[39m
[35m[HTTP][39m [90m{"using":"xpath","value":"//*[(@text = 'Tabung: Funding' or . = 'Tabung: Funding')]"}[39m
[35m[HTTP][39m [37m<-- POST /wd/hub/session/c61a498f-3f2a-4698-9deb-5b30490f4fbf/elements [39m[32m200[39m [90m83 ms - 12[39m
[35m[HTTP][39m [90m[39m
[35m[HTTP][39m [37m-->[39m [37mPOST[39m [37m/wd/hub/session/c61a498f-3f2a-4698-9deb-5b30490f4fbf/elements[39m
[35m[HTTP][39m [90m{"using":"xpath","value":"//*[(@text = 'Tabung: Funding' or . = 'Tabung: Funding')]"}[39m
[35m[HTTP][39m [37m<-- POST /wd/hub/session/c61a498f-3f2a-4698-9deb-5b30490f4fbf/elements [39m[32m200[39m [90m93 ms - 12[39m
[35m[HTTP][39m [90m[39m
[35m[HTTP][39m [37m-->[39m [37mPOST[39m [37m/wd/hub/session/c61a498f-3f2a-4698-9deb-5b30490f4fbf/elements[39m
[35m[HTTP][39m [90m{"using":"xpath","value":"//*[(@text = 'Tabung: Funding' or . = 'Tabung: Funding')]"}[39m
[35m[HTTP][39m [37m<-- POST /wd/hub/session/c61a498f-3f2a-4698-9deb-5b30490f4fbf/elements [39m[32m200[39m [90m75 ms - 12[39m
[35m[HTTP][39m [90m[39m
[35m[HTTP][39m [37m-->[39m [37mPOST[39m [37m/wd/hub/session/c61a498f-3f2a-4698-9deb-5b30490f4fbf/elements[39m
[35m[HTTP][39m [90m{"using":"xpath","value":"//*[(@text = 'Tabung: Funding' or . = 'Tabung: Funding')]"}[39m
[35m[HTTP][39m [37m<-- POST /wd/hub/session/c61a498f-3f2a-4698-9deb-5b30490f4fbf/elements [39m[32m200[39m [90m83 ms - 12[39m
[35m[HTTP][39m [90m[39m
[35m[HTTP][39m [37m-->[39m [37mPOST[39m [37m/wd/hub/session/c61a498f-3f2a-4698-9deb-5b30490f4fbf/elements[39m
[35m[HTTP][39m [90m{"using":"xpath","value":"//*[(@text = 'Tabung: Funding' or . = 'Tabung: Funding')]"}[39m
[35m[HTTP][39m [37m<-- POST /wd/hub/session/c61a498f-3f2a-4698-9deb-5b30490f4fbf/elements [39m[32m200[39m [90m82 ms - 12[39m
[35m[HTTP][39m [90m[39m
[35m[HTTP][39m [37m-->[39m [37mPOST[39m [37m/wd/hub/session/c61a498f-3f2a-4698-9deb-5b30490f4fbf/elements[39m
[35m[HTTP][39m [90m{"using":"xpath","value":"//*[(@text = 'Tabung: Funding' or . = 'Tabung: Funding')]"}[39m
[35m[HTTP][39m [37m<-- POST /wd/hub/session/c61a498f-3f2a-4698-9deb-5b30490f4fbf/elements [39m[32m200[39m [90m84 ms - 12[39m
[35m[HTTP][39m [90m[39m
[35m[HTTP][39m [37m-->[39m [37mPOST[39m [37m/wd/hub/session/c61a498f-3f2a-4698-9deb-5b30490f4fbf/elements[39m
[35m[HTTP][39m [90m{"using":"xpath","value":"//*[(@text = 'Tabung: Funding' or . = 'Tabung: Funding')]"}[39m
[35m[HTTP][39m [37m<-- POST /wd/hub/session/c61a498f-3f2a-4698-9deb-5b30490f4fbf/elements [39m[32m200[39m [90m99 ms - 12[39m
[35m[HTTP][39m [90m[39m
[35m[HTTP][39m [37m-->[39m [37mPOST[39m [37m/wd/hub/session/c61a498f-3f2a-4698-9deb-5b30490f4fbf/elements[39m
[35m[HTTP][39m [90m{"using":"xpath","value":"//*[(@text = 'Tabung: Funding' or . = 'Tabung: Funding')]"}[39m
[35m[HTTP][39m [37m<-- POST /wd/hub/session/c61a498f-3f2a-4698-9deb-5b30490f4fbf/elements [39m[32m200[39m [90m104 ms - 12[39m
[35m[HTTP][39m [90m[39m
[35m[HTTP][39m [37m-->[39m [37mPOST[39m [37m/wd/hub/session/c61a498f-3f2a-4698-9deb-5b30490f4fbf/elements[39m
[35m[HTTP][39m [90m{"using":"xpath","value":"//*[(@text = 'Tabung: Funding' or . = 'Tabung: Funding')]"}[39m
[35m[HTTP][39m [37m<-- POST /wd/hub/session/c61a498f-3f2a-4698-9deb-5b30490f4fbf/elements [39m[32m200[39m [90m106 ms - 12[39m
[35m[HTTP][39m [90m[39m
[35m[HTTP][39m [37m-->[39m [37mPOST[39m [37m/wd/hub/session/c61a498f-3f2a-4698-9deb-5b30490f4fbf/timeouts[39m
[35m[HTTP][39m [90m{"implicit":30000}[39m
[35m[HTTP][39m [37m<-- POST /wd/hub/session/c61a498f-3f2a-4698-9deb-5b30490f4fbf/timeouts [39m[32m200[39m [90m4 ms - 14[39m
[35m[HTTP][39m [90m[39m
[35m[HTTP][39m [37m-->[39m [37mGET[39m [37m/wd/hub/session/c61a498f-3f2a-4698-9deb-5b30490f4fbf/context[39m
[35m[HTTP][39m [90m{}[39m
[35m[HTTP][39m [37m<-- GET /wd/hub/session/c61a498f-3f2a-4698-9deb-5b30490f4fbf/context [39m[32m200[39m [90m4 ms - 22[39m
[35m[HTTP][39m [90m[39m
[35m[HTTP][39m [37m-->[39m [37mGET[39m [37m/wd/hub/session/c61a498f-3f2a-4698-9deb-5b30490f4fbf/contexts[39m
[35m[HTTP][39m [90m{}[39m
[35m[HTTP][39m [37m<-- GET /wd/hub/session/c61a498f-3f2a-4698-9deb-5b30490f4fbf/contexts [39m[32m200[39m [90m894 ms - 41[39m
[35m[HTTP][39m [90m[39m
[35m[HTTP][39m [37m-->[39m [37mPOST[39m [37m/wd/hub/session/c61a498f-3f2a-4698-9deb-5b30490f4fbf/context[39m
[35m[HTTP][39m [90m{"name":"NATIVE_APP"}[39m
[35m[HTTP][39m [37m<-- POST /wd/hub/session/c61a498f-3f2a-4698-9deb-5b30490f4fbf/context [39m[32m200[39m [90m5 ms - 14[39m
[35m[HTTP][39m [90m[39m
[35m[HTTP][39m [37m-->[39m [37mPOST[39m [37m/wd/hub/session/c61a498f-3f2a-4698-9deb-5b30490f4fbf/element[39m
[35m[HTTP][39m [90m{"using":"-android uiautomator","value":"new UiScrollable(new UiSelector().scrollable(true).instance(0)).scrollIntoView(new UiSelector().textContains(\"Tabung: Funding\"))"}[39m
[35m[WD Proxy][39m Got response with status 404: {"sessionId":"79e58d05-41f0-4176-8cbb-bdb2fda9ab7a","value":{"error":"no such element","message":"An element could not be located on the page using the given search parameters","stacktrace":"io.appium.uiautomator2.common.exceptions.ElementNotFoundException: An element could not be located on the page using the given search parameters\n\tat io.appium.uiautomator2.handler.FindElement.safeHandle(FindElement.java:70)\n\tat io.appium.uiautomator2.handler.request.SafeRequestHandler.handle(SafeRequestHandler.java:59)\n\tat io.appium.uiautomator2.server.AppiumServlet.handleRequest(AppiumServlet.java:266)\n\tat io.appium.uiautomator2.server.AppiumServlet.handleHttpRequest(AppiumServlet.java:260)\n\tat io.appium.uiautomator2.http.ServerHandler.channelRead(ServerHandler.java:68)\n\tat io.netty.channel.AbstractChannelHandlerContext.invokeChannelRead(AbstractChannelHandlerContext.java:366)\n\tat io.netty.channel.AbstractChannelHandlerContext.invokeChannelRead(AbstractChannelHandlerContext.java:352)\n\tat io.netty.chann...
[35m[HTTP][39m [37m<-- POST /wd/hub/session/c61a498f-3f2a-4698-9deb-5b30490f4fbf/element [39m[32m-[39m [90m- ms - -[39m
[35m[HTTP][39m [90m[39m
[35m[WD Proxy][39m Got response with status 404: {"sessionId":"79e58d05-41f0-4176-8cbb-bdb2fda9ab7a","value":{"error":"no such element","message":"An element could not be located on the page using the given search parameters","stacktrace":"io.appium.uiautomator2.common.exceptions.ElementNotFoundException: An element could not be located on the page using the given search parameters\n\tat io.appium.uiautomator2.handler.FindElement.safeHandle(FindElement.java:70)\n\tat io.appium.uiautomator2.handler.request.SafeRequestHandler.handle(SafeRequestHandler.java:59)\n\tat io.appium.uiautomator2.server.AppiumServlet.handleRequest(AppiumServlet.java:266)\n\tat io.appium.uiautomator2.server.AppiumServlet.handleHttpRequest(AppiumServlet.java:260)\n\tat io.appium.uiautomator2.http.ServerHandler.channelRead(ServerHandler.java:68)\n\tat io.netty.channel.AbstractChannelHandlerContext.invokeChannelRead(AbstractChannelHandlerContext.java:366)\n\tat io.netty.channel.AbstractChannelHandlerContext.invokeChannelRead(AbstractChannelHandlerContext.java:352)\n\tat io.netty.chann...
