[35m[Appium][39m Welcome to Appium v1.22.1
[35m[Appium][39m Non-default server args:
[35m[Appium][39m   port: 51088
[35m[Appium][39m   loglevel: info
[35m[Appium][39m   tmpDir: C:\Users\00139711\AppData\Local\Temp\\Katalon\Appium\Temp1662366165980
[35m[Appium][39m   chromedriverPort: 51094
[35m[Appium][39m Deprecated server args:
[35m[Appium][39m   [31m--chromedriver-port[39m => --default-capabilities
[35m[Appium][39m Default capabilities, which will be added to each request unless overridden by desired capabilities:
[35m[Appium][39m   chromedriverPort: 51094
[35m[Appium][39m Appium REST http interface listener started on 0.0.0.0:51088
[35m[HTTP][39m [37m-->[39m [37mGET[39m [37m/wd/hub/status[39m
[35m[HTTP][39m [90m{}[39m
[35m[HTTP][39m [37m<-- GET /wd/hub/status [39m[32m200[39m [90m14 ms - 68[39m
[35m[HTTP][39m [90m[39m
[35m[HTTP][39m [37m-->[39m [37mPOST[39m [37m/wd/hub/session[39m
[35m[HTTP][39m [90m{"desiredCapabilities":{"app":"D:\\Users\\00139711\\Downloads\\app-sit-universal-release (1).apk","appPackage":"com.maybank2u.life.sit","noReset":true,"AppWaitActivity":"*","deviceId":"65c223c2","deviceName":"Xiaomi 2107113SG (Android 12)","fullReset":false,"platform":"ANDROID","appActivity":"com.maybank2u.life.MainActivity","newCommandTimeout":1800,"platformVersion":"12","automationName":"uiautomator2","autoGrantPermissions":true,"platformName":"Android","udid":"65c223c2","systemPort":51087},"capabilities":{"firstMatch":[{"AppWaitActivity":"*","appium:app":"D:\\Users\\00139711\\Downloads\\app-sit-universal-release (1).apk","appium:appActivity":"com.maybank2u.life.MainActivity","appium:appPackage":"com.maybank2u.life.sit","appium:autoGrantPermissions":true,"appium:automationName":"uiautomator2","deviceId":"65c223c2","appium:deviceName":"Xiaomi 2107113SG (Android 12)","appium:fullReset":false,"appium:newCommandTimeout":1800,"appium:noReset":true,"platform":"ANDROID","platformName":"android","appium:platform...[39m
[35m[BaseDriver][39m The following capabilities are not standard capabilities and should have an extension prefix:
[35m[BaseDriver][39m   AppWaitActivity
[35m[BaseDriver][39m   deviceId
[35m[BaseDriver][39m   platform
[35m[BaseDriver][39m   chromedriverPort
[35m[Appium][39m Appium v1.22.1 creating new AndroidUiautomator2Driver (v1.70.1) session
[35m[BaseDriver][39m The following capabilities were provided, but are not recognized by Appium:
[35m[BaseDriver][39m   AppWaitActivity
[35m[BaseDriver][39m   deviceId
[35m[BaseDriver][39m   platform
[35m[BaseDriver][39m Session created with session id: 1df849d2-0428-4edc-a98d-15b604b9d3d0
[35m[BaseDriver][39m Using local app 'D:\Users\00139711\Downloads\app-sit-universal-release (1).apk'
[35m[ADB][39m Found 1 'build-tools' folders under 'C:\Users\00139711\.katalon\tools\android_sdk' (newest first):
[35m[ADB][39m     C:/Users/00139711/.katalon/tools/android_sdk/build-tools/29.0.3
[35m[ADB][39m Using 'adb.exe' from 'C:\Users\00139711\.katalon\tools\android_sdk\platform-tools\adb.exe'
[35m[AndroidDriver][39m Retrieving device list
[35m[AndroidDriver][39m Using device: 65c223c2
[35m[ADB][39m Using 'adb.exe' from 'C:\Users\00139711\.katalon\tools\android_sdk\platform-tools\adb.exe'
[35m[ADB][39m Getting device platform version
[35m[UiAutomator2][39m Relaxing hidden api policy
[35m[ADB][39m Using 'apksigner.jar' from 'C:\Users\00139711\.katalon\tools\android_sdk\build-tools\29.0.3\lib\apksigner.jar'
[35m[ADB][39m 'C:\Users\00139711\AppData\Roaming\npm\node_modules\appium\node_modules\appium-uiautomator2-server\apks\appium-uiautomator2-server-v4.27.0.apk' is signed with the default certificate
[35m[ADB][39m 'C:\Users\00139711\AppData\Roaming\npm\node_modules\appium\node_modules\appium-uiautomator2-server\apks\appium-uiautomator2-server-debug-androidTest.apk' is signed with the default certificate
[35m[UiAutomator2][39m Server packages are not going to be (re)installed
[35m[ADB][39m Adding packages ["io.appium.settings","io.appium.uiautomator2.server","io.appium.uiautomator2.server.test"] to Doze whitelist
[35m[ADB][39m 'D:\Users\00139711\Downloads\app-sit-universal-release (1).apk' is signed with a non-default certificate
[35m[ADB][39m The application at 'D:\Users\00139711\Downloads\app-sit-universal-release (1).apk' will not be cached, because the device under test has confirmed the support of streamed installs
[35m[HTTP][39m [37m<-- POST /wd/hub/session [39m[32m-[39m [90m- ms - -[39m
[35m[HTTP][39m [90m[39m
[35m[ADB][39m Cannot install/upgrade 'com.maybank2u.life.sit' because of 'Error executing adbExec. Original error: 'Command 'C:\\Users\\00139711\\.katalon\\tools\\android_sdk\\platform-tools\\adb.exe -P 5037 -s 65c223c2 install -r -g 'D:\\Users\\00139711\\Downloads\\app-sit-universal-release (1).apk'' timed out after 90000ms'. Try to increase the 90000ms adb execution timeout represented by 'androidInstallTimeout' capability'. Trying full reinstall
[35m[ADB][39m com.maybank2u.life.sit was successfully uninstalled
[35m[ADB][39m The application at 'D:\Users\00139711\Downloads\app-sit-universal-release (1).apk' will not be cached, because the device under test has confirmed the support of streamed installs
[35m[UiAutomator2][39m Did not get confirmation UiAutomator2 deleteSession worked; Error was: UnknownError: An unknown server-side error occurred while processing the command. Original error: Trying to proxy a session command without session id
[35m[UiAutomator2][39m Restoring hidden api policy to the device default configuration
