[35m[Appium][39m Welcome to Appium v1.22.1
[35m[Appium][39m Non-default server args:
[35m[Appium][39m   port: 59243
[35m[Appium][39m   loglevel: info
[35m[Appium][39m   tmpDir: /var/folders/ng/yn0fw_vs06sd52svk474lbd40000gn/T//Katalon/Appium/Temp1644218589909
[35m[Appium][39m   chromedriverPort: 59244
[35m[Appium][39m Deprecated server args:
[35m[Appium][39m   [31m--chromedriver-port[39m => --default-capabilities
[35m[Appium][39m Default capabilities, which will be added to each request unless overridden by desired capabilities:
[35m[Appium][39m   chromedriverPort: 59244
[35m[Appium][39m Appium REST http interface listener started on 0.0.0.0:59243
[35m[HTTP][39m [37m-->[39m [37mGET[39m [37m/wd/hub/status[39m
[35m[HTTP][39m [90m{}[39m
[35m[HTTP][39m [37m<-- GET /wd/hub/status [39m[32m200[39m [90m5 ms - 68[39m
[35m[HTTP][39m [90m[39m
[35m[HTTP][39m [37m-->[39m [37mPOST[39m [37m/wd/hub/session[39m
[35m[HTTP][39m [90m{"desiredCapabilities":{"app":"/Users/a00139272/Katalon Studio/MAE/androidapp/app-sit-universal-release-copy.apk","noReset":true,"appWaitActivity":"*","deviceId":"2252c030550d7ece","deviceName":"samsung SM-G965F (Android 10)","fullReset":false,"platform":"ANDROID","newCommandTimeout":1800,"platformVersion":"10","automationName":"uiautomator2","autoGrantPermissions":true,"platformName":"Android","udid":"2252c030550d7ece","systemPort":59242},"capabilities":{"firstMatch":[{"appium:app":"/Users/a00139272/Katalon Studio/MAE/androidapp/app-sit-universal-release-copy.apk","appium:appWaitActivity":"*","appium:autoGrantPermissions":true,"appium:automationName":"uiautomator2","deviceId":"2252c030550d7ece","appium:deviceName":"samsung SM-G965F (Android 10)","appium:fullReset":false,"appium:newCommandTimeout":1800,"appium:noReset":true,"platform":"ANDROID","platformName":"android","appium:platformVersion":"10","appium:systemPort":59242,"appium:udid":"2252c030550d7ece"}]}}[39m
[35m[BaseDriver][39m The following capabilities are not standard capabilities and should have an extension prefix:
[35m[BaseDriver][39m   deviceId
[35m[BaseDriver][39m   platform
[35m[BaseDriver][39m   chromedriverPort
[35m[Appium][39m Appium v1.22.1 creating new AndroidUiautomator2Driver (v1.70.1) session
[35m[BaseDriver][39m The following capabilities were provided, but are not recognized by Appium:
[35m[BaseDriver][39m   deviceId
[35m[BaseDriver][39m   platform
[35m[BaseDriver][39m Session created with session id: 22b94d5e-a5c1-4650-9d60-4b315f051866
[35m[BaseDriver][39m Using local app '/Users/a00139272/Katalon Studio/MAE/androidapp/app-sit-universal-release-copy.apk'
[35m[ADB][39m Found 1 'build-tools' folders under '/Users/a00139272/.katalon/tools/android_sdk' (newest first):
[35m[ADB][39m     /Users/a00139272/.katalon/tools/android_sdk/build-tools/29.0.3
[35m[ADB][39m Using 'adb' from '/Users/a00139272/.katalon/tools/android_sdk/platform-tools/adb'
[35m[AndroidDriver][39m Retrieving device list
[35m[AndroidDriver][39m Using device: 2252c030550d7ece
[35m[ADB][39m Using 'adb' from '/Users/a00139272/.katalon/tools/android_sdk/platform-tools/adb'
[35m[ADB][39m Getting device platform version
[35m[UiAutomator2][39m Relaxing hidden api policy
[35m[ADB][39m Package name: 'com.maybank2u.life.sit'
[35m[ADB][39m Main activity name: 'com.zoontek.rnbootsplash.RNBootSplashActivity'
[35m[ADB][39m The application at '/usr/local/lib/node_modules/appium/node_modules/io.appium.settings/apks/settings_apk-debug.apk' will not be cached, because the device under test has confirmed the support of streamed installs
[35m[ADB][39m The installation of 'settings_apk-debug.apk' took 27039ms
[35m[ADB][39m Using 'apksigner.jar' from '/Users/a00139272/.katalon/tools/android_sdk/build-tools/29.0.3/lib/apksigner.jar'
[35m[ADB][39m '/usr/local/lib/node_modules/appium/node_modules/appium-uiautomator2-server/apks/appium-uiautomator2-server-v4.27.0.apk' is signed with the default certificate
[35m[ADB][39m '/usr/local/lib/node_modules/appium/node_modules/appium-uiautomator2-server/apks/appium-uiautomator2-server-debug-androidTest.apk' is signed with the default certificate
[35m[UiAutomator2][39m Server packages are going to be (re)installed
[35m[ADB][39m The application at '/usr/local/lib/node_modules/appium/node_modules/appium-uiautomator2-server/apks/appium-uiautomator2-server-v4.27.0.apk' will not be cached, because the device under test has confirmed the support of streamed installs
[35m[UiAutomator2][39m Did not get confirmation UiAutomator2 deleteSession worked; Error was: UnknownError: An unknown server-side error occurred while processing the command. Original error: Trying to proxy a session command without session id
[35m[UiAutomator2][39m Restoring hidden api policy to the device default configuration
[35m[HTTP][39m [37m<-- POST /wd/hub/session [39m[31m500[39m [90m50845 ms - 1315[39m
[35m[HTTP][39m [90m[39m
[35m[Appium][39m Received SIGTERM - shutting down
