<?xml version="1.0" encoding="UTF-8" standalone="no"?>
<!DOCTYPE log SYSTEM "logger.dtd">
<log>
<record>
  <date>2022-02-07T15:23:09</date>
  <millis>1644218589263</millis>
  <sequence>0</sequence>
  <level>START</level>
  <class>com.kms.katalon.core.logging.XmlKeywordLogger</class>
  <method>startSuite</method>
  <thread>1</thread>
  <message>Start Test Suite : Test Suites/MAE Notification Creator</message>
  <nestedLevel>0</nestedLevel>
  <escapedJava>false</escapedJava>
  <property name="rerunTestFailImmediately">false</property>
  <property name="retryCount">0</property>
  <property name="name">MAE Notification Creator</property>
  <property name="description"></property>
  <property name="id">Test Suites/MAE Notification Creator</property>
</record>
<record>
  <date>2022-02-07T15:23:09</date>
  <millis>1644218589277</millis>
  <sequence>1</sequence>
  <level>RUN_DATA</level>
  <class>com.kms.katalon.core.logging.XmlKeywordLogger</class>
  <method>logMessage</method>
  <thread>1</thread>
  <message>hostName = a00139272 - 192.168.0.189</message>
  <nestedLevel>0</nestedLevel>
  <escapedJava>false</escapedJava>
  <property name="hostName">a00139272 - 192.168.0.189</property>
</record>
<record>
  <date>2022-02-07T15:23:09</date>
  <millis>1644218589278</millis>
  <sequence>2</sequence>
  <level>RUN_DATA</level>
  <class>com.kms.katalon.core.logging.XmlKeywordLogger</class>
  <method>logMessage</method>
  <thread>1</thread>
  <message>os = Mac OS X 64bit</message>
  <nestedLevel>0</nestedLevel>
  <escapedJava>false</escapedJava>
  <property name="os">Mac OS X 64bit</property>
</record>
<record>
  <date>2022-02-07T15:23:09</date>
  <millis>1644218589278</millis>
  <sequence>3</sequence>
  <level>RUN_DATA</level>
  <class>com.kms.katalon.core.logging.XmlKeywordLogger</class>
  <method>logMessage</method>
  <thread>1</thread>
  <message>hostAddress = 192.168.0.189</message>
  <nestedLevel>0</nestedLevel>
  <escapedJava>false</escapedJava>
  <property name="hostAddress">192.168.0.189</property>
</record>
<record>
  <date>2022-02-07T15:23:09</date>
  <millis>1644218589278</millis>
  <sequence>4</sequence>
  <level>RUN_DATA</level>
  <class>com.kms.katalon.core.logging.XmlKeywordLogger</class>
  <method>logMessage</method>
  <thread>1</thread>
  <message>katalonVersion = 8.2.0.208</message>
  <nestedLevel>0</nestedLevel>
  <escapedJava>false</escapedJava>
  <property name="katalonVersion">8.2.0.208</property>
</record>
<record>
  <date>2022-02-07T15:23:09</date>
  <millis>1644218589449</millis>
  <sequence>5</sequence>
  <level>START</level>
  <class>com.kms.katalon.core.logging.XmlKeywordLogger</class>
  <method>startKeyword</method>
  <thread>1</thread>
  <message>Start setup action : setUp</message>
  <nestedLevel>0</nestedLevel>
  <escapedJava>false</escapedJava>
  <property name="isIgnoredIfFailed">false</property>
</record>
<record>
  <date>2022-02-07T15:23:09</date>
  <millis>1644218589668</millis>
  <sequence>6</sequence>
  <level>START</level>
  <class>com.kms.katalon.core.logging.XmlKeywordLogger</class>
  <method>startKeyword</method>
  <thread>1</thread>
  <message>Start action : startApplication(appPath, false)</message>
  <nestedLevel>1</nestedLevel>
  <escapedJava>false</escapedJava>
  <property name="startLine">37</property>
  <property name="stepIndex">1</property>
</record>
<record>
  <date>2022-02-07T15:23:09</date>
  <millis>1644218589907</millis>
  <sequence>8</sequence>
  <level>INFO</level>
  <class>com.kms.katalon.core.logging.XmlKeywordLogger</class>
  <method>logMessage</method>
  <thread>1</thread>
  <message>User set preference: [&amp;apos;appWaitActivity&amp;apos;, &amp;apos;*&amp;apos;]</message>
  <nestedLevel>0</nestedLevel>
  <escapedJava>false</escapedJava>
</record>
<record>
  <date>2022-02-07T15:23:09</date>
  <millis>1644218589907</millis>
  <sequence>9</sequence>
  <level>INFO</level>
  <class>com.kms.katalon.core.logging.XmlKeywordLogger</class>
  <method>logMessage</method>
  <thread>1</thread>
  <message>User set preference: [&amp;apos;deviceId&amp;apos;, &amp;apos;2252c030550d7ece&amp;apos;]</message>
  <nestedLevel>0</nestedLevel>
  <escapedJava>false</escapedJava>
</record>
<record>
  <date>2022-02-07T15:23:11</date>
  <millis>1644218591357</millis>
  <sequence>10</sequence>
  <level>INFO</level>
  <class>com.kms.katalon.core.logging.XmlKeywordLogger</class>
  <method>logMessage</method>
  <thread>1</thread>
  <message>Appium server started on port 59,243</message>
  <nestedLevel>0</nestedLevel>
  <escapedJava>false</escapedJava>
</record>
<record>
  <date>2022-02-07T15:24:02</date>
  <millis>1644218642525</millis>
  <sequence>11</sequence>
  <level>RUN_DATA</level>
  <class>com.kms.katalon.core.logging.XmlKeywordLogger</class>
  <method>logMessage</method>
  <thread>1</thread>
  <message>deviceId = 2252c030550d7ece</message>
  <nestedLevel>0</nestedLevel>
  <escapedJava>false</escapedJava>
  <property name="deviceId">2252c030550d7ece</property>
</record>
<record>
  <date>2022-02-07T15:24:02</date>
  <millis>1644218642525</millis>
  <sequence>12</sequence>
  <level>RUN_DATA</level>
  <class>com.kms.katalon.core.logging.XmlKeywordLogger</class>
  <method>logMessage</method>
  <thread>1</thread>
  <message>deviceName = samsung SM-G965F (Android 10)</message>
  <nestedLevel>0</nestedLevel>
  <escapedJava>false</escapedJava>
  <property name="deviceName">samsung SM-G965F (Android 10)</property>
</record>
<record>
  <date>2022-02-07T15:24:02</date>
  <millis>1644218642526</millis>
  <sequence>13</sequence>
  <level>RUN_DATA</level>
  <class>com.kms.katalon.core.logging.XmlKeywordLogger</class>
  <method>logMessage</method>
  <thread>1</thread>
  <message>deviceModel = SM-G965F</message>
  <nestedLevel>0</nestedLevel>
  <escapedJava>false</escapedJava>
  <property name="deviceModel">SM-G965F</property>
</record>
<record>
  <date>2022-02-07T15:24:02</date>
  <millis>1644218642526</millis>
  <sequence>14</sequence>
  <level>RUN_DATA</level>
  <class>com.kms.katalon.core.logging.XmlKeywordLogger</class>
  <method>logMessage</method>
  <thread>1</thread>
  <message>deviceManufacturer = samsung</message>
  <nestedLevel>0</nestedLevel>
  <escapedJava>false</escapedJava>
  <property name="deviceManufacturer">samsung</property>
</record>
<record>
  <date>2022-02-07T15:24:02</date>
  <millis>1644218642526</millis>
  <sequence>15</sequence>
  <level>RUN_DATA</level>
  <class>com.kms.katalon.core.logging.XmlKeywordLogger</class>
  <method>logMessage</method>
  <thread>1</thread>
  <message>deviceOS = Android</message>
  <nestedLevel>0</nestedLevel>
  <escapedJava>false</escapedJava>
  <property name="deviceOS">Android</property>
</record>
<record>
  <date>2022-02-07T15:24:02</date>
  <millis>1644218642527</millis>
  <sequence>16</sequence>
  <level>RUN_DATA</level>
  <class>com.kms.katalon.core.logging.XmlKeywordLogger</class>
  <method>logMessage</method>
  <thread>1</thread>
  <message>deviceOSVersion = 10</message>
  <nestedLevel>0</nestedLevel>
  <escapedJava>false</escapedJava>
  <property name="deviceOSVersion">10</property>
</record>
<record>
  <date>2022-02-07T15:24:02</date>
  <millis>1644218642749</millis>
  <sequence>21</sequence>
  <level>FAILED</level>
  <class>com.kms.katalon.core.logging.XmlKeywordLogger</class>
  <method>logMessage</method>
  <thread>1</thread>
  <message>Unable to start app at: &amp;apos;/Users/a00139272/Katalon Studio/MAE/androidapp/app-sit-universal-release-copy.apk&amp;apos; (Root cause: org.openqa.selenium.SessionNotCreatedException: Unable to create a new remote session. Please check the server log for more details. Original error: An unknown server-side error occurred while processing the command. Original error: Error executing adbExec. Original error: &amp;apos;Command &amp;apos;/Users/a00139272/.katalon/tools/android_sdk/platform-tools/adb -P 5037 -s 2252c030550d7ece install -r /usr/local/lib/node_modules/appium/node_modules/appium-uiautomator2-server/apks/appium-uiautomator2-server-v4.27.0.apk&amp;apos; timed out after 20000ms&amp;apos;. Try to increase the 20000ms adb execution timeout represented by &amp;apos;uiautomator2ServerInstallTimeout&amp;apos; capability
Build info: version: &amp;apos;3.141.59&amp;apos;, revision: &amp;apos;e82be7d358&amp;apos;, time: &amp;apos;2018-11-14T08:25:53&amp;apos;
System info: host: &amp;apos;192.168.0.189&amp;apos;, ip: &amp;apos;fe80:0:0:0:c7b:695:489d:e484%en0&amp;apos;, os.name: &amp;apos;Mac OS X&amp;apos;, os.arch: &amp;apos;x86_64&amp;apos;, os.version: &amp;apos;10.16&amp;apos;, java.version: &amp;apos;1.8.0_275&amp;apos;
Driver info: driver.version: SwipeableAndroidDriver
remote stacktrace: UnknownError: An unknown server-side error occurred while processing the command. Original error: Error executing adbExec. Original error: &amp;apos;Command &amp;apos;/Users/a00139272/.katalon/tools/android_sdk/platform-tools/adb -P 5037 -s 2252c030550d7ece install -r /usr/local/lib/node_modules/appium/node_modules/appium-uiautomator2-server/apks/appium-uiautomator2-server-v4.27.0.apk&amp;apos; timed out after 20000ms&amp;apos;. Try to increase the 20000ms adb execution timeout represented by &amp;apos;uiautomator2ServerInstallTimeout&amp;apos; capability
    at getResponseForW3CError (/usr/local/lib/node_modules/appium/node_modules/appium-base-driver/lib/protocol/errors.js:804:9)
    at asyncHandler (/usr/local/lib/node_modules/appium/node_modules/appium-base-driver/lib/protocol/protocol.js:380:37)
Build info: version: &amp;apos;3.141.59&amp;apos;, revision: &amp;apos;e82be7d358&amp;apos;, time: &amp;apos;2018-11-14T08:25:53&amp;apos;
System info: host: &amp;apos;192.168.0.189&amp;apos;, ip: &amp;apos;fe80:0:0:0:c7b:695:489d:e484%en0&amp;apos;, os.name: &amp;apos;Mac OS X&amp;apos;, os.arch: &amp;apos;x86_64&amp;apos;, os.version: &amp;apos;10.16&amp;apos;, java.version: &amp;apos;1.8.0_275&amp;apos;
Driver info: driver.version: SwipeableAndroidDriver
	at io.appium.java_client.remote.AppiumCommandExecutor$1.createSession(AppiumCommandExecutor.java:208)
	at io.appium.java_client.remote.AppiumCommandExecutor.createSession(AppiumCommandExecutor.java:217)
	at io.appium.java_client.remote.AppiumCommandExecutor.execute(AppiumCommandExecutor.java:239)
	at org.openqa.selenium.remote.RemoteWebDriver.execute(RemoteWebDriver.java:552)
	at io.appium.java_client.DefaultGenericMobileDriver.execute(DefaultGenericMobileDriver.java:42)
	at io.appium.java_client.AppiumDriver.execute(AppiumDriver.java:1)
	at io.appium.java_client.android.AndroidDriver.execute(AndroidDriver.java:1)
	at com.kms.katalon.core.appium.driver.SwipeableAndroidDriver.execute(SwipeableAndroidDriver.java:1)
	at org.openqa.selenium.remote.RemoteWebDriver.startSession(RemoteWebDriver.java:213)
	at org.openqa.selenium.remote.RemoteWebDriver.&amp;lt;init&amp;gt;(RemoteWebDriver.java:131)
	at io.appium.java_client.DefaultGenericMobileDriver.&amp;lt;init&amp;gt;(DefaultGenericMobileDriver.java:38)
	at io.appium.java_client.AppiumDriver.&amp;lt;init&amp;gt;(AppiumDriver.java:84)
	at io.appium.java_client.android.AndroidDriver.&amp;lt;init&amp;gt;(AndroidDriver.java:85)
	at com.kms.katalon.core.appium.driver.SwipeableAndroidDriver.&amp;lt;init&amp;gt;(SwipeableAndroidDriver.java:24)
	at com.kms.katalon.core.appium.driver.AppiumDriverManager.createMobileDriver(AppiumDriverManager.java:498)
	at com.kms.katalon.core.appium.driver.AppiumDriverManager.createMobileDriver(AppiumDriverManager.java:480)
	at com.kms.katalon.core.mobile.keyword.internal.MobileDriverFactory.startLocalMobileDriver(MobileDriverFactory.java:539)
	at com.kms.katalon.core.mobile.keyword.internal.MobileDriverFactory.startMobileDriver(MobileDriverFactory.java:452)
	at com.kms.katalon.core.mobile.keyword.builtin.StartApplicationKeyword$_startApplication_closure1.doCall(StartApplicationKeyword.groovy:49)
	at com.kms.katalon.core.mobile.keyword.builtin.StartApplicationKeyword$_startApplication_closure1.call(StartApplicationKeyword.groovy)
	at com.kms.katalon.core.mobile.keyword.internal.MobileKeywordMain.runKeyword(MobileKeywordMain.groovy:21)
	at com.kms.katalon.core.mobile.keyword.builtin.StartApplicationKeyword.startApplication(StartApplicationKeyword.groovy:51)
	at com.kms.katalon.core.mobile.keyword.builtin.StartApplicationKeyword.execute(StartApplicationKeyword.groovy:40)
	at com.kms.katalon.core.keyword.internal.KeywordExecutor.executeKeywordForPlatform(KeywordExecutor.groovy:74)
	at com.kms.katalon.core.mobile.keyword.MobileBuiltInKeywords.startApplication(MobileBuiltInKeywords.groovy:78)
	at com.kms.katalon.core.mobile.keyword.MobileBuiltInKeywords$startApplication.call(Unknown Source)
	at MAE_Notification_Creator.setUp(MAE%20Notification%20Creator.groovy:37)
	at com.kms.katalon.core.main.ScriptEngine.runScriptMethodAsRawText(ScriptEngine.java:133)
	at com.kms.katalon.core.main.TestSuiteExecutor.runMethod(TestSuiteExecutor.java:248)
	at com.kms.katalon.core.main.TestSuiteExecutor.lambda$0(TestSuiteExecutor.java:227)
	at com.kms.katalon.core.main.TestSuiteExecutor.invokeTestSuiteMethod(TestSuiteExecutor.java:226)
	at com.kms.katalon.core.main.TestSuiteExecutor.accessTestSuiteMainPhase(TestSuiteExecutor.java:132)
	at com.kms.katalon.core.main.TestSuiteExecutor.execute(TestSuiteExecutor.java:105)
	at com.kms.katalon.core.main.TestCaseMain.startTestSuite(TestCaseMain.java:181)
	at com.kms.katalon.core.main.TestCaseMain$startTestSuite$0.call(Unknown Source)
	at TempTestSuite1644218579371.run(TempTestSuite1644218579371.groovy:36)
Caused by: java.lang.reflect.InvocationTargetException
	at io.appium.java_client.remote.AppiumCommandExecutor$1.createSession(AppiumCommandExecutor.java:186)
	... 35 more
Caused by: org.openqa.selenium.WebDriverException: An unknown server-side error occurred while processing the command. Original error: Error executing adbExec. Original error: &amp;apos;Command &amp;apos;/Users/a00139272/.katalon/tools/android_sdk/platform-tools/adb -P 5037 -s 2252c030550d7ece install -r /usr/local/lib/node_modules/appium/node_modules/appium-uiautomator2-server/apks/appium-uiautomator2-server-v4.27.0.apk&amp;apos; timed out after 20000ms&amp;apos;. Try to increase the 20000ms adb execution timeout represented by &amp;apos;uiautomator2ServerInstallTimeout&amp;apos; capability
Build info: version: &amp;apos;3.141.59&amp;apos;, revision: &amp;apos;e82be7d358&amp;apos;, time: &amp;apos;2018-11-14T08:25:53&amp;apos;
System info: host: &amp;apos;192.168.0.189&amp;apos;, ip: &amp;apos;fe80:0:0:0:c7b:695:489d:e484%en0&amp;apos;, os.name: &amp;apos;Mac OS X&amp;apos;, os.arch: &amp;apos;x86_64&amp;apos;, os.version: &amp;apos;10.16&amp;apos;, java.version: &amp;apos;1.8.0_275&amp;apos;
Driver info: driver.version: SwipeableAndroidDriver
remote stacktrace: UnknownError: An unknown server-side error occurred while processing the command. Original error: Error executing adbExec. Original error: &amp;apos;Command &amp;apos;/Users/a00139272/.katalon/tools/android_sdk/platform-tools/adb -P 5037 -s 2252c030550d7ece install -r /usr/local/lib/node_modules/appium/node_modules/appium-uiautomator2-server/apks/appium-uiautomator2-server-v4.27.0.apk&amp;apos; timed out after 20000ms&amp;apos;. Try to increase the 20000ms adb execution timeout represented by &amp;apos;uiautomator2ServerInstallTimeout&amp;apos; capability
    at getResponseForW3CError (/usr/local/lib/node_modules/appium/node_modules/appium-base-driver/lib/protocol/errors.js:804:9)
    at asyncHandler (/usr/local/lib/node_modules/appium/node_modules/appium-base-driver/lib/protocol/protocol.js:380:37)
	at org.openqa.selenium.remote.W3CHandshakeResponse.lambda$errorHandler$0(W3CHandshakeResponse.java:62)
	at org.openqa.selenium.remote.HandshakeResponse.lambda$getResponseFunction$0(HandshakeResponse.java:30)
	at org.openqa.selenium.remote.ProtocolHandshake.lambda$createSession$0(ProtocolHandshake.java:126)
	at org.openqa.selenium.remote.ProtocolHandshake.createSession(ProtocolHandshake.java:128)
	... 36 more
)</message>
  <nestedLevel>0</nestedLevel>
  <escapedJava>false</escapedJava>
  <property name="failed.exception.class">org.openqa.selenium.WebDriverException</property>
  <property name="failed.exception.stacktrace">org.openqa.selenium.WebDriverException: An unknown server-side error occurred while processing the command. Original error: Error executing adbExec. Original error: &apos;Command &apos;/Users/a00139272/.katalon/tools/android_sdk/platform-tools/adb -P 5037 -s 2252c030550d7ece install -r /usr/local/lib/node_modules/appium/node_modules/appium-uiautomator2-server/apks/appium-uiautomator2-server-v4.27.0.apk&apos; timed out after 20000ms&apos;. Try to increase the 20000ms adb execution timeout represented by &apos;uiautomator2ServerInstallTimeout&apos; capability
Build info: version: &apos;3.141.59&apos;, revision: &apos;e82be7d358&apos;, time: &apos;2018-11-14T08:25:53&apos;
System info: host: &apos;192.168.0.189&apos;, ip: &apos;fe80:0:0:0:c7b:695:489d:e484%en0&apos;, os.name: &apos;Mac OS X&apos;, os.arch: &apos;x86_64&apos;, os.version: &apos;10.16&apos;, java.version: &apos;1.8.0_275&apos;
Driver info: driver.version: SwipeableAndroidDriver
remote stacktrace: UnknownError: An unknown server-side error occurred while processing the command. Original error: Error executing adbExec. Original error: &apos;Command &apos;/Users/a00139272/.katalon/tools/android_sdk/platform-tools/adb -P 5037 -s 2252c030550d7ece install -r /usr/local/lib/node_modules/appium/node_modules/appium-uiautomator2-server/apks/appium-uiautomator2-server-v4.27.0.apk&apos; timed out after 20000ms&apos;. Try to increase the 20000ms adb execution timeout represented by &apos;uiautomator2ServerInstallTimeout&apos; capability
    at getResponseForW3CError (/usr/local/lib/node_modules/appium/node_modules/appium-base-driver/lib/protocol/errors.js:804:9)
    at asyncHandler (/usr/local/lib/node_modules/appium/node_modules/appium-base-driver/lib/protocol/protocol.js:380:37)
	at org.openqa.selenium.remote.W3CHandshakeResponse.lambda$errorHandler$0(W3CHandshakeResponse.java:62)
	at org.openqa.selenium.remote.HandshakeResponse.lambda$getResponseFunction$0(HandshakeResponse.java:30)
	at org.openqa.selenium.remote.ProtocolHandshake.lambda$createSession$0(ProtocolHandshake.java:126)
	at org.openqa.selenium.remote.ProtocolHandshake.createSession(ProtocolHandshake.java:128)
	at io.appium.java_client.remote.AppiumCommandExecutor$1.createSession(AppiumCommandExecutor.java:186)
	at io.appium.java_client.remote.AppiumCommandExecutor.createSession(AppiumCommandExecutor.java:217)
	at io.appium.java_client.remote.AppiumCommandExecutor.execute(AppiumCommandExecutor.java:239)
	at org.openqa.selenium.remote.RemoteWebDriver.execute(RemoteWebDriver.java:552)
	at io.appium.java_client.DefaultGenericMobileDriver.execute(DefaultGenericMobileDriver.java:42)
	at io.appium.java_client.AppiumDriver.execute(AppiumDriver.java:1)
	at io.appium.java_client.android.AndroidDriver.execute(AndroidDriver.java:1)
	at com.kms.katalon.core.appium.driver.SwipeableAndroidDriver.execute(SwipeableAndroidDriver.java:1)
	at org.openqa.selenium.remote.RemoteWebDriver.startSession(RemoteWebDriver.java:213)
	at org.openqa.selenium.remote.RemoteWebDriver.&lt;init&gt;(RemoteWebDriver.java:131)
	at io.appium.java_client.DefaultGenericMobileDriver.&lt;init&gt;(DefaultGenericMobileDriver.java:38)
	at io.appium.java_client.AppiumDriver.&lt;init&gt;(AppiumDriver.java:84)
	at io.appium.java_client.android.AndroidDriver.&lt;init&gt;(AndroidDriver.java:85)
	at com.kms.katalon.core.appium.driver.SwipeableAndroidDriver.&lt;init&gt;(SwipeableAndroidDriver.java:24)
	at com.kms.katalon.core.appium.driver.AppiumDriverManager.createMobileDriver(AppiumDriverManager.java:498)
	at com.kms.katalon.core.appium.driver.AppiumDriverManager.createMobileDriver(AppiumDriverManager.java:480)
	at com.kms.katalon.core.mobile.keyword.internal.MobileDriverFactory.startLocalMobileDriver(MobileDriverFactory.java:539)
	at com.kms.katalon.core.mobile.keyword.internal.MobileDriverFactory.startMobileDriver(MobileDriverFactory.java:452)
	at com.kms.katalon.core.mobile.keyword.builtin.StartApplicationKeyword$_startApplication_closure1.doCall(StartApplicationKeyword.groovy:49)
	at com.kms.katalon.core.mobile.keyword.builtin.StartApplicationKeyword$_startApplication_closure1.call(StartApplicationKeyword.groovy)
	at com.kms.katalon.core.mobile.keyword.internal.MobileKeywordMain.runKeyword(MobileKeywordMain.groovy:21)
	at com.kms.katalon.core.mobile.keyword.builtin.StartApplicationKeyword.startApplication(StartApplicationKeyword.groovy:51)
	at com.kms.katalon.core.mobile.keyword.builtin.StartApplicationKeyword.execute(StartApplicationKeyword.groovy:40)
	at com.kms.katalon.core.keyword.internal.KeywordExecutor.executeKeywordForPlatform(KeywordExecutor.groovy:74)
	at com.kms.katalon.core.mobile.keyword.MobileBuiltInKeywords.startApplication(MobileBuiltInKeywords.groovy:78)
	at com.kms.katalon.core.mobile.keyword.MobileBuiltInKeywords$startApplication.call(Unknown Source)
	at MAE_Notification_Creator.setUp(MAE%20Notification%20Creator.groovy:37)
	at com.kms.katalon.core.main.ScriptEngine.runScriptMethodAsRawText(ScriptEngine.java:133)
	at com.kms.katalon.core.main.TestSuiteExecutor.runMethod(TestSuiteExecutor.java:248)
	at com.kms.katalon.core.main.TestSuiteExecutor.lambda$0(TestSuiteExecutor.java:227)
	at com.kms.katalon.core.main.TestSuiteExecutor.invokeTestSuiteMethod(TestSuiteExecutor.java:226)
	at com.kms.katalon.core.main.TestSuiteExecutor.accessTestSuiteMainPhase(TestSuiteExecutor.java:132)
	at com.kms.katalon.core.main.TestSuiteExecutor.execute(TestSuiteExecutor.java:105)
	at com.kms.katalon.core.main.TestCaseMain.startTestSuite(TestCaseMain.java:181)
	at com.kms.katalon.core.main.TestCaseMain$startTestSuite$0.call(Unknown Source)
	at TempTestSuite1644218579371.run(TempTestSuite1644218579371.groovy:36)
</property>
  <property name="failed.exception.message">An unknown server-side error occurred while processing the command. Original error: Error executing adbExec. Original error: &apos;Command &apos;/Users/a00139272/.katalon/tools/android_sdk/platform-tools/adb -P 5037 -s 2252c030550d7ece install -r /usr/local/lib/node_modules/appium/node_modules/appium-uiautomator2-server/apks/appium-uiautomator2-server-v4.27.0.apk&apos; timed out after 20000ms&apos;. Try to increase the 20000ms adb execution timeout represented by &apos;uiautomator2ServerInstallTimeout&apos; capability
Build info: version: &apos;3.141.59&apos;, revision: &apos;e82be7d358&apos;, time: &apos;2018-11-14T08:25:53&apos;
System info: host: &apos;192.168.0.189&apos;, ip: &apos;fe80:0:0:0:c7b:695:489d:e484%en0&apos;, os.name: &apos;Mac OS X&apos;, os.arch: &apos;x86_64&apos;, os.version: &apos;10.16&apos;, java.version: &apos;1.8.0_275&apos;
Driver info: driver.version: SwipeableAndroidDriver
remote stacktrace: UnknownError: An unknown server-side error occurred while processing the command. Original error: Error executing adbExec. Original error: &apos;Command &apos;/Users/a00139272/.katalon/tools/android_sdk/platform-tools/adb -P 5037 -s 2252c030550d7ece install -r /usr/local/lib/node_modules/appium/node_modules/appium-uiautomator2-server/apks/appium-uiautomator2-server-v4.27.0.apk&apos; timed out after 20000ms&apos;. Try to increase the 20000ms adb execution timeout represented by &apos;uiautomator2ServerInstallTimeout&apos; capability
    at getResponseForW3CError (/usr/local/lib/node_modules/appium/node_modules/appium-base-driver/lib/protocol/errors.js:804:9)
    at asyncHandler (/usr/local/lib/node_modules/appium/node_modules/appium-base-driver/lib/protocol/protocol.js:380:37)</property>
</record>
<record>
  <date>2022-02-07T15:24:02</date>
  <millis>1644218642756</millis>
  <sequence>22</sequence>
  <level>END</level>
  <class>com.kms.katalon.core.logging.XmlKeywordLogger</class>
  <method>endKeyword</method>
  <thread>1</thread>
  <message>End action : startApplication(appPath, false)</message>
  <nestedLevel>1</nestedLevel>
  <escapedJava>false</escapedJava>
</record>
<record>
  <date>2022-02-07T15:24:02</date>
  <millis>1644218642758</millis>
  <sequence>24</sequence>
  <level>ERROR</level>
  <class>com.kms.katalon.core.logging.XmlKeywordLogger</class>
  <method>logMessage</method>
  <thread>1</thread>
  <message>Unable to start app at: &amp;apos;/Users/a00139272/Katalon Studio/MAE/androidapp/app-sit-universal-release-copy.apk&amp;apos; (Root cause: org.openqa.selenium.SessionNotCreatedException: Unable to create a new remote session. Please check the server log for more details. Original error: An unknown server-side error occurred while processing the command. Original error: Error executing adbExec. Original error: &amp;apos;Command &amp;apos;/Users/a00139272/.katalon/tools/android_sdk/platform-tools/adb -P 5037 -s 2252c030550d7ece install -r /usr/local/lib/node_modules/appium/node_modules/appium-uiautomator2-server/apks/appium-uiautomator2-server-v4.27.0.apk&amp;apos; timed out after 20000ms&amp;apos;. Try to increase the 20000ms adb execution timeout represented by &amp;apos;uiautomator2ServerInstallTimeout&amp;apos; capability
Build info: version: &amp;apos;3.141.59&amp;apos;, revision: &amp;apos;e82be7d358&amp;apos;, time: &amp;apos;2018-11-14T08:25:53&amp;apos;
System info: host: &amp;apos;192.168.0.189&amp;apos;, ip: &amp;apos;fe80:0:0:0:c7b:695:489d:e484%en0&amp;apos;, os.name: &amp;apos;Mac OS X&amp;apos;, os.arch: &amp;apos;x86_64&amp;apos;, os.version: &amp;apos;10.16&amp;apos;, java.version: &amp;apos;1.8.0_275&amp;apos;
Driver info: driver.version: SwipeableAndroidDriver
remote stacktrace: UnknownError: An unknown server-side error occurred while processing the command. Original error: Error executing adbExec. Original error: &amp;apos;Command &amp;apos;/Users/a00139272/.katalon/tools/android_sdk/platform-tools/adb -P 5037 -s 2252c030550d7ece install -r /usr/local/lib/node_modules/appium/node_modules/appium-uiautomator2-server/apks/appium-uiautomator2-server-v4.27.0.apk&amp;apos; timed out after 20000ms&amp;apos;. Try to increase the 20000ms adb execution timeout represented by &amp;apos;uiautomator2ServerInstallTimeout&amp;apos; capability
    at getResponseForW3CError (/usr/local/lib/node_modules/appium/node_modules/appium-base-driver/lib/protocol/errors.js:804:9)
    at asyncHandler (/usr/local/lib/node_modules/appium/node_modules/appium-base-driver/lib/protocol/protocol.js:380:37)
Build info: version: &amp;apos;3.141.59&amp;apos;, revision: &amp;apos;e82be7d358&amp;apos;, time: &amp;apos;2018-11-14T08:25:53&amp;apos;
System info: host: &amp;apos;192.168.0.189&amp;apos;, ip: &amp;apos;fe80:0:0:0:c7b:695:489d:e484%en0&amp;apos;, os.name: &amp;apos;Mac OS X&amp;apos;, os.arch: &amp;apos;x86_64&amp;apos;, os.version: &amp;apos;10.16&amp;apos;, java.version: &amp;apos;1.8.0_275&amp;apos;
Driver info: driver.version: SwipeableAndroidDriver
	at io.appium.java_client.remote.AppiumCommandExecutor$1.createSession(AppiumCommandExecutor.java:208)
	at io.appium.java_client.remote.AppiumCommandExecutor.createSession(AppiumCommandExecutor.java:217)
	at io.appium.java_client.remote.AppiumCommandExecutor.execute(AppiumCommandExecutor.java:239)
	at org.openqa.selenium.remote.RemoteWebDriver.execute(RemoteWebDriver.java:552)
	at io.appium.java_client.DefaultGenericMobileDriver.execute(DefaultGenericMobileDriver.java:42)
	at io.appium.java_client.AppiumDriver.execute(AppiumDriver.java:1)
	at io.appium.java_client.android.AndroidDriver.execute(AndroidDriver.java:1)
	at com.kms.katalon.core.appium.driver.SwipeableAndroidDriver.execute(SwipeableAndroidDriver.java:1)
	at org.openqa.selenium.remote.RemoteWebDriver.startSession(RemoteWebDriver.java:213)
	at org.openqa.selenium.remote.RemoteWebDriver.&amp;lt;init&amp;gt;(RemoteWebDriver.java:131)
	at io.appium.java_client.DefaultGenericMobileDriver.&amp;lt;init&amp;gt;(DefaultGenericMobileDriver.java:38)
	at io.appium.java_client.AppiumDriver.&amp;lt;init&amp;gt;(AppiumDriver.java:84)
	at io.appium.java_client.android.AndroidDriver.&amp;lt;init&amp;gt;(AndroidDriver.java:85)
	at com.kms.katalon.core.appium.driver.SwipeableAndroidDriver.&amp;lt;init&amp;gt;(SwipeableAndroidDriver.java:24)
	at com.kms.katalon.core.appium.driver.AppiumDriverManager.createMobileDriver(AppiumDriverManager.java:498)
	at com.kms.katalon.core.appium.driver.AppiumDriverManager.createMobileDriver(AppiumDriverManager.java:480)
	at com.kms.katalon.core.mobile.keyword.internal.MobileDriverFactory.startLocalMobileDriver(MobileDriverFactory.java:539)
	at com.kms.katalon.core.mobile.keyword.internal.MobileDriverFactory.startMobileDriver(MobileDriverFactory.java:452)
	at com.kms.katalon.core.mobile.keyword.builtin.StartApplicationKeyword$_startApplication_closure1.doCall(StartApplicationKeyword.groovy:49)
	at com.kms.katalon.core.mobile.keyword.builtin.StartApplicationKeyword$_startApplication_closure1.call(StartApplicationKeyword.groovy)
	at com.kms.katalon.core.mobile.keyword.internal.MobileKeywordMain.runKeyword(MobileKeywordMain.groovy:21)
	at com.kms.katalon.core.mobile.keyword.builtin.StartApplicationKeyword.startApplication(StartApplicationKeyword.groovy:51)
	at com.kms.katalon.core.mobile.keyword.builtin.StartApplicationKeyword.execute(StartApplicationKeyword.groovy:40)
	at com.kms.katalon.core.keyword.internal.KeywordExecutor.executeKeywordForPlatform(KeywordExecutor.groovy:74)
	at com.kms.katalon.core.mobile.keyword.MobileBuiltInKeywords.startApplication(MobileBuiltInKeywords.groovy:78)
	at com.kms.katalon.core.mobile.keyword.MobileBuiltInKeywords$startApplication.call(Unknown Source)
	at MAE_Notification_Creator.setUp(MAE%20Notification%20Creator.groovy:37)
	at com.kms.katalon.core.main.ScriptEngine.runScriptMethodAsRawText(ScriptEngine.java:133)
	at com.kms.katalon.core.main.TestSuiteExecutor.runMethod(TestSuiteExecutor.java:248)
	at com.kms.katalon.core.main.TestSuiteExecutor.lambda$0(TestSuiteExecutor.java:227)
	at com.kms.katalon.core.main.TestSuiteExecutor.invokeTestSuiteMethod(TestSuiteExecutor.java:226)
	at com.kms.katalon.core.main.TestSuiteExecutor.accessTestSuiteMainPhase(TestSuiteExecutor.java:132)
	at com.kms.katalon.core.main.TestSuiteExecutor.execute(TestSuiteExecutor.java:105)
	at com.kms.katalon.core.main.TestCaseMain.startTestSuite(TestCaseMain.java:181)
	at com.kms.katalon.core.main.TestCaseMain$startTestSuite$0.call(Unknown Source)
	at TempTestSuite1644218579371.run(TempTestSuite1644218579371.groovy:36)
Caused by: java.lang.reflect.InvocationTargetException
	at io.appium.java_client.remote.AppiumCommandExecutor$1.createSession(AppiumCommandExecutor.java:186)
	... 35 more
Caused by: org.openqa.selenium.WebDriverException: An unknown server-side error occurred while processing the command. Original error: Error executing adbExec. Original error: &amp;apos;Command &amp;apos;/Users/a00139272/.katalon/tools/android_sdk/platform-tools/adb -P 5037 -s 2252c030550d7ece install -r /usr/local/lib/node_modules/appium/node_modules/appium-uiautomator2-server/apks/appium-uiautomator2-server-v4.27.0.apk&amp;apos; timed out after 20000ms&amp;apos;. Try to increase the 20000ms adb execution timeout represented by &amp;apos;uiautomator2ServerInstallTimeout&amp;apos; capability
Build info: version: &amp;apos;3.141.59&amp;apos;, revision: &amp;apos;e82be7d358&amp;apos;, time: &amp;apos;2018-11-14T08:25:53&amp;apos;
System info: host: &amp;apos;192.168.0.189&amp;apos;, ip: &amp;apos;fe80:0:0:0:c7b:695:489d:e484%en0&amp;apos;, os.name: &amp;apos;Mac OS X&amp;apos;, os.arch: &amp;apos;x86_64&amp;apos;, os.version: &amp;apos;10.16&amp;apos;, java.version: &amp;apos;1.8.0_275&amp;apos;
Driver info: driver.version: SwipeableAndroidDriver
remote stacktrace: UnknownError: An unknown server-side error occurred while processing the command. Original error: Error executing adbExec. Original error: &amp;apos;Command &amp;apos;/Users/a00139272/.katalon/tools/android_sdk/platform-tools/adb -P 5037 -s 2252c030550d7ece install -r /usr/local/lib/node_modules/appium/node_modules/appium-uiautomator2-server/apks/appium-uiautomator2-server-v4.27.0.apk&amp;apos; timed out after 20000ms&amp;apos;. Try to increase the 20000ms adb execution timeout represented by &amp;apos;uiautomator2ServerInstallTimeout&amp;apos; capability
    at getResponseForW3CError (/usr/local/lib/node_modules/appium/node_modules/appium-base-driver/lib/protocol/errors.js:804:9)
    at asyncHandler (/usr/local/lib/node_modules/appium/node_modules/appium-base-driver/lib/protocol/protocol.js:380:37)
	at org.openqa.selenium.remote.W3CHandshakeResponse.lambda$errorHandler$0(W3CHandshakeResponse.java:62)
	at org.openqa.selenium.remote.HandshakeResponse.lambda$getResponseFunction$0(HandshakeResponse.java:30)
	at org.openqa.selenium.remote.ProtocolHandshake.lambda$createSession$0(ProtocolHandshake.java:126)
	at org.openqa.selenium.remote.ProtocolHandshake.createSession(ProtocolHandshake.java:128)
	... 36 more
)</message>
  <nestedLevel>0</nestedLevel>
  <escapedJava>false</escapedJava>
  <property name="failed.exception.class">org.openqa.selenium.WebDriverException</property>
  <property name="failed.exception.stacktrace">org.openqa.selenium.WebDriverException: An unknown server-side error occurred while processing the command. Original error: Error executing adbExec. Original error: &apos;Command &apos;/Users/a00139272/.katalon/tools/android_sdk/platform-tools/adb -P 5037 -s 2252c030550d7ece install -r /usr/local/lib/node_modules/appium/node_modules/appium-uiautomator2-server/apks/appium-uiautomator2-server-v4.27.0.apk&apos; timed out after 20000ms&apos;. Try to increase the 20000ms adb execution timeout represented by &apos;uiautomator2ServerInstallTimeout&apos; capability
Build info: version: &apos;3.141.59&apos;, revision: &apos;e82be7d358&apos;, time: &apos;2018-11-14T08:25:53&apos;
System info: host: &apos;192.168.0.189&apos;, ip: &apos;fe80:0:0:0:c7b:695:489d:e484%en0&apos;, os.name: &apos;Mac OS X&apos;, os.arch: &apos;x86_64&apos;, os.version: &apos;10.16&apos;, java.version: &apos;1.8.0_275&apos;
Driver info: driver.version: SwipeableAndroidDriver
remote stacktrace: UnknownError: An unknown server-side error occurred while processing the command. Original error: Error executing adbExec. Original error: &apos;Command &apos;/Users/a00139272/.katalon/tools/android_sdk/platform-tools/adb -P 5037 -s 2252c030550d7ece install -r /usr/local/lib/node_modules/appium/node_modules/appium-uiautomator2-server/apks/appium-uiautomator2-server-v4.27.0.apk&apos; timed out after 20000ms&apos;. Try to increase the 20000ms adb execution timeout represented by &apos;uiautomator2ServerInstallTimeout&apos; capability
    at getResponseForW3CError (/usr/local/lib/node_modules/appium/node_modules/appium-base-driver/lib/protocol/errors.js:804:9)
    at asyncHandler (/usr/local/lib/node_modules/appium/node_modules/appium-base-driver/lib/protocol/protocol.js:380:37)
	at org.openqa.selenium.remote.W3CHandshakeResponse.lambda$errorHandler$0(W3CHandshakeResponse.java:62)
	at org.openqa.selenium.remote.HandshakeResponse.lambda$getResponseFunction$0(HandshakeResponse.java:30)
	at org.openqa.selenium.remote.ProtocolHandshake.lambda$createSession$0(ProtocolHandshake.java:126)
	at org.openqa.selenium.remote.ProtocolHandshake.createSession(ProtocolHandshake.java:128)
	at io.appium.java_client.remote.AppiumCommandExecutor$1.createSession(AppiumCommandExecutor.java:186)
	at io.appium.java_client.remote.AppiumCommandExecutor.createSession(AppiumCommandExecutor.java:217)
	at io.appium.java_client.remote.AppiumCommandExecutor.execute(AppiumCommandExecutor.java:239)
	at org.openqa.selenium.remote.RemoteWebDriver.execute(RemoteWebDriver.java:552)
	at io.appium.java_client.DefaultGenericMobileDriver.execute(DefaultGenericMobileDriver.java:42)
	at io.appium.java_client.AppiumDriver.execute(AppiumDriver.java:1)
	at io.appium.java_client.android.AndroidDriver.execute(AndroidDriver.java:1)
	at com.kms.katalon.core.appium.driver.SwipeableAndroidDriver.execute(SwipeableAndroidDriver.java:1)
	at org.openqa.selenium.remote.RemoteWebDriver.startSession(RemoteWebDriver.java:213)
	at org.openqa.selenium.remote.RemoteWebDriver.&lt;init&gt;(RemoteWebDriver.java:131)
	at io.appium.java_client.DefaultGenericMobileDriver.&lt;init&gt;(DefaultGenericMobileDriver.java:38)
	at io.appium.java_client.AppiumDriver.&lt;init&gt;(AppiumDriver.java:84)
	at io.appium.java_client.android.AndroidDriver.&lt;init&gt;(AndroidDriver.java:85)
	at com.kms.katalon.core.appium.driver.SwipeableAndroidDriver.&lt;init&gt;(SwipeableAndroidDriver.java:24)
	at com.kms.katalon.core.appium.driver.AppiumDriverManager.createMobileDriver(AppiumDriverManager.java:498)
	at com.kms.katalon.core.appium.driver.AppiumDriverManager.createMobileDriver(AppiumDriverManager.java:480)
	at com.kms.katalon.core.mobile.keyword.internal.MobileDriverFactory.startLocalMobileDriver(MobileDriverFactory.java:539)
	at com.kms.katalon.core.mobile.keyword.internal.MobileDriverFactory.startMobileDriver(MobileDriverFactory.java:452)
	at com.kms.katalon.core.mobile.keyword.builtin.StartApplicationKeyword$_startApplication_closure1.doCall(StartApplicationKeyword.groovy:49)
	at com.kms.katalon.core.mobile.keyword.builtin.StartApplicationKeyword$_startApplication_closure1.call(StartApplicationKeyword.groovy)
	at com.kms.katalon.core.mobile.keyword.internal.MobileKeywordMain.runKeyword(MobileKeywordMain.groovy:21)
	at com.kms.katalon.core.mobile.keyword.builtin.StartApplicationKeyword.startApplication(StartApplicationKeyword.groovy:51)
	at com.kms.katalon.core.mobile.keyword.builtin.StartApplicationKeyword.execute(StartApplicationKeyword.groovy:40)
	at com.kms.katalon.core.keyword.internal.KeywordExecutor.executeKeywordForPlatform(KeywordExecutor.groovy:74)
	at com.kms.katalon.core.mobile.keyword.MobileBuiltInKeywords.startApplication(MobileBuiltInKeywords.groovy:78)
	at com.kms.katalon.core.mobile.keyword.MobileBuiltInKeywords$startApplication.call(Unknown Source)
	at MAE_Notification_Creator.setUp(MAE%20Notification%20Creator.groovy:37)
	at com.kms.katalon.core.main.ScriptEngine.runScriptMethodAsRawText(ScriptEngine.java:133)
	at com.kms.katalon.core.main.TestSuiteExecutor.runMethod(TestSuiteExecutor.java:248)
	at com.kms.katalon.core.main.TestSuiteExecutor.lambda$0(TestSuiteExecutor.java:227)
	at com.kms.katalon.core.main.TestSuiteExecutor.invokeTestSuiteMethod(TestSuiteExecutor.java:226)
	at com.kms.katalon.core.main.TestSuiteExecutor.accessTestSuiteMainPhase(TestSuiteExecutor.java:132)
	at com.kms.katalon.core.main.TestSuiteExecutor.execute(TestSuiteExecutor.java:105)
	at com.kms.katalon.core.main.TestCaseMain.startTestSuite(TestCaseMain.java:181)
	at com.kms.katalon.core.main.TestCaseMain$startTestSuite$0.call(Unknown Source)
	at TempTestSuite1644218579371.run(TempTestSuite1644218579371.groovy:36)
</property>
  <property name="failed.exception.message">An unknown server-side error occurred while processing the command. Original error: Error executing adbExec. Original error: &apos;Command &apos;/Users/a00139272/.katalon/tools/android_sdk/platform-tools/adb -P 5037 -s 2252c030550d7ece install -r /usr/local/lib/node_modules/appium/node_modules/appium-uiautomator2-server/apks/appium-uiautomator2-server-v4.27.0.apk&apos; timed out after 20000ms&apos;. Try to increase the 20000ms adb execution timeout represented by &apos;uiautomator2ServerInstallTimeout&apos; capability
Build info: version: &apos;3.141.59&apos;, revision: &apos;e82be7d358&apos;, time: &apos;2018-11-14T08:25:53&apos;
System info: host: &apos;192.168.0.189&apos;, ip: &apos;fe80:0:0:0:c7b:695:489d:e484%en0&apos;, os.name: &apos;Mac OS X&apos;, os.arch: &apos;x86_64&apos;, os.version: &apos;10.16&apos;, java.version: &apos;1.8.0_275&apos;
Driver info: driver.version: SwipeableAndroidDriver
remote stacktrace: UnknownError: An unknown server-side error occurred while processing the command. Original error: Error executing adbExec. Original error: &apos;Command &apos;/Users/a00139272/.katalon/tools/android_sdk/platform-tools/adb -P 5037 -s 2252c030550d7ece install -r /usr/local/lib/node_modules/appium/node_modules/appium-uiautomator2-server/apks/appium-uiautomator2-server-v4.27.0.apk&apos; timed out after 20000ms&apos;. Try to increase the 20000ms adb execution timeout represented by &apos;uiautomator2ServerInstallTimeout&apos; capability
    at getResponseForW3CError (/usr/local/lib/node_modules/appium/node_modules/appium-base-driver/lib/protocol/errors.js:804:9)
    at asyncHandler (/usr/local/lib/node_modules/appium/node_modules/appium-base-driver/lib/protocol/protocol.js:380:37)</property>
</record>
<record>
  <date>2022-02-07T15:24:02</date>
  <millis>1644218642762</millis>
  <sequence>25</sequence>
  <level>END</level>
  <class>com.kms.katalon.core.logging.XmlKeywordLogger</class>
  <method>endKeyword</method>
  <thread>1</thread>
  <message>End End action : setUp</message>
  <nestedLevel>0</nestedLevel>
  <escapedJava>false</escapedJava>
</record>
<record>
  <date>2022-02-07T15:24:02</date>
  <millis>1644218642763</millis>
  <sequence>26</sequence>
  <level>START</level>
  <class>com.kms.katalon.core.logging.XmlKeywordLogger</class>
  <method>startKeyword</method>
  <thread>1</thread>
  <message>Start listener action : exportKatalonReports</message>
  <nestedLevel>0</nestedLevel>
  <escapedJava>false</escapedJava>
</record>
<record>
  <date>2022-02-07T15:24:02</date>
  <millis>1644218642923</millis>
  <sequence>70</sequence>
  <level>INFO</level>
  <class>com.kms.katalon.core.logging.XmlKeywordLogger</class>
  <method>logMessage</method>
  <thread>1</thread>
  <message>Start generating HTML report folder at: /Users/a00139272/git/MAEAutomation2/Reports/20220207_152259/MAE Notification Creator/20220207_152259...</message>
  <nestedLevel>0</nestedLevel>
  <escapedJava>false</escapedJava>
</record>
<record>
  <date>2022-02-07T15:24:02</date>
  <millis>1644218642951</millis>
  <sequence>71</sequence>
  <level>INFO</level>
  <class>com.kms.katalon.core.logging.XmlKeywordLogger</class>
  <method>logMessage</method>
  <thread>1</thread>
  <message>HTML report generated</message>
  <nestedLevel>0</nestedLevel>
  <escapedJava>false</escapedJava>
</record>
<record>
  <date>2022-02-07T15:24:02</date>
  <millis>1644218642952</millis>
  <sequence>72</sequence>
  <level>INFO</level>
  <class>com.kms.katalon.core.logging.XmlKeywordLogger</class>
  <method>logMessage</method>
  <thread>1</thread>
  <message>Start generating CSV report folder at: /Users/a00139272/git/MAEAutomation2/Reports/20220207_152259/MAE Notification Creator/20220207_152259...</message>
  <nestedLevel>0</nestedLevel>
  <escapedJava>false</escapedJava>
</record>
<record>
  <date>2022-02-07T15:24:02</date>
  <millis>1644218642967</millis>
  <sequence>73</sequence>
  <level>INFO</level>
  <class>com.kms.katalon.core.logging.XmlKeywordLogger</class>
  <method>logMessage</method>
  <thread>1</thread>
  <message>CSV report generated</message>
  <nestedLevel>0</nestedLevel>
  <escapedJava>false</escapedJava>
</record>
<record>
  <date>2022-02-07T15:24:02</date>
  <millis>1644218642977</millis>
  <sequence>75</sequence>
  <level>END</level>
  <class>com.kms.katalon.core.logging.XmlKeywordLogger</class>
  <method>endKeyword</method>
  <thread>1</thread>
  <message>End listener action : exportKatalonReports</message>
  <nestedLevel>0</nestedLevel>
  <escapedJava>false</escapedJava>
</record>
<record>
  <date>2022-02-07T15:24:02</date>
  <millis>1644218642985</millis>
  <sequence>76</sequence>
  <level>END</level>
  <class>com.kms.katalon.core.logging.XmlKeywordLogger</class>
  <method>endSuite</method>
  <thread>1</thread>
  <message>End Test Suite : Test Suites/MAE Notification Creator</message>
  <nestedLevel>0</nestedLevel>
  <escapedJava>false</escapedJava>
</record>
</log>
