[35m[Appium][39m Welcome to Appium v1.22.1
[35m[Appium][39m Non-default server args:
[35m[Appium][39m   port: 61459
[35m[Appium][39m   loglevel: info
[35m[Appium][39m   tmpDir: /var/folders/ng/yn0fw_vs06sd52svk474lbd40000gn/T//Katalon/Appium/Temp1655861109317
[35m[Appium][39m   chromedriverPort: 61460
[35m[Appium][39m Deprecated server args:
[35m[Appium][39m   [31m--chromedriver-port[39m => --default-capabilities
[35m[Appium][39m Default capabilities, which will be added to each request unless overridden by desired capabilities:
[35m[Appium][39m   chromedriverPort: 61460
[35m[Appium][39m Appium REST http interface listener started on 0.0.0.0:61459
[35m[HTTP][39m [37m-->[39m [37mGET[39m [37m/wd/hub/status[39m
[35m[HTTP][39m [90m{}[39m
[35m[HTTP][39m [37m<-- GET /wd/hub/status [39m[32m200[39m [90m5 ms - 68[39m
[35m[HTTP][39m [90m[39m
[35m[HTTP][39m [37m-->[39m [37mPOST[39m [37m/wd/hub/session[39m
[35m[HTTP][39m [90m{"desiredCapabilities":{"app":"/Users/a00139272/Katalon Studio/MAE/androidapp/app-dev-universal-release (1).apk","appPackage":"com.maybank2u.life.sit","noReset":true,"appWaitActivity":"*","deviceId":"002b9cc60508","deviceName":"Xiaomi 21061119AG (Android 11)","fullReset":false,"platform":"ANDROID","appActivity":"com.maybank2u.life.MainActivity","newCommandTimeout":1800,"platformVersion":"11","automationName":"uiautomator2","autoGrantPermissions":true,"platformName":"Android","udid":"002b9cc60508","systemPort":61458},"capabilities":{"firstMatch":[{"appium:app":"/Users/a00139272/Katalon Studio/MAE/androidapp/app-dev-universal-release (1).apk","appium:appActivity":"com.maybank2u.life.MainActivity","appium:appPackage":"com.maybank2u.life.sit","appium:appWaitActivity":"*","appium:autoGrantPermissions":true,"appium:automationName":"uiautomator2","deviceId":"002b9cc60508","appium:deviceName":"Xiaomi 21061119AG (Android 11)","appium:fullReset":false,"appium:newCommandTimeout":1800,"appium:noReset":true,"platform":...[39m
[35m[BaseDriver][39m The following capabilities are not standard capabilities and should have an extension prefix:
[35m[BaseDriver][39m   deviceId
[35m[BaseDriver][39m   platform
[35m[BaseDriver][39m   chromedriverPort
[35m[Appium][39m Appium v1.22.1 creating new AndroidUiautomator2Driver (v1.70.1) session
[35m[BaseDriver][39m The following capabilities were provided, but are not recognized by Appium:
[35m[BaseDriver][39m   deviceId
[35m[BaseDriver][39m   platform
[35m[BaseDriver][39m Session created with session id: 76095bb6-6852-4a5a-aa0f-a538b3cdc489
[35m[BaseDriver][39m Using local app '/Users/a00139272/Katalon Studio/MAE/androidapp/app-dev-universal-release (1).apk'
[35m[ADB][39m Found 1 'build-tools' folders under '/Users/a00139272/.katalon/tools/android_sdk' (newest first):
[35m[ADB][39m     /Users/a00139272/.katalon/tools/android_sdk/build-tools/29.0.3
[35m[ADB][39m Using 'adb' from '/Users/a00139272/.katalon/tools/android_sdk/platform-tools/adb'
[35m[AndroidDriver][39m Retrieving device list
[35m[AndroidDriver][39m Using device: 002b9cc60508
[35m[ADB][39m Using 'adb' from '/Users/a00139272/.katalon/tools/android_sdk/platform-tools/adb'
[35m[ADB][39m Getting device platform version
[35m[UiAutomator2][39m Relaxing hidden api policy
[35m[ADB][39m Using 'apksigner.jar' from '/Users/a00139272/.katalon/tools/android_sdk/build-tools/29.0.3/lib/apksigner.jar'
[35m[ADB][39m '/usr/local/lib/node_modules/appium/node_modules/appium-uiautomator2-server/apks/appium-uiautomator2-server-v4.27.0.apk' is signed with the default certificate
[35m[ADB][39m '/usr/local/lib/node_modules/appium/node_modules/appium-uiautomator2-server/apks/appium-uiautomator2-server-debug-androidTest.apk' is signed with the default certificate
[35m[UiAutomator2][39m Server packages are not going to be (re)installed
[35m[ADB][39m Adding packages ["io.appium.settings","io.appium.uiautomator2.server","io.appium.uiautomator2.server.test"] to Doze whitelist
[35m[ADB][39m '/Users/a00139272/Katalon Studio/MAE/androidapp/app-dev-universal-release (1).apk' is signed with a non-default certificate
[35m[UiAutomator2][39m Starting UIAutomator2 server 4.27.0
[35m[UiAutomator2][39m Using UIAutomator2 server from '/usr/local/lib/node_modules/appium/node_modules/appium-uiautomator2-server/apks/appium-uiautomator2-server-v4.27.0.apk' and test from '/usr/local/lib/node_modules/appium/node_modules/appium-uiautomator2-server/apks/appium-uiautomator2-server-debug-androidTest.apk'
[35m[UiAutomator2][39m Waiting up to 30000ms for UiAutomator2 to be online...
[35m[WD Proxy][39m socket hang up
[35m[WD Proxy][39m socket hang up
[35m[WD Proxy][39m socket hang up
[35m[WD Proxy][39m Determined the downstream protocol as 'W3C'
[35m[AndroidDriver][39m Screen already unlocked, doing nothing
[35m[UiAutomator2][39m Starting 'com.maybank2u.life.sit/com.maybank2u.life.MainActivity and waiting for 'com.maybank2u.life.sit/*'
[35m[Appium][39m New AndroidUiautomator2Driver session created successfully, session 76095bb6-6852-4a5a-aa0f-a538b3cdc489 added to master session list
[35m[HTTP][39m [37m<-- POST /wd/hub/session [39m[32m200[39m [90m11447 ms - 1555[39m
[35m[HTTP][39m [90m[39m
[35m[HTTP][39m [37m-->[39m [37mGET[39m [37m/wd/hub/session/76095bb6-6852-4a5a-aa0f-a538b3cdc489[39m
[35m[HTTP][39m [90m{}[39m
[35m[HTTP][39m [37m<-- GET /wd/hub/session/76095bb6-6852-4a5a-aa0f-a538b3cdc489 [39m[32m200[39m [90m17 ms - 1509[39m
[35m[HTTP][39m [90m[39m
[35m[HTTP][39m [37m-->[39m [37mGET[39m [37m/wd/hub/session/76095bb6-6852-4a5a-aa0f-a538b3cdc489[39m
[35m[HTTP][39m [90m{}[39m
[35m[HTTP][39m [37m<-- GET /wd/hub/session/76095bb6-6852-4a5a-aa0f-a538b3cdc489 [39m[32m200[39m [90m9 ms - 1509[39m
[35m[HTTP][39m [90m[39m
[35m[HTTP][39m [37m-->[39m [37mGET[39m [37m/wd/hub/status[39m
[35m[HTTP][39m [90m{}[39m
[35m[HTTP][39m [37m<-- GET /wd/hub/status [39m[32m200[39m [90m1 ms - 68[39m
[35m[HTTP][39m [90m[39m
[35m[HTTP][39m [37m-->[39m [37mPOST[39m [37m/wd/hub/session/76095bb6-6852-4a5a-aa0f-a538b3cdc489/timeouts[39m
[35m[HTTP][39m [90m{"implicit":40000}[39m
[35m[HTTP][39m [37m<-- POST /wd/hub/session/76095bb6-6852-4a5a-aa0f-a538b3cdc489/timeouts [39m[32m200[39m [90m2 ms - 14[39m
[35m[HTTP][39m [90m[39m
[35m[HTTP][39m [37m-->[39m [37mGET[39m [37m/wd/hub/session/76095bb6-6852-4a5a-aa0f-a538b3cdc489/screenshot[39m
[35m[HTTP][39m [90m{}[39m
[35m[HTTP][39m [37m<-- GET /wd/hub/session/76095bb6-6852-4a5a-aa0f-a538b3cdc489/screenshot [39m[32m200[39m [90m697 ms - 118680[39m
[35m[HTTP][39m [90m[39m
[35m[HTTP][39m [37m-->[39m [37mGET[39m [37m/wd/hub/session/76095bb6-6852-4a5a-aa0f-a538b3cdc489/window/rect[39m
[35m[HTTP][39m [90m{}[39m
[35m[HTTP][39m [37m<-- GET /wd/hub/session/76095bb6-6852-4a5a-aa0f-a538b3cdc489/window/rect [39m[32m200[39m [90m25 ms - 50[39m
[35m[HTTP][39m [90m[39m
[35m[HTTP][39m [37m-->[39m [37mGET[39m [37m/wd/hub/session/76095bb6-6852-4a5a-aa0f-a538b3cdc489/appium/device/system_bars[39m
[35m[HTTP][39m [90m{}[39m
[35m[HTTP][39m [37m<-- GET /wd/hub/session/76095bb6-6852-4a5a-aa0f-a538b3cdc489/appium/device/system_bars [39m[32m200[39m [90m163 ms - 149[39m
[35m[HTTP][39m [90m[39m
[35m[HTTP][39m [37m-->[39m [37mPOST[39m [37m/wd/hub/session/76095bb6-6852-4a5a-aa0f-a538b3cdc489/timeouts[39m
[35m[HTTP][39m [90m{"implicit":50}[39m
[35m[HTTP][39m [37m<-- POST /wd/hub/session/76095bb6-6852-4a5a-aa0f-a538b3cdc489/timeouts [39m[32m200[39m [90m2 ms - 14[39m
[35m[HTTP][39m [90m[39m
[35m[HTTP][39m [37m-->[39m [37mGET[39m [37m/wd/hub/session/76095bb6-6852-4a5a-aa0f-a538b3cdc489/window/rect[39m
[35m[HTTP][39m [90m{}[39m
[35m[HTTP][39m [37m<-- GET /wd/hub/session/76095bb6-6852-4a5a-aa0f-a538b3cdc489/window/rect [39m[32m200[39m [90m12 ms - 50[39m
[35m[HTTP][39m [90m[39m
[35m[HTTP][39m [37m-->[39m [37mPOST[39m [37m/wd/hub/session/76095bb6-6852-4a5a-aa0f-a538b3cdc489/elements[39m
[35m[HTTP][39m [90m{"using":"xpath","value":"//*[@class = 'android.widget.TextView' and (@text = 'Skip' or . = 'Skip')]"}[39m
[35m[HTTP][39m [37m<-- POST /wd/hub/session/76095bb6-6852-4a5a-aa0f-a538b3cdc489/elements [39m[32m200[39m [90m1609 ms - 139[39m
[35m[HTTP][39m [90m[39m
[35m[HTTP][39m [37m-->[39m [37mGET[39m [37m/wd/hub/session/76095bb6-6852-4a5a-aa0f-a538b3cdc489/element/00000000-0000-079d-ffff-ffff00000048/location[39m
[35m[HTTP][39m [90m{}[39m
[35m[W3C (76095bb6)][39m Driver proxy active, passing request on via HTTP proxy
[35m[WD Proxy][39m Got response with status 404: {"sessionId":"1ba92a53-3802-4e79-9f78-172e46426167","value":{"error":"stale element reference","message":"Cached elements 'By.xpath: //*[@class = 'android.widget.TextView' and (@text = 'Skip' or . = 'Skip')]' do not exist in DOM anymore","stacktrace":"io.appium.uiautomator2.common.exceptions.StaleElementReferenceException: Cached elements 'By.xpath: //*[@class = 'android.widget.TextView' and (@text = 'Skip' or . = 'Skip')]' do not exist in DOM anymore\n\tat io.appium.uiautomator2.model.ElementsCache.restore(ElementsCache.java:78)\n\tat io.appium.uiautomator2.model.ElementsCache.get(ElementsCache.java:153)\n\tat io.appium.uiautomator2.handler.Location.safeHandle(Location.java:23)\n\tat io.appium.uiautomator2.handler.request.SafeRequestHandler.handle(SafeRequestHandler.java:59)\n\tat io.appium.uiautomator2.server.AppiumServlet.handleRequest(AppiumServlet.java:266)\n\tat io.appium.uiautomator2.server.AppiumServlet.handleHttpRequest(AppiumServlet.java:260)\n\tat io.appium.uiautomator2.http.ServerHandler.channe...
[35m[HTTP][39m [37m<-- GET /wd/hub/session/76095bb6-6852-4a5a-aa0f-a538b3cdc489/element/00000000-0000-079d-ffff-ffff00000048/location [39m[33m404[39m [90m778 ms - 4047[39m
[35m[HTTP][39m [90m[39m
[35m[HTTP][39m [37m-->[39m [37mPOST[39m [37m/wd/hub/session/76095bb6-6852-4a5a-aa0f-a538b3cdc489/timeouts[39m
[35m[HTTP][39m [90m{"implicit":40000}[39m
[35m[HTTP][39m [37m<-- POST /wd/hub/session/76095bb6-6852-4a5a-aa0f-a538b3cdc489/timeouts [39m[32m200[39m [90m1 ms - 14[39m
[35m[HTTP][39m [90m[39m
[35m[HTTP][39m [37m-->[39m [37mPOST[39m [37m/wd/hub/session/76095bb6-6852-4a5a-aa0f-a538b3cdc489/timeouts[39m
[35m[HTTP][39m [90m{"implicit":50}[39m
[35m[HTTP][39m [37m<-- POST /wd/hub/session/76095bb6-6852-4a5a-aa0f-a538b3cdc489/timeouts [39m[32m200[39m [90m1 ms - 14[39m
[35m[HTTP][39m [90m[39m
[35m[HTTP][39m [37m-->[39m [37mGET[39m [37m/wd/hub/session/76095bb6-6852-4a5a-aa0f-a538b3cdc489/window/rect[39m
[35m[HTTP][39m [90m{}[39m
[35m[HTTP][39m [37m<-- GET /wd/hub/session/76095bb6-6852-4a5a-aa0f-a538b3cdc489/window/rect [39m[32m200[39m [90m12 ms - 50[39m
[35m[HTTP][39m [90m[39m
[35m[HTTP][39m [37m-->[39m [37mPOST[39m [37m/wd/hub/session/76095bb6-6852-4a5a-aa0f-a538b3cdc489/elements[39m
[35m[HTTP][39m [90m{"using":"xpath","value":"//*[@class = 'android.widget.TextView' and (@text = 'Set Up Wallet' or . = 'Set Up Wallet')]"}[39m
[35m[HTTP][39m [37m<-- POST /wd/hub/session/76095bb6-6852-4a5a-aa0f-a538b3cdc489/elements [39m[32m200[39m [90m67 ms - 12[39m
[35m[HTTP][39m [90m[39m
[35m[HTTP][39m [37m-->[39m [37mPOST[39m [37m/wd/hub/session/76095bb6-6852-4a5a-aa0f-a538b3cdc489/elements[39m
[35m[HTTP][39m [90m{"using":"xpath","value":"//*[@class = 'android.widget.TextView' and (@text = 'Set Up Wallet' or . = 'Set Up Wallet')]"}[39m
[35m[HTTP][39m [37m<-- POST /wd/hub/session/76095bb6-6852-4a5a-aa0f-a538b3cdc489/elements [39m[32m200[39m [90m65 ms - 12[39m
[35m[HTTP][39m [90m[39m
[35m[HTTP][39m [37m-->[39m [37mPOST[39m [37m/wd/hub/session/76095bb6-6852-4a5a-aa0f-a538b3cdc489/elements[39m
[35m[HTTP][39m [90m{"using":"xpath","value":"//*[@class = 'android.widget.TextView' and (@text = 'Set Up Wallet' or . = 'Set Up Wallet')]"}[39m
[35m[HTTP][39m [37m<-- POST /wd/hub/session/76095bb6-6852-4a5a-aa0f-a538b3cdc489/elements [39m[32m200[39m [90m59 ms - 12[39m
[35m[HTTP][39m [90m[39m
[35m[HTTP][39m [37m-->[39m [37mPOST[39m [37m/wd/hub/session/76095bb6-6852-4a5a-aa0f-a538b3cdc489/elements[39m
[35m[HTTP][39m [90m{"using":"xpath","value":"//*[@class = 'android.widget.TextView' and (@text = 'Set Up Wallet' or . = 'Set Up Wallet')]"}[39m
[35m[HTTP][39m [37m<-- POST /wd/hub/session/76095bb6-6852-4a5a-aa0f-a538b3cdc489/elements [39m[32m200[39m [90m52 ms - 12[39m
[35m[HTTP][39m [90m[39m
[35m[HTTP][39m [37m-->[39m [37mPOST[39m [37m/wd/hub/session/76095bb6-6852-4a5a-aa0f-a538b3cdc489/elements[39m
[35m[HTTP][39m [90m{"using":"xpath","value":"//*[@class = 'android.widget.TextView' and (@text = 'Set Up Wallet' or . = 'Set Up Wallet')]"}[39m
[35m[HTTP][39m [37m<-- POST /wd/hub/session/76095bb6-6852-4a5a-aa0f-a538b3cdc489/elements [39m[32m200[39m [90m51 ms - 12[39m
[35m[HTTP][39m [90m[39m
[35m[HTTP][39m [37m-->[39m [37mPOST[39m [37m/wd/hub/session/76095bb6-6852-4a5a-aa0f-a538b3cdc489/elements[39m
[35m[HTTP][39m [90m{"using":"xpath","value":"//*[@class = 'android.widget.TextView' and (@text = 'Set Up Wallet' or . = 'Set Up Wallet')]"}[39m
[35m[HTTP][39m [37m<-- POST /wd/hub/session/76095bb6-6852-4a5a-aa0f-a538b3cdc489/elements [39m[32m200[39m [90m111 ms - 12[39m
[35m[HTTP][39m [90m[39m
[35m[HTTP][39m [37m-->[39m [37mPOST[39m [37m/wd/hub/session/76095bb6-6852-4a5a-aa0f-a538b3cdc489/elements[39m
[35m[HTTP][39m [90m{"using":"xpath","value":"//*[@class = 'android.widget.TextView' and (@text = 'Set Up Wallet' or . = 'Set Up Wallet')]"}[39m
[35m[HTTP][39m [37m<-- POST /wd/hub/session/76095bb6-6852-4a5a-aa0f-a538b3cdc489/elements [39m[32m200[39m [90m94 ms - 12[39m
[35m[HTTP][39m [90m[39m
[35m[HTTP][39m [37m-->[39m [37mPOST[39m [37m/wd/hub/session/76095bb6-6852-4a5a-aa0f-a538b3cdc489/elements[39m
[35m[HTTP][39m [90m{"using":"xpath","value":"//*[@class = 'android.widget.TextView' and (@text = 'Set Up Wallet' or . = 'Set Up Wallet')]"}[39m
[35m[HTTP][39m [37m<-- POST /wd/hub/session/76095bb6-6852-4a5a-aa0f-a538b3cdc489/elements [39m[32m200[39m [90m100 ms - 12[39m
[35m[HTTP][39m [90m[39m
[35m[HTTP][39m [37m-->[39m [37mPOST[39m [37m/wd/hub/session/76095bb6-6852-4a5a-aa0f-a538b3cdc489/elements[39m
[35m[HTTP][39m [90m{"using":"xpath","value":"//*[@class = 'android.widget.TextView' and (@text = 'Set Up Wallet' or . = 'Set Up Wallet')]"}[39m
[35m[HTTP][39m [37m<-- POST /wd/hub/session/76095bb6-6852-4a5a-aa0f-a538b3cdc489/elements [39m[32m200[39m [90m94 ms - 12[39m
[35m[HTTP][39m [90m[39m
[35m[HTTP][39m [37m-->[39m [37mPOST[39m [37m/wd/hub/session/76095bb6-6852-4a5a-aa0f-a538b3cdc489/elements[39m
[35m[HTTP][39m [90m{"using":"xpath","value":"//*[@class = 'android.widget.TextView' and (@text = 'Set Up Wallet' or . = 'Set Up Wallet')]"}[39m
[35m[HTTP][39m [37m<-- POST /wd/hub/session/76095bb6-6852-4a5a-aa0f-a538b3cdc489/elements [39m[32m200[39m [90m95 ms - 12[39m
[35m[HTTP][39m [90m[39m
[35m[HTTP][39m [37m-->[39m [37mPOST[39m [37m/wd/hub/session/76095bb6-6852-4a5a-aa0f-a538b3cdc489/elements[39m
[35m[HTTP][39m [90m{"using":"xpath","value":"//*[@class = 'android.widget.TextView' and (@text = 'Set Up Wallet' or . = 'Set Up Wallet')]"}[39m
[35m[HTTP][39m [37m<-- POST /wd/hub/session/76095bb6-6852-4a5a-aa0f-a538b3cdc489/elements [39m[32m200[39m [90m96 ms - 12[39m
[35m[HTTP][39m [90m[39m
[35m[HTTP][39m [37m-->[39m [37mPOST[39m [37m/wd/hub/session/76095bb6-6852-4a5a-aa0f-a538b3cdc489/elements[39m
[35m[HTTP][39m [90m{"using":"xpath","value":"//*[@class = 'android.widget.TextView' and (@text = 'Set Up Wallet' or . = 'Set Up Wallet')]"}[39m
[35m[HTTP][39m [37m<-- POST /wd/hub/session/76095bb6-6852-4a5a-aa0f-a538b3cdc489/elements [39m[32m200[39m [90m92 ms - 12[39m
[35m[HTTP][39m [90m[39m
[35m[HTTP][39m [37m-->[39m [37mPOST[39m [37m/wd/hub/session/76095bb6-6852-4a5a-aa0f-a538b3cdc489/elements[39m
[35m[HTTP][39m [90m{"using":"xpath","value":"//*[@class = 'android.widget.TextView' and (@text = 'Set Up Wallet' or . = 'Set Up Wallet')]"}[39m
[35m[HTTP][39m [37m<-- POST /wd/hub/session/76095bb6-6852-4a5a-aa0f-a538b3cdc489/elements [39m[32m200[39m [90m94 ms - 12[39m
[35m[HTTP][39m [90m[39m
[35m[HTTP][39m [37m-->[39m [37mPOST[39m [37m/wd/hub/session/76095bb6-6852-4a5a-aa0f-a538b3cdc489/elements[39m
[35m[HTTP][39m [90m{"using":"xpath","value":"//*[@class = 'android.widget.TextView' and (@text = 'Set Up Wallet' or . = 'Set Up Wallet')]"}[39m
[35m[HTTP][39m [37m<-- POST /wd/hub/session/76095bb6-6852-4a5a-aa0f-a538b3cdc489/elements [39m[32m200[39m [90m113 ms - 12[39m
[35m[HTTP][39m [90m[39m
[35m[HTTP][39m [37m-->[39m [37mPOST[39m [37m/wd/hub/session/76095bb6-6852-4a5a-aa0f-a538b3cdc489/elements[39m
[35m[HTTP][39m [90m{"using":"xpath","value":"//*[@class = 'android.widget.TextView' and (@text = 'Set Up Wallet' or . = 'Set Up Wallet')]"}[39m
[35m[HTTP][39m [37m<-- POST /wd/hub/session/76095bb6-6852-4a5a-aa0f-a538b3cdc489/elements [39m[32m200[39m [90m99 ms - 12[39m
[35m[HTTP][39m [90m[39m
[35m[HTTP][39m [37m-->[39m [37mPOST[39m [37m/wd/hub/session/76095bb6-6852-4a5a-aa0f-a538b3cdc489/elements[39m
[35m[HTTP][39m [90m{"using":"xpath","value":"//*[@class = 'android.widget.TextView' and (@text = 'Set Up Wallet' or . = 'Set Up Wallet')]"}[39m
[35m[HTTP][39m [37m<-- POST /wd/hub/session/76095bb6-6852-4a5a-aa0f-a538b3cdc489/elements [39m[32m200[39m [90m94 ms - 12[39m
[35m[HTTP][39m [90m[39m
[35m[HTTP][39m [37m-->[39m [37mPOST[39m [37m/wd/hub/session/76095bb6-6852-4a5a-aa0f-a538b3cdc489/elements[39m
[35m[HTTP][39m [90m{"using":"xpath","value":"//*[@class = 'android.widget.TextView' and (@text = 'Set Up Wallet' or . = 'Set Up Wallet')]"}[39m
[35m[HTTP][39m [37m<-- POST /wd/hub/session/76095bb6-6852-4a5a-aa0f-a538b3cdc489/elements [39m[32m200[39m [90m96 ms - 12[39m
[35m[HTTP][39m [90m[39m
[35m[HTTP][39m [37m-->[39m [37mPOST[39m [37m/wd/hub/session/76095bb6-6852-4a5a-aa0f-a538b3cdc489/elements[39m
[35m[HTTP][39m [90m{"using":"xpath","value":"//*[@class = 'android.widget.TextView' and (@text = 'Set Up Wallet' or . = 'Set Up Wallet')]"}[39m
[35m[HTTP][39m [37m<-- POST /wd/hub/session/76095bb6-6852-4a5a-aa0f-a538b3cdc489/elements [39m[32m200[39m [90m86 ms - 12[39m
[35m[HTTP][39m [90m[39m
[35m[HTTP][39m [37m-->[39m [37mPOST[39m [37m/wd/hub/session/76095bb6-6852-4a5a-aa0f-a538b3cdc489/elements[39m
[35m[HTTP][39m [90m{"using":"xpath","value":"//*[@class = 'android.widget.TextView' and (@text = 'Set Up Wallet' or . = 'Set Up Wallet')]"}[39m
[35m[HTTP][39m [37m<-- POST /wd/hub/session/76095bb6-6852-4a5a-aa0f-a538b3cdc489/elements [39m[32m200[39m [90m93 ms - 12[39m
[35m[HTTP][39m [90m[39m
[35m[HTTP][39m [37m-->[39m [37mPOST[39m [37m/wd/hub/session/76095bb6-6852-4a5a-aa0f-a538b3cdc489/elements[39m
[35m[HTTP][39m [90m{"using":"xpath","value":"//*[@class = 'android.widget.TextView' and (@text = 'Set Up Wallet' or . = 'Set Up Wallet')]"}[39m
[35m[HTTP][39m [37m<-- POST /wd/hub/session/76095bb6-6852-4a5a-aa0f-a538b3cdc489/elements [39m[32m200[39m [90m91 ms - 12[39m
[35m[HTTP][39m [90m[39m
[35m[HTTP][39m [37m-->[39m [37mPOST[39m [37m/wd/hub/session/76095bb6-6852-4a5a-aa0f-a538b3cdc489/elements[39m
[35m[HTTP][39m [90m{"using":"xpath","value":"//*[@class = 'android.widget.TextView' and (@text = 'Set Up Wallet' or . = 'Set Up Wallet')]"}[39m
[35m[HTTP][39m [37m<-- POST /wd/hub/session/76095bb6-6852-4a5a-aa0f-a538b3cdc489/elements [39m[32m200[39m [90m92 ms - 12[39m
[35m[HTTP][39m [90m[39m
[35m[HTTP][39m [37m-->[39m [37mPOST[39m [37m/wd/hub/session/76095bb6-6852-4a5a-aa0f-a538b3cdc489/elements[39m
[35m[HTTP][39m [90m{"using":"xpath","value":"//*[@class = 'android.widget.TextView' and (@text = 'Set Up Wallet' or . = 'Set Up Wallet')]"}[39m
[35m[HTTP][39m [37m<-- POST /wd/hub/session/76095bb6-6852-4a5a-aa0f-a538b3cdc489/elements [39m[32m200[39m [90m92 ms - 12[39m
[35m[HTTP][39m [90m[39m
[35m[HTTP][39m [37m-->[39m [37mPOST[39m [37m/wd/hub/session/76095bb6-6852-4a5a-aa0f-a538b3cdc489/elements[39m
[35m[HTTP][39m [90m{"using":"xpath","value":"//*[@class = 'android.widget.TextView' and (@text = 'Set Up Wallet' or . = 'Set Up Wallet')]"}[39m
[35m[HTTP][39m [37m<-- POST /wd/hub/session/76095bb6-6852-4a5a-aa0f-a538b3cdc489/elements [39m[32m200[39m [90m90 ms - 12[39m
[35m[HTTP][39m [90m[39m
[35m[HTTP][39m [37m-->[39m [37mPOST[39m [37m/wd/hub/session/76095bb6-6852-4a5a-aa0f-a538b3cdc489/elements[39m
[35m[HTTP][39m [90m{"using":"xpath","value":"//*[@class = 'android.widget.TextView' and (@text = 'Set Up Wallet' or . = 'Set Up Wallet')]"}[39m
[35m[HTTP][39m [37m<-- POST /wd/hub/session/76095bb6-6852-4a5a-aa0f-a538b3cdc489/elements [39m[32m200[39m [90m86 ms - 12[39m
[35m[HTTP][39m [90m[39m
[35m[HTTP][39m [37m-->[39m [37mPOST[39m [37m/wd/hub/session/76095bb6-6852-4a5a-aa0f-a538b3cdc489/elements[39m
[35m[HTTP][39m [90m{"using":"xpath","value":"//*[@class = 'android.widget.TextView' and (@text = 'Set Up Wallet' or . = 'Set Up Wallet')]"}[39m
[35m[HTTP][39m [37m<-- POST /wd/hub/session/76095bb6-6852-4a5a-aa0f-a538b3cdc489/elements [39m[32m200[39m [90m89 ms - 12[39m
[35m[HTTP][39m [90m[39m
[35m[HTTP][39m [37m-->[39m [37mPOST[39m [37m/wd/hub/session/76095bb6-6852-4a5a-aa0f-a538b3cdc489/elements[39m
[35m[HTTP][39m [90m{"using":"xpath","value":"//*[@class = 'android.widget.TextView' and (@text = 'Set Up Wallet' or . = 'Set Up Wallet')]"}[39m
[35m[HTTP][39m [37m<-- POST /wd/hub/session/76095bb6-6852-4a5a-aa0f-a538b3cdc489/elements [39m[32m200[39m [90m90 ms - 12[39m
[35m[HTTP][39m [90m[39m
[35m[HTTP][39m [37m-->[39m [37mPOST[39m [37m/wd/hub/session/76095bb6-6852-4a5a-aa0f-a538b3cdc489/elements[39m
[35m[HTTP][39m [90m{"using":"xpath","value":"//*[@class = 'android.widget.TextView' and (@text = 'Set Up Wallet' or . = 'Set Up Wallet')]"}[39m
[35m[HTTP][39m [37m<-- POST /wd/hub/session/76095bb6-6852-4a5a-aa0f-a538b3cdc489/elements [39m[32m200[39m [90m103 ms - 12[39m
[35m[HTTP][39m [90m[39m
[35m[HTTP][39m [37m-->[39m [37mPOST[39m [37m/wd/hub/session/76095bb6-6852-4a5a-aa0f-a538b3cdc489/elements[39m
[35m[HTTP][39m [90m{"using":"xpath","value":"//*[@class = 'android.widget.TextView' and (@text = 'Set Up Wallet' or . = 'Set Up Wallet')]"}[39m
[35m[HTTP][39m [37m<-- POST /wd/hub/session/76095bb6-6852-4a5a-aa0f-a538b3cdc489/elements [39m[32m200[39m [90m95 ms - 12[39m
[35m[HTTP][39m [90m[39m
[35m[HTTP][39m [37m-->[39m [37mPOST[39m [37m/wd/hub/session/76095bb6-6852-4a5a-aa0f-a538b3cdc489/elements[39m
[35m[HTTP][39m [90m{"using":"xpath","value":"//*[@class = 'android.widget.TextView' and (@text = 'Set Up Wallet' or . = 'Set Up Wallet')]"}[39m
[35m[HTTP][39m [37m<-- POST /wd/hub/session/76095bb6-6852-4a5a-aa0f-a538b3cdc489/elements [39m[32m200[39m [90m93 ms - 12[39m
[35m[HTTP][39m [90m[39m
[35m[HTTP][39m [37m-->[39m [37mPOST[39m [37m/wd/hub/session/76095bb6-6852-4a5a-aa0f-a538b3cdc489/elements[39m
[35m[HTTP][39m [90m{"using":"xpath","value":"//*[@class = 'android.widget.TextView' and (@text = 'Set Up Wallet' or . = 'Set Up Wallet')]"}[39m
[35m[HTTP][39m [37m<-- POST /wd/hub/session/76095bb6-6852-4a5a-aa0f-a538b3cdc489/elements [39m[32m200[39m [90m95 ms - 12[39m
[35m[HTTP][39m [90m[39m
[35m[HTTP][39m [37m-->[39m [37mPOST[39m [37m/wd/hub/session/76095bb6-6852-4a5a-aa0f-a538b3cdc489/elements[39m
[35m[HTTP][39m [90m{"using":"xpath","value":"//*[@class = 'android.widget.TextView' and (@text = 'Set Up Wallet' or . = 'Set Up Wallet')]"}[39m
[35m[HTTP][39m [37m<-- POST /wd/hub/session/76095bb6-6852-4a5a-aa0f-a538b3cdc489/elements [39m[32m200[39m [90m88 ms - 12[39m
[35m[HTTP][39m [90m[39m
[35m[HTTP][39m [37m-->[39m [37mPOST[39m [37m/wd/hub/session/76095bb6-6852-4a5a-aa0f-a538b3cdc489/elements[39m
[35m[HTTP][39m [90m{"using":"xpath","value":"//*[@class = 'android.widget.TextView' and (@text = 'Set Up Wallet' or . = 'Set Up Wallet')]"}[39m
[35m[HTTP][39m [37m<-- POST /wd/hub/session/76095bb6-6852-4a5a-aa0f-a538b3cdc489/elements [39m[32m200[39m [90m315 ms - 12[39m
[35m[HTTP][39m [90m[39m
[35m[HTTP][39m [37m-->[39m [37mPOST[39m [37m/wd/hub/session/76095bb6-6852-4a5a-aa0f-a538b3cdc489/elements[39m
[35m[HTTP][39m [90m{"using":"xpath","value":"//*[@class = 'android.widget.TextView' and (@text = 'Set Up Wallet' or . = 'Set Up Wallet')]"}[39m
[35m[HTTP][39m [37m<-- POST /wd/hub/session/76095bb6-6852-4a5a-aa0f-a538b3cdc489/elements [39m[32m-[39m [90m- ms - -[39m
[35m[HTTP][39m [90m[39m
