[35m[Appium][39m Welcome to Appium v1.22.1
[35m[Appium][39m Non-default server args:
[35m[Appium][39m   port: 51443
[35m[Appium][39m   loglevel: info
[35m[Appium][39m   tmpDir: /var/folders/ng/yn0fw_vs06sd52svk474lbd40000gn/T//Katalon/Appium/Temp1644813777590
[35m[Appium][39m   chromedriverPort: 51444
[35m[Appium][39m Deprecated server args:
[35m[Appium][39m   [31m--chromedriver-port[39m => --default-capabilities
[35m[Appium][39m Default capabilities, which will be added to each request unless overridden by desired capabilities:
[35m[Appium][39m   chromedriverPort: 51444
[35m[Appium][39m Appium REST http interface listener started on 0.0.0.0:51443
[35m[HTTP][39m [37m-->[39m [37mGET[39m [37m/wd/hub/status[39m
[35m[HTTP][39m [90m{}[39m
[35m[HTTP][39m [37m<-- GET /wd/hub/status [39m[32m200[39m [90m5 ms - 68[39m
[35m[HTTP][39m [90m[39m
[35m[HTTP][39m [37m-->[39m [37mPOST[39m [37m/wd/hub/session[39m
[35m[HTTP][39m [90m{"desiredCapabilities":{"app":"/Users/a00139272/Katalon Studio/MAE/androidapp/app-sit-universal-release-copy.apk","noReset":true,"appWaitActivity":"*","deviceId":"2252c030550d7ece","deviceName":"samsung SM-G965F (Android 10)","fullReset":false,"platform":"ANDROID","newCommandTimeout":1800,"platformVersion":"10","automationName":"uiautomator2","autoGrantPermissions":true,"platformName":"Android","udid":"2252c030550d7ece","systemPort":51442},"capabilities":{"firstMatch":[{"appium:app":"/Users/a00139272/Katalon Studio/MAE/androidapp/app-sit-universal-release-copy.apk","appium:appWaitActivity":"*","appium:autoGrantPermissions":true,"appium:automationName":"uiautomator2","deviceId":"2252c030550d7ece","appium:deviceName":"samsung SM-G965F (Android 10)","appium:fullReset":false,"appium:newCommandTimeout":1800,"appium:noReset":true,"platform":"ANDROID","platformName":"android","appium:platformVersion":"10","appium:systemPort":51442,"appium:udid":"2252c030550d7ece"}]}}[39m
[35m[BaseDriver][39m The following capabilities are not standard capabilities and should have an extension prefix:
[35m[BaseDriver][39m   deviceId
[35m[BaseDriver][39m   platform
[35m[BaseDriver][39m   chromedriverPort
[35m[Appium][39m Appium v1.22.1 creating new AndroidUiautomator2Driver (v1.70.1) session
[35m[BaseDriver][39m The following capabilities were provided, but are not recognized by Appium:
[35m[BaseDriver][39m   deviceId
[35m[BaseDriver][39m   platform
[35m[BaseDriver][39m Session created with session id: a145c91a-c5cd-46e8-aaa8-307b2e51a7ad
[35m[BaseDriver][39m Using local app '/Users/a00139272/Katalon Studio/MAE/androidapp/app-sit-universal-release-copy.apk'
[35m[ADB][39m Found 1 'build-tools' folders under '/Users/a00139272/.katalon/tools/android_sdk' (newest first):
[35m[ADB][39m     /Users/a00139272/.katalon/tools/android_sdk/build-tools/29.0.3
[35m[ADB][39m Using 'adb' from '/Users/a00139272/.katalon/tools/android_sdk/platform-tools/adb'
[35m[AndroidDriver][39m Retrieving device list
[35m[AndroidDriver][39m Using device: 2252c030550d7ece
[35m[ADB][39m Using 'adb' from '/Users/a00139272/.katalon/tools/android_sdk/platform-tools/adb'
[35m[ADB][39m Getting device platform version
[35m[UiAutomator2][39m Relaxing hidden api policy
[35m[ADB][39m Package name: 'com.maybank2u.life.sit'
[35m[ADB][39m Main activity name: 'com.zoontek.rnbootsplash.RNBootSplashActivity'
[35m[ADB][39m Using 'apksigner.jar' from '/Users/a00139272/.katalon/tools/android_sdk/build-tools/29.0.3/lib/apksigner.jar'
[35m[ADB][39m '/usr/local/lib/node_modules/appium/node_modules/appium-uiautomator2-server/apks/appium-uiautomator2-server-v4.27.0.apk' is signed with the default certificate
[35m[ADB][39m '/usr/local/lib/node_modules/appium/node_modules/appium-uiautomator2-server/apks/appium-uiautomator2-server-debug-androidTest.apk' is signed with the default certificate
[35m[UiAutomator2][39m Server packages are not going to be (re)installed
[35m[ADB][39m Adding packages ["io.appium.settings","io.appium.uiautomator2.server","io.appium.uiautomator2.server.test"] to Doze whitelist
[35m[ADB][39m '/Users/a00139272/Katalon Studio/MAE/androidapp/app-sit-universal-release-copy.apk' is signed with a non-default certificate
[35m[UiAutomator2][39m Starting UIAutomator2 server 4.27.0
[35m[UiAutomator2][39m Using UIAutomator2 server from '/usr/local/lib/node_modules/appium/node_modules/appium-uiautomator2-server/apks/appium-uiautomator2-server-v4.27.0.apk' and test from '/usr/local/lib/node_modules/appium/node_modules/appium-uiautomator2-server/apks/appium-uiautomator2-server-debug-androidTest.apk'
[35m[UiAutomator2][39m Waiting up to 30000ms for UiAutomator2 to be online...
[35m[WD Proxy][39m socket hang up
[35m[WD Proxy][39m socket hang up
[35m[WD Proxy][39m socket hang up
[35m[WD Proxy][39m Determined the downstream protocol as 'W3C'
[35m[AndroidDriver][39m Screen already unlocked, doing nothing
[35m[UiAutomator2][39m Starting 'com.maybank2u.life.sit/com.zoontek.rnbootsplash.RNBootSplashActivity and waiting for 'com.maybank2u.life.sit/*'
[35m[Appium][39m New AndroidUiautomator2Driver session created successfully, session a145c91a-c5cd-46e8-aaa8-307b2e51a7ad added to master session list
[35m[HTTP][39m [37m<-- POST /wd/hub/session [39m[32m200[39m [90m11170 ms - 1442[39m
[35m[HTTP][39m [90m[39m
[35m[HTTP][39m [37m-->[39m [37mGET[39m [37m/wd/hub/session/a145c91a-c5cd-46e8-aaa8-307b2e51a7ad[39m
[35m[HTTP][39m [90m{}[39m
[35m[HTTP][39m [37m<-- GET /wd/hub/session/a145c91a-c5cd-46e8-aaa8-307b2e51a7ad [39m[32m200[39m [90m10 ms - 1396[39m
[35m[HTTP][39m [90m[39m
[35m[HTTP][39m [37m-->[39m [37mGET[39m [37m/wd/hub/session/a145c91a-c5cd-46e8-aaa8-307b2e51a7ad[39m
[35m[HTTP][39m [90m{}[39m
[35m[HTTP][39m [37m<-- GET /wd/hub/session/a145c91a-c5cd-46e8-aaa8-307b2e51a7ad [39m[32m200[39m [90m8 ms - 1396[39m
[35m[HTTP][39m [90m[39m
[35m[HTTP][39m [37m-->[39m [37mGET[39m [37m/wd/hub/status[39m
[35m[HTTP][39m [90m{}[39m
[35m[HTTP][39m [37m<-- GET /wd/hub/status [39m[32m200[39m [90m1 ms - 68[39m
[35m[HTTP][39m [90m[39m
[35m[HTTP][39m [37m-->[39m [37mPOST[39m [37m/wd/hub/session/a145c91a-c5cd-46e8-aaa8-307b2e51a7ad/timeouts[39m
[35m[HTTP][39m [90m{"implicit":20000}[39m
[35m[HTTP][39m [37m<-- POST /wd/hub/session/a145c91a-c5cd-46e8-aaa8-307b2e51a7ad/timeouts [39m[32m200[39m [90m2 ms - 14[39m
[35m[HTTP][39m [90m[39m
[35m[HTTP][39m [37m-->[39m [37mGET[39m [37m/wd/hub/session/a145c91a-c5cd-46e8-aaa8-307b2e51a7ad/screenshot[39m
[35m[HTTP][39m [90m{}[39m
[35m[HTTP][39m [37m<-- GET /wd/hub/session/a145c91a-c5cd-46e8-aaa8-307b2e51a7ad/screenshot [39m[32m200[39m [90m594 ms - 188058[39m
[35m[HTTP][39m [90m[39m
[35m[HTTP][39m [37m-->[39m [37mGET[39m [37m/wd/hub/session/a145c91a-c5cd-46e8-aaa8-307b2e51a7ad/window/rect[39m
[35m[HTTP][39m [90m{}[39m
[35m[HTTP][39m [37m<-- GET /wd/hub/session/a145c91a-c5cd-46e8-aaa8-307b2e51a7ad/window/rect [39m[32m200[39m [90m30 ms - 50[39m
[35m[HTTP][39m [90m[39m
[35m[HTTP][39m [37m-->[39m [37mGET[39m [37m/wd/hub/session/a145c91a-c5cd-46e8-aaa8-307b2e51a7ad/appium/device/system_bars[39m
[35m[HTTP][39m [90m{}[39m
[35m[HTTP][39m [37m<-- GET /wd/hub/session/a145c91a-c5cd-46e8-aaa8-307b2e51a7ad/appium/device/system_bars [39m[32m200[39m [90m67 ms - 148[39m
[35m[HTTP][39m [90m[39m
[35m[HTTP][39m [37m-->[39m [37mPOST[39m [37m/wd/hub/session/a145c91a-c5cd-46e8-aaa8-307b2e51a7ad/touch/perform[39m
[35m[HTTP][39m [90m{"actions":[{"action":"tap","options":{"x":1250,"y":2667}},{"action":"wait","options":{"ms":50}}]}[39m
[35m[HTTP][39m [37m<-- POST /wd/hub/session/a145c91a-c5cd-46e8-aaa8-307b2e51a7ad/touch/perform [39m[32m200[39m [90m242 ms - 14[39m
[35m[HTTP][39m [90m[39m
[35m[HTTP][39m [37m-->[39m [37mPOST[39m [37m/wd/hub/session/a145c91a-c5cd-46e8-aaa8-307b2e51a7ad/touch/perform[39m
[35m[HTTP][39m [90m{"actions":[{"action":"tap","options":{"x":1250,"y":2667}},{"action":"wait","options":{"ms":50}}]}[39m
[35m[HTTP][39m [37m<-- POST /wd/hub/session/a145c91a-c5cd-46e8-aaa8-307b2e51a7ad/touch/perform [39m[32m200[39m [90m1361 ms - 14[39m
[35m[HTTP][39m [90m[39m
[35m[HTTP][39m [37m-->[39m [37mPOST[39m [37m/wd/hub/session/a145c91a-c5cd-46e8-aaa8-307b2e51a7ad/timeouts[39m
[35m[HTTP][39m [90m{"implicit":50}[39m
[35m[HTTP][39m [37m<-- POST /wd/hub/session/a145c91a-c5cd-46e8-aaa8-307b2e51a7ad/timeouts [39m[32m200[39m [90m1 ms - 14[39m
[35m[HTTP][39m [90m[39m
[35m[HTTP][39m [37m-->[39m [37mGET[39m [37m/wd/hub/session/a145c91a-c5cd-46e8-aaa8-307b2e51a7ad/window/rect[39m
[35m[HTTP][39m [90m{}[39m
[35m[HTTP][39m [37m<-- GET /wd/hub/session/a145c91a-c5cd-46e8-aaa8-307b2e51a7ad/window/rect [39m[32m200[39m [90m14 ms - 50[39m
[35m[HTTP][39m [90m[39m
[35m[HTTP][39m [37m-->[39m [37mPOST[39m [37m/wd/hub/session/a145c91a-c5cd-46e8-aaa8-307b2e51a7ad/elements[39m
[35m[HTTP][39m [90m{"using":"xpath","value":"//*[@class = 'android.widget.TextView' and (@text = 'Tabung' or . = 'Tabung')]"}[39m
[35m[HTTP][39m [37m<-- POST /wd/hub/session/a145c91a-c5cd-46e8-aaa8-307b2e51a7ad/elements [39m[32m200[39m [90m338 ms - 12[39m
[35m[HTTP][39m [90m[39m
[35m[HTTP][39m [37m-->[39m [37mPOST[39m [37m/wd/hub/session/a145c91a-c5cd-46e8-aaa8-307b2e51a7ad/elements[39m
[35m[HTTP][39m [90m{"using":"xpath","value":"//*[@class = 'android.widget.TextView' and (@text = 'Tabung' or . = 'Tabung')]"}[39m
[35m[HTTP][39m [37m<-- POST /wd/hub/session/a145c91a-c5cd-46e8-aaa8-307b2e51a7ad/elements [39m[32m200[39m [90m80 ms - 12[39m
[35m[HTTP][39m [90m[39m
[35m[HTTP][39m [37m-->[39m [37mPOST[39m [37m/wd/hub/session/a145c91a-c5cd-46e8-aaa8-307b2e51a7ad/elements[39m
[35m[HTTP][39m [90m{"using":"xpath","value":"//*[@class = 'android.widget.TextView' and (@text = 'Tabung' or . = 'Tabung')]"}[39m
[35m[HTTP][39m [37m<-- POST /wd/hub/session/a145c91a-c5cd-46e8-aaa8-307b2e51a7ad/elements [39m[32m200[39m [90m85 ms - 12[39m
[35m[HTTP][39m [90m[39m
[35m[HTTP][39m [37m-->[39m [37mPOST[39m [37m/wd/hub/session/a145c91a-c5cd-46e8-aaa8-307b2e51a7ad/elements[39m
[35m[HTTP][39m [90m{"using":"xpath","value":"//*[@class = 'android.widget.TextView' and (@text = 'Tabung' or . = 'Tabung')]"}[39m
[35m[HTTP][39m [37m<-- POST /wd/hub/session/a145c91a-c5cd-46e8-aaa8-307b2e51a7ad/elements [39m[32m200[39m [90m66 ms - 12[39m
[35m[HTTP][39m [90m[39m
[35m[HTTP][39m [37m-->[39m [37mPOST[39m [37m/wd/hub/session/a145c91a-c5cd-46e8-aaa8-307b2e51a7ad/elements[39m
[35m[HTTP][39m [90m{"using":"xpath","value":"//*[@class = 'android.widget.TextView' and (@text = 'Tabung' or . = 'Tabung')]"}[39m
[35m[HTTP][39m [37m<-- POST /wd/hub/session/a145c91a-c5cd-46e8-aaa8-307b2e51a7ad/elements [39m[32m200[39m [90m62 ms - 12[39m
[35m[HTTP][39m [90m[39m
[35m[HTTP][39m [37m-->[39m [37mPOST[39m [37m/wd/hub/session/a145c91a-c5cd-46e8-aaa8-307b2e51a7ad/elements[39m
[35m[HTTP][39m [90m{"using":"xpath","value":"//*[@class = 'android.widget.TextView' and (@text = 'Tabung' or . = 'Tabung')]"}[39m
[35m[HTTP][39m [37m<-- POST /wd/hub/session/a145c91a-c5cd-46e8-aaa8-307b2e51a7ad/elements [39m[32m200[39m [90m65 ms - 12[39m
[35m[HTTP][39m [90m[39m
[35m[HTTP][39m [37m-->[39m [37mPOST[39m [37m/wd/hub/session/a145c91a-c5cd-46e8-aaa8-307b2e51a7ad/elements[39m
[35m[HTTP][39m [90m{"using":"xpath","value":"//*[@class = 'android.widget.TextView' and (@text = 'Tabung' or . = 'Tabung')]"}[39m
[35m[HTTP][39m [37m<-- POST /wd/hub/session/a145c91a-c5cd-46e8-aaa8-307b2e51a7ad/elements [39m[32m200[39m [90m74 ms - 12[39m
[35m[HTTP][39m [90m[39m
[35m[HTTP][39m [37m-->[39m [37mPOST[39m [37m/wd/hub/session/a145c91a-c5cd-46e8-aaa8-307b2e51a7ad/elements[39m
[35m[HTTP][39m [90m{"using":"xpath","value":"//*[@class = 'android.widget.TextView' and (@text = 'Tabung' or . = 'Tabung')]"}[39m
[35m[HTTP][39m [37m<-- POST /wd/hub/session/a145c91a-c5cd-46e8-aaa8-307b2e51a7ad/elements [39m[32m200[39m [90m85 ms - 12[39m
[35m[HTTP][39m [90m[39m
[35m[HTTP][39m [37m-->[39m [37mPOST[39m [37m/wd/hub/session/a145c91a-c5cd-46e8-aaa8-307b2e51a7ad/elements[39m
[35m[HTTP][39m [90m{"using":"xpath","value":"//*[@class = 'android.widget.TextView' and (@text = 'Tabung' or . = 'Tabung')]"}[39m
[35m[HTTP][39m [37m<-- POST /wd/hub/session/a145c91a-c5cd-46e8-aaa8-307b2e51a7ad/elements [39m[32m200[39m [90m75 ms - 12[39m
[35m[HTTP][39m [90m[39m
[35m[HTTP][39m [37m-->[39m [37mPOST[39m [37m/wd/hub/session/a145c91a-c5cd-46e8-aaa8-307b2e51a7ad/elements[39m
[35m[HTTP][39m [90m{"using":"xpath","value":"//*[@class = 'android.widget.TextView' and (@text = 'Tabung' or . = 'Tabung')]"}[39m
[35m[HTTP][39m [37m<-- POST /wd/hub/session/a145c91a-c5cd-46e8-aaa8-307b2e51a7ad/elements [39m[32m200[39m [90m60 ms - 12[39m
[35m[HTTP][39m [90m[39m
[35m[HTTP][39m [37m-->[39m [37mPOST[39m [37m/wd/hub/session/a145c91a-c5cd-46e8-aaa8-307b2e51a7ad/elements[39m
[35m[HTTP][39m [90m{"using":"xpath","value":"//*[@class = 'android.widget.TextView' and (@text = 'Tabung' or . = 'Tabung')]"}[39m
[35m[HTTP][39m [37m<-- POST /wd/hub/session/a145c91a-c5cd-46e8-aaa8-307b2e51a7ad/elements [39m[32m200[39m [90m64 ms - 12[39m
[35m[HTTP][39m [90m[39m
[35m[HTTP][39m [37m-->[39m [37mPOST[39m [37m/wd/hub/session/a145c91a-c5cd-46e8-aaa8-307b2e51a7ad/elements[39m
[35m[HTTP][39m [90m{"using":"xpath","value":"//*[@class = 'android.widget.TextView' and (@text = 'Tabung' or . = 'Tabung')]"}[39m
[35m[HTTP][39m [37m<-- POST /wd/hub/session/a145c91a-c5cd-46e8-aaa8-307b2e51a7ad/elements [39m[32m200[39m [90m60 ms - 12[39m
[35m[HTTP][39m [90m[39m
[35m[HTTP][39m [37m-->[39m [37mPOST[39m [37m/wd/hub/session/a145c91a-c5cd-46e8-aaa8-307b2e51a7ad/elements[39m
[35m[HTTP][39m [90m{"using":"xpath","value":"//*[@class = 'android.widget.TextView' and (@text = 'Tabung' or . = 'Tabung')]"}[39m
[35m[HTTP][39m [37m<-- POST /wd/hub/session/a145c91a-c5cd-46e8-aaa8-307b2e51a7ad/elements [39m[32m200[39m [90m52 ms - 12[39m
[35m[HTTP][39m [90m[39m
[35m[HTTP][39m [37m-->[39m [37mPOST[39m [37m/wd/hub/session/a145c91a-c5cd-46e8-aaa8-307b2e51a7ad/elements[39m
[35m[HTTP][39m [90m{"using":"xpath","value":"//*[@class = 'android.widget.TextView' and (@text = 'Tabung' or . = 'Tabung')]"}[39m
[35m[HTTP][39m [37m<-- POST /wd/hub/session/a145c91a-c5cd-46e8-aaa8-307b2e51a7ad/elements [39m[32m200[39m [90m59 ms - 12[39m
[35m[HTTP][39m [90m[39m
[35m[HTTP][39m [37m-->[39m [37mPOST[39m [37m/wd/hub/session/a145c91a-c5cd-46e8-aaa8-307b2e51a7ad/elements[39m
[35m[HTTP][39m [90m{"using":"xpath","value":"//*[@class = 'android.widget.TextView' and (@text = 'Tabung' or . = 'Tabung')]"}[39m
[35m[HTTP][39m [37m<-- POST /wd/hub/session/a145c91a-c5cd-46e8-aaa8-307b2e51a7ad/elements [39m[32m200[39m [90m64 ms - 12[39m
[35m[HTTP][39m [90m[39m
[35m[HTTP][39m [37m-->[39m [37mPOST[39m [37m/wd/hub/session/a145c91a-c5cd-46e8-aaa8-307b2e51a7ad/elements[39m
[35m[HTTP][39m [90m{"using":"xpath","value":"//*[@class = 'android.widget.TextView' and (@text = 'Tabung' or . = 'Tabung')]"}[39m
[35m[HTTP][39m [37m<-- POST /wd/hub/session/a145c91a-c5cd-46e8-aaa8-307b2e51a7ad/elements [39m[32m200[39m [90m54 ms - 12[39m
[35m[HTTP][39m [90m[39m
[35m[HTTP][39m [37m-->[39m [37mPOST[39m [37m/wd/hub/session/a145c91a-c5cd-46e8-aaa8-307b2e51a7ad/elements[39m
[35m[HTTP][39m [90m{"using":"xpath","value":"//*[@class = 'android.widget.TextView' and (@text = 'Tabung' or . = 'Tabung')]"}[39m
[35m[HTTP][39m [37m<-- POST /wd/hub/session/a145c91a-c5cd-46e8-aaa8-307b2e51a7ad/elements [39m[32m200[39m [90m513 ms - 12[39m
[35m[HTTP][39m [90m[39m
[35m[HTTP][39m [37m-->[39m [37mPOST[39m [37m/wd/hub/session/a145c91a-c5cd-46e8-aaa8-307b2e51a7ad/elements[39m
[35m[HTTP][39m [90m{"using":"xpath","value":"//*[@class = 'android.widget.TextView' and (@text = 'Tabung' or . = 'Tabung')]"}[39m
[35m[HTTP][39m [37m<-- POST /wd/hub/session/a145c91a-c5cd-46e8-aaa8-307b2e51a7ad/elements [39m[32m200[39m [90m102 ms - 12[39m
[35m[HTTP][39m [90m[39m
[35m[HTTP][39m [37m-->[39m [37mPOST[39m [37m/wd/hub/session/a145c91a-c5cd-46e8-aaa8-307b2e51a7ad/elements[39m
[35m[HTTP][39m [90m{"using":"xpath","value":"//*[@class = 'android.widget.TextView' and (@text = 'Tabung' or . = 'Tabung')]"}[39m
[35m[HTTP][39m [37m<-- POST /wd/hub/session/a145c91a-c5cd-46e8-aaa8-307b2e51a7ad/elements [39m[32m200[39m [90m54 ms - 12[39m
[35m[HTTP][39m [90m[39m
[35m[HTTP][39m [37m-->[39m [37mPOST[39m [37m/wd/hub/session/a145c91a-c5cd-46e8-aaa8-307b2e51a7ad/elements[39m
[35m[HTTP][39m [90m{"using":"xpath","value":"//*[@class = 'android.widget.TextView' and (@text = 'Tabung' or . = 'Tabung')]"}[39m
[35m[HTTP][39m [37m<-- POST /wd/hub/session/a145c91a-c5cd-46e8-aaa8-307b2e51a7ad/elements [39m[32m200[39m [90m53 ms - 12[39m
[35m[HTTP][39m [90m[39m
[35m[HTTP][39m [37m-->[39m [37mPOST[39m [37m/wd/hub/session/a145c91a-c5cd-46e8-aaa8-307b2e51a7ad/elements[39m
[35m[HTTP][39m [90m{"using":"xpath","value":"//*[@class = 'android.widget.TextView' and (@text = 'Tabung' or . = 'Tabung')]"}[39m
[35m[HTTP][39m [37m<-- POST /wd/hub/session/a145c91a-c5cd-46e8-aaa8-307b2e51a7ad/elements [39m[32m200[39m [90m97 ms - 12[39m
[35m[HTTP][39m [90m[39m
[35m[HTTP][39m [37m-->[39m [37mPOST[39m [37m/wd/hub/session/a145c91a-c5cd-46e8-aaa8-307b2e51a7ad/elements[39m
[35m[HTTP][39m [90m{"using":"xpath","value":"//*[@class = 'android.widget.TextView' and (@text = 'Tabung' or . = 'Tabung')]"}[39m
[35m[HTTP][39m [37m<-- POST /wd/hub/session/a145c91a-c5cd-46e8-aaa8-307b2e51a7ad/elements [39m[32m200[39m [90m99 ms - 12[39m
[35m[HTTP][39m [90m[39m
[35m[HTTP][39m [37m-->[39m [37mPOST[39m [37m/wd/hub/session/a145c91a-c5cd-46e8-aaa8-307b2e51a7ad/elements[39m
[35m[HTTP][39m [90m{"using":"xpath","value":"//*[@class = 'android.widget.TextView' and (@text = 'Tabung' or . = 'Tabung')]"}[39m
[35m[HTTP][39m [37m<-- POST /wd/hub/session/a145c91a-c5cd-46e8-aaa8-307b2e51a7ad/elements [39m[32m200[39m [90m59 ms - 12[39m
[35m[HTTP][39m [90m[39m
[35m[HTTP][39m [37m-->[39m [37mPOST[39m [37m/wd/hub/session/a145c91a-c5cd-46e8-aaa8-307b2e51a7ad/elements[39m
[35m[HTTP][39m [90m{"using":"xpath","value":"//*[@class = 'android.widget.TextView' and (@text = 'Tabung' or . = 'Tabung')]"}[39m
[35m[HTTP][39m [37m<-- POST /wd/hub/session/a145c91a-c5cd-46e8-aaa8-307b2e51a7ad/elements [39m[32m200[39m [90m92 ms - 12[39m
[35m[HTTP][39m [90m[39m
[35m[HTTP][39m [37m-->[39m [37mPOST[39m [37m/wd/hub/session/a145c91a-c5cd-46e8-aaa8-307b2e51a7ad/elements[39m
[35m[HTTP][39m [90m{"using":"xpath","value":"//*[@class = 'android.widget.TextView' and (@text = 'Tabung' or . = 'Tabung')]"}[39m
[35m[HTTP][39m [37m<-- POST /wd/hub/session/a145c91a-c5cd-46e8-aaa8-307b2e51a7ad/elements [39m[32m200[39m [90m52 ms - 12[39m
[35m[HTTP][39m [90m[39m
[35m[HTTP][39m [37m-->[39m [37mPOST[39m [37m/wd/hub/session/a145c91a-c5cd-46e8-aaa8-307b2e51a7ad/elements[39m
[35m[HTTP][39m [90m{"using":"xpath","value":"//*[@class = 'android.widget.TextView' and (@text = 'Tabung' or . = 'Tabung')]"}[39m
[35m[HTTP][39m [37m<-- POST /wd/hub/session/a145c91a-c5cd-46e8-aaa8-307b2e51a7ad/elements [39m[32m200[39m [90m95 ms - 12[39m
[35m[HTTP][39m [90m[39m
[35m[HTTP][39m [37m-->[39m [37mPOST[39m [37m/wd/hub/session/a145c91a-c5cd-46e8-aaa8-307b2e51a7ad/elements[39m
[35m[HTTP][39m [90m{"using":"xpath","value":"//*[@class = 'android.widget.TextView' and (@text = 'Tabung' or . = 'Tabung')]"}[39m
[35m[HTTP][39m [37m<-- POST /wd/hub/session/a145c91a-c5cd-46e8-aaa8-307b2e51a7ad/elements [39m[32m200[39m [90m102 ms - 12[39m
[35m[HTTP][39m [90m[39m
[35m[HTTP][39m [37m-->[39m [37mPOST[39m [37m/wd/hub/session/a145c91a-c5cd-46e8-aaa8-307b2e51a7ad/elements[39m
[35m[HTTP][39m [90m{"using":"xpath","value":"//*[@class = 'android.widget.TextView' and (@text = 'Tabung' or . = 'Tabung')]"}[39m
[35m[HTTP][39m [37m<-- POST /wd/hub/session/a145c91a-c5cd-46e8-aaa8-307b2e51a7ad/elements [39m[32m200[39m [90m89 ms - 12[39m
[35m[HTTP][39m [90m[39m
[35m[HTTP][39m [37m-->[39m [37mPOST[39m [37m/wd/hub/session/a145c91a-c5cd-46e8-aaa8-307b2e51a7ad/elements[39m
[35m[HTTP][39m [90m{"using":"xpath","value":"//*[@class = 'android.widget.TextView' and (@text = 'Tabung' or . = 'Tabung')]"}[39m
[35m[HTTP][39m [37m<-- POST /wd/hub/session/a145c91a-c5cd-46e8-aaa8-307b2e51a7ad/elements [39m[32m200[39m [90m89 ms - 12[39m
[35m[HTTP][39m [90m[39m
[35m[HTTP][39m [37m-->[39m [37mPOST[39m [37m/wd/hub/session/a145c91a-c5cd-46e8-aaa8-307b2e51a7ad/elements[39m
[35m[HTTP][39m [90m{"using":"xpath","value":"//*[@class = 'android.widget.TextView' and (@text = 'Tabung' or . = 'Tabung')]"}[39m
[35m[HTTP][39m [37m<-- POST /wd/hub/session/a145c91a-c5cd-46e8-aaa8-307b2e51a7ad/elements [39m[32m200[39m [90m86 ms - 12[39m
[35m[HTTP][39m [90m[39m
[35m[HTTP][39m [37m-->[39m [37mPOST[39m [37m/wd/hub/session/a145c91a-c5cd-46e8-aaa8-307b2e51a7ad/elements[39m
[35m[HTTP][39m [90m{"using":"xpath","value":"//*[@class = 'android.widget.TextView' and (@text = 'Tabung' or . = 'Tabung')]"}[39m
[35m[HTTP][39m [37m<-- POST /wd/hub/session/a145c91a-c5cd-46e8-aaa8-307b2e51a7ad/elements [39m[32m200[39m [90m86 ms - 12[39m
[35m[HTTP][39m [90m[39m
[35m[HTTP][39m [37m-->[39m [37mPOST[39m [37m/wd/hub/session/a145c91a-c5cd-46e8-aaa8-307b2e51a7ad/elements[39m
[35m[HTTP][39m [90m{"using":"xpath","value":"//*[@class = 'android.widget.TextView' and (@text = 'Tabung' or . = 'Tabung')]"}[39m
[35m[HTTP][39m [37m<-- POST /wd/hub/session/a145c91a-c5cd-46e8-aaa8-307b2e51a7ad/elements [39m[32m200[39m [90m87 ms - 12[39m
[35m[HTTP][39m [90m[39m
[35m[HTTP][39m [37m-->[39m [37mPOST[39m [37m/wd/hub/session/a145c91a-c5cd-46e8-aaa8-307b2e51a7ad/elements[39m
[35m[HTTP][39m [90m{"using":"xpath","value":"//*[@class = 'android.widget.TextView' and (@text = 'Tabung' or . = 'Tabung')]"}[39m
[35m[HTTP][39m [37m<-- POST /wd/hub/session/a145c91a-c5cd-46e8-aaa8-307b2e51a7ad/elements [39m[32m200[39m [90m86 ms - 12[39m
[35m[HTTP][39m [90m[39m
[35m[HTTP][39m [37m-->[39m [37mPOST[39m [37m/wd/hub/session/a145c91a-c5cd-46e8-aaa8-307b2e51a7ad/elements[39m
[35m[HTTP][39m [90m{"using":"xpath","value":"//*[@class = 'android.widget.TextView' and (@text = 'Tabung' or . = 'Tabung')]"}[39m
[35m[HTTP][39m [37m<-- POST /wd/hub/session/a145c91a-c5cd-46e8-aaa8-307b2e51a7ad/elements [39m[32m200[39m [90m53 ms - 12[39m
[35m[HTTP][39m [90m[39m
[35m[HTTP][39m [37m-->[39m [37mPOST[39m [37m/wd/hub/session/a145c91a-c5cd-46e8-aaa8-307b2e51a7ad/elements[39m
[35m[HTTP][39m [90m{"using":"xpath","value":"//*[@class = 'android.widget.TextView' and (@text = 'Tabung' or . = 'Tabung')]"}[39m
[35m[HTTP][39m [37m<-- POST /wd/hub/session/a145c91a-c5cd-46e8-aaa8-307b2e51a7ad/elements [39m[32m200[39m [90m86 ms - 12[39m
[35m[HTTP][39m [90m[39m
[35m[HTTP][39m [37m-->[39m [37mPOST[39m [37m/wd/hub/session/a145c91a-c5cd-46e8-aaa8-307b2e51a7ad/elements[39m
[35m[HTTP][39m [90m{"using":"xpath","value":"//*[@class = 'android.widget.TextView' and (@text = 'Tabung' or . = 'Tabung')]"}[39m
[35m[HTTP][39m [37m<-- POST /wd/hub/session/a145c91a-c5cd-46e8-aaa8-307b2e51a7ad/elements [39m[32m200[39m [90m91 ms - 12[39m
[35m[HTTP][39m [90m[39m
[35m[HTTP][39m [37m-->[39m [37mPOST[39m [37m/wd/hub/session/a145c91a-c5cd-46e8-aaa8-307b2e51a7ad/elements[39m
[35m[HTTP][39m [90m{"using":"xpath","value":"//*[@class = 'android.widget.TextView' and (@text = 'Tabung' or . = 'Tabung')]"}[39m
[35m[HTTP][39m [37m<-- POST /wd/hub/session/a145c91a-c5cd-46e8-aaa8-307b2e51a7ad/elements [39m[32m200[39m [90m81 ms - 12[39m
[35m[HTTP][39m [90m[39m
[35m[HTTP][39m [37m-->[39m [37mPOST[39m [37m/wd/hub/session/a145c91a-c5cd-46e8-aaa8-307b2e51a7ad/elements[39m
[35m[HTTP][39m [90m{"using":"xpath","value":"//*[@class = 'android.widget.TextView' and (@text = 'Tabung' or . = 'Tabung')]"}[39m
[35m[HTTP][39m [37m<-- POST /wd/hub/session/a145c91a-c5cd-46e8-aaa8-307b2e51a7ad/elements [39m[32m200[39m [90m95 ms - 12[39m
[35m[HTTP][39m [90m[39m
[35m[HTTP][39m [37m-->[39m [37mPOST[39m [37m/wd/hub/session/a145c91a-c5cd-46e8-aaa8-307b2e51a7ad/elements[39m
[35m[HTTP][39m [90m{"using":"xpath","value":"//*[@class = 'android.widget.TextView' and (@text = 'Tabung' or . = 'Tabung')]"}[39m
[35m[HTTP][39m [37m<-- POST /wd/hub/session/a145c91a-c5cd-46e8-aaa8-307b2e51a7ad/elements [39m[32m200[39m [90m89 ms - 12[39m
[35m[HTTP][39m [90m[39m
[35m[HTTP][39m [37m-->[39m [37mPOST[39m [37m/wd/hub/session/a145c91a-c5cd-46e8-aaa8-307b2e51a7ad/elements[39m
[35m[HTTP][39m [90m{"using":"xpath","value":"//*[@class = 'android.widget.TextView' and (@text = 'Tabung' or . = 'Tabung')]"}[39m
[35m[HTTP][39m [37m<-- POST /wd/hub/session/a145c91a-c5cd-46e8-aaa8-307b2e51a7ad/elements [39m[32m200[39m [90m87 ms - 12[39m
[35m[HTTP][39m [90m[39m
[35m[HTTP][39m [37m-->[39m [37mPOST[39m [37m/wd/hub/session/a145c91a-c5cd-46e8-aaa8-307b2e51a7ad/elements[39m
[35m[HTTP][39m [90m{"using":"xpath","value":"//*[@class = 'android.widget.TextView' and (@text = 'Tabung' or . = 'Tabung')]"}[39m
[35m[HTTP][39m [37m<-- POST /wd/hub/session/a145c91a-c5cd-46e8-aaa8-307b2e51a7ad/elements [39m[32m200[39m [90m90 ms - 12[39m
[35m[HTTP][39m [90m[39m
[35m[HTTP][39m [37m-->[39m [37mPOST[39m [37m/wd/hub/session/a145c91a-c5cd-46e8-aaa8-307b2e51a7ad/elements[39m
[35m[HTTP][39m [90m{"using":"xpath","value":"//*[@class = 'android.widget.TextView' and (@text = 'Tabung' or . = 'Tabung')]"}[39m
[35m[HTTP][39m [37m<-- POST /wd/hub/session/a145c91a-c5cd-46e8-aaa8-307b2e51a7ad/elements [39m[32m200[39m [90m85 ms - 12[39m
[35m[HTTP][39m [90m[39m
[35m[HTTP][39m [37m-->[39m [37mPOST[39m [37m/wd/hub/session/a145c91a-c5cd-46e8-aaa8-307b2e51a7ad/elements[39m
[35m[HTTP][39m [90m{"using":"xpath","value":"//*[@class = 'android.widget.TextView' and (@text = 'Tabung' or . = 'Tabung')]"}[39m
[35m[HTTP][39m [37m<-- POST /wd/hub/session/a145c91a-c5cd-46e8-aaa8-307b2e51a7ad/elements [39m[32m200[39m [90m80 ms - 12[39m
[35m[HTTP][39m [90m[39m
[35m[HTTP][39m [37m-->[39m [37mPOST[39m [37m/wd/hub/session/a145c91a-c5cd-46e8-aaa8-307b2e51a7ad/elements[39m
[35m[HTTP][39m [90m{"using":"xpath","value":"//*[@class = 'android.widget.TextView' and (@text = 'Tabung' or . = 'Tabung')]"}[39m
[35m[HTTP][39m [37m<-- POST /wd/hub/session/a145c91a-c5cd-46e8-aaa8-307b2e51a7ad/elements [39m[32m200[39m [90m87 ms - 12[39m
[35m[HTTP][39m [90m[39m
[35m[HTTP][39m [37m-->[39m [37mPOST[39m [37m/wd/hub/session/a145c91a-c5cd-46e8-aaa8-307b2e51a7ad/elements[39m
[35m[HTTP][39m [90m{"using":"xpath","value":"//*[@class = 'android.widget.TextView' and (@text = 'Tabung' or . = 'Tabung')]"}[39m
[35m[HTTP][39m [37m<-- POST /wd/hub/session/a145c91a-c5cd-46e8-aaa8-307b2e51a7ad/elements [39m[32m200[39m [90m95 ms - 12[39m
[35m[HTTP][39m [90m[39m
[35m[HTTP][39m [37m-->[39m [37mPOST[39m [37m/wd/hub/session/a145c91a-c5cd-46e8-aaa8-307b2e51a7ad/elements[39m
[35m[HTTP][39m [90m{"using":"xpath","value":"//*[@class = 'android.widget.TextView' and (@text = 'Tabung' or . = 'Tabung')]"}[39m
[35m[HTTP][39m [37m<-- POST /wd/hub/session/a145c91a-c5cd-46e8-aaa8-307b2e51a7ad/elements [39m[32m200[39m [90m85 ms - 12[39m
[35m[HTTP][39m [90m[39m
[35m[HTTP][39m [37m-->[39m [37mPOST[39m [37m/wd/hub/session/a145c91a-c5cd-46e8-aaa8-307b2e51a7ad/elements[39m
[35m[HTTP][39m [90m{"using":"xpath","value":"//*[@class = 'android.widget.TextView' and (@text = 'Tabung' or . = 'Tabung')]"}[39m
[35m[HTTP][39m [37m<-- POST /wd/hub/session/a145c91a-c5cd-46e8-aaa8-307b2e51a7ad/elements [39m[32m200[39m [90m90 ms - 12[39m
[35m[HTTP][39m [90m[39m
[35m[HTTP][39m [37m-->[39m [37mPOST[39m [37m/wd/hub/session/a145c91a-c5cd-46e8-aaa8-307b2e51a7ad/elements[39m
[35m[HTTP][39m [90m{"using":"xpath","value":"//*[@class = 'android.widget.TextView' and (@text = 'Tabung' or . = 'Tabung')]"}[39m
[35m[HTTP][39m [37m<-- POST /wd/hub/session/a145c91a-c5cd-46e8-aaa8-307b2e51a7ad/elements [39m[32m200[39m [90m89 ms - 12[39m
[35m[HTTP][39m [90m[39m
[35m[HTTP][39m [37m-->[39m [37mPOST[39m [37m/wd/hub/session/a145c91a-c5cd-46e8-aaa8-307b2e51a7ad/elements[39m
[35m[HTTP][39m [90m{"using":"xpath","value":"//*[@class = 'android.widget.TextView' and (@text = 'Tabung' or . = 'Tabung')]"}[39m
[35m[HTTP][39m [37m<-- POST /wd/hub/session/a145c91a-c5cd-46e8-aaa8-307b2e51a7ad/elements [39m[32m200[39m [90m86 ms - 12[39m
[35m[HTTP][39m [90m[39m
[35m[HTTP][39m [37m-->[39m [37mPOST[39m [37m/wd/hub/session/a145c91a-c5cd-46e8-aaa8-307b2e51a7ad/elements[39m
[35m[HTTP][39m [90m{"using":"xpath","value":"//*[@class = 'android.widget.TextView' and (@text = 'Tabung' or . = 'Tabung')]"}[39m
[35m[HTTP][39m [37m<-- POST /wd/hub/session/a145c91a-c5cd-46e8-aaa8-307b2e51a7ad/elements [39m[32m200[39m [90m81 ms - 12[39m
[35m[HTTP][39m [90m[39m
[35m[HTTP][39m [37m-->[39m [37mPOST[39m [37m/wd/hub/session/a145c91a-c5cd-46e8-aaa8-307b2e51a7ad/elements[39m
[35m[HTTP][39m [90m{"using":"xpath","value":"//*[@class = 'android.widget.TextView' and (@text = 'Tabung' or . = 'Tabung')]"}[39m
[35m[HTTP][39m [37m<-- POST /wd/hub/session/a145c91a-c5cd-46e8-aaa8-307b2e51a7ad/elements [39m[32m200[39m [90m80 ms - 12[39m
[35m[HTTP][39m [90m[39m
[35m[HTTP][39m [37m-->[39m [37mPOST[39m [37m/wd/hub/session/a145c91a-c5cd-46e8-aaa8-307b2e51a7ad/elements[39m
[35m[HTTP][39m [90m{"using":"xpath","value":"//*[@class = 'android.widget.TextView' and (@text = 'Tabung' or . = 'Tabung')]"}[39m
[35m[HTTP][39m [37m<-- POST /wd/hub/session/a145c91a-c5cd-46e8-aaa8-307b2e51a7ad/elements [39m[32m200[39m [90m83 ms - 12[39m
[35m[HTTP][39m [90m[39m
[35m[HTTP][39m [37m-->[39m [37mPOST[39m [37m/wd/hub/session/a145c91a-c5cd-46e8-aaa8-307b2e51a7ad/elements[39m
[35m[HTTP][39m [90m{"using":"xpath","value":"//*[@class = 'android.widget.TextView' and (@text = 'Tabung' or . = 'Tabung')]"}[39m
[35m[HTTP][39m [37m<-- POST /wd/hub/session/a145c91a-c5cd-46e8-aaa8-307b2e51a7ad/elements [39m[32m200[39m [90m80 ms - 12[39m
[35m[HTTP][39m [90m[39m
[35m[HTTP][39m [37m-->[39m [37mPOST[39m [37m/wd/hub/session/a145c91a-c5cd-46e8-aaa8-307b2e51a7ad/elements[39m
[35m[HTTP][39m [90m{"using":"xpath","value":"//*[@class = 'android.widget.TextView' and (@text = 'Tabung' or . = 'Tabung')]"}[39m
[35m[HTTP][39m [37m<-- POST /wd/hub/session/a145c91a-c5cd-46e8-aaa8-307b2e51a7ad/elements [39m[32m200[39m [90m79 ms - 12[39m
[35m[HTTP][39m [90m[39m
[35m[HTTP][39m [37m-->[39m [37mPOST[39m [37m/wd/hub/session/a145c91a-c5cd-46e8-aaa8-307b2e51a7ad/elements[39m
[35m[HTTP][39m [90m{"using":"xpath","value":"//*[@class = 'android.widget.TextView' and (@text = 'Tabung' or . = 'Tabung')]"}[39m
[35m[HTTP][39m [37m<-- POST /wd/hub/session/a145c91a-c5cd-46e8-aaa8-307b2e51a7ad/elements [39m[32m200[39m [90m110 ms - 12[39m
[35m[HTTP][39m [90m[39m
[35m[HTTP][39m [37m-->[39m [37mPOST[39m [37m/wd/hub/session/a145c91a-c5cd-46e8-aaa8-307b2e51a7ad/elements[39m
[35m[HTTP][39m [90m{"using":"xpath","value":"//*[@class = 'android.widget.TextView' and (@text = 'Tabung' or . = 'Tabung')]"}[39m
[35m[HTTP][39m [37m<-- POST /wd/hub/session/a145c91a-c5cd-46e8-aaa8-307b2e51a7ad/elements [39m[32m200[39m [90m80 ms - 12[39m
[35m[HTTP][39m [90m[39m
[35m[HTTP][39m [37m-->[39m [37mPOST[39m [37m/wd/hub/session/a145c91a-c5cd-46e8-aaa8-307b2e51a7ad/elements[39m
[35m[HTTP][39m [90m{"using":"xpath","value":"//*[@class = 'android.widget.TextView' and (@text = 'Tabung' or . = 'Tabung')]"}[39m
[35m[HTTP][39m [37m<-- POST /wd/hub/session/a145c91a-c5cd-46e8-aaa8-307b2e51a7ad/elements [39m[32m200[39m [90m88 ms - 12[39m
[35m[HTTP][39m [90m[39m
[35m[HTTP][39m [37m-->[39m [37mPOST[39m [37m/wd/hub/session/a145c91a-c5cd-46e8-aaa8-307b2e51a7ad/elements[39m
[35m[HTTP][39m [90m{"using":"xpath","value":"//*[@class = 'android.widget.TextView' and (@text = 'Tabung' or . = 'Tabung')]"}[39m
[35m[HTTP][39m [37m<-- POST /wd/hub/session/a145c91a-c5cd-46e8-aaa8-307b2e51a7ad/elements [39m[32m200[39m [90m89 ms - 12[39m
[35m[HTTP][39m [90m[39m
[35m[HTTP][39m [37m-->[39m [37mPOST[39m [37m/wd/hub/session/a145c91a-c5cd-46e8-aaa8-307b2e51a7ad/elements[39m
[35m[HTTP][39m [90m{"using":"xpath","value":"//*[@class = 'android.widget.TextView' and (@text = 'Tabung' or . = 'Tabung')]"}[39m
[35m[HTTP][39m [37m<-- POST /wd/hub/session/a145c91a-c5cd-46e8-aaa8-307b2e51a7ad/elements [39m[32m200[39m [90m84 ms - 12[39m
[35m[HTTP][39m [90m[39m
[35m[HTTP][39m [37m-->[39m [37mPOST[39m [37m/wd/hub/session/a145c91a-c5cd-46e8-aaa8-307b2e51a7ad/elements[39m
[35m[HTTP][39m [90m{"using":"xpath","value":"//*[@class = 'android.widget.TextView' and (@text = 'Tabung' or . = 'Tabung')]"}[39m
[35m[HTTP][39m [37m<-- POST /wd/hub/session/a145c91a-c5cd-46e8-aaa8-307b2e51a7ad/elements [39m[32m200[39m [90m82 ms - 12[39m
[35m[HTTP][39m [90m[39m
[35m[HTTP][39m [37m-->[39m [37mPOST[39m [37m/wd/hub/session/a145c91a-c5cd-46e8-aaa8-307b2e51a7ad/elements[39m
[35m[HTTP][39m [90m{"using":"xpath","value":"//*[@class = 'android.widget.TextView' and (@text = 'Tabung' or . = 'Tabung')]"}[39m
[35m[HTTP][39m [37m<-- POST /wd/hub/session/a145c91a-c5cd-46e8-aaa8-307b2e51a7ad/elements [39m[32m200[39m [90m82 ms - 12[39m
[35m[HTTP][39m [90m[39m
[35m[HTTP][39m [37m-->[39m [37mPOST[39m [37m/wd/hub/session/a145c91a-c5cd-46e8-aaa8-307b2e51a7ad/elements[39m
[35m[HTTP][39m [90m{"using":"xpath","value":"//*[@class = 'android.widget.TextView' and (@text = 'Tabung' or . = 'Tabung')]"}[39m
[35m[HTTP][39m [37m<-- POST /wd/hub/session/a145c91a-c5cd-46e8-aaa8-307b2e51a7ad/elements [39m[32m200[39m [90m77 ms - 12[39m
[35m[HTTP][39m [90m[39m
[35m[HTTP][39m [37m-->[39m [37mPOST[39m [37m/wd/hub/session/a145c91a-c5cd-46e8-aaa8-307b2e51a7ad/elements[39m
[35m[HTTP][39m [90m{"using":"xpath","value":"//*[@class = 'android.widget.TextView' and (@text = 'Tabung' or . = 'Tabung')]"}[39m
[35m[HTTP][39m [37m<-- POST /wd/hub/session/a145c91a-c5cd-46e8-aaa8-307b2e51a7ad/elements [39m[32m200[39m [90m81 ms - 12[39m
[35m[HTTP][39m [90m[39m
[35m[HTTP][39m [37m-->[39m [37mPOST[39m [37m/wd/hub/session/a145c91a-c5cd-46e8-aaa8-307b2e51a7ad/elements[39m
[35m[HTTP][39m [90m{"using":"xpath","value":"//*[@class = 'android.widget.TextView' and (@text = 'Tabung' or . = 'Tabung')]"}[39m
[35m[HTTP][39m [37m<-- POST /wd/hub/session/a145c91a-c5cd-46e8-aaa8-307b2e51a7ad/elements [39m[32m200[39m [90m87 ms - 12[39m
[35m[HTTP][39m [90m[39m
[35m[HTTP][39m [37m-->[39m [37mPOST[39m [37m/wd/hub/session/a145c91a-c5cd-46e8-aaa8-307b2e51a7ad/elements[39m
[35m[HTTP][39m [90m{"using":"xpath","value":"//*[@class = 'android.widget.TextView' and (@text = 'Tabung' or . = 'Tabung')]"}[39m
[35m[HTTP][39m [37m<-- POST /wd/hub/session/a145c91a-c5cd-46e8-aaa8-307b2e51a7ad/elements [39m[32m200[39m [90m89 ms - 12[39m
[35m[HTTP][39m [90m[39m
[35m[HTTP][39m [37m-->[39m [37mPOST[39m [37m/wd/hub/session/a145c91a-c5cd-46e8-aaa8-307b2e51a7ad/elements[39m
[35m[HTTP][39m [90m{"using":"xpath","value":"//*[@class = 'android.widget.TextView' and (@text = 'Tabung' or . = 'Tabung')]"}[39m
[35m[HTTP][39m [37m<-- POST /wd/hub/session/a145c91a-c5cd-46e8-aaa8-307b2e51a7ad/elements [39m[32m200[39m [90m84 ms - 12[39m
[35m[HTTP][39m [90m[39m
[35m[HTTP][39m [37m-->[39m [37mPOST[39m [37m/wd/hub/session/a145c91a-c5cd-46e8-aaa8-307b2e51a7ad/elements[39m
[35m[HTTP][39m [90m{"using":"xpath","value":"//*[@class = 'android.widget.TextView' and (@text = 'Tabung' or . = 'Tabung')]"}[39m
[35m[HTTP][39m [37m<-- POST /wd/hub/session/a145c91a-c5cd-46e8-aaa8-307b2e51a7ad/elements [39m[32m200[39m [90m79 ms - 12[39m
[35m[HTTP][39m [90m[39m
[35m[HTTP][39m [37m-->[39m [37mPOST[39m [37m/wd/hub/session/a145c91a-c5cd-46e8-aaa8-307b2e51a7ad/elements[39m
[35m[HTTP][39m [90m{"using":"xpath","value":"//*[@class = 'android.widget.TextView' and (@text = 'Tabung' or . = 'Tabung')]"}[39m
[35m[HTTP][39m [37m<-- POST /wd/hub/session/a145c91a-c5cd-46e8-aaa8-307b2e51a7ad/elements [39m[32m200[39m [90m82 ms - 12[39m
[35m[HTTP][39m [90m[39m
[35m[HTTP][39m [37m-->[39m [37mPOST[39m [37m/wd/hub/session/a145c91a-c5cd-46e8-aaa8-307b2e51a7ad/elements[39m
[35m[HTTP][39m [90m{"using":"xpath","value":"//*[@class = 'android.widget.TextView' and (@text = 'Tabung' or . = 'Tabung')]"}[39m
[35m[HTTP][39m [37m<-- POST /wd/hub/session/a145c91a-c5cd-46e8-aaa8-307b2e51a7ad/elements [39m[32m200[39m [90m94 ms - 12[39m
[35m[HTTP][39m [90m[39m
[35m[HTTP][39m [37m-->[39m [37mPOST[39m [37m/wd/hub/session/a145c91a-c5cd-46e8-aaa8-307b2e51a7ad/elements[39m
[35m[HTTP][39m [90m{"using":"xpath","value":"//*[@class = 'android.widget.TextView' and (@text = 'Tabung' or . = 'Tabung')]"}[39m
[35m[HTTP][39m [37m<-- POST /wd/hub/session/a145c91a-c5cd-46e8-aaa8-307b2e51a7ad/elements [39m[32m200[39m [90m83 ms - 12[39m
[35m[HTTP][39m [90m[39m
[35m[HTTP][39m [37m-->[39m [37mPOST[39m [37m/wd/hub/session/a145c91a-c5cd-46e8-aaa8-307b2e51a7ad/elements[39m
[35m[HTTP][39m [90m{"using":"xpath","value":"//*[@class = 'android.widget.TextView' and (@text = 'Tabung' or . = 'Tabung')]"}[39m
[35m[HTTP][39m [37m<-- POST /wd/hub/session/a145c91a-c5cd-46e8-aaa8-307b2e51a7ad/elements [39m[32m200[39m [90m77 ms - 12[39m
[35m[HTTP][39m [90m[39m
[35m[HTTP][39m [37m-->[39m [37mPOST[39m [37m/wd/hub/session/a145c91a-c5cd-46e8-aaa8-307b2e51a7ad/elements[39m
[35m[HTTP][39m [90m{"using":"xpath","value":"//*[@class = 'android.widget.TextView' and (@text = 'Tabung' or . = 'Tabung')]"}[39m
[35m[HTTP][39m [37m<-- POST /wd/hub/session/a145c91a-c5cd-46e8-aaa8-307b2e51a7ad/elements [39m[32m200[39m [90m1430 ms - 12[39m
[35m[HTTP][39m [90m[39m
[35m[HTTP][39m [37m-->[39m [37mPOST[39m [37m/wd/hub/session/a145c91a-c5cd-46e8-aaa8-307b2e51a7ad/elements[39m
[35m[HTTP][39m [90m{"using":"xpath","value":"//*[@class = 'android.widget.TextView' and (@text = 'Tabung' or . = 'Tabung')]"}[39m
[35m[HTTP][39m [37m<-- POST /wd/hub/session/a145c91a-c5cd-46e8-aaa8-307b2e51a7ad/elements [39m[32m200[39m [90m97 ms - 12[39m
[35m[HTTP][39m [90m[39m
[35m[HTTP][39m [37m-->[39m [37mPOST[39m [37m/wd/hub/session/a145c91a-c5cd-46e8-aaa8-307b2e51a7ad/elements[39m
[35m[HTTP][39m [90m{"using":"xpath","value":"//*[@class = 'android.widget.TextView' and (@text = 'Tabung' or . = 'Tabung')]"}[39m
[35m[HTTP][39m [37m<-- POST /wd/hub/session/a145c91a-c5cd-46e8-aaa8-307b2e51a7ad/elements [39m[32m200[39m [90m90 ms - 12[39m
[35m[HTTP][39m [90m[39m
[35m[HTTP][39m [37m-->[39m [37mPOST[39m [37m/wd/hub/session/a145c91a-c5cd-46e8-aaa8-307b2e51a7ad/elements[39m
[35m[HTTP][39m [90m{"using":"xpath","value":"//*[@class = 'android.widget.TextView' and (@text = 'Tabung' or . = 'Tabung')]"}[39m
[35m[HTTP][39m [37m<-- POST /wd/hub/session/a145c91a-c5cd-46e8-aaa8-307b2e51a7ad/elements [39m[32m200[39m [90m92 ms - 12[39m
[35m[HTTP][39m [90m[39m
[35m[HTTP][39m [37m-->[39m [37mPOST[39m [37m/wd/hub/session/a145c91a-c5cd-46e8-aaa8-307b2e51a7ad/elements[39m
[35m[HTTP][39m [90m{"using":"xpath","value":"//*[@class = 'android.widget.TextView' and (@text = 'Tabung' or . = 'Tabung')]"}[39m
[35m[HTTP][39m [37m<-- POST /wd/hub/session/a145c91a-c5cd-46e8-aaa8-307b2e51a7ad/elements [39m[32m200[39m [90m114 ms - 12[39m
[35m[HTTP][39m [90m[39m
[35m[HTTP][39m [37m-->[39m [37mPOST[39m [37m/wd/hub/session/a145c91a-c5cd-46e8-aaa8-307b2e51a7ad/elements[39m
[35m[HTTP][39m [90m{"using":"xpath","value":"//*[@class = 'android.widget.TextView' and (@text = 'Tabung' or . = 'Tabung')]"}[39m
[35m[HTTP][39m [37m<-- POST /wd/hub/session/a145c91a-c5cd-46e8-aaa8-307b2e51a7ad/elements [39m[32m200[39m [90m82 ms - 12[39m
[35m[HTTP][39m [90m[39m
[35m[HTTP][39m [37m-->[39m [37mPOST[39m [37m/wd/hub/session/a145c91a-c5cd-46e8-aaa8-307b2e51a7ad/elements[39m
[35m[HTTP][39m [90m{"using":"xpath","value":"//*[@class = 'android.widget.TextView' and (@text = 'Tabung' or . = 'Tabung')]"}[39m
[35m[HTTP][39m [37m<-- POST /wd/hub/session/a145c91a-c5cd-46e8-aaa8-307b2e51a7ad/elements [39m[32m200[39m [90m627 ms - 12[39m
[35m[HTTP][39m [90m[39m
[35m[HTTP][39m [37m-->[39m [37mPOST[39m [37m/wd/hub/session/a145c91a-c5cd-46e8-aaa8-307b2e51a7ad/elements[39m
[35m[HTTP][39m [90m{"using":"xpath","value":"//*[@class = 'android.widget.TextView' and (@text = 'Tabung' or . = 'Tabung')]"}[39m
[35m[HTTP][39m [37m<-- POST /wd/hub/session/a145c91a-c5cd-46e8-aaa8-307b2e51a7ad/elements [39m[32m200[39m [90m80 ms - 12[39m
[35m[HTTP][39m [90m[39m
[35m[HTTP][39m [37m-->[39m [37mPOST[39m [37m/wd/hub/session/a145c91a-c5cd-46e8-aaa8-307b2e51a7ad/elements[39m
[35m[HTTP][39m [90m{"using":"xpath","value":"//*[@class = 'android.widget.TextView' and (@text = 'Tabung' or . = 'Tabung')]"}[39m
[35m[HTTP][39m [37m<-- POST /wd/hub/session/a145c91a-c5cd-46e8-aaa8-307b2e51a7ad/elements [39m[32m200[39m [90m80 ms - 12[39m
[35m[HTTP][39m [90m[39m
[35m[HTTP][39m [37m-->[39m [37mPOST[39m [37m/wd/hub/session/a145c91a-c5cd-46e8-aaa8-307b2e51a7ad/elements[39m
[35m[HTTP][39m [90m{"using":"xpath","value":"//*[@class = 'android.widget.TextView' and (@text = 'Tabung' or . = 'Tabung')]"}[39m
[35m[HTTP][39m [37m<-- POST /wd/hub/session/a145c91a-c5cd-46e8-aaa8-307b2e51a7ad/elements [39m[32m200[39m [90m82 ms - 12[39m
[35m[HTTP][39m [90m[39m
[35m[HTTP][39m [37m-->[39m [37mPOST[39m [37m/wd/hub/session/a145c91a-c5cd-46e8-aaa8-307b2e51a7ad/elements[39m
[35m[HTTP][39m [90m{"using":"xpath","value":"//*[@class = 'android.widget.TextView' and (@text = 'Tabung' or . = 'Tabung')]"}[39m
[35m[HTTP][39m [37m<-- POST /wd/hub/session/a145c91a-c5cd-46e8-aaa8-307b2e51a7ad/elements [39m[32m200[39m [90m82 ms - 12[39m
[35m[HTTP][39m [90m[39m
[35m[HTTP][39m [37m-->[39m [37mPOST[39m [37m/wd/hub/session/a145c91a-c5cd-46e8-aaa8-307b2e51a7ad/elements[39m
[35m[HTTP][39m [90m{"using":"xpath","value":"//*[@class = 'android.widget.TextView' and (@text = 'Tabung' or . = 'Tabung')]"}[39m
[35m[HTTP][39m [37m<-- POST /wd/hub/session/a145c91a-c5cd-46e8-aaa8-307b2e51a7ad/elements [39m[32m200[39m [90m80 ms - 12[39m
[35m[HTTP][39m [90m[39m
[35m[HTTP][39m [37m-->[39m [37mPOST[39m [37m/wd/hub/session/a145c91a-c5cd-46e8-aaa8-307b2e51a7ad/elements[39m
[35m[HTTP][39m [90m{"using":"xpath","value":"//*[@class = 'android.widget.TextView' and (@text = 'Tabung' or . = 'Tabung')]"}[39m
[35m[HTTP][39m [37m<-- POST /wd/hub/session/a145c91a-c5cd-46e8-aaa8-307b2e51a7ad/elements [39m[32m200[39m [90m81 ms - 12[39m
[35m[HTTP][39m [90m[39m
[35m[HTTP][39m [37m-->[39m [37mPOST[39m [37m/wd/hub/session/a145c91a-c5cd-46e8-aaa8-307b2e51a7ad/elements[39m
[35m[HTTP][39m [90m{"using":"xpath","value":"//*[@class = 'android.widget.TextView' and (@text = 'Tabung' or . = 'Tabung')]"}[39m
[35m[HTTP][39m [37m<-- POST /wd/hub/session/a145c91a-c5cd-46e8-aaa8-307b2e51a7ad/elements [39m[32m200[39m [90m77 ms - 12[39m
[35m[HTTP][39m [90m[39m
[35m[HTTP][39m [37m-->[39m [37mPOST[39m [37m/wd/hub/session/a145c91a-c5cd-46e8-aaa8-307b2e51a7ad/elements[39m
[35m[HTTP][39m [90m{"using":"xpath","value":"//*[@class = 'android.widget.TextView' and (@text = 'Tabung' or . = 'Tabung')]"}[39m
[35m[HTTP][39m [37m<-- POST /wd/hub/session/a145c91a-c5cd-46e8-aaa8-307b2e51a7ad/elements [39m[32m200[39m [90m1572 ms - 12[39m
[35m[HTTP][39m [90m[39m
[35m[HTTP][39m [37m-->[39m [37mPOST[39m [37m/wd/hub/session/a145c91a-c5cd-46e8-aaa8-307b2e51a7ad/elements[39m
[35m[HTTP][39m [90m{"using":"xpath","value":"//*[@class = 'android.widget.TextView' and (@text = 'Tabung' or . = 'Tabung')]"}[39m
[35m[HTTP][39m [37m<-- POST /wd/hub/session/a145c91a-c5cd-46e8-aaa8-307b2e51a7ad/elements [39m[32m200[39m [90m99 ms - 12[39m
[35m[HTTP][39m [90m[39m
[35m[HTTP][39m [37m-->[39m [37mPOST[39m [37m/wd/hub/session/a145c91a-c5cd-46e8-aaa8-307b2e51a7ad/elements[39m
[35m[HTTP][39m [90m{"using":"xpath","value":"//*[@class = 'android.widget.TextView' and (@text = 'Tabung' or . = 'Tabung')]"}[39m
[35m[HTTP][39m [37m<-- POST /wd/hub/session/a145c91a-c5cd-46e8-aaa8-307b2e51a7ad/elements [39m[32m200[39m [90m536 ms - 12[39m
[35m[HTTP][39m [90m[39m
[35m[HTTP][39m [37m-->[39m [37mPOST[39m [37m/wd/hub/session/a145c91a-c5cd-46e8-aaa8-307b2e51a7ad/elements[39m
[35m[HTTP][39m [90m{"using":"xpath","value":"//*[@class = 'android.widget.TextView' and (@text = 'Tabung' or . = 'Tabung')]"}[39m
[35m[HTTP][39m [37m<-- POST /wd/hub/session/a145c91a-c5cd-46e8-aaa8-307b2e51a7ad/elements [39m[32m200[39m [90m96 ms - 12[39m
[35m[HTTP][39m [90m[39m
[35m[HTTP][39m [37m-->[39m [37mPOST[39m [37m/wd/hub/session/a145c91a-c5cd-46e8-aaa8-307b2e51a7ad/elements[39m
[35m[HTTP][39m [90m{"using":"xpath","value":"//*[@class = 'android.widget.TextView' and (@text = 'Tabung' or . = 'Tabung')]"}[39m
[35m[HTTP][39m [37m<-- POST /wd/hub/session/a145c91a-c5cd-46e8-aaa8-307b2e51a7ad/elements [39m[32m200[39m [90m102 ms - 12[39m
[35m[HTTP][39m [90m[39m
[35m[HTTP][39m [37m-->[39m [37mPOST[39m [37m/wd/hub/session/a145c91a-c5cd-46e8-aaa8-307b2e51a7ad/elements[39m
[35m[HTTP][39m [90m{"using":"xpath","value":"//*[@class = 'android.widget.TextView' and (@text = 'Tabung' or . = 'Tabung')]"}[39m
[35m[HTTP][39m [37m<-- POST /wd/hub/session/a145c91a-c5cd-46e8-aaa8-307b2e51a7ad/elements [39m[32m200[39m [90m97 ms - 12[39m
[35m[HTTP][39m [90m[39m
[35m[HTTP][39m [37m-->[39m [37mPOST[39m [37m/wd/hub/session/a145c91a-c5cd-46e8-aaa8-307b2e51a7ad/elements[39m
[35m[HTTP][39m [90m{"using":"xpath","value":"//*[@class = 'android.widget.TextView' and (@text = 'Tabung' or . = 'Tabung')]"}[39m
[35m[HTTP][39m [37m<-- POST /wd/hub/session/a145c91a-c5cd-46e8-aaa8-307b2e51a7ad/elements [39m[32m200[39m [90m99 ms - 12[39m
[35m[HTTP][39m [90m[39m
[35m[HTTP][39m [37m-->[39m [37mPOST[39m [37m/wd/hub/session/a145c91a-c5cd-46e8-aaa8-307b2e51a7ad/elements[39m
[35m[HTTP][39m [90m{"using":"xpath","value":"//*[@class = 'android.widget.TextView' and (@text = 'Tabung' or . = 'Tabung')]"}[39m
[35m[HTTP][39m [37m<-- POST /wd/hub/session/a145c91a-c5cd-46e8-aaa8-307b2e51a7ad/elements [39m[32m200[39m [90m98 ms - 12[39m
[35m[HTTP][39m [90m[39m
[35m[HTTP][39m [37m-->[39m [37mPOST[39m [37m/wd/hub/session/a145c91a-c5cd-46e8-aaa8-307b2e51a7ad/elements[39m
[35m[HTTP][39m [90m{"using":"xpath","value":"//*[@class = 'android.widget.TextView' and (@text = 'Tabung' or . = 'Tabung')]"}[39m
[35m[HTTP][39m [37m<-- POST /wd/hub/session/a145c91a-c5cd-46e8-aaa8-307b2e51a7ad/elements [39m[32m200[39m [90m99 ms - 12[39m
[35m[HTTP][39m [90m[39m
[35m[HTTP][39m [37m-->[39m [37mPOST[39m [37m/wd/hub/session/a145c91a-c5cd-46e8-aaa8-307b2e51a7ad/elements[39m
[35m[HTTP][39m [90m{"using":"xpath","value":"//*[@class = 'android.widget.TextView' and (@text = 'Tabung' or . = 'Tabung')]"}[39m
[35m[HTTP][39m [37m<-- POST /wd/hub/session/a145c91a-c5cd-46e8-aaa8-307b2e51a7ad/elements [39m[32m200[39m [90m96 ms - 12[39m
[35m[HTTP][39m [90m[39m
[35m[HTTP][39m [37m-->[39m [37mPOST[39m [37m/wd/hub/session/a145c91a-c5cd-46e8-aaa8-307b2e51a7ad/elements[39m
[35m[HTTP][39m [90m{"using":"xpath","value":"//*[@class = 'android.widget.TextView' and (@text = 'Tabung' or . = 'Tabung')]"}[39m
[35m[HTTP][39m [37m<-- POST /wd/hub/session/a145c91a-c5cd-46e8-aaa8-307b2e51a7ad/elements [39m[32m200[39m [90m98 ms - 12[39m
[35m[HTTP][39m [90m[39m
[35m[HTTP][39m [37m-->[39m [37mPOST[39m [37m/wd/hub/session/a145c91a-c5cd-46e8-aaa8-307b2e51a7ad/elements[39m
[35m[HTTP][39m [90m{"using":"xpath","value":"//*[@class = 'android.widget.TextView' and (@text = 'Tabung' or . = 'Tabung')]"}[39m
[35m[HTTP][39m [37m<-- POST /wd/hub/session/a145c91a-c5cd-46e8-aaa8-307b2e51a7ad/elements [39m[32m200[39m [90m96 ms - 12[39m
[35m[HTTP][39m [90m[39m
[35m[HTTP][39m [37m-->[39m [37mPOST[39m [37m/wd/hub/session/a145c91a-c5cd-46e8-aaa8-307b2e51a7ad/elements[39m
[35m[HTTP][39m [90m{"using":"xpath","value":"//*[@class = 'android.widget.TextView' and (@text = 'Tabung' or . = 'Tabung')]"}[39m
[35m[HTTP][39m [37m<-- POST /wd/hub/session/a145c91a-c5cd-46e8-aaa8-307b2e51a7ad/elements [39m[32m200[39m [90m98 ms - 12[39m
[35m[HTTP][39m [90m[39m
[35m[HTTP][39m [37m-->[39m [37mPOST[39m [37m/wd/hub/session/a145c91a-c5cd-46e8-aaa8-307b2e51a7ad/elements[39m
[35m[HTTP][39m [90m{"using":"xpath","value":"//*[@class = 'android.widget.TextView' and (@text = 'Tabung' or . = 'Tabung')]"}[39m
[35m[HTTP][39m [37m<-- POST /wd/hub/session/a145c91a-c5cd-46e8-aaa8-307b2e51a7ad/elements [39m[32m200[39m [90m97 ms - 12[39m
[35m[HTTP][39m [90m[39m
[35m[HTTP][39m [37m-->[39m [37mPOST[39m [37m/wd/hub/session/a145c91a-c5cd-46e8-aaa8-307b2e51a7ad/elements[39m
[35m[HTTP][39m [90m{"using":"xpath","value":"//*[@class = 'android.widget.TextView' and (@text = 'Tabung' or . = 'Tabung')]"}[39m
[35m[HTTP][39m [37m<-- POST /wd/hub/session/a145c91a-c5cd-46e8-aaa8-307b2e51a7ad/elements [39m[32m200[39m [90m98 ms - 12[39m
[35m[HTTP][39m [90m[39m
[35m[HTTP][39m [37m-->[39m [37mPOST[39m [37m/wd/hub/session/a145c91a-c5cd-46e8-aaa8-307b2e51a7ad/elements[39m
[35m[HTTP][39m [90m{"using":"xpath","value":"//*[@class = 'android.widget.TextView' and (@text = 'Tabung' or . = 'Tabung')]"}[39m
[35m[HTTP][39m [37m<-- POST /wd/hub/session/a145c91a-c5cd-46e8-aaa8-307b2e51a7ad/elements [39m[32m200[39m [90m92 ms - 12[39m
[35m[HTTP][39m [90m[39m
[35m[HTTP][39m [37m-->[39m [37mPOST[39m [37m/wd/hub/session/a145c91a-c5cd-46e8-aaa8-307b2e51a7ad/elements[39m
[35m[HTTP][39m [90m{"using":"xpath","value":"//*[@class = 'android.widget.TextView' and (@text = 'Tabung' or . = 'Tabung')]"}[39m
[35m[HTTP][39m [37m<-- POST /wd/hub/session/a145c91a-c5cd-46e8-aaa8-307b2e51a7ad/elements [39m[32m200[39m [90m101 ms - 12[39m
[35m[HTTP][39m [90m[39m
[35m[HTTP][39m [37m-->[39m [37mPOST[39m [37m/wd/hub/session/a145c91a-c5cd-46e8-aaa8-307b2e51a7ad/elements[39m
[35m[HTTP][39m [90m{"using":"xpath","value":"//*[@class = 'android.widget.TextView' and (@text = 'Tabung' or . = 'Tabung')]"}[39m
[35m[HTTP][39m [37m<-- POST /wd/hub/session/a145c91a-c5cd-46e8-aaa8-307b2e51a7ad/elements [39m[32m200[39m [90m96 ms - 12[39m
[35m[HTTP][39m [90m[39m
[35m[HTTP][39m [37m-->[39m [37mPOST[39m [37m/wd/hub/session/a145c91a-c5cd-46e8-aaa8-307b2e51a7ad/elements[39m
[35m[HTTP][39m [90m{"using":"xpath","value":"//*[@class = 'android.widget.TextView' and (@text = 'Tabung' or . = 'Tabung')]"}[39m
[35m[HTTP][39m [37m<-- POST /wd/hub/session/a145c91a-c5cd-46e8-aaa8-307b2e51a7ad/elements [39m[32m200[39m [90m99 ms - 12[39m
[35m[HTTP][39m [90m[39m
[35m[HTTP][39m [37m-->[39m [37mPOST[39m [37m/wd/hub/session/a145c91a-c5cd-46e8-aaa8-307b2e51a7ad/elements[39m
[35m[HTTP][39m [90m{"using":"xpath","value":"//*[@class = 'android.widget.TextView' and (@text = 'Tabung' or . = 'Tabung')]"}[39m
[35m[HTTP][39m [37m<-- POST /wd/hub/session/a145c91a-c5cd-46e8-aaa8-307b2e51a7ad/elements [39m[32m200[39m [90m95 ms - 12[39m
[35m[HTTP][39m [90m[39m
[35m[HTTP][39m [37m-->[39m [37mPOST[39m [37m/wd/hub/session/a145c91a-c5cd-46e8-aaa8-307b2e51a7ad/elements[39m
[35m[HTTP][39m [90m{"using":"xpath","value":"//*[@class = 'android.widget.TextView' and (@text = 'Tabung' or . = 'Tabung')]"}[39m
[35m[HTTP][39m [37m<-- POST /wd/hub/session/a145c91a-c5cd-46e8-aaa8-307b2e51a7ad/elements [39m[32m200[39m [90m99 ms - 12[39m
[35m[HTTP][39m [90m[39m
[35m[HTTP][39m [37m-->[39m [37mPOST[39m [37m/wd/hub/session/a145c91a-c5cd-46e8-aaa8-307b2e51a7ad/elements[39m
[35m[HTTP][39m [90m{"using":"xpath","value":"//*[@class = 'android.widget.TextView' and (@text = 'Tabung' or . = 'Tabung')]"}[39m
[35m[HTTP][39m [37m<-- POST /wd/hub/session/a145c91a-c5cd-46e8-aaa8-307b2e51a7ad/elements [39m[32m200[39m [90m97 ms - 12[39m
[35m[HTTP][39m [90m[39m
[35m[HTTP][39m [37m-->[39m [37mPOST[39m [37m/wd/hub/session/a145c91a-c5cd-46e8-aaa8-307b2e51a7ad/elements[39m
[35m[HTTP][39m [90m{"using":"xpath","value":"//*[@class = 'android.widget.TextView' and (@text = 'Tabung' or . = 'Tabung')]"}[39m
[35m[HTTP][39m [37m<-- POST /wd/hub/session/a145c91a-c5cd-46e8-aaa8-307b2e51a7ad/elements [39m[32m200[39m [90m100 ms - 12[39m
[35m[HTTP][39m [90m[39m
[35m[HTTP][39m [37m-->[39m [37mPOST[39m [37m/wd/hub/session/a145c91a-c5cd-46e8-aaa8-307b2e51a7ad/elements[39m
[35m[HTTP][39m [90m{"using":"xpath","value":"//*[@class = 'android.widget.TextView' and (@text = 'Tabung' or . = 'Tabung')]"}[39m
[35m[HTTP][39m [37m<-- POST /wd/hub/session/a145c91a-c5cd-46e8-aaa8-307b2e51a7ad/elements [39m[32m200[39m [90m96 ms - 12[39m
[35m[HTTP][39m [90m[39m
[35m[HTTP][39m [37m-->[39m [37mPOST[39m [37m/wd/hub/session/a145c91a-c5cd-46e8-aaa8-307b2e51a7ad/elements[39m
[35m[HTTP][39m [90m{"using":"xpath","value":"//*[@class = 'android.widget.TextView' and (@text = 'Tabung' or . = 'Tabung')]"}[39m
[35m[HTTP][39m [37m<-- POST /wd/hub/session/a145c91a-c5cd-46e8-aaa8-307b2e51a7ad/elements [39m[32m200[39m [90m101 ms - 12[39m
[35m[HTTP][39m [90m[39m
[35m[HTTP][39m [37m-->[39m [37mPOST[39m [37m/wd/hub/session/a145c91a-c5cd-46e8-aaa8-307b2e51a7ad/elements[39m
[35m[HTTP][39m [90m{"using":"xpath","value":"//*[@class = 'android.widget.TextView' and (@text = 'Tabung' or . = 'Tabung')]"}[39m
[35m[HTTP][39m [37m<-- POST /wd/hub/session/a145c91a-c5cd-46e8-aaa8-307b2e51a7ad/elements [39m[32m200[39m [90m97 ms - 12[39m
[35m[HTTP][39m [90m[39m
[35m[HTTP][39m [37m-->[39m [37mPOST[39m [37m/wd/hub/session/a145c91a-c5cd-46e8-aaa8-307b2e51a7ad/elements[39m
[35m[HTTP][39m [90m{"using":"xpath","value":"//*[@class = 'android.widget.TextView' and (@text = 'Tabung' or . = 'Tabung')]"}[39m
[35m[HTTP][39m [37m<-- POST /wd/hub/session/a145c91a-c5cd-46e8-aaa8-307b2e51a7ad/elements [39m[32m200[39m [90m98 ms - 12[39m
[35m[HTTP][39m [90m[39m
[35m[HTTP][39m [37m-->[39m [37mPOST[39m [37m/wd/hub/session/a145c91a-c5cd-46e8-aaa8-307b2e51a7ad/elements[39m
[35m[HTTP][39m [90m{"using":"xpath","value":"//*[@class = 'android.widget.TextView' and (@text = 'Tabung' or . = 'Tabung')]"}[39m
[35m[HTTP][39m [37m<-- POST /wd/hub/session/a145c91a-c5cd-46e8-aaa8-307b2e51a7ad/elements [39m[32m200[39m [90m97 ms - 12[39m
[35m[HTTP][39m [90m[39m
[35m[HTTP][39m [37m-->[39m [37mPOST[39m [37m/wd/hub/session/a145c91a-c5cd-46e8-aaa8-307b2e51a7ad/elements[39m
[35m[HTTP][39m [90m{"using":"xpath","value":"//*[@class = 'android.widget.TextView' and (@text = 'Tabung' or . = 'Tabung')]"}[39m
[35m[HTTP][39m [37m<-- POST /wd/hub/session/a145c91a-c5cd-46e8-aaa8-307b2e51a7ad/elements [39m[32m200[39m [90m101 ms - 12[39m
[35m[HTTP][39m [90m[39m
[35m[HTTP][39m [37m-->[39m [37mPOST[39m [37m/wd/hub/session/a145c91a-c5cd-46e8-aaa8-307b2e51a7ad/elements[39m
[35m[HTTP][39m [90m{"using":"xpath","value":"//*[@class = 'android.widget.TextView' and (@text = 'Tabung' or . = 'Tabung')]"}[39m
[35m[HTTP][39m [37m<-- POST /wd/hub/session/a145c91a-c5cd-46e8-aaa8-307b2e51a7ad/elements [39m[32m200[39m [90m92 ms - 12[39m
[35m[HTTP][39m [90m[39m
[35m[HTTP][39m [37m-->[39m [37mPOST[39m [37m/wd/hub/session/a145c91a-c5cd-46e8-aaa8-307b2e51a7ad/elements[39m
[35m[HTTP][39m [90m{"using":"xpath","value":"//*[@class = 'android.widget.TextView' and (@text = 'Tabung' or . = 'Tabung')]"}[39m
[35m[HTTP][39m [37m<-- POST /wd/hub/session/a145c91a-c5cd-46e8-aaa8-307b2e51a7ad/elements [39m[32m200[39m [90m109 ms - 12[39m
[35m[HTTP][39m [90m[39m
[35m[HTTP][39m [37m-->[39m [37mPOST[39m [37m/wd/hub/session/a145c91a-c5cd-46e8-aaa8-307b2e51a7ad/elements[39m
[35m[HTTP][39m [90m{"using":"xpath","value":"//*[@class = 'android.widget.TextView' and (@text = 'Tabung' or . = 'Tabung')]"}[39m
[35m[HTTP][39m [37m<-- POST /wd/hub/session/a145c91a-c5cd-46e8-aaa8-307b2e51a7ad/elements [39m[32m200[39m [90m95 ms - 12[39m
[35m[HTTP][39m [90m[39m
[35m[HTTP][39m [37m-->[39m [37mPOST[39m [37m/wd/hub/session/a145c91a-c5cd-46e8-aaa8-307b2e51a7ad/elements[39m
[35m[HTTP][39m [90m{"using":"xpath","value":"//*[@class = 'android.widget.TextView' and (@text = 'Tabung' or . = 'Tabung')]"}[39m
[35m[HTTP][39m [37m<-- POST /wd/hub/session/a145c91a-c5cd-46e8-aaa8-307b2e51a7ad/elements [39m[32m200[39m [90m98 ms - 12[39m
[35m[HTTP][39m [90m[39m
[35m[HTTP][39m [37m-->[39m [37mPOST[39m [37m/wd/hub/session/a145c91a-c5cd-46e8-aaa8-307b2e51a7ad/elements[39m
[35m[HTTP][39m [90m{"using":"xpath","value":"//*[@class = 'android.widget.TextView' and (@text = 'Tabung' or . = 'Tabung')]"}[39m
[35m[HTTP][39m [37m<-- POST /wd/hub/session/a145c91a-c5cd-46e8-aaa8-307b2e51a7ad/elements [39m[32m200[39m [90m95 ms - 12[39m
[35m[HTTP][39m [90m[39m
[35m[HTTP][39m [37m-->[39m [37mPOST[39m [37m/wd/hub/session/a145c91a-c5cd-46e8-aaa8-307b2e51a7ad/elements[39m
[35m[HTTP][39m [90m{"using":"xpath","value":"//*[@class = 'android.widget.TextView' and (@text = 'Tabung' or . = 'Tabung')]"}[39m
[35m[HTTP][39m [37m<-- POST /wd/hub/session/a145c91a-c5cd-46e8-aaa8-307b2e51a7ad/elements [39m[32m200[39m [90m97 ms - 12[39m
[35m[HTTP][39m [90m[39m
[35m[HTTP][39m [37m-->[39m [37mPOST[39m [37m/wd/hub/session/a145c91a-c5cd-46e8-aaa8-307b2e51a7ad/elements[39m
[35m[HTTP][39m [90m{"using":"xpath","value":"//*[@class = 'android.widget.TextView' and (@text = 'Tabung' or . = 'Tabung')]"}[39m
[35m[HTTP][39m [37m<-- POST /wd/hub/session/a145c91a-c5cd-46e8-aaa8-307b2e51a7ad/elements [39m[32m200[39m [90m94 ms - 12[39m
[35m[HTTP][39m [90m[39m
[35m[HTTP][39m [37m-->[39m [37mPOST[39m [37m/wd/hub/session/a145c91a-c5cd-46e8-aaa8-307b2e51a7ad/elements[39m
[35m[HTTP][39m [90m{"using":"xpath","value":"//*[@class = 'android.widget.TextView' and (@text = 'Tabung' or . = 'Tabung')]"}[39m
[35m[HTTP][39m [37m<-- POST /wd/hub/session/a145c91a-c5cd-46e8-aaa8-307b2e51a7ad/elements [39m[32m200[39m [90m97 ms - 12[39m
[35m[HTTP][39m [90m[39m
[35m[HTTP][39m [37m-->[39m [37mPOST[39m [37m/wd/hub/session/a145c91a-c5cd-46e8-aaa8-307b2e51a7ad/elements[39m
[35m[HTTP][39m [90m{"using":"xpath","value":"//*[@class = 'android.widget.TextView' and (@text = 'Tabung' or . = 'Tabung')]"}[39m
[35m[HTTP][39m [37m<-- POST /wd/hub/session/a145c91a-c5cd-46e8-aaa8-307b2e51a7ad/elements [39m[32m200[39m [90m95 ms - 12[39m
[35m[HTTP][39m [90m[39m
[35m[HTTP][39m [37m-->[39m [37mPOST[39m [37m/wd/hub/session/a145c91a-c5cd-46e8-aaa8-307b2e51a7ad/elements[39m
[35m[HTTP][39m [90m{"using":"xpath","value":"//*[@class = 'android.widget.TextView' and (@text = 'Tabung' or . = 'Tabung')]"}[39m
[35m[HTTP][39m [37m<-- POST /wd/hub/session/a145c91a-c5cd-46e8-aaa8-307b2e51a7ad/elements [39m[32m200[39m [90m99 ms - 12[39m
[35m[HTTP][39m [90m[39m
[35m[HTTP][39m [37m-->[39m [37mPOST[39m [37m/wd/hub/session/a145c91a-c5cd-46e8-aaa8-307b2e51a7ad/elements[39m
[35m[HTTP][39m [90m{"using":"xpath","value":"//*[@class = 'android.widget.TextView' and (@text = 'Tabung' or . = 'Tabung')]"}[39m
[35m[HTTP][39m [37m<-- POST /wd/hub/session/a145c91a-c5cd-46e8-aaa8-307b2e51a7ad/elements [39m[32m200[39m [90m98 ms - 12[39m
[35m[HTTP][39m [90m[39m
[35m[HTTP][39m [37m-->[39m [37mPOST[39m [37m/wd/hub/session/a145c91a-c5cd-46e8-aaa8-307b2e51a7ad/elements[39m
[35m[HTTP][39m [90m{"using":"xpath","value":"//*[@class = 'android.widget.TextView' and (@text = 'Tabung' or . = 'Tabung')]"}[39m
[35m[HTTP][39m [37m<-- POST /wd/hub/session/a145c91a-c5cd-46e8-aaa8-307b2e51a7ad/elements [39m[32m200[39m [90m98 ms - 12[39m
[35m[HTTP][39m [90m[39m
[35m[HTTP][39m [37m-->[39m [37mPOST[39m [37m/wd/hub/session/a145c91a-c5cd-46e8-aaa8-307b2e51a7ad/elements[39m
[35m[HTTP][39m [90m{"using":"xpath","value":"//*[@class = 'android.widget.TextView' and (@text = 'Tabung' or . = 'Tabung')]"}[39m
[35m[HTTP][39m [37m<-- POST /wd/hub/session/a145c91a-c5cd-46e8-aaa8-307b2e51a7ad/elements [39m[32m200[39m [90m97 ms - 12[39m
[35m[HTTP][39m [90m[39m
[35m[HTTP][39m [37m-->[39m [37mPOST[39m [37m/wd/hub/session/a145c91a-c5cd-46e8-aaa8-307b2e51a7ad/elements[39m
[35m[HTTP][39m [90m{"using":"xpath","value":"//*[@class = 'android.widget.TextView' and (@text = 'Tabung' or . = 'Tabung')]"}[39m
[35m[HTTP][39m [37m<-- POST /wd/hub/session/a145c91a-c5cd-46e8-aaa8-307b2e51a7ad/elements [39m[32m200[39m [90m98 ms - 12[39m
[35m[HTTP][39m [90m[39m
[35m[HTTP][39m [37m-->[39m [37mPOST[39m [37m/wd/hub/session/a145c91a-c5cd-46e8-aaa8-307b2e51a7ad/elements[39m
[35m[HTTP][39m [90m{"using":"xpath","value":"//*[@class = 'android.widget.TextView' and (@text = 'Tabung' or . = 'Tabung')]"}[39m
[35m[HTTP][39m [37m<-- POST /wd/hub/session/a145c91a-c5cd-46e8-aaa8-307b2e51a7ad/elements [39m[32m200[39m [90m98 ms - 12[39m
[35m[HTTP][39m [90m[39m
[35m[HTTP][39m [37m-->[39m [37mPOST[39m [37m/wd/hub/session/a145c91a-c5cd-46e8-aaa8-307b2e51a7ad/elements[39m
[35m[HTTP][39m [90m{"using":"xpath","value":"//*[@class = 'android.widget.TextView' and (@text = 'Tabung' or . = 'Tabung')]"}[39m
[35m[HTTP][39m [37m<-- POST /wd/hub/session/a145c91a-c5cd-46e8-aaa8-307b2e51a7ad/elements [39m[32m200[39m [90m98 ms - 12[39m
[35m[HTTP][39m [90m[39m
[35m[HTTP][39m [37m-->[39m [37mPOST[39m [37m/wd/hub/session/a145c91a-c5cd-46e8-aaa8-307b2e51a7ad/elements[39m
[35m[HTTP][39m [90m{"using":"xpath","value":"//*[@class = 'android.widget.TextView' and (@text = 'Tabung' or . = 'Tabung')]"}[39m
[35m[HTTP][39m [37m<-- POST /wd/hub/session/a145c91a-c5cd-46e8-aaa8-307b2e51a7ad/elements [39m[32m200[39m [90m95 ms - 12[39m
[35m[HTTP][39m [90m[39m
