[35m[Appium][39m Welcome to Appium v1.22.1
[35m[Appium][39m Non-default server args:
[35m[Appium][39m   port: 61855
[35m[Appium][39m   loglevel: info
[35m[Appium][39m   tmpDir: /var/folders/ng/yn0fw_vs06sd52svk474lbd40000gn/T//Katalon/Appium/Temp1655364036636
[35m[Appium][39m   chromedriverPort: 61856
[35m[Appium][39m Deprecated server args:
[35m[Appium][39m   [31m--chromedriver-port[39m => --default-capabilities
[35m[Appium][39m Default capabilities, which will be added to each request unless overridden by desired capabilities:
[35m[Appium][39m   chromedriverPort: 61856
[35m[Appium][39m Appium REST http interface listener started on 0.0.0.0:61855
[35m[HTTP][39m [37m-->[39m [37mGET[39m [37m/wd/hub/status[39m
[35m[HTTP][39m [90m{}[39m
[35m[HTTP][39m [37m<-- GET /wd/hub/status [39m[32m200[39m [90m5 ms - 68[39m
[35m[HTTP][39m [90m[39m
[35m[HTTP][39m [37m-->[39m [37mPOST[39m [37m/wd/hub/session[39m
[35m[HTTP][39m [90m{"desiredCapabilities":{"app":"/Users/a00139272/Katalon Studio/MAE/androidapp/app-dev-universal-release (1).apk","appPackage":"com.maybank2u.life.sit","noReset":true,"appWaitActivity":"*","deviceId":"002b9cc60508","deviceName":"Xiaomi 21061119AG (Android 11)","fullReset":false,"platform":"ANDROID","appActivity":"com.maybank2u.life.MainActivity","newCommandTimeout":1800,"platformVersion":"11","automationName":"uiautomator2","autoGrantPermissions":true,"platformName":"Android","udid":"002b9cc60508","systemPort":61854},"capabilities":{"firstMatch":[{"appium:app":"/Users/a00139272/Katalon Studio/MAE/androidapp/app-dev-universal-release (1).apk","appium:appActivity":"com.maybank2u.life.MainActivity","appium:appPackage":"com.maybank2u.life.sit","appium:appWaitActivity":"*","appium:autoGrantPermissions":true,"appium:automationName":"uiautomator2","deviceId":"002b9cc60508","appium:deviceName":"Xiaomi 21061119AG (Android 11)","appium:fullReset":false,"appium:newCommandTimeout":1800,"appium:noReset":true,"platform":...[39m
[35m[BaseDriver][39m The following capabilities are not standard capabilities and should have an extension prefix:
[35m[BaseDriver][39m   deviceId
[35m[BaseDriver][39m   platform
[35m[BaseDriver][39m   chromedriverPort
[35m[Appium][39m Appium v1.22.1 creating new AndroidUiautomator2Driver (v1.70.1) session
[35m[BaseDriver][39m The following capabilities were provided, but are not recognized by Appium:
[35m[BaseDriver][39m   deviceId
[35m[BaseDriver][39m   platform
[35m[BaseDriver][39m Session created with session id: 0ab2c554-b46e-42a0-a44e-92d87b71c2d1
[35m[BaseDriver][39m Using local app '/Users/a00139272/Katalon Studio/MAE/androidapp/app-dev-universal-release (1).apk'
[35m[ADB][39m Found 1 'build-tools' folders under '/Users/a00139272/.katalon/tools/android_sdk' (newest first):
[35m[ADB][39m     /Users/a00139272/.katalon/tools/android_sdk/build-tools/29.0.3
[35m[ADB][39m Using 'adb' from '/Users/a00139272/.katalon/tools/android_sdk/platform-tools/adb'
[35m[AndroidDriver][39m Retrieving device list
[35m[AndroidDriver][39m Using device: 002b9cc60508
[35m[ADB][39m Using 'adb' from '/Users/a00139272/.katalon/tools/android_sdk/platform-tools/adb'
[35m[ADB][39m Getting device platform version
[35m[UiAutomator2][39m Relaxing hidden api policy
[35m[ADB][39m Using 'apksigner.jar' from '/Users/a00139272/.katalon/tools/android_sdk/build-tools/29.0.3/lib/apksigner.jar'
[35m[ADB][39m '/usr/local/lib/node_modules/appium/node_modules/appium-uiautomator2-server/apks/appium-uiautomator2-server-v4.27.0.apk' is signed with the default certificate
[35m[ADB][39m '/usr/local/lib/node_modules/appium/node_modules/appium-uiautomator2-server/apks/appium-uiautomator2-server-debug-androidTest.apk' is signed with the default certificate
[35m[UiAutomator2][39m Server packages are not going to be (re)installed
[35m[ADB][39m Adding packages ["io.appium.settings","io.appium.uiautomator2.server","io.appium.uiautomator2.server.test"] to Doze whitelist
[35m[ADB][39m '/Users/a00139272/Katalon Studio/MAE/androidapp/app-dev-universal-release (1).apk' is signed with a non-default certificate
[35m[UiAutomator2][39m Starting UIAutomator2 server 4.27.0
[35m[UiAutomator2][39m Using UIAutomator2 server from '/usr/local/lib/node_modules/appium/node_modules/appium-uiautomator2-server/apks/appium-uiautomator2-server-v4.27.0.apk' and test from '/usr/local/lib/node_modules/appium/node_modules/appium-uiautomator2-server/apks/appium-uiautomator2-server-debug-androidTest.apk'
[35m[UiAutomator2][39m Waiting up to 30000ms for UiAutomator2 to be online...
[35m[WD Proxy][39m socket hang up
[35m[WD Proxy][39m socket hang up
[35m[WD Proxy][39m socket hang up
[35m[WD Proxy][39m Determined the downstream protocol as 'W3C'
[35m[AndroidDriver][39m Screen already unlocked, doing nothing
[35m[UiAutomator2][39m Starting 'com.maybank2u.life.sit/com.maybank2u.life.MainActivity and waiting for 'com.maybank2u.life.sit/*'
[35m[Appium][39m New AndroidUiautomator2Driver session created successfully, session 0ab2c554-b46e-42a0-a44e-92d87b71c2d1 added to master session list
[35m[HTTP][39m [37m<-- POST /wd/hub/session [39m[32m200[39m [90m10563 ms - 1555[39m
[35m[HTTP][39m [90m[39m
[35m[HTTP][39m [37m-->[39m [37mGET[39m [37m/wd/hub/session/0ab2c554-b46e-42a0-a44e-92d87b71c2d1[39m
[35m[HTTP][39m [90m{}[39m
[35m[HTTP][39m [37m<-- GET /wd/hub/session/0ab2c554-b46e-42a0-a44e-92d87b71c2d1 [39m[32m200[39m [90m14 ms - 1509[39m
[35m[HTTP][39m [90m[39m
[35m[HTTP][39m [37m-->[39m [37mGET[39m [37m/wd/hub/session/0ab2c554-b46e-42a0-a44e-92d87b71c2d1[39m
[35m[HTTP][39m [90m{}[39m
[35m[HTTP][39m [37m<-- GET /wd/hub/session/0ab2c554-b46e-42a0-a44e-92d87b71c2d1 [39m[32m200[39m [90m11 ms - 1509[39m
[35m[HTTP][39m [90m[39m
[35m[HTTP][39m [37m-->[39m [37mGET[39m [37m/wd/hub/status[39m
[35m[HTTP][39m [90m{}[39m
[35m[HTTP][39m [37m<-- GET /wd/hub/status [39m[32m200[39m [90m1 ms - 68[39m
[35m[HTTP][39m [90m[39m
[35m[HTTP][39m [37m-->[39m [37mPOST[39m [37m/wd/hub/session/0ab2c554-b46e-42a0-a44e-92d87b71c2d1/timeouts[39m
[35m[HTTP][39m [90m{"implicit":40000}[39m
[35m[HTTP][39m [37m<-- POST /wd/hub/session/0ab2c554-b46e-42a0-a44e-92d87b71c2d1/timeouts [39m[32m200[39m [90m2 ms - 14[39m
[35m[HTTP][39m [90m[39m
[35m[HTTP][39m [37m-->[39m [37mGET[39m [37m/wd/hub/session/0ab2c554-b46e-42a0-a44e-92d87b71c2d1/screenshot[39m
[35m[HTTP][39m [90m{}[39m
[35m[HTTP][39m [37m<-- GET /wd/hub/session/0ab2c554-b46e-42a0-a44e-92d87b71c2d1/screenshot [39m[32m200[39m [90m520 ms - 124428[39m
[35m[HTTP][39m [90m[39m
[35m[HTTP][39m [37m-->[39m [37mGET[39m [37m/wd/hub/session/0ab2c554-b46e-42a0-a44e-92d87b71c2d1/window/rect[39m
[35m[HTTP][39m [90m{}[39m
[35m[HTTP][39m [37m<-- GET /wd/hub/session/0ab2c554-b46e-42a0-a44e-92d87b71c2d1/window/rect [39m[32m200[39m [90m18 ms - 50[39m
[35m[HTTP][39m [90m[39m
[35m[HTTP][39m [37m-->[39m [37mGET[39m [37m/wd/hub/session/0ab2c554-b46e-42a0-a44e-92d87b71c2d1/appium/device/system_bars[39m
[35m[HTTP][39m [90m{}[39m
[35m[HTTP][39m [37m<-- GET /wd/hub/session/0ab2c554-b46e-42a0-a44e-92d87b71c2d1/appium/device/system_bars [39m[32m200[39m [90m68 ms - 149[39m
[35m[HTTP][39m [90m[39m
[35m[HTTP][39m [37m-->[39m [37mGET[39m [37m/wd/hub/session/0ab2c554-b46e-42a0-a44e-92d87b71c2d1/context[39m
[35m[HTTP][39m [90m{}[39m
[35m[HTTP][39m [37m<-- GET /wd/hub/session/0ab2c554-b46e-42a0-a44e-92d87b71c2d1/context [39m[32m200[39m [90m2 ms - 22[39m
[35m[HTTP][39m [90m[39m
[35m[HTTP][39m [37m-->[39m [37mGET[39m [37m/wd/hub/session/0ab2c554-b46e-42a0-a44e-92d87b71c2d1/contexts[39m
[35m[HTTP][39m [90m{}[39m
[35m[HTTP][39m [37m<-- GET /wd/hub/session/0ab2c554-b46e-42a0-a44e-92d87b71c2d1/contexts [39m[32m200[39m [90m53 ms - 24[39m
[35m[HTTP][39m [90m[39m
[35m[HTTP][39m [37m-->[39m [37mPOST[39m [37m/wd/hub/session/0ab2c554-b46e-42a0-a44e-92d87b71c2d1/context[39m
[35m[HTTP][39m [90m{"name":"NATIVE_APP"}[39m
[35m[HTTP][39m [37m<-- POST /wd/hub/session/0ab2c554-b46e-42a0-a44e-92d87b71c2d1/context [39m[32m200[39m [90m2 ms - 14[39m
[35m[HTTP][39m [90m[39m
[35m[HTTP][39m [37m-->[39m [37mGET[39m [37m/wd/hub/session/0ab2c554-b46e-42a0-a44e-92d87b71c2d1/window/rect[39m
[35m[HTTP][39m [90m{}[39m
[35m[HTTP][39m [37m<-- GET /wd/hub/session/0ab2c554-b46e-42a0-a44e-92d87b71c2d1/window/rect [39m[32m200[39m [90m17 ms - 50[39m
[35m[HTTP][39m [90m[39m
[35m[HTTP][39m [37m-->[39m [37mPOST[39m [37m/wd/hub/session/0ab2c554-b46e-42a0-a44e-92d87b71c2d1/context[39m
[35m[HTTP][39m [90m{"name":"NATIVE_APP"}[39m
[35m[HTTP][39m [37m<-- POST /wd/hub/session/0ab2c554-b46e-42a0-a44e-92d87b71c2d1/context [39m[32m200[39m [90m1 ms - 14[39m
[35m[HTTP][39m [90m[39m
[35m[HTTP][39m [37m-->[39m [37mGET[39m [37m/wd/hub/session/0ab2c554-b46e-42a0-a44e-92d87b71c2d1/context[39m
[35m[HTTP][39m [90m{}[39m
[35m[HTTP][39m [37m<-- GET /wd/hub/session/0ab2c554-b46e-42a0-a44e-92d87b71c2d1/context [39m[32m200[39m [90m1 ms - 22[39m
[35m[HTTP][39m [90m[39m
[35m[HTTP][39m [37m-->[39m [37mGET[39m [37m/wd/hub/session/0ab2c554-b46e-42a0-a44e-92d87b71c2d1/contexts[39m
[35m[HTTP][39m [90m{}[39m
[35m[HTTP][39m [37m<-- GET /wd/hub/session/0ab2c554-b46e-42a0-a44e-92d87b71c2d1/contexts [39m[32m200[39m [90m52 ms - 24[39m
[35m[HTTP][39m [90m[39m
[35m[HTTP][39m [37m-->[39m [37mPOST[39m [37m/wd/hub/session/0ab2c554-b46e-42a0-a44e-92d87b71c2d1/context[39m
[35m[HTTP][39m [90m{"name":"NATIVE_APP"}[39m
[35m[HTTP][39m [37m<-- POST /wd/hub/session/0ab2c554-b46e-42a0-a44e-92d87b71c2d1/context [39m[32m200[39m [90m1 ms - 14[39m
[35m[HTTP][39m [90m[39m
[35m[HTTP][39m [37m-->[39m [37mGET[39m [37m/wd/hub/session/0ab2c554-b46e-42a0-a44e-92d87b71c2d1/window/rect[39m
[35m[HTTP][39m [90m{}[39m
[35m[HTTP][39m [37m<-- GET /wd/hub/session/0ab2c554-b46e-42a0-a44e-92d87b71c2d1/window/rect [39m[32m200[39m [90m23 ms - 50[39m
[35m[HTTP][39m [90m[39m
[35m[HTTP][39m [37m-->[39m [37mPOST[39m [37m/wd/hub/session/0ab2c554-b46e-42a0-a44e-92d87b71c2d1/context[39m
[35m[HTTP][39m [90m{"name":"NATIVE_APP"}[39m
[35m[HTTP][39m [37m<-- POST /wd/hub/session/0ab2c554-b46e-42a0-a44e-92d87b71c2d1/context [39m[32m200[39m [90m1 ms - 14[39m
[35m[HTTP][39m [90m[39m
[35m[HTTP][39m [37m-->[39m [37mPOST[39m [37m/wd/hub/session/0ab2c554-b46e-42a0-a44e-92d87b71c2d1/touch/perform[39m
[35m[HTTP][39m [90m{"actions":[{"action":"tap","options":{"x":360,"y":2101}},{"action":"wait","options":{"ms":50}}]}[39m
[35m[HTTP][39m [37m<-- POST /wd/hub/session/0ab2c554-b46e-42a0-a44e-92d87b71c2d1/touch/perform [39m[32m200[39m [90m241 ms - 14[39m
[35m[HTTP][39m [90m[39m
[35m[HTTP][39m [37m-->[39m [37mPOST[39m [37m/wd/hub/session/0ab2c554-b46e-42a0-a44e-92d87b71c2d1/timeouts[39m
[35m[HTTP][39m [90m{"implicit":50}[39m
[35m[HTTP][39m [37m<-- POST /wd/hub/session/0ab2c554-b46e-42a0-a44e-92d87b71c2d1/timeouts [39m[32m200[39m [90m1 ms - 14[39m
[35m[HTTP][39m [90m[39m
[35m[HTTP][39m [37m-->[39m [37mGET[39m [37m/wd/hub/session/0ab2c554-b46e-42a0-a44e-92d87b71c2d1/window/rect[39m
[35m[HTTP][39m [90m{}[39m
[35m[HTTP][39m [37m<-- GET /wd/hub/session/0ab2c554-b46e-42a0-a44e-92d87b71c2d1/window/rect [39m[32m200[39m [90m18 ms - 50[39m
[35m[HTTP][39m [90m[39m
[35m[HTTP][39m [37m-->[39m [37mPOST[39m [37m/wd/hub/session/0ab2c554-b46e-42a0-a44e-92d87b71c2d1/elements[39m
[35m[HTTP][39m [90m{"using":"xpath","value":"//*[@class = 'android.widget.TextView' and (@text = 'Enter your 6-digit PIN' or . = 'Enter your 6-digit PIN')]"}[39m
[35m[HTTP][39m [37m<-- POST /wd/hub/session/0ab2c554-b46e-42a0-a44e-92d87b71c2d1/elements [39m[32m200[39m [90m743 ms - 12[39m
[35m[HTTP][39m [90m[39m
[35m[HTTP][39m [37m-->[39m [37mPOST[39m [37m/wd/hub/session/0ab2c554-b46e-42a0-a44e-92d87b71c2d1/elements[39m
[35m[HTTP][39m [90m{"using":"xpath","value":"//*[@class = 'android.widget.TextView' and (@text = 'Enter your 6-digit PIN' or . = 'Enter your 6-digit PIN')]"}[39m
[35m[HTTP][39m [37m<-- POST /wd/hub/session/0ab2c554-b46e-42a0-a44e-92d87b71c2d1/elements [39m[32m200[39m [90m1192 ms - 139[39m
[35m[HTTP][39m [90m[39m
[35m[HTTP][39m [37m-->[39m [37mGET[39m [37m/wd/hub/session/0ab2c554-b46e-42a0-a44e-92d87b71c2d1/element/00000000-0000-0134-ffff-ffff0000021b/location[39m
[35m[HTTP][39m [90m{}[39m
[35m[W3C (0ab2c554)][39m Driver proxy active, passing request on via HTTP proxy
[35m[WD Proxy][39m Replacing sessionId 73e752dd-876d-48cc-973c-ed6b30ef7cdc with 0ab2c554-b46e-42a0-a44e-92d87b71c2d1
[35m[HTTP][39m [37m<-- GET /wd/hub/session/0ab2c554-b46e-42a0-a44e-92d87b71c2d1/element/00000000-0000-0134-ffff-ffff0000021b/location [39m[32m200[39m [90m18 ms - 77[39m
[35m[HTTP][39m [90m[39m
[35m[HTTP][39m [37m-->[39m [37mPOST[39m [37m/wd/hub/session/0ab2c554-b46e-42a0-a44e-92d87b71c2d1/timeouts[39m
[35m[HTTP][39m [90m{"implicit":40000}[39m
[35m[HTTP][39m [37m<-- POST /wd/hub/session/0ab2c554-b46e-42a0-a44e-92d87b71c2d1/timeouts [39m[32m200[39m [90m1 ms - 14[39m
[35m[HTTP][39m [90m[39m
[35m[HTTP][39m [37m-->[39m [37mGET[39m [37m/wd/hub/session/0ab2c554-b46e-42a0-a44e-92d87b71c2d1/element/00000000-0000-0134-ffff-ffff0000021b/displayed[39m
[35m[HTTP][39m [90m{}[39m
[35m[HTTP][39m [37m<-- GET /wd/hub/session/0ab2c554-b46e-42a0-a44e-92d87b71c2d1/element/00000000-0000-0134-ffff-ffff0000021b/displayed [39m[32m200[39m [90m17 ms - 14[39m
[35m[HTTP][39m [90m[39m
[35m[HTTP][39m [37m-->[39m [37mPOST[39m [37m/wd/hub/session/0ab2c554-b46e-42a0-a44e-92d87b71c2d1/timeouts[39m
[35m[HTTP][39m [90m{"implicit":50}[39m
[35m[HTTP][39m [37m<-- POST /wd/hub/session/0ab2c554-b46e-42a0-a44e-92d87b71c2d1/timeouts [39m[32m200[39m [90m1 ms - 14[39m
[35m[HTTP][39m [90m[39m
[35m[HTTP][39m [37m-->[39m [37mGET[39m [37m/wd/hub/session/0ab2c554-b46e-42a0-a44e-92d87b71c2d1/window/rect[39m
[35m[HTTP][39m [90m{}[39m
[35m[HTTP][39m [37m<-- GET /wd/hub/session/0ab2c554-b46e-42a0-a44e-92d87b71c2d1/window/rect [39m[32m200[39m [90m11 ms - 50[39m
[35m[HTTP][39m [90m[39m
[35m[HTTP][39m [37m-->[39m [37mPOST[39m [37m/wd/hub/session/0ab2c554-b46e-42a0-a44e-92d87b71c2d1/elements[39m
[35m[HTTP][39m [90m{"using":"xpath","value":"//*[@class = 'android.widget.TextView' and (@text = '1' or . = '1')]"}[39m
[35m[HTTP][39m [37m<-- POST /wd/hub/session/0ab2c554-b46e-42a0-a44e-92d87b71c2d1/elements [39m[32m200[39m [90m166 ms - 139[39m
[35m[HTTP][39m [90m[39m
[35m[HTTP][39m [37m-->[39m [37mGET[39m [37m/wd/hub/session/0ab2c554-b46e-42a0-a44e-92d87b71c2d1/element/00000000-0000-0134-ffff-ffff00000226/location[39m
[35m[HTTP][39m [90m{}[39m
[35m[W3C (0ab2c554)][39m Driver proxy active, passing request on via HTTP proxy
[35m[WD Proxy][39m Replacing sessionId 73e752dd-876d-48cc-973c-ed6b30ef7cdc with 0ab2c554-b46e-42a0-a44e-92d87b71c2d1
[35m[HTTP][39m [37m<-- GET /wd/hub/session/0ab2c554-b46e-42a0-a44e-92d87b71c2d1/element/00000000-0000-0134-ffff-ffff00000226/location [39m[32m200[39m [90m20 ms - 79[39m
[35m[HTTP][39m [90m[39m
[35m[HTTP][39m [37m-->[39m [37mPOST[39m [37m/wd/hub/session/0ab2c554-b46e-42a0-a44e-92d87b71c2d1/timeouts[39m
[35m[HTTP][39m [90m{"implicit":40000}[39m
[35m[HTTP][39m [37m<-- POST /wd/hub/session/0ab2c554-b46e-42a0-a44e-92d87b71c2d1/timeouts [39m[32m200[39m [90m1 ms - 14[39m
[35m[HTTP][39m [90m[39m
[35m[HTTP][39m [37m-->[39m [37mPOST[39m [37m/wd/hub/session/0ab2c554-b46e-42a0-a44e-92d87b71c2d1/element/00000000-0000-0134-ffff-ffff00000226/click[39m
[35m[HTTP][39m [90m{"id":"00000000-0000-0134-ffff-ffff00000226"}[39m
[35m[HTTP][39m [37m<-- POST /wd/hub/session/0ab2c554-b46e-42a0-a44e-92d87b71c2d1/element/00000000-0000-0134-ffff-ffff00000226/click [39m[32m200[39m [90m56 ms - 14[39m
[35m[HTTP][39m [90m[39m
[35m[HTTP][39m [37m-->[39m [37mPOST[39m [37m/wd/hub/session/0ab2c554-b46e-42a0-a44e-92d87b71c2d1/timeouts[39m
[35m[HTTP][39m [90m{"implicit":50}[39m
[35m[HTTP][39m [37m<-- POST /wd/hub/session/0ab2c554-b46e-42a0-a44e-92d87b71c2d1/timeouts [39m[32m200[39m [90m2 ms - 14[39m
[35m[HTTP][39m [90m[39m
[35m[HTTP][39m [37m-->[39m [37mGET[39m [37m/wd/hub/session/0ab2c554-b46e-42a0-a44e-92d87b71c2d1/window/rect[39m
[35m[HTTP][39m [90m{}[39m
[35m[HTTP][39m [37m<-- GET /wd/hub/session/0ab2c554-b46e-42a0-a44e-92d87b71c2d1/window/rect [39m[32m200[39m [90m9 ms - 50[39m
[35m[HTTP][39m [90m[39m
[35m[HTTP][39m [37m-->[39m [37mPOST[39m [37m/wd/hub/session/0ab2c554-b46e-42a0-a44e-92d87b71c2d1/elements[39m
[35m[HTTP][39m [90m{"using":"xpath","value":"//*[@class = 'android.widget.TextView' and (@text = '1' or . = '1')]"}[39m
[35m[HTTP][39m [37m<-- POST /wd/hub/session/0ab2c554-b46e-42a0-a44e-92d87b71c2d1/elements [39m[32m200[39m [90m1755 ms - 139[39m
[35m[HTTP][39m [90m[39m
[35m[HTTP][39m [37m-->[39m [37mGET[39m [37m/wd/hub/session/0ab2c554-b46e-42a0-a44e-92d87b71c2d1/element/00000000-0000-0134-ffff-ffff00000226/location[39m
[35m[HTTP][39m [90m{}[39m
[35m[W3C (0ab2c554)][39m Driver proxy active, passing request on via HTTP proxy
[35m[WD Proxy][39m Replacing sessionId 73e752dd-876d-48cc-973c-ed6b30ef7cdc with 0ab2c554-b46e-42a0-a44e-92d87b71c2d1
[35m[HTTP][39m [37m<-- GET /wd/hub/session/0ab2c554-b46e-42a0-a44e-92d87b71c2d1/element/00000000-0000-0134-ffff-ffff00000226/location [39m[32m200[39m [90m16 ms - 79[39m
[35m[HTTP][39m [90m[39m
[35m[HTTP][39m [37m-->[39m [37mPOST[39m [37m/wd/hub/session/0ab2c554-b46e-42a0-a44e-92d87b71c2d1/timeouts[39m
[35m[HTTP][39m [90m{"implicit":40000}[39m
[35m[HTTP][39m [37m<-- POST /wd/hub/session/0ab2c554-b46e-42a0-a44e-92d87b71c2d1/timeouts [39m[32m200[39m [90m3 ms - 14[39m
[35m[HTTP][39m [90m[39m
[35m[HTTP][39m [37m-->[39m [37mPOST[39m [37m/wd/hub/session/0ab2c554-b46e-42a0-a44e-92d87b71c2d1/element/00000000-0000-0134-ffff-ffff00000226/click[39m
[35m[HTTP][39m [90m{"id":"00000000-0000-0134-ffff-ffff00000226"}[39m
[35m[HTTP][39m [37m<-- POST /wd/hub/session/0ab2c554-b46e-42a0-a44e-92d87b71c2d1/element/00000000-0000-0134-ffff-ffff00000226/click [39m[32m200[39m [90m46 ms - 14[39m
[35m[HTTP][39m [90m[39m
[35m[HTTP][39m [37m-->[39m [37mPOST[39m [37m/wd/hub/session/0ab2c554-b46e-42a0-a44e-92d87b71c2d1/timeouts[39m
[35m[HTTP][39m [90m{"implicit":50}[39m
[35m[HTTP][39m [37m<-- POST /wd/hub/session/0ab2c554-b46e-42a0-a44e-92d87b71c2d1/timeouts [39m[32m200[39m [90m1 ms - 14[39m
[35m[HTTP][39m [90m[39m
[35m[HTTP][39m [37m-->[39m [37mGET[39m [37m/wd/hub/session/0ab2c554-b46e-42a0-a44e-92d87b71c2d1/window/rect[39m
[35m[HTTP][39m [90m{}[39m
[35m[HTTP][39m [37m<-- GET /wd/hub/session/0ab2c554-b46e-42a0-a44e-92d87b71c2d1/window/rect [39m[32m200[39m [90m8 ms - 50[39m
[35m[HTTP][39m [90m[39m
[35m[HTTP][39m [37m-->[39m [37mPOST[39m [37m/wd/hub/session/0ab2c554-b46e-42a0-a44e-92d87b71c2d1/elements[39m
[35m[HTTP][39m [90m{"using":"xpath","value":"//*[@class = 'android.widget.TextView' and (@text = '1' or . = '1')]"}[39m
[35m[HTTP][39m [37m<-- POST /wd/hub/session/0ab2c554-b46e-42a0-a44e-92d87b71c2d1/elements [39m[32m200[39m [90m1729 ms - 139[39m
[35m[HTTP][39m [90m[39m
[35m[HTTP][39m [37m-->[39m [37mGET[39m [37m/wd/hub/session/0ab2c554-b46e-42a0-a44e-92d87b71c2d1/element/00000000-0000-0134-ffff-ffff00000226/location[39m
[35m[HTTP][39m [90m{}[39m
[35m[W3C (0ab2c554)][39m Driver proxy active, passing request on via HTTP proxy
[35m[WD Proxy][39m Replacing sessionId 73e752dd-876d-48cc-973c-ed6b30ef7cdc with 0ab2c554-b46e-42a0-a44e-92d87b71c2d1
[35m[HTTP][39m [37m<-- GET /wd/hub/session/0ab2c554-b46e-42a0-a44e-92d87b71c2d1/element/00000000-0000-0134-ffff-ffff00000226/location [39m[32m200[39m [90m15 ms - 79[39m
[35m[HTTP][39m [90m[39m
[35m[HTTP][39m [37m-->[39m [37mPOST[39m [37m/wd/hub/session/0ab2c554-b46e-42a0-a44e-92d87b71c2d1/timeouts[39m
[35m[HTTP][39m [90m{"implicit":40000}[39m
[35m[HTTP][39m [37m<-- POST /wd/hub/session/0ab2c554-b46e-42a0-a44e-92d87b71c2d1/timeouts [39m[32m200[39m [90m1 ms - 14[39m
[35m[HTTP][39m [90m[39m
[35m[HTTP][39m [37m-->[39m [37mPOST[39m [37m/wd/hub/session/0ab2c554-b46e-42a0-a44e-92d87b71c2d1/element/00000000-0000-0134-ffff-ffff00000226/click[39m
[35m[HTTP][39m [90m{"id":"00000000-0000-0134-ffff-ffff00000226"}[39m
[35m[HTTP][39m [37m<-- POST /wd/hub/session/0ab2c554-b46e-42a0-a44e-92d87b71c2d1/element/00000000-0000-0134-ffff-ffff00000226/click [39m[32m200[39m [90m47 ms - 14[39m
[35m[HTTP][39m [90m[39m
[35m[HTTP][39m [37m-->[39m [37mPOST[39m [37m/wd/hub/session/0ab2c554-b46e-42a0-a44e-92d87b71c2d1/timeouts[39m
[35m[HTTP][39m [90m{"implicit":50}[39m
[35m[HTTP][39m [37m<-- POST /wd/hub/session/0ab2c554-b46e-42a0-a44e-92d87b71c2d1/timeouts [39m[32m200[39m [90m1 ms - 14[39m
[35m[HTTP][39m [90m[39m
[35m[HTTP][39m [37m-->[39m [37mGET[39m [37m/wd/hub/session/0ab2c554-b46e-42a0-a44e-92d87b71c2d1/window/rect[39m
[35m[HTTP][39m [90m{}[39m
[35m[HTTP][39m [37m<-- GET /wd/hub/session/0ab2c554-b46e-42a0-a44e-92d87b71c2d1/window/rect [39m[32m200[39m [90m11 ms - 50[39m
[35m[HTTP][39m [90m[39m
[35m[HTTP][39m [37m-->[39m [37mPOST[39m [37m/wd/hub/session/0ab2c554-b46e-42a0-a44e-92d87b71c2d1/elements[39m
[35m[HTTP][39m [90m{"using":"xpath","value":"//*[@class = 'android.widget.TextView' and (@text = '1' or . = '1')]"}[39m
[35m[HTTP][39m [37m<-- POST /wd/hub/session/0ab2c554-b46e-42a0-a44e-92d87b71c2d1/elements [39m[32m200[39m [90m1614 ms - 139[39m
[35m[HTTP][39m [90m[39m
[35m[HTTP][39m [37m-->[39m [37mGET[39m [37m/wd/hub/session/0ab2c554-b46e-42a0-a44e-92d87b71c2d1/element/00000000-0000-0134-ffff-ffff00000226/location[39m
[35m[HTTP][39m [90m{}[39m
[35m[W3C (0ab2c554)][39m Driver proxy active, passing request on via HTTP proxy
[35m[WD Proxy][39m Replacing sessionId 73e752dd-876d-48cc-973c-ed6b30ef7cdc with 0ab2c554-b46e-42a0-a44e-92d87b71c2d1
[35m[HTTP][39m [37m<-- GET /wd/hub/session/0ab2c554-b46e-42a0-a44e-92d87b71c2d1/element/00000000-0000-0134-ffff-ffff00000226/location [39m[32m200[39m [90m17 ms - 79[39m
[35m[HTTP][39m [90m[39m
[35m[HTTP][39m [37m-->[39m [37mPOST[39m [37m/wd/hub/session/0ab2c554-b46e-42a0-a44e-92d87b71c2d1/timeouts[39m
[35m[HTTP][39m [90m{"implicit":40000}[39m
[35m[HTTP][39m [37m<-- POST /wd/hub/session/0ab2c554-b46e-42a0-a44e-92d87b71c2d1/timeouts [39m[32m200[39m [90m1 ms - 14[39m
[35m[HTTP][39m [90m[39m
[35m[HTTP][39m [37m-->[39m [37mPOST[39m [37m/wd/hub/session/0ab2c554-b46e-42a0-a44e-92d87b71c2d1/element/00000000-0000-0134-ffff-ffff00000226/click[39m
[35m[HTTP][39m [90m{"id":"00000000-0000-0134-ffff-ffff00000226"}[39m
[35m[HTTP][39m [37m<-- POST /wd/hub/session/0ab2c554-b46e-42a0-a44e-92d87b71c2d1/element/00000000-0000-0134-ffff-ffff00000226/click [39m[32m200[39m [90m55 ms - 14[39m
[35m[HTTP][39m [90m[39m
[35m[HTTP][39m [37m-->[39m [37mPOST[39m [37m/wd/hub/session/0ab2c554-b46e-42a0-a44e-92d87b71c2d1/timeouts[39m
[35m[HTTP][39m [90m{"implicit":50}[39m
[35m[HTTP][39m [37m<-- POST /wd/hub/session/0ab2c554-b46e-42a0-a44e-92d87b71c2d1/timeouts [39m[32m200[39m [90m1 ms - 14[39m
[35m[HTTP][39m [90m[39m
[35m[HTTP][39m [37m-->[39m [37mGET[39m [37m/wd/hub/session/0ab2c554-b46e-42a0-a44e-92d87b71c2d1/window/rect[39m
[35m[HTTP][39m [90m{}[39m
[35m[HTTP][39m [37m<-- GET /wd/hub/session/0ab2c554-b46e-42a0-a44e-92d87b71c2d1/window/rect [39m[32m200[39m [90m12 ms - 50[39m
[35m[HTTP][39m [90m[39m
[35m[HTTP][39m [37m-->[39m [37mPOST[39m [37m/wd/hub/session/0ab2c554-b46e-42a0-a44e-92d87b71c2d1/elements[39m
[35m[HTTP][39m [90m{"using":"xpath","value":"//*[@class = 'android.widget.TextView' and (@text = '1' or . = '1')]"}[39m
[35m[HTTP][39m [37m<-- POST /wd/hub/session/0ab2c554-b46e-42a0-a44e-92d87b71c2d1/elements [39m[32m200[39m [90m1724 ms - 139[39m
[35m[HTTP][39m [90m[39m
[35m[HTTP][39m [37m-->[39m [37mGET[39m [37m/wd/hub/session/0ab2c554-b46e-42a0-a44e-92d87b71c2d1/element/00000000-0000-0134-ffff-ffff00000226/location[39m
[35m[HTTP][39m [90m{}[39m
[35m[W3C (0ab2c554)][39m Driver proxy active, passing request on via HTTP proxy
[35m[WD Proxy][39m Replacing sessionId 73e752dd-876d-48cc-973c-ed6b30ef7cdc with 0ab2c554-b46e-42a0-a44e-92d87b71c2d1
[35m[HTTP][39m [37m<-- GET /wd/hub/session/0ab2c554-b46e-42a0-a44e-92d87b71c2d1/element/00000000-0000-0134-ffff-ffff00000226/location [39m[32m200[39m [90m18 ms - 79[39m
[35m[HTTP][39m [90m[39m
[35m[HTTP][39m [37m-->[39m [37mPOST[39m [37m/wd/hub/session/0ab2c554-b46e-42a0-a44e-92d87b71c2d1/timeouts[39m
[35m[HTTP][39m [90m{"implicit":40000}[39m
[35m[HTTP][39m [37m<-- POST /wd/hub/session/0ab2c554-b46e-42a0-a44e-92d87b71c2d1/timeouts [39m[32m200[39m [90m1 ms - 14[39m
[35m[HTTP][39m [90m[39m
[35m[HTTP][39m [37m-->[39m [37mPOST[39m [37m/wd/hub/session/0ab2c554-b46e-42a0-a44e-92d87b71c2d1/element/00000000-0000-0134-ffff-ffff00000226/click[39m
[35m[HTTP][39m [90m{"id":"00000000-0000-0134-ffff-ffff00000226"}[39m
[35m[HTTP][39m [37m<-- POST /wd/hub/session/0ab2c554-b46e-42a0-a44e-92d87b71c2d1/element/00000000-0000-0134-ffff-ffff00000226/click [39m[32m200[39m [90m43 ms - 14[39m
[35m[HTTP][39m [90m[39m
[35m[HTTP][39m [37m-->[39m [37mPOST[39m [37m/wd/hub/session/0ab2c554-b46e-42a0-a44e-92d87b71c2d1/timeouts[39m
[35m[HTTP][39m [90m{"implicit":50}[39m
[35m[HTTP][39m [37m<-- POST /wd/hub/session/0ab2c554-b46e-42a0-a44e-92d87b71c2d1/timeouts [39m[32m200[39m [90m1 ms - 14[39m
[35m[HTTP][39m [90m[39m
[35m[HTTP][39m [37m-->[39m [37mGET[39m [37m/wd/hub/session/0ab2c554-b46e-42a0-a44e-92d87b71c2d1/window/rect[39m
[35m[HTTP][39m [90m{}[39m
[35m[HTTP][39m [37m<-- GET /wd/hub/session/0ab2c554-b46e-42a0-a44e-92d87b71c2d1/window/rect [39m[32m200[39m [90m13 ms - 50[39m
[35m[HTTP][39m [90m[39m
[35m[HTTP][39m [37m-->[39m [37mPOST[39m [37m/wd/hub/session/0ab2c554-b46e-42a0-a44e-92d87b71c2d1/elements[39m
[35m[HTTP][39m [90m{"using":"xpath","value":"//*[@class = 'android.widget.TextView' and (@text = '2' or . = '2')]"}[39m
[35m[HTTP][39m [37m<-- POST /wd/hub/session/0ab2c554-b46e-42a0-a44e-92d87b71c2d1/elements [39m[32m200[39m [90m2074 ms - 139[39m
[35m[HTTP][39m [90m[39m
[35m[HTTP][39m [37m-->[39m [37mGET[39m [37m/wd/hub/session/0ab2c554-b46e-42a0-a44e-92d87b71c2d1/element/00000000-0000-0134-ffff-ffff00000228/location[39m
[35m[HTTP][39m [90m{}[39m
[35m[W3C (0ab2c554)][39m Driver proxy active, passing request on via HTTP proxy
[35m[WD Proxy][39m Replacing sessionId 73e752dd-876d-48cc-973c-ed6b30ef7cdc with 0ab2c554-b46e-42a0-a44e-92d87b71c2d1
[35m[HTTP][39m [37m<-- GET /wd/hub/session/0ab2c554-b46e-42a0-a44e-92d87b71c2d1/element/00000000-0000-0134-ffff-ffff00000228/location [39m[32m200[39m [90m19 ms - 79[39m
[35m[HTTP][39m [90m[39m
[35m[HTTP][39m [37m-->[39m [37mPOST[39m [37m/wd/hub/session/0ab2c554-b46e-42a0-a44e-92d87b71c2d1/timeouts[39m
[35m[HTTP][39m [90m{"implicit":40000}[39m
[35m[HTTP][39m [37m<-- POST /wd/hub/session/0ab2c554-b46e-42a0-a44e-92d87b71c2d1/timeouts [39m[32m200[39m [90m1 ms - 14[39m
[35m[HTTP][39m [90m[39m
[35m[HTTP][39m [37m-->[39m [37mPOST[39m [37m/wd/hub/session/0ab2c554-b46e-42a0-a44e-92d87b71c2d1/element/00000000-0000-0134-ffff-ffff00000228/click[39m
[35m[HTTP][39m [90m{"id":"00000000-0000-0134-ffff-ffff00000228"}[39m
[35m[HTTP][39m [37m<-- POST /wd/hub/session/0ab2c554-b46e-42a0-a44e-92d87b71c2d1/element/00000000-0000-0134-ffff-ffff00000228/click [39m[32m200[39m [90m54 ms - 14[39m
[35m[HTTP][39m [90m[39m
[35m[HTTP][39m [37m-->[39m [37mPOST[39m [37m/wd/hub/session/0ab2c554-b46e-42a0-a44e-92d87b71c2d1/timeouts[39m
[35m[HTTP][39m [90m{"implicit":50}[39m
[35m[HTTP][39m [37m<-- POST /wd/hub/session/0ab2c554-b46e-42a0-a44e-92d87b71c2d1/timeouts [39m[32m200[39m [90m1 ms - 14[39m
[35m[HTTP][39m [90m[39m
[35m[HTTP][39m [37m-->[39m [37mGET[39m [37m/wd/hub/session/0ab2c554-b46e-42a0-a44e-92d87b71c2d1/window/rect[39m
[35m[HTTP][39m [90m{}[39m
[35m[HTTP][39m [37m<-- GET /wd/hub/session/0ab2c554-b46e-42a0-a44e-92d87b71c2d1/window/rect [39m[32m200[39m [90m11 ms - 50[39m
[35m[HTTP][39m [90m[39m
[35m[HTTP][39m [37m-->[39m [37mPOST[39m [37m/wd/hub/session/0ab2c554-b46e-42a0-a44e-92d87b71c2d1/elements[39m
[35m[HTTP][39m [90m{"using":"xpath","value":"//*[@class = 'android.widget.TextView' and (@text = 'MAE' or . = 'MAE')]"}[39m
[35m[HTTP][39m [37m<-- POST /wd/hub/session/0ab2c554-b46e-42a0-a44e-92d87b71c2d1/elements [39m[32m200[39m [90m230 ms - 12[39m
[35m[HTTP][39m [90m[39m
[35m[HTTP][39m [37m-->[39m [37mPOST[39m [37m/wd/hub/session/0ab2c554-b46e-42a0-a44e-92d87b71c2d1/elements[39m
[35m[HTTP][39m [90m{"using":"xpath","value":"//*[@class = 'android.widget.TextView' and (@text = 'MAE' or . = 'MAE')]"}[39m
[35m[HTTP][39m [37m<-- POST /wd/hub/session/0ab2c554-b46e-42a0-a44e-92d87b71c2d1/elements [39m[32m200[39m [90m110 ms - 12[39m
[35m[HTTP][39m [90m[39m
[35m[HTTP][39m [37m-->[39m [37mPOST[39m [37m/wd/hub/session/0ab2c554-b46e-42a0-a44e-92d87b71c2d1/elements[39m
[35m[HTTP][39m [90m{"using":"xpath","value":"//*[@class = 'android.widget.TextView' and (@text = 'MAE' or . = 'MAE')]"}[39m
[35m[HTTP][39m [37m<-- POST /wd/hub/session/0ab2c554-b46e-42a0-a44e-92d87b71c2d1/elements [39m[32m200[39m [90m110 ms - 12[39m
[35m[HTTP][39m [90m[39m
[35m[HTTP][39m [37m-->[39m [37mPOST[39m [37m/wd/hub/session/0ab2c554-b46e-42a0-a44e-92d87b71c2d1/elements[39m
[35m[HTTP][39m [90m{"using":"xpath","value":"//*[@class = 'android.widget.TextView' and (@text = 'MAE' or . = 'MAE')]"}[39m
[35m[HTTP][39m [37m<-- POST /wd/hub/session/0ab2c554-b46e-42a0-a44e-92d87b71c2d1/elements [39m[32m200[39m [90m105 ms - 12[39m
[35m[HTTP][39m [90m[39m
[35m[HTTP][39m [37m-->[39m [37mPOST[39m [37m/wd/hub/session/0ab2c554-b46e-42a0-a44e-92d87b71c2d1/elements[39m
[35m[HTTP][39m [90m{"using":"xpath","value":"//*[@class = 'android.widget.TextView' and (@text = 'MAE' or . = 'MAE')]"}[39m
[35m[HTTP][39m [37m<-- POST /wd/hub/session/0ab2c554-b46e-42a0-a44e-92d87b71c2d1/elements [39m[32m200[39m [90m107 ms - 12[39m
[35m[HTTP][39m [90m[39m
[35m[HTTP][39m [37m-->[39m [37mPOST[39m [37m/wd/hub/session/0ab2c554-b46e-42a0-a44e-92d87b71c2d1/elements[39m
[35m[HTTP][39m [90m{"using":"xpath","value":"//*[@class = 'android.widget.TextView' and (@text = 'MAE' or . = 'MAE')]"}[39m
[35m[HTTP][39m [37m<-- POST /wd/hub/session/0ab2c554-b46e-42a0-a44e-92d87b71c2d1/elements [39m[32m200[39m [90m85 ms - 12[39m
[35m[HTTP][39m [90m[39m
[35m[HTTP][39m [37m-->[39m [37mPOST[39m [37m/wd/hub/session/0ab2c554-b46e-42a0-a44e-92d87b71c2d1/elements[39m
[35m[HTTP][39m [90m{"using":"xpath","value":"//*[@class = 'android.widget.TextView' and (@text = 'MAE' or . = 'MAE')]"}[39m
[35m[HTTP][39m [37m<-- POST /wd/hub/session/0ab2c554-b46e-42a0-a44e-92d87b71c2d1/elements [39m[32m200[39m [90m88 ms - 12[39m
[35m[HTTP][39m [90m[39m
[35m[HTTP][39m [37m-->[39m [37mPOST[39m [37m/wd/hub/session/0ab2c554-b46e-42a0-a44e-92d87b71c2d1/elements[39m
[35m[HTTP][39m [90m{"using":"xpath","value":"//*[@class = 'android.widget.TextView' and (@text = 'MAE' or . = 'MAE')]"}[39m
[35m[HTTP][39m [37m<-- POST /wd/hub/session/0ab2c554-b46e-42a0-a44e-92d87b71c2d1/elements [39m[32m200[39m [90m101 ms - 12[39m
[35m[HTTP][39m [90m[39m
[35m[HTTP][39m [37m-->[39m [37mPOST[39m [37m/wd/hub/session/0ab2c554-b46e-42a0-a44e-92d87b71c2d1/elements[39m
[35m[HTTP][39m [90m{"using":"xpath","value":"//*[@class = 'android.widget.TextView' and (@text = 'MAE' or . = 'MAE')]"}[39m
[35m[HTTP][39m [37m<-- POST /wd/hub/session/0ab2c554-b46e-42a0-a44e-92d87b71c2d1/elements [39m[32m200[39m [90m102 ms - 12[39m
[35m[HTTP][39m [90m[39m
[35m[HTTP][39m [37m-->[39m [37mPOST[39m [37m/wd/hub/session/0ab2c554-b46e-42a0-a44e-92d87b71c2d1/elements[39m
[35m[HTTP][39m [90m{"using":"xpath","value":"//*[@class = 'android.widget.TextView' and (@text = 'MAE' or . = 'MAE')]"}[39m
[35m[HTTP][39m [37m<-- POST /wd/hub/session/0ab2c554-b46e-42a0-a44e-92d87b71c2d1/elements [39m[32m200[39m [90m86 ms - 12[39m
[35m[HTTP][39m [90m[39m
[35m[HTTP][39m [37m-->[39m [37mPOST[39m [37m/wd/hub/session/0ab2c554-b46e-42a0-a44e-92d87b71c2d1/elements[39m
[35m[HTTP][39m [90m{"using":"xpath","value":"//*[@class = 'android.widget.TextView' and (@text = 'MAE' or . = 'MAE')]"}[39m
[35m[HTTP][39m [37m<-- POST /wd/hub/session/0ab2c554-b46e-42a0-a44e-92d87b71c2d1/elements [39m[32m200[39m [90m88 ms - 12[39m
[35m[HTTP][39m [90m[39m
[35m[HTTP][39m [37m-->[39m [37mPOST[39m [37m/wd/hub/session/0ab2c554-b46e-42a0-a44e-92d87b71c2d1/elements[39m
[35m[HTTP][39m [90m{"using":"xpath","value":"//*[@class = 'android.widget.TextView' and (@text = 'MAE' or . = 'MAE')]"}[39m
[35m[HTTP][39m [37m<-- POST /wd/hub/session/0ab2c554-b46e-42a0-a44e-92d87b71c2d1/elements [39m[32m200[39m [90m88 ms - 12[39m
[35m[HTTP][39m [90m[39m
[35m[HTTP][39m [37m-->[39m [37mPOST[39m [37m/wd/hub/session/0ab2c554-b46e-42a0-a44e-92d87b71c2d1/elements[39m
[35m[HTTP][39m [90m{"using":"xpath","value":"//*[@class = 'android.widget.TextView' and (@text = 'MAE' or . = 'MAE')]"}[39m
[35m[HTTP][39m [37m<-- POST /wd/hub/session/0ab2c554-b46e-42a0-a44e-92d87b71c2d1/elements [39m[32m200[39m [90m88 ms - 12[39m
[35m[HTTP][39m [90m[39m
[35m[HTTP][39m [37m-->[39m [37mPOST[39m [37m/wd/hub/session/0ab2c554-b46e-42a0-a44e-92d87b71c2d1/elements[39m
[35m[HTTP][39m [90m{"using":"xpath","value":"//*[@class = 'android.widget.TextView' and (@text = 'MAE' or . = 'MAE')]"}[39m
[35m[HTTP][39m [37m<-- POST /wd/hub/session/0ab2c554-b46e-42a0-a44e-92d87b71c2d1/elements [39m[32m200[39m [90m90 ms - 12[39m
[35m[HTTP][39m [90m[39m
[35m[HTTP][39m [37m-->[39m [37mPOST[39m [37m/wd/hub/session/0ab2c554-b46e-42a0-a44e-92d87b71c2d1/elements[39m
[35m[HTTP][39m [90m{"using":"xpath","value":"//*[@class = 'android.widget.TextView' and (@text = 'MAE' or . = 'MAE')]"}[39m
[35m[HTTP][39m [37m<-- POST /wd/hub/session/0ab2c554-b46e-42a0-a44e-92d87b71c2d1/elements [39m[32m200[39m [90m81 ms - 12[39m
[35m[HTTP][39m [90m[39m
[35m[HTTP][39m [37m-->[39m [37mPOST[39m [37m/wd/hub/session/0ab2c554-b46e-42a0-a44e-92d87b71c2d1/elements[39m
[35m[HTTP][39m [90m{"using":"xpath","value":"//*[@class = 'android.widget.TextView' and (@text = 'MAE' or . = 'MAE')]"}[39m
[35m[HTTP][39m [37m<-- POST /wd/hub/session/0ab2c554-b46e-42a0-a44e-92d87b71c2d1/elements [39m[32m200[39m [90m90 ms - 12[39m
[35m[HTTP][39m [90m[39m
[35m[HTTP][39m [37m-->[39m [37mPOST[39m [37m/wd/hub/session/0ab2c554-b46e-42a0-a44e-92d87b71c2d1/elements[39m
[35m[HTTP][39m [90m{"using":"xpath","value":"//*[@class = 'android.widget.TextView' and (@text = 'MAE' or . = 'MAE')]"}[39m
[35m[HTTP][39m [37m<-- POST /wd/hub/session/0ab2c554-b46e-42a0-a44e-92d87b71c2d1/elements [39m[32m200[39m [90m81 ms - 12[39m
[35m[HTTP][39m [90m[39m
[35m[HTTP][39m [37m-->[39m [37mPOST[39m [37m/wd/hub/session/0ab2c554-b46e-42a0-a44e-92d87b71c2d1/elements[39m
[35m[HTTP][39m [90m{"using":"xpath","value":"//*[@class = 'android.widget.TextView' and (@text = 'MAE' or . = 'MAE')]"}[39m
[35m[HTTP][39m [37m<-- POST /wd/hub/session/0ab2c554-b46e-42a0-a44e-92d87b71c2d1/elements [39m[32m200[39m [90m81 ms - 12[39m
[35m[HTTP][39m [90m[39m
[35m[HTTP][39m [37m-->[39m [37mPOST[39m [37m/wd/hub/session/0ab2c554-b46e-42a0-a44e-92d87b71c2d1/elements[39m
[35m[HTTP][39m [90m{"using":"xpath","value":"//*[@class = 'android.widget.TextView' and (@text = 'MAE' or . = 'MAE')]"}[39m
[35m[HTTP][39m [37m<-- POST /wd/hub/session/0ab2c554-b46e-42a0-a44e-92d87b71c2d1/elements [39m[32m200[39m [90m81 ms - 12[39m
[35m[HTTP][39m [90m[39m
[35m[HTTP][39m [37m-->[39m [37mPOST[39m [37m/wd/hub/session/0ab2c554-b46e-42a0-a44e-92d87b71c2d1/elements[39m
[35m[HTTP][39m [90m{"using":"xpath","value":"//*[@class = 'android.widget.TextView' and (@text = 'MAE' or . = 'MAE')]"}[39m
[35m[HTTP][39m [37m<-- POST /wd/hub/session/0ab2c554-b46e-42a0-a44e-92d87b71c2d1/elements [39m[32m200[39m [90m85 ms - 12[39m
[35m[HTTP][39m [90m[39m
[35m[HTTP][39m [37m-->[39m [37mPOST[39m [37m/wd/hub/session/0ab2c554-b46e-42a0-a44e-92d87b71c2d1/elements[39m
[35m[HTTP][39m [90m{"using":"xpath","value":"//*[@class = 'android.widget.TextView' and (@text = 'MAE' or . = 'MAE')]"}[39m
[35m[HTTP][39m [37m<-- POST /wd/hub/session/0ab2c554-b46e-42a0-a44e-92d87b71c2d1/elements [39m[32m200[39m [90m76 ms - 12[39m
[35m[HTTP][39m [90m[39m
[35m[HTTP][39m [37m-->[39m [37mPOST[39m [37m/wd/hub/session/0ab2c554-b46e-42a0-a44e-92d87b71c2d1/elements[39m
[35m[HTTP][39m [90m{"using":"xpath","value":"//*[@class = 'android.widget.TextView' and (@text = 'MAE' or . = 'MAE')]"}[39m
[35m[HTTP][39m [37m<-- POST /wd/hub/session/0ab2c554-b46e-42a0-a44e-92d87b71c2d1/elements [39m[32m200[39m [90m76 ms - 12[39m
[35m[HTTP][39m [90m[39m
[35m[HTTP][39m [37m-->[39m [37mPOST[39m [37m/wd/hub/session/0ab2c554-b46e-42a0-a44e-92d87b71c2d1/elements[39m
[35m[HTTP][39m [90m{"using":"xpath","value":"//*[@class = 'android.widget.TextView' and (@text = 'MAE' or . = 'MAE')]"}[39m
[35m[HTTP][39m [37m<-- POST /wd/hub/session/0ab2c554-b46e-42a0-a44e-92d87b71c2d1/elements [39m[32m200[39m [90m71 ms - 12[39m
[35m[HTTP][39m [90m[39m
[35m[HTTP][39m [37m-->[39m [37mPOST[39m [37m/wd/hub/session/0ab2c554-b46e-42a0-a44e-92d87b71c2d1/elements[39m
[35m[HTTP][39m [90m{"using":"xpath","value":"//*[@class = 'android.widget.TextView' and (@text = 'MAE' or . = 'MAE')]"}[39m
[35m[HTTP][39m [37m<-- POST /wd/hub/session/0ab2c554-b46e-42a0-a44e-92d87b71c2d1/elements [39m[32m200[39m [90m87 ms - 12[39m
[35m[HTTP][39m [90m[39m
[35m[HTTP][39m [37m-->[39m [37mPOST[39m [37m/wd/hub/session/0ab2c554-b46e-42a0-a44e-92d87b71c2d1/elements[39m
[35m[HTTP][39m [90m{"using":"xpath","value":"//*[@class = 'android.widget.TextView' and (@text = 'MAE' or . = 'MAE')]"}[39m
[35m[HTTP][39m [37m<-- POST /wd/hub/session/0ab2c554-b46e-42a0-a44e-92d87b71c2d1/elements [39m[32m200[39m [90m77 ms - 12[39m
[35m[HTTP][39m [90m[39m
[35m[HTTP][39m [37m-->[39m [37mPOST[39m [37m/wd/hub/session/0ab2c554-b46e-42a0-a44e-92d87b71c2d1/elements[39m
[35m[HTTP][39m [90m{"using":"xpath","value":"//*[@class = 'android.widget.TextView' and (@text = 'MAE' or . = 'MAE')]"}[39m
[35m[HTTP][39m [37m<-- POST /wd/hub/session/0ab2c554-b46e-42a0-a44e-92d87b71c2d1/elements [39m[32m200[39m [90m74 ms - 12[39m
[35m[HTTP][39m [90m[39m
[35m[HTTP][39m [37m-->[39m [37mPOST[39m [37m/wd/hub/session/0ab2c554-b46e-42a0-a44e-92d87b71c2d1/elements[39m
[35m[HTTP][39m [90m{"using":"xpath","value":"//*[@class = 'android.widget.TextView' and (@text = 'MAE' or . = 'MAE')]"}[39m
[35m[HTTP][39m [37m<-- POST /wd/hub/session/0ab2c554-b46e-42a0-a44e-92d87b71c2d1/elements [39m[32m200[39m [90m87 ms - 12[39m
[35m[HTTP][39m [90m[39m
[35m[HTTP][39m [37m-->[39m [37mPOST[39m [37m/wd/hub/session/0ab2c554-b46e-42a0-a44e-92d87b71c2d1/elements[39m
[35m[HTTP][39m [90m{"using":"xpath","value":"//*[@class = 'android.widget.TextView' and (@text = 'MAE' or . = 'MAE')]"}[39m
[35m[HTTP][39m [37m<-- POST /wd/hub/session/0ab2c554-b46e-42a0-a44e-92d87b71c2d1/elements [39m[32m200[39m [90m84 ms - 12[39m
[35m[HTTP][39m [90m[39m
[35m[HTTP][39m [37m-->[39m [37mPOST[39m [37m/wd/hub/session/0ab2c554-b46e-42a0-a44e-92d87b71c2d1/elements[39m
[35m[HTTP][39m [90m{"using":"xpath","value":"//*[@class = 'android.widget.TextView' and (@text = 'MAE' or . = 'MAE')]"}[39m
[35m[HTTP][39m [37m<-- POST /wd/hub/session/0ab2c554-b46e-42a0-a44e-92d87b71c2d1/elements [39m[32m200[39m [90m72 ms - 12[39m
[35m[HTTP][39m [90m[39m
[35m[HTTP][39m [37m-->[39m [37mPOST[39m [37m/wd/hub/session/0ab2c554-b46e-42a0-a44e-92d87b71c2d1/elements[39m
[35m[HTTP][39m [90m{"using":"xpath","value":"//*[@class = 'android.widget.TextView' and (@text = 'MAE' or . = 'MAE')]"}[39m
[35m[HTTP][39m [37m<-- POST /wd/hub/session/0ab2c554-b46e-42a0-a44e-92d87b71c2d1/elements [39m[32m200[39m [90m84 ms - 12[39m
[35m[HTTP][39m [90m[39m
[35m[HTTP][39m [37m-->[39m [37mPOST[39m [37m/wd/hub/session/0ab2c554-b46e-42a0-a44e-92d87b71c2d1/elements[39m
[35m[HTTP][39m [90m{"using":"xpath","value":"//*[@class = 'android.widget.TextView' and (@text = 'MAE' or . = 'MAE')]"}[39m
[35m[HTTP][39m [37m<-- POST /wd/hub/session/0ab2c554-b46e-42a0-a44e-92d87b71c2d1/elements [39m[32m200[39m [90m72 ms - 12[39m
[35m[HTTP][39m [90m[39m
[35m[HTTP][39m [37m-->[39m [37mPOST[39m [37m/wd/hub/session/0ab2c554-b46e-42a0-a44e-92d87b71c2d1/elements[39m
[35m[HTTP][39m [90m{"using":"xpath","value":"//*[@class = 'android.widget.TextView' and (@text = 'MAE' or . = 'MAE')]"}[39m
[35m[HTTP][39m [37m<-- POST /wd/hub/session/0ab2c554-b46e-42a0-a44e-92d87b71c2d1/elements [39m[32m200[39m [90m75 ms - 12[39m
[35m[HTTP][39m [90m[39m
[35m[HTTP][39m [37m-->[39m [37mPOST[39m [37m/wd/hub/session/0ab2c554-b46e-42a0-a44e-92d87b71c2d1/elements[39m
[35m[HTTP][39m [90m{"using":"xpath","value":"//*[@class = 'android.widget.TextView' and (@text = 'MAE' or . = 'MAE')]"}[39m
[35m[HTTP][39m [37m<-- POST /wd/hub/session/0ab2c554-b46e-42a0-a44e-92d87b71c2d1/elements [39m[32m200[39m [90m72 ms - 12[39m
[35m[HTTP][39m [90m[39m
[35m[HTTP][39m [37m-->[39m [37mPOST[39m [37m/wd/hub/session/0ab2c554-b46e-42a0-a44e-92d87b71c2d1/elements[39m
[35m[HTTP][39m [90m{"using":"xpath","value":"//*[@class = 'android.widget.TextView' and (@text = 'MAE' or . = 'MAE')]"}[39m
[35m[HTTP][39m [37m<-- POST /wd/hub/session/0ab2c554-b46e-42a0-a44e-92d87b71c2d1/elements [39m[32m200[39m [90m70 ms - 12[39m
[35m[HTTP][39m [90m[39m
[35m[HTTP][39m [37m-->[39m [37mPOST[39m [37m/wd/hub/session/0ab2c554-b46e-42a0-a44e-92d87b71c2d1/elements[39m
[35m[HTTP][39m [90m{"using":"xpath","value":"//*[@class = 'android.widget.TextView' and (@text = 'MAE' or . = 'MAE')]"}[39m
[35m[HTTP][39m [37m<-- POST /wd/hub/session/0ab2c554-b46e-42a0-a44e-92d87b71c2d1/elements [39m[32m200[39m [90m71 ms - 12[39m
[35m[HTTP][39m [90m[39m
[35m[HTTP][39m [37m-->[39m [37mPOST[39m [37m/wd/hub/session/0ab2c554-b46e-42a0-a44e-92d87b71c2d1/elements[39m
[35m[HTTP][39m [90m{"using":"xpath","value":"//*[@class = 'android.widget.TextView' and (@text = 'MAE' or . = 'MAE')]"}[39m
[35m[HTTP][39m [37m<-- POST /wd/hub/session/0ab2c554-b46e-42a0-a44e-92d87b71c2d1/elements [39m[32m200[39m [90m74 ms - 12[39m
[35m[HTTP][39m [90m[39m
[35m[HTTP][39m [37m-->[39m [37mPOST[39m [37m/wd/hub/session/0ab2c554-b46e-42a0-a44e-92d87b71c2d1/elements[39m
[35m[HTTP][39m [90m{"using":"xpath","value":"//*[@class = 'android.widget.TextView' and (@text = 'MAE' or . = 'MAE')]"}[39m
[35m[HTTP][39m [37m<-- POST /wd/hub/session/0ab2c554-b46e-42a0-a44e-92d87b71c2d1/elements [39m[32m200[39m [90m73 ms - 12[39m
[35m[HTTP][39m [90m[39m
[35m[HTTP][39m [37m-->[39m [37mPOST[39m [37m/wd/hub/session/0ab2c554-b46e-42a0-a44e-92d87b71c2d1/elements[39m
[35m[HTTP][39m [90m{"using":"xpath","value":"//*[@class = 'android.widget.TextView' and (@text = 'MAE' or . = 'MAE')]"}[39m
[35m[HTTP][39m [37m<-- POST /wd/hub/session/0ab2c554-b46e-42a0-a44e-92d87b71c2d1/elements [39m[32m200[39m [90m71 ms - 12[39m
[35m[HTTP][39m [90m[39m
[35m[HTTP][39m [37m-->[39m [37mPOST[39m [37m/wd/hub/session/0ab2c554-b46e-42a0-a44e-92d87b71c2d1/elements[39m
[35m[HTTP][39m [90m{"using":"xpath","value":"//*[@class = 'android.widget.TextView' and (@text = 'MAE' or . = 'MAE')]"}[39m
[35m[HTTP][39m [37m<-- POST /wd/hub/session/0ab2c554-b46e-42a0-a44e-92d87b71c2d1/elements [39m[32m200[39m [90m79 ms - 12[39m
[35m[HTTP][39m [90m[39m
[35m[HTTP][39m [37m-->[39m [37mPOST[39m [37m/wd/hub/session/0ab2c554-b46e-42a0-a44e-92d87b71c2d1/elements[39m
[35m[HTTP][39m [90m{"using":"xpath","value":"//*[@class = 'android.widget.TextView' and (@text = 'MAE' or . = 'MAE')]"}[39m
[35m[HTTP][39m [37m<-- POST /wd/hub/session/0ab2c554-b46e-42a0-a44e-92d87b71c2d1/elements [39m[32m200[39m [90m73 ms - 12[39m
[35m[HTTP][39m [90m[39m
[35m[HTTP][39m [37m-->[39m [37mPOST[39m [37m/wd/hub/session/0ab2c554-b46e-42a0-a44e-92d87b71c2d1/elements[39m
[35m[HTTP][39m [90m{"using":"xpath","value":"//*[@class = 'android.widget.TextView' and (@text = 'MAE' or . = 'MAE')]"}[39m
[35m[HTTP][39m [37m<-- POST /wd/hub/session/0ab2c554-b46e-42a0-a44e-92d87b71c2d1/elements [39m[32m200[39m [90m75 ms - 12[39m
[35m[HTTP][39m [90m[39m
[35m[HTTP][39m [37m-->[39m [37mPOST[39m [37m/wd/hub/session/0ab2c554-b46e-42a0-a44e-92d87b71c2d1/elements[39m
[35m[HTTP][39m [90m{"using":"xpath","value":"//*[@class = 'android.widget.TextView' and (@text = 'MAE' or . = 'MAE')]"}[39m
[35m[HTTP][39m [37m<-- POST /wd/hub/session/0ab2c554-b46e-42a0-a44e-92d87b71c2d1/elements [39m[32m200[39m [90m77 ms - 12[39m
[35m[HTTP][39m [90m[39m
[35m[HTTP][39m [37m-->[39m [37mPOST[39m [37m/wd/hub/session/0ab2c554-b46e-42a0-a44e-92d87b71c2d1/elements[39m
[35m[HTTP][39m [90m{"using":"xpath","value":"//*[@class = 'android.widget.TextView' and (@text = 'MAE' or . = 'MAE')]"}[39m
[35m[HTTP][39m [37m<-- POST /wd/hub/session/0ab2c554-b46e-42a0-a44e-92d87b71c2d1/elements [39m[32m200[39m [90m82 ms - 12[39m
[35m[HTTP][39m [90m[39m
[35m[HTTP][39m [37m-->[39m [37mPOST[39m [37m/wd/hub/session/0ab2c554-b46e-42a0-a44e-92d87b71c2d1/elements[39m
[35m[HTTP][39m [90m{"using":"xpath","value":"//*[@class = 'android.widget.TextView' and (@text = 'MAE' or . = 'MAE')]"}[39m
[35m[HTTP][39m [37m<-- POST /wd/hub/session/0ab2c554-b46e-42a0-a44e-92d87b71c2d1/elements [39m[32m200[39m [90m95 ms - 12[39m
[35m[HTTP][39m [90m[39m
[35m[HTTP][39m [37m-->[39m [37mPOST[39m [37m/wd/hub/session/0ab2c554-b46e-42a0-a44e-92d87b71c2d1/elements[39m
[35m[HTTP][39m [90m{"using":"xpath","value":"//*[@class = 'android.widget.TextView' and (@text = 'MAE' or . = 'MAE')]"}[39m
[35m[HTTP][39m [37m<-- POST /wd/hub/session/0ab2c554-b46e-42a0-a44e-92d87b71c2d1/elements [39m[32m200[39m [90m117 ms - 12[39m
[35m[HTTP][39m [90m[39m
[35m[HTTP][39m [37m-->[39m [37mPOST[39m [37m/wd/hub/session/0ab2c554-b46e-42a0-a44e-92d87b71c2d1/elements[39m
[35m[HTTP][39m [90m{"using":"xpath","value":"//*[@class = 'android.widget.TextView' and (@text = 'MAE' or . = 'MAE')]"}[39m
[35m[HTTP][39m [37m<-- POST /wd/hub/session/0ab2c554-b46e-42a0-a44e-92d87b71c2d1/elements [39m[32m200[39m [90m106 ms - 12[39m
[35m[HTTP][39m [90m[39m
[35m[HTTP][39m [37m-->[39m [37mPOST[39m [37m/wd/hub/session/0ab2c554-b46e-42a0-a44e-92d87b71c2d1/elements[39m
[35m[HTTP][39m [90m{"using":"xpath","value":"//*[@class = 'android.widget.TextView' and (@text = 'MAE' or . = 'MAE')]"}[39m
[35m[HTTP][39m [37m<-- POST /wd/hub/session/0ab2c554-b46e-42a0-a44e-92d87b71c2d1/elements [39m[32m200[39m [90m78 ms - 12[39m
[35m[HTTP][39m [90m[39m
[35m[HTTP][39m [37m-->[39m [37mPOST[39m [37m/wd/hub/session/0ab2c554-b46e-42a0-a44e-92d87b71c2d1/elements[39m
[35m[HTTP][39m [90m{"using":"xpath","value":"//*[@class = 'android.widget.TextView' and (@text = 'MAE' or . = 'MAE')]"}[39m
[35m[HTTP][39m [37m<-- POST /wd/hub/session/0ab2c554-b46e-42a0-a44e-92d87b71c2d1/elements [39m[32m200[39m [90m103 ms - 12[39m
[35m[HTTP][39m [90m[39m
[35m[HTTP][39m [37m-->[39m [37mPOST[39m [37m/wd/hub/session/0ab2c554-b46e-42a0-a44e-92d87b71c2d1/elements[39m
[35m[HTTP][39m [90m{"using":"xpath","value":"//*[@class = 'android.widget.TextView' and (@text = 'MAE' or . = 'MAE')]"}[39m
[35m[HTTP][39m [37m<-- POST /wd/hub/session/0ab2c554-b46e-42a0-a44e-92d87b71c2d1/elements [39m[32m200[39m [90m85 ms - 12[39m
[35m[HTTP][39m [90m[39m
[35m[HTTP][39m [37m-->[39m [37mPOST[39m [37m/wd/hub/session/0ab2c554-b46e-42a0-a44e-92d87b71c2d1/elements[39m
[35m[HTTP][39m [90m{"using":"xpath","value":"//*[@class = 'android.widget.TextView' and (@text = 'MAE' or . = 'MAE')]"}[39m
[35m[HTTP][39m [37m<-- POST /wd/hub/session/0ab2c554-b46e-42a0-a44e-92d87b71c2d1/elements [39m[32m200[39m [90m106 ms - 12[39m
[35m[HTTP][39m [90m[39m
[35m[HTTP][39m [37m-->[39m [37mPOST[39m [37m/wd/hub/session/0ab2c554-b46e-42a0-a44e-92d87b71c2d1/elements[39m
[35m[HTTP][39m [90m{"using":"xpath","value":"//*[@class = 'android.widget.TextView' and (@text = 'MAE' or . = 'MAE')]"}[39m
[35m[HTTP][39m [37m<-- POST /wd/hub/session/0ab2c554-b46e-42a0-a44e-92d87b71c2d1/elements [39m[32m200[39m [90m80 ms - 12[39m
[35m[HTTP][39m [90m[39m
[35m[HTTP][39m [37m-->[39m [37mPOST[39m [37m/wd/hub/session/0ab2c554-b46e-42a0-a44e-92d87b71c2d1/elements[39m
[35m[HTTP][39m [90m{"using":"xpath","value":"//*[@class = 'android.widget.TextView' and (@text = 'MAE' or . = 'MAE')]"}[39m
[35m[HTTP][39m [37m<-- POST /wd/hub/session/0ab2c554-b46e-42a0-a44e-92d87b71c2d1/elements [39m[32m200[39m [90m112 ms - 12[39m
[35m[HTTP][39m [90m[39m
[35m[HTTP][39m [37m-->[39m [37mPOST[39m [37m/wd/hub/session/0ab2c554-b46e-42a0-a44e-92d87b71c2d1/elements[39m
[35m[HTTP][39m [90m{"using":"xpath","value":"//*[@class = 'android.widget.TextView' and (@text = 'MAE' or . = 'MAE')]"}[39m
[35m[HTTP][39m [37m<-- POST /wd/hub/session/0ab2c554-b46e-42a0-a44e-92d87b71c2d1/elements [39m[32m200[39m [90m98 ms - 12[39m
[35m[HTTP][39m [90m[39m
[35m[HTTP][39m [37m-->[39m [37mPOST[39m [37m/wd/hub/session/0ab2c554-b46e-42a0-a44e-92d87b71c2d1/elements[39m
[35m[HTTP][39m [90m{"using":"xpath","value":"//*[@class = 'android.widget.TextView' and (@text = 'MAE' or . = 'MAE')]"}[39m
[35m[HTTP][39m [37m<-- POST /wd/hub/session/0ab2c554-b46e-42a0-a44e-92d87b71c2d1/elements [39m[32m200[39m [90m119 ms - 12[39m
[35m[HTTP][39m [90m[39m
[35m[HTTP][39m [37m-->[39m [37mPOST[39m [37m/wd/hub/session/0ab2c554-b46e-42a0-a44e-92d87b71c2d1/elements[39m
[35m[HTTP][39m [90m{"using":"xpath","value":"//*[@class = 'android.widget.TextView' and (@text = 'MAE' or . = 'MAE')]"}[39m
[35m[HTTP][39m [37m<-- POST /wd/hub/session/0ab2c554-b46e-42a0-a44e-92d87b71c2d1/elements [39m[32m200[39m [90m147 ms - 12[39m
[35m[HTTP][39m [90m[39m
[35m[HTTP][39m [37m-->[39m [37mPOST[39m [37m/wd/hub/session/0ab2c554-b46e-42a0-a44e-92d87b71c2d1/elements[39m
[35m[HTTP][39m [90m{"using":"xpath","value":"//*[@class = 'android.widget.TextView' and (@text = 'MAE' or . = 'MAE')]"}[39m
[35m[HTTP][39m [37m<-- POST /wd/hub/session/0ab2c554-b46e-42a0-a44e-92d87b71c2d1/elements [39m[32m200[39m [90m1714 ms - 139[39m
[35m[HTTP][39m [90m[39m
[35m[HTTP][39m [37m-->[39m [37mGET[39m [37m/wd/hub/session/0ab2c554-b46e-42a0-a44e-92d87b71c2d1/element/00000000-0000-0133-ffff-ffff00000256/location[39m
[35m[HTTP][39m [90m{}[39m
[35m[W3C (0ab2c554)][39m Driver proxy active, passing request on via HTTP proxy
[35m[WD Proxy][39m Replacing sessionId 73e752dd-876d-48cc-973c-ed6b30ef7cdc with 0ab2c554-b46e-42a0-a44e-92d87b71c2d1
[35m[HTTP][39m [37m<-- GET /wd/hub/session/0ab2c554-b46e-42a0-a44e-92d87b71c2d1/element/00000000-0000-0133-ffff-ffff00000256/location [39m[32m200[39m [90m14 ms - 78[39m
[35m[HTTP][39m [90m[39m
[35m[HTTP][39m [37m-->[39m [37mPOST[39m [37m/wd/hub/session/0ab2c554-b46e-42a0-a44e-92d87b71c2d1/timeouts[39m
[35m[HTTP][39m [90m{"implicit":40000}[39m
[35m[HTTP][39m [37m<-- POST /wd/hub/session/0ab2c554-b46e-42a0-a44e-92d87b71c2d1/timeouts [39m[32m200[39m [90m1 ms - 14[39m
[35m[HTTP][39m [90m[39m
[35m[HTTP][39m [37m-->[39m [37mGET[39m [37m/wd/hub/session/0ab2c554-b46e-42a0-a44e-92d87b71c2d1/element/00000000-0000-0133-ffff-ffff00000256/displayed[39m
[35m[HTTP][39m [90m{}[39m
[35m[HTTP][39m [37m<-- GET /wd/hub/session/0ab2c554-b46e-42a0-a44e-92d87b71c2d1/element/00000000-0000-0133-ffff-ffff00000256/displayed [39m[32m200[39m [90m12 ms - 14[39m
[35m[HTTP][39m [90m[39m
[35m[HTTP][39m [37m-->[39m [37mPOST[39m [37m/wd/hub/session/0ab2c554-b46e-42a0-a44e-92d87b71c2d1/timeouts[39m
[35m[HTTP][39m [90m{"implicit":50}[39m
[35m[HTTP][39m [37m<-- POST /wd/hub/session/0ab2c554-b46e-42a0-a44e-92d87b71c2d1/timeouts [39m[32m200[39m [90m1 ms - 14[39m
[35m[HTTP][39m [90m[39m
[35m[HTTP][39m [37m-->[39m [37mGET[39m [37m/wd/hub/session/0ab2c554-b46e-42a0-a44e-92d87b71c2d1/window/rect[39m
[35m[HTTP][39m [90m{}[39m
[35m[HTTP][39m [37m<-- GET /wd/hub/session/0ab2c554-b46e-42a0-a44e-92d87b71c2d1/window/rect [39m[32m200[39m [90m9 ms - 50[39m
[35m[HTTP][39m [90m[39m
[35m[HTTP][39m [37m-->[39m [37mPOST[39m [37m/wd/hub/session/0ab2c554-b46e-42a0-a44e-92d87b71c2d1/elements[39m
[35m[HTTP][39m [90m{"using":"xpath","value":"//*[@class = 'android.widget.TextView' and (@text = 'MAE' or . = 'MAE')]"}[39m
[35m[HTTP][39m [37m<-- POST /wd/hub/session/0ab2c554-b46e-42a0-a44e-92d87b71c2d1/elements [39m[32m200[39m [90m243 ms - 139[39m
[35m[HTTP][39m [90m[39m
[35m[HTTP][39m [37m-->[39m [37mGET[39m [37m/wd/hub/session/0ab2c554-b46e-42a0-a44e-92d87b71c2d1/element/00000000-0000-0133-ffff-ffff00000256/location[39m
[35m[HTTP][39m [90m{}[39m
[35m[W3C (0ab2c554)][39m Driver proxy active, passing request on via HTTP proxy
[35m[WD Proxy][39m Replacing sessionId 73e752dd-876d-48cc-973c-ed6b30ef7cdc with 0ab2c554-b46e-42a0-a44e-92d87b71c2d1
[35m[HTTP][39m [37m<-- GET /wd/hub/session/0ab2c554-b46e-42a0-a44e-92d87b71c2d1/element/00000000-0000-0133-ffff-ffff00000256/location [39m[32m200[39m [90m15 ms - 78[39m
[35m[HTTP][39m [90m[39m
[35m[HTTP][39m [37m-->[39m [37mPOST[39m [37m/wd/hub/session/0ab2c554-b46e-42a0-a44e-92d87b71c2d1/timeouts[39m
[35m[HTTP][39m [90m{"implicit":40000}[39m
[35m[HTTP][39m [37m<-- POST /wd/hub/session/0ab2c554-b46e-42a0-a44e-92d87b71c2d1/timeouts [39m[32m200[39m [90m1 ms - 14[39m
[35m[HTTP][39m [90m[39m
[35m[HTTP][39m [37m-->[39m [37mPOST[39m [37m/wd/hub/session/0ab2c554-b46e-42a0-a44e-92d87b71c2d1/element/00000000-0000-0133-ffff-ffff00000256/click[39m
[35m[HTTP][39m [90m{"id":"00000000-0000-0133-ffff-ffff00000256"}[39m
[35m[HTTP][39m [37m<-- POST /wd/hub/session/0ab2c554-b46e-42a0-a44e-92d87b71c2d1/element/00000000-0000-0133-ffff-ffff00000256/click [39m[32m200[39m [90m53 ms - 14[39m
[35m[HTTP][39m [90m[39m
[35m[HTTP][39m [37m-->[39m [37mPOST[39m [37m/wd/hub/session/0ab2c554-b46e-42a0-a44e-92d87b71c2d1/timeouts[39m
[35m[HTTP][39m [90m{"implicit":50}[39m
[35m[HTTP][39m [37m<-- POST /wd/hub/session/0ab2c554-b46e-42a0-a44e-92d87b71c2d1/timeouts [39m[32m200[39m [90m1 ms - 14[39m
[35m[HTTP][39m [90m[39m
[35m[HTTP][39m [37m-->[39m [37mGET[39m [37m/wd/hub/session/0ab2c554-b46e-42a0-a44e-92d87b71c2d1/window/rect[39m
[35m[HTTP][39m [90m{}[39m
[35m[HTTP][39m [37m<-- GET /wd/hub/session/0ab2c554-b46e-42a0-a44e-92d87b71c2d1/window/rect [39m[32m200[39m [90m12 ms - 50[39m
[35m[HTTP][39m [90m[39m
[35m[HTTP][39m [37m-->[39m [37mPOST[39m [37m/wd/hub/session/0ab2c554-b46e-42a0-a44e-92d87b71c2d1/elements[39m
[35m[HTTP][39m [90m{"using":"xpath","value":"//*[@class = 'android.widget.TextView' and (@text = 'Transfer' or . = 'Transfer')]"}[39m
[35m[HTTP][39m [37m<-- POST /wd/hub/session/0ab2c554-b46e-42a0-a44e-92d87b71c2d1/elements [39m[32m200[39m [90m199 ms - 139[39m
[35m[HTTP][39m [90m[39m
[35m[HTTP][39m [37m-->[39m [37mGET[39m [37m/wd/hub/session/0ab2c554-b46e-42a0-a44e-92d87b71c2d1/element/00000000-0000-0133-ffff-ffff00000317/location[39m
[35m[HTTP][39m [90m{}[39m
[35m[W3C (0ab2c554)][39m Driver proxy active, passing request on via HTTP proxy
[35m[WD Proxy][39m Replacing sessionId 73e752dd-876d-48cc-973c-ed6b30ef7cdc with 0ab2c554-b46e-42a0-a44e-92d87b71c2d1
[35m[HTTP][39m [37m<-- GET /wd/hub/session/0ab2c554-b46e-42a0-a44e-92d87b71c2d1/element/00000000-0000-0133-ffff-ffff00000317/location [39m[32m200[39m [90m18 ms - 79[39m
[35m[HTTP][39m [90m[39m
[35m[HTTP][39m [37m-->[39m [37mPOST[39m [37m/wd/hub/session/0ab2c554-b46e-42a0-a44e-92d87b71c2d1/timeouts[39m
[35m[HTTP][39m [90m{"implicit":40000}[39m
[35m[HTTP][39m [37m<-- POST /wd/hub/session/0ab2c554-b46e-42a0-a44e-92d87b71c2d1/timeouts [39m[32m200[39m [90m1 ms - 14[39m
[35m[HTTP][39m [90m[39m
[35m[HTTP][39m [37m-->[39m [37mGET[39m [37m/wd/hub/session/0ab2c554-b46e-42a0-a44e-92d87b71c2d1/element/00000000-0000-0133-ffff-ffff00000317/displayed[39m
[35m[HTTP][39m [90m{}[39m
[35m[HTTP][39m [37m<-- GET /wd/hub/session/0ab2c554-b46e-42a0-a44e-92d87b71c2d1/element/00000000-0000-0133-ffff-ffff00000317/displayed [39m[32m200[39m [90m13 ms - 14[39m
[35m[HTTP][39m [90m[39m
[35m[HTTP][39m [37m-->[39m [37mPOST[39m [37m/wd/hub/session/0ab2c554-b46e-42a0-a44e-92d87b71c2d1/timeouts[39m
[35m[HTTP][39m [90m{"implicit":50}[39m
[35m[HTTP][39m [37m<-- POST /wd/hub/session/0ab2c554-b46e-42a0-a44e-92d87b71c2d1/timeouts [39m[32m200[39m [90m1 ms - 14[39m
[35m[HTTP][39m [90m[39m
[35m[HTTP][39m [37m-->[39m [37mGET[39m [37m/wd/hub/session/0ab2c554-b46e-42a0-a44e-92d87b71c2d1/window/rect[39m
[35m[HTTP][39m [90m{}[39m
[35m[HTTP][39m [37m<-- GET /wd/hub/session/0ab2c554-b46e-42a0-a44e-92d87b71c2d1/window/rect [39m[32m200[39m [90m8 ms - 50[39m
[35m[HTTP][39m [90m[39m
[35m[HTTP][39m [37m-->[39m [37mPOST[39m [37m/wd/hub/session/0ab2c554-b46e-42a0-a44e-92d87b71c2d1/elements[39m
[35m[HTTP][39m [90m{"using":"xpath","value":"//*[@class = 'android.widget.TextView' and (@text = 'Transfer' or . = 'Transfer')]"}[39m
[35m[HTTP][39m [37m<-- POST /wd/hub/session/0ab2c554-b46e-42a0-a44e-92d87b71c2d1/elements [39m[32m200[39m [90m180 ms - 139[39m
[35m[HTTP][39m [90m[39m
[35m[HTTP][39m [37m-->[39m [37mGET[39m [37m/wd/hub/session/0ab2c554-b46e-42a0-a44e-92d87b71c2d1/element/00000000-0000-0133-ffff-ffff00000317/location[39m
[35m[HTTP][39m [90m{}[39m
[35m[W3C (0ab2c554)][39m Driver proxy active, passing request on via HTTP proxy
[35m[WD Proxy][39m Replacing sessionId 73e752dd-876d-48cc-973c-ed6b30ef7cdc with 0ab2c554-b46e-42a0-a44e-92d87b71c2d1
[35m[HTTP][39m [37m<-- GET /wd/hub/session/0ab2c554-b46e-42a0-a44e-92d87b71c2d1/element/00000000-0000-0133-ffff-ffff00000317/location [39m[32m200[39m [90m16 ms - 79[39m
[35m[HTTP][39m [90m[39m
[35m[HTTP][39m [37m-->[39m [37mPOST[39m [37m/wd/hub/session/0ab2c554-b46e-42a0-a44e-92d87b71c2d1/timeouts[39m
[35m[HTTP][39m [90m{"implicit":40000}[39m
[35m[HTTP][39m [37m<-- POST /wd/hub/session/0ab2c554-b46e-42a0-a44e-92d87b71c2d1/timeouts [39m[32m200[39m [90m1 ms - 14[39m
[35m[HTTP][39m [90m[39m
[35m[HTTP][39m [37m-->[39m [37mPOST[39m [37m/wd/hub/session/0ab2c554-b46e-42a0-a44e-92d87b71c2d1/element/00000000-0000-0133-ffff-ffff00000317/click[39m
[35m[HTTP][39m [90m{"id":"00000000-0000-0133-ffff-ffff00000317"}[39m
[35m[HTTP][39m [37m<-- POST /wd/hub/session/0ab2c554-b46e-42a0-a44e-92d87b71c2d1/element/00000000-0000-0133-ffff-ffff00000317/click [39m[32m200[39m [90m37 ms - 14[39m
[35m[HTTP][39m [90m[39m
[35m[HTTP][39m [37m-->[39m [37mPOST[39m [37m/wd/hub/session/0ab2c554-b46e-42a0-a44e-92d87b71c2d1/timeouts[39m
[35m[HTTP][39m [90m{"implicit":50}[39m
[35m[HTTP][39m [37m<-- POST /wd/hub/session/0ab2c554-b46e-42a0-a44e-92d87b71c2d1/timeouts [39m[32m200[39m [90m1 ms - 14[39m
[35m[HTTP][39m [90m[39m
[35m[HTTP][39m [37m-->[39m [37mGET[39m [37m/wd/hub/session/0ab2c554-b46e-42a0-a44e-92d87b71c2d1/window/rect[39m
[35m[HTTP][39m [90m{}[39m
[35m[HTTP][39m [37m<-- GET /wd/hub/session/0ab2c554-b46e-42a0-a44e-92d87b71c2d1/window/rect [39m[32m200[39m [90m10 ms - 50[39m
[35m[HTTP][39m [90m[39m
[35m[HTTP][39m [37m-->[39m [37mPOST[39m [37m/wd/hub/session/0ab2c554-b46e-42a0-a44e-92d87b71c2d1/elements[39m
[35m[HTTP][39m [90m{"using":"xpath","value":"//*[(@text = 'Forgot Password' or . = 'Forgot Password')]"}[39m
[35m[HTTP][39m [37m<-- POST /wd/hub/session/0ab2c554-b46e-42a0-a44e-92d87b71c2d1/elements [39m[32m200[39m [90m10259 ms - 139[39m
[35m[HTTP][39m [90m[39m
[35m[HTTP][39m [37m-->[39m [37mGET[39m [37m/wd/hub/session/0ab2c554-b46e-42a0-a44e-92d87b71c2d1/element/00000000-0000-0133-ffff-ffff000003ea/location[39m
[35m[HTTP][39m [90m{}[39m
[35m[W3C (0ab2c554)][39m Driver proxy active, passing request on via HTTP proxy
[35m[WD Proxy][39m Replacing sessionId 73e752dd-876d-48cc-973c-ed6b30ef7cdc with 0ab2c554-b46e-42a0-a44e-92d87b71c2d1
[35m[HTTP][39m [37m<-- GET /wd/hub/session/0ab2c554-b46e-42a0-a44e-92d87b71c2d1/element/00000000-0000-0133-ffff-ffff000003ea/location [39m[32m200[39m [90m20075 ms - 78[39m
[35m[HTTP][39m [90m[39m
[35m[HTTP][39m [37m-->[39m [37mPOST[39m [37m/wd/hub/session/0ab2c554-b46e-42a0-a44e-92d87b71c2d1/timeouts[39m
[35m[HTTP][39m [90m{"implicit":40000}[39m
[35m[HTTP][39m [37m<-- POST /wd/hub/session/0ab2c554-b46e-42a0-a44e-92d87b71c2d1/timeouts [39m[32m200[39m [90m1 ms - 14[39m
[35m[HTTP][39m [90m[39m
[35m[HTTP][39m [37m-->[39m [37mGET[39m [37m/wd/hub/session/0ab2c554-b46e-42a0-a44e-92d87b71c2d1/element/00000000-0000-0133-ffff-ffff000003ea/displayed[39m
[35m[HTTP][39m [90m{}[39m
[35m[HTTP][39m [37m<-- GET /wd/hub/session/0ab2c554-b46e-42a0-a44e-92d87b71c2d1/element/00000000-0000-0133-ffff-ffff000003ea/displayed [39m[32m200[39m [90m20121 ms - 14[39m
[35m[HTTP][39m [90m[39m
[35m[HTTP][39m [37m-->[39m [37mPOST[39m [37m/wd/hub/session/0ab2c554-b46e-42a0-a44e-92d87b71c2d1/timeouts[39m
[35m[HTTP][39m [90m{"implicit":50}[39m
[35m[HTTP][39m [37m<-- POST /wd/hub/session/0ab2c554-b46e-42a0-a44e-92d87b71c2d1/timeouts [39m[32m200[39m [90m1 ms - 14[39m
[35m[HTTP][39m [90m[39m
[35m[HTTP][39m [37m-->[39m [37mGET[39m [37m/wd/hub/session/0ab2c554-b46e-42a0-a44e-92d87b71c2d1/window/rect[39m
[35m[HTTP][39m [90m{}[39m
[35m[HTTP][39m [37m<-- GET /wd/hub/session/0ab2c554-b46e-42a0-a44e-92d87b71c2d1/window/rect [39m[32m200[39m [90m16 ms - 50[39m
[35m[HTTP][39m [90m[39m
[35m[HTTP][39m [37m-->[39m [37mPOST[39m [37m/wd/hub/session/0ab2c554-b46e-42a0-a44e-92d87b71c2d1/elements[39m
[35m[HTTP][39m [90m{"using":"xpath","value":"//*[@class = 'android.widget.EditText' and (@text = 'M2U password' or . = 'M2U password')]"}[39m
[35m[HTTP][39m [37m<-- POST /wd/hub/session/0ab2c554-b46e-42a0-a44e-92d87b71c2d1/elements [39m[32m200[39m [90m10198 ms - 139[39m
[35m[HTTP][39m [90m[39m
[35m[HTTP][39m [37m-->[39m [37mGET[39m [37m/wd/hub/session/0ab2c554-b46e-42a0-a44e-92d87b71c2d1/element/00000000-0000-0133-ffff-ffff000003e8/location[39m
[35m[HTTP][39m [90m{}[39m
[35m[W3C (0ab2c554)][39m Driver proxy active, passing request on via HTTP proxy
[35m[WD Proxy][39m Replacing sessionId 73e752dd-876d-48cc-973c-ed6b30ef7cdc with 0ab2c554-b46e-42a0-a44e-92d87b71c2d1
[35m[HTTP][39m [37m<-- GET /wd/hub/session/0ab2c554-b46e-42a0-a44e-92d87b71c2d1/element/00000000-0000-0133-ffff-ffff000003e8/location [39m[32m200[39m [90m20090 ms - 77[39m
[35m[HTTP][39m [90m[39m
[35m[HTTP][39m [37m-->[39m [37mPOST[39m [37m/wd/hub/session/0ab2c554-b46e-42a0-a44e-92d87b71c2d1/timeouts[39m
[35m[HTTP][39m [90m{"implicit":40000}[39m
[35m[HTTP][39m [37m<-- POST /wd/hub/session/0ab2c554-b46e-42a0-a44e-92d87b71c2d1/timeouts [39m[32m200[39m [90m1 ms - 14[39m
[35m[HTTP][39m [90m[39m
[35m[HTTP][39m [37m-->[39m [37mPOST[39m [37m/wd/hub/session/0ab2c554-b46e-42a0-a44e-92d87b71c2d1/element/00000000-0000-0133-ffff-ffff000003e8/clear[39m
[35m[HTTP][39m [90m{"id":"00000000-0000-0133-ffff-ffff000003e8"}[39m
[35m[HTTP][39m [37m<-- POST /wd/hub/session/0ab2c554-b46e-42a0-a44e-92d87b71c2d1/element/00000000-0000-0133-ffff-ffff000003e8/clear [39m[32m200[39m [90m20152 ms - 14[39m
[35m[HTTP][39m [90m[39m
[35m[HTTP][39m [37m-->[39m [37mPOST[39m [37m/wd/hub/session/0ab2c554-b46e-42a0-a44e-92d87b71c2d1/element/00000000-0000-0133-ffff-ffff000003e8/value[39m
[35m[HTTP][39m [90m{"id":"00000000-0000-0133-ffff-ffff000003e8","text":"pass1234","value":["p","a","s","s","1","2","3","4"]}[39m
[35m[HTTP][39m [37m<-- POST /wd/hub/session/0ab2c554-b46e-42a0-a44e-92d87b71c2d1/element/00000000-0000-0133-ffff-ffff000003e8/value [39m[32m200[39m [90m60181 ms - 14[39m
[35m[HTTP][39m [90m[39m
[35m[HTTP][39m [37m-->[39m [37mGET[39m [37m/wd/hub/session/0ab2c554-b46e-42a0-a44e-92d87b71c2d1/context[39m
[35m[HTTP][39m [90m{}[39m
[35m[HTTP][39m [37m<-- GET /wd/hub/session/0ab2c554-b46e-42a0-a44e-92d87b71c2d1/context [39m[32m200[39m [90m1 ms - 22[39m
[35m[HTTP][39m [90m[39m
[35m[HTTP][39m [37m-->[39m [37mGET[39m [37m/wd/hub/session/0ab2c554-b46e-42a0-a44e-92d87b71c2d1/contexts[39m
[35m[HTTP][39m [90m{}[39m
[35m[HTTP][39m [37m<-- GET /wd/hub/session/0ab2c554-b46e-42a0-a44e-92d87b71c2d1/contexts [39m[32m200[39m [90m74 ms - 24[39m
[35m[HTTP][39m [90m[39m
[35m[HTTP][39m [37m-->[39m [37mPOST[39m [37m/wd/hub/session/0ab2c554-b46e-42a0-a44e-92d87b71c2d1/context[39m
[35m[HTTP][39m [90m{"name":"NATIVE_APP"}[39m
[35m[HTTP][39m [37m<-- POST /wd/hub/session/0ab2c554-b46e-42a0-a44e-92d87b71c2d1/context [39m[32m200[39m [90m1 ms - 14[39m
[35m[HTTP][39m [90m[39m
[35m[HTTP][39m [37m-->[39m [37mPOST[39m [37m/wd/hub/session/0ab2c554-b46e-42a0-a44e-92d87b71c2d1/appium/device/hide_keyboard[39m
[35m[HTTP][39m [90m{}[39m
[35m[HTTP][39m [37m<-- POST /wd/hub/session/0ab2c554-b46e-42a0-a44e-92d87b71c2d1/appium/device/hide_keyboard [39m[32m200[39m [90m4881 ms - 14[39m
[35m[HTTP][39m [90m[39m
[35m[HTTP][39m [37m-->[39m [37mPOST[39m [37m/wd/hub/session/0ab2c554-b46e-42a0-a44e-92d87b71c2d1/context[39m
[35m[HTTP][39m [90m{"name":"NATIVE_APP"}[39m
[35m[HTTP][39m [37m<-- POST /wd/hub/session/0ab2c554-b46e-42a0-a44e-92d87b71c2d1/context [39m[32m200[39m [90m1 ms - 14[39m
[35m[HTTP][39m [90m[39m
[35m[HTTP][39m [37m-->[39m [37mPOST[39m [37m/wd/hub/session/0ab2c554-b46e-42a0-a44e-92d87b71c2d1/timeouts[39m
[35m[HTTP][39m [90m{"implicit":50}[39m
[35m[HTTP][39m [37m<-- POST /wd/hub/session/0ab2c554-b46e-42a0-a44e-92d87b71c2d1/timeouts [39m[32m200[39m [90m1 ms - 14[39m
[35m[HTTP][39m [90m[39m
[35m[HTTP][39m [37m-->[39m [37mGET[39m [37m/wd/hub/session/0ab2c554-b46e-42a0-a44e-92d87b71c2d1/window/rect[39m
[35m[HTTP][39m [90m{}[39m
[35m[HTTP][39m [37m<-- GET /wd/hub/session/0ab2c554-b46e-42a0-a44e-92d87b71c2d1/window/rect [39m[32m200[39m [90m24 ms - 50[39m
[35m[HTTP][39m [90m[39m
[35m[HTTP][39m [37m-->[39m [37mPOST[39m [37m/wd/hub/session/0ab2c554-b46e-42a0-a44e-92d87b71c2d1/elements[39m
[35m[HTTP][39m [90m{"using":"xpath","value":"//hierarchy/android.widget.FrameLayout[1]/android.widget.LinearLayout[1]/android.widget.FrameLayout[1]/android.widget.LinearLayout[1]/android.widget.FrameLayout[1]/android.widget.FrameLayout[1]/android.view.ViewGroup[1]/android.view.ViewGroup[1]/android.view.ViewGroup[1]/android.view.ViewGroup[2]/android.view.ViewGroup[1]/android.view.ViewGroup[1]/android.view.ViewGroup[3]/android.view.ViewGroup[1]/android.view.ViewGroup[1]/android.widget.TextView[1]"}[39m
[35m[HTTP][39m [37m<-- POST /wd/hub/session/0ab2c554-b46e-42a0-a44e-92d87b71c2d1/elements [39m[32m200[39m [90m10214 ms - 139[39m
[35m[HTTP][39m [90m[39m
[35m[HTTP][39m [37m-->[39m [37mGET[39m [37m/wd/hub/session/0ab2c554-b46e-42a0-a44e-92d87b71c2d1/element/00000000-0000-0133-ffff-ffff000003ef/location[39m
[35m[HTTP][39m [90m{}[39m
[35m[W3C (0ab2c554)][39m Driver proxy active, passing request on via HTTP proxy
[35m[WD Proxy][39m Replacing sessionId 73e752dd-876d-48cc-973c-ed6b30ef7cdc with 0ab2c554-b46e-42a0-a44e-92d87b71c2d1
[35m[HTTP][39m [37m<-- GET /wd/hub/session/0ab2c554-b46e-42a0-a44e-92d87b71c2d1/element/00000000-0000-0133-ffff-ffff000003ef/location [39m[32m200[39m [90m20118 ms - 79[39m
[35m[HTTP][39m [90m[39m
[35m[HTTP][39m [37m-->[39m [37mPOST[39m [37m/wd/hub/session/0ab2c554-b46e-42a0-a44e-92d87b71c2d1/timeouts[39m
[35m[HTTP][39m [90m{"implicit":40000}[39m
[35m[HTTP][39m [37m<-- POST /wd/hub/session/0ab2c554-b46e-42a0-a44e-92d87b71c2d1/timeouts [39m[32m200[39m [90m1 ms - 14[39m
[35m[HTTP][39m [90m[39m
[35m[HTTP][39m [37m-->[39m [37mPOST[39m [37m/wd/hub/session/0ab2c554-b46e-42a0-a44e-92d87b71c2d1/element/00000000-0000-0133-ffff-ffff000003ef/click[39m
[35m[HTTP][39m [90m{"id":"00000000-0000-0133-ffff-ffff000003ef"}[39m
[35m[HTTP][39m [37m<-- POST /wd/hub/session/0ab2c554-b46e-42a0-a44e-92d87b71c2d1/element/00000000-0000-0133-ffff-ffff000003ef/click [39m[32m200[39m [90m30239 ms - 14[39m
[35m[HTTP][39m [90m[39m
[35m[HTTP][39m [37m-->[39m [37mPOST[39m [37m/wd/hub/session/0ab2c554-b46e-42a0-a44e-92d87b71c2d1/timeouts[39m
[35m[HTTP][39m [90m{"implicit":50}[39m
[35m[HTTP][39m [37m<-- POST /wd/hub/session/0ab2c554-b46e-42a0-a44e-92d87b71c2d1/timeouts [39m[32m200[39m [90m1 ms - 14[39m
[35m[HTTP][39m [90m[39m
[35m[HTTP][39m [37m-->[39m [37mGET[39m [37m/wd/hub/session/0ab2c554-b46e-42a0-a44e-92d87b71c2d1/window/rect[39m
[35m[HTTP][39m [90m{}[39m
[35m[HTTP][39m [37m<-- GET /wd/hub/session/0ab2c554-b46e-42a0-a44e-92d87b71c2d1/window/rect [39m[32m200[39m [90m19 ms - 50[39m
[35m[HTTP][39m [90m[39m
[35m[HTTP][39m [37m-->[39m [37mPOST[39m [37m/wd/hub/session/0ab2c554-b46e-42a0-a44e-92d87b71c2d1/elements[39m
[35m[HTTP][39m [90m{"using":"xpath","value":"//hierarchy/android.widget.FrameLayout[1]/android.widget.LinearLayout[1]/android.widget.FrameLayout[1]/android.widget.LinearLayout[1]/android.widget.FrameLayout[1]/android.widget.FrameLayout[1]/android.view.ViewGroup[1]/android.view.ViewGroup[1]/android.view.ViewGroup[1]/android.view.ViewGroup[1]/android.view.ViewGroup[1]/android.widget.FrameLayout[1]/android.view.ViewGroup[1]/android.view.ViewGroup[1]/android.view.ViewGroup[1]/android.view.ViewGroup[1]/android.view.ViewGroup[1]/android.view.ViewGroup[1]/android.widget.FrameLayout[1]/android.view.ViewGroup[1]/android.view.ViewGroup[1]/android.view.ViewGroup[1]/android.view.ViewGroup[1]/android.view.ViewGroup[1]/android.view.ViewGroup[1]/android.view.ViewGroup[1]/android.widget.HorizontalScrollView[1]/android.view.ViewGroup[1]/android.view.ViewGroup[2]/android.view.ViewGroup[1]/android.widget.TextView[1][count(. | //*[@class = 'android.widget.TextView' and (@text = 'OTHERS' or . = 'OTHERS')]) = count(//*[@class = 'android.widget.Te...[39m
[35m[HTTP][39m [37m<-- POST /wd/hub/session/0ab2c554-b46e-42a0-a44e-92d87b71c2d1/elements [39m[32m200[39m [90m10318 ms - 139[39m
[35m[HTTP][39m [90m[39m
[35m[HTTP][39m [37m-->[39m [37mGET[39m [37m/wd/hub/session/0ab2c554-b46e-42a0-a44e-92d87b71c2d1/element/00000000-0000-0133-ffff-ffff000003c8/location[39m
[35m[HTTP][39m [90m{}[39m
[35m[W3C (0ab2c554)][39m Driver proxy active, passing request on via HTTP proxy
[35m[WD Proxy][39m Replacing sessionId 73e752dd-876d-48cc-973c-ed6b30ef7cdc with 0ab2c554-b46e-42a0-a44e-92d87b71c2d1
[35m[HTTP][39m [37m<-- GET /wd/hub/session/0ab2c554-b46e-42a0-a44e-92d87b71c2d1/element/00000000-0000-0133-ffff-ffff000003c8/location [39m[32m200[39m [90m20083 ms - 78[39m
[35m[HTTP][39m [90m[39m
[35m[HTTP][39m [37m-->[39m [37mPOST[39m [37m/wd/hub/session/0ab2c554-b46e-42a0-a44e-92d87b71c2d1/timeouts[39m
[35m[HTTP][39m [90m{"implicit":40000}[39m
[35m[HTTP][39m [37m<-- POST /wd/hub/session/0ab2c554-b46e-42a0-a44e-92d87b71c2d1/timeouts [39m[32m200[39m [90m18 ms - 14[39m
[35m[HTTP][39m [90m[39m
[35m[HTTP][39m [37m-->[39m [37mPOST[39m [37m/wd/hub/session/0ab2c554-b46e-42a0-a44e-92d87b71c2d1/timeouts[39m
[35m[HTTP][39m [90m{"implicit":50}[39m
[35m[HTTP][39m [37m<-- POST /wd/hub/session/0ab2c554-b46e-42a0-a44e-92d87b71c2d1/timeouts [39m[32m200[39m [90m1 ms - 14[39m
[35m[HTTP][39m [90m[39m
[35m[HTTP][39m [37m-->[39m [37mGET[39m [37m/wd/hub/session/0ab2c554-b46e-42a0-a44e-92d87b71c2d1/window/rect[39m
[35m[HTTP][39m [90m{}[39m
[35m[HTTP][39m [37m<-- GET /wd/hub/session/0ab2c554-b46e-42a0-a44e-92d87b71c2d1/window/rect [39m[32m200[39m [90m9 ms - 50[39m
[35m[HTTP][39m [90m[39m
[35m[HTTP][39m [37m-->[39m [37mPOST[39m [37m/wd/hub/session/0ab2c554-b46e-42a0-a44e-92d87b71c2d1/elements[39m
[35m[HTTP][39m [90m{"using":"xpath","value":"//hierarchy/android.widget.FrameLayout[1]/android.widget.LinearLayout[1]/android.widget.FrameLayout[1]/android.widget.LinearLayout[1]/android.widget.FrameLayout[1]/android.widget.FrameLayout[1]/android.view.ViewGroup[1]/android.view.ViewGroup[1]/android.view.ViewGroup[1]/android.view.ViewGroup[1]/android.view.ViewGroup[1]/android.widget.FrameLayout[1]/android.view.ViewGroup[1]/android.view.ViewGroup[1]/android.view.ViewGroup[1]/android.view.ViewGroup[1]/android.view.ViewGroup[1]/android.view.ViewGroup[1]/android.widget.FrameLayout[1]/android.view.ViewGroup[1]/android.view.ViewGroup[1]/android.view.ViewGroup[1]/android.view.ViewGroup[1]/android.view.ViewGroup[1]/android.view.ViewGroup[1]/android.view.ViewGroup[1]/android.widget.HorizontalScrollView[1]/android.view.ViewGroup[1]/android.view.ViewGroup[2]/android.view.ViewGroup[1]/android.widget.TextView[1][count(. | //*[@class = 'android.widget.TextView' and (@text = 'OTHERS' or . = 'OTHERS')]) = count(//*[@class = 'android.widget.Te...[39m
[35m[HTTP][39m [37m<-- POST /wd/hub/session/0ab2c554-b46e-42a0-a44e-92d87b71c2d1/elements [39m[32m200[39m [90m10369 ms - 139[39m
[35m[HTTP][39m [90m[39m
[35m[HTTP][39m [37m-->[39m [37mGET[39m [37m/wd/hub/session/0ab2c554-b46e-42a0-a44e-92d87b71c2d1/element/00000000-0000-0133-ffff-ffff000003c8/location[39m
[35m[HTTP][39m [90m{}[39m
[35m[W3C (0ab2c554)][39m Driver proxy active, passing request on via HTTP proxy
[35m[WD Proxy][39m Replacing sessionId 73e752dd-876d-48cc-973c-ed6b30ef7cdc with 0ab2c554-b46e-42a0-a44e-92d87b71c2d1
[35m[HTTP][39m [37m<-- GET /wd/hub/session/0ab2c554-b46e-42a0-a44e-92d87b71c2d1/element/00000000-0000-0133-ffff-ffff000003c8/location [39m[32m200[39m [90m20141 ms - 78[39m
[35m[HTTP][39m [90m[39m
[35m[HTTP][39m [37m-->[39m [37mPOST[39m [37m/wd/hub/session/0ab2c554-b46e-42a0-a44e-92d87b71c2d1/timeouts[39m
[35m[HTTP][39m [90m{"implicit":40000}[39m
[35m[HTTP][39m [37m<-- POST /wd/hub/session/0ab2c554-b46e-42a0-a44e-92d87b71c2d1/timeouts [39m[32m200[39m [90m1 ms - 14[39m
[35m[HTTP][39m [90m[39m
[35m[HTTP][39m [37m-->[39m [37mPOST[39m [37m/wd/hub/session/0ab2c554-b46e-42a0-a44e-92d87b71c2d1/element/00000000-0000-0133-ffff-ffff000003c8/click[39m
[35m[HTTP][39m [90m{"id":"00000000-0000-0133-ffff-ffff000003c8"}[39m
[35m[HTTP][39m [37m<-- POST /wd/hub/session/0ab2c554-b46e-42a0-a44e-92d87b71c2d1/element/00000000-0000-0133-ffff-ffff000003c8/click [39m[32m200[39m [90m30225 ms - 14[39m
[35m[HTTP][39m [90m[39m
[35m[HTTP][39m [37m-->[39m [37mPOST[39m [37m/wd/hub/session/0ab2c554-b46e-42a0-a44e-92d87b71c2d1/timeouts[39m
[35m[HTTP][39m [90m{"implicit":50}[39m
[35m[HTTP][39m [37m<-- POST /wd/hub/session/0ab2c554-b46e-42a0-a44e-92d87b71c2d1/timeouts [39m[32m200[39m [90m2 ms - 14[39m
[35m[HTTP][39m [90m[39m
[35m[HTTP][39m [37m-->[39m [37mGET[39m [37m/wd/hub/session/0ab2c554-b46e-42a0-a44e-92d87b71c2d1/window/rect[39m
[35m[HTTP][39m [90m{}[39m
[35m[HTTP][39m [37m<-- GET /wd/hub/session/0ab2c554-b46e-42a0-a44e-92d87b71c2d1/window/rect [39m[32m200[39m [90m18 ms - 50[39m
[35m[HTTP][39m [90m[39m
[35m[HTTP][39m [37m-->[39m [37mPOST[39m [37m/wd/hub/session/0ab2c554-b46e-42a0-a44e-92d87b71c2d1/elements[39m
[35m[HTTP][39m [90m{"using":"xpath","value":"//*[@class = 'android.widget.TextView' and (@text = 'Banks' or . = 'Banks')]"}[39m
[35m[HTTP][39m [37m<-- POST /wd/hub/session/0ab2c554-b46e-42a0-a44e-92d87b71c2d1/elements [39m[32m200[39m [90m10235 ms - 139[39m
[35m[HTTP][39m [90m[39m
[35m[HTTP][39m [37m-->[39m [37mGET[39m [37m/wd/hub/session/0ab2c554-b46e-42a0-a44e-92d87b71c2d1/element/00000000-0000-0133-ffff-ffff00000474/location[39m
[35m[HTTP][39m [90m{}[39m
[35m[W3C (0ab2c554)][39m Driver proxy active, passing request on via HTTP proxy
[35m[WD Proxy][39m Replacing sessionId 73e752dd-876d-48cc-973c-ed6b30ef7cdc with 0ab2c554-b46e-42a0-a44e-92d87b71c2d1
[35m[HTTP][39m [37m<-- GET /wd/hub/session/0ab2c554-b46e-42a0-a44e-92d87b71c2d1/element/00000000-0000-0133-ffff-ffff00000474/location [39m[32m200[39m [90m20092 ms - 78[39m
[35m[HTTP][39m [90m[39m
[35m[HTTP][39m [37m-->[39m [37mPOST[39m [37m/wd/hub/session/0ab2c554-b46e-42a0-a44e-92d87b71c2d1/timeouts[39m
[35m[HTTP][39m [90m{"implicit":40000}[39m
[35m[HTTP][39m [37m<-- POST /wd/hub/session/0ab2c554-b46e-42a0-a44e-92d87b71c2d1/timeouts [39m[32m200[39m [90m1 ms - 14[39m
[35m[HTTP][39m [90m[39m
[35m[HTTP][39m [37m-->[39m [37mPOST[39m [37m/wd/hub/session/0ab2c554-b46e-42a0-a44e-92d87b71c2d1/element/00000000-0000-0133-ffff-ffff00000474/click[39m
[35m[HTTP][39m [90m{"id":"00000000-0000-0133-ffff-ffff00000474"}[39m
[35m[WD Proxy][39m Got response with status 404: {"sessionId":"73e752dd-876d-48cc-973c-ed6b30ef7cdc","value":{"error":"stale element reference","message":"androidx.test.uiautomator.StaleObjectException","stacktrace":"io.appium.uiautomator2.common.exceptions.StaleElementReferenceException: androidx.test.uiautomator.StaleObjectException\n\tat io.appium.uiautomator2.handler.request.SafeRequestHandler.handle(SafeRequestHandler.java:63)\n\tat io.appium.uiautomator2.server.AppiumServlet.handleRequest(AppiumServlet.java:266)\n\tat io.appium.uiautomator2.server.AppiumServlet.handleHttpRequest(AppiumServlet.java:260)\n\tat io.appium.uiautomator2.http.ServerHandler.channelRead(ServerHandler.java:68)\n\tat io.netty.channel.AbstractChannelHandlerContext.invokeChannelRead(AbstractChannelHandlerContext.java:366)\n\tat io.netty.channel.AbstractChannelHandlerContext.invokeChannelRead(AbstractChannelHandlerContext.java:352)\n\tat io.netty.channel.AbstractChannelHandlerContext.fireChannelRead(AbstractChannelHandlerContext.java:345)\n\tat io.netty.handler.codec.MessageToMe...
[35m[HTTP][39m [37m<-- POST /wd/hub/session/0ab2c554-b46e-42a0-a44e-92d87b71c2d1/element/00000000-0000-0133-ffff-ffff00000474/click [39m[33m404[39m [90m12153 ms - 4750[39m
[35m[HTTP][39m [90m[39m
[35m[HTTP][39m [37m-->[39m [37mGET[39m [37m/wd/hub/session/0ab2c554-b46e-42a0-a44e-92d87b71c2d1/context[39m
[35m[HTTP][39m [90m{}[39m
[35m[HTTP][39m [37m<-- GET /wd/hub/session/0ab2c554-b46e-42a0-a44e-92d87b71c2d1/context [39m[32m200[39m [90m2 ms - 22[39m
[35m[HTTP][39m [90m[39m
[35m[HTTP][39m [37m-->[39m [37mGET[39m [37m/wd/hub/session/0ab2c554-b46e-42a0-a44e-92d87b71c2d1/contexts[39m
[35m[HTTP][39m [90m{}[39m
[35m[HTTP][39m [37m<-- GET /wd/hub/session/0ab2c554-b46e-42a0-a44e-92d87b71c2d1/contexts [39m[32m200[39m [90m56 ms - 24[39m
[35m[HTTP][39m [90m[39m
[35m[HTTP][39m [37m-->[39m [37mPOST[39m [37m/wd/hub/session/0ab2c554-b46e-42a0-a44e-92d87b71c2d1/context[39m
[35m[HTTP][39m [90m{"name":"NATIVE_APP"}[39m
[35m[HTTP][39m [37m<-- POST /wd/hub/session/0ab2c554-b46e-42a0-a44e-92d87b71c2d1/context [39m[32m200[39m [90m1 ms - 14[39m
[35m[HTTP][39m [90m[39m
[35m[HTTP][39m [37m-->[39m [37mPOST[39m [37m/wd/hub/session/0ab2c554-b46e-42a0-a44e-92d87b71c2d1/element[39m
[35m[HTTP][39m [90m{"using":"-android uiautomator","value":"new UiScrollable(new UiSelector().scrollable(true).instance(0)).scrollIntoView(new UiSelector().textContains(\"PUBLIC BANK\"))"}[39m
[35m[WD Proxy][39m Got response with status 404: {"sessionId":"73e752dd-876d-48cc-973c-ed6b30ef7cdc","value":{"error":"no such element","message":"An element could not be located on the page using the given search parameters","stacktrace":"io.appium.uiautomator2.common.exceptions.ElementNotFoundException: An element could not be located on the page using the given search parameters\n\tat io.appium.uiautomator2.handler.FindElement.safeHandle(FindElement.java:70)\n\tat io.appium.uiautomator2.handler.request.SafeRequestHandler.handle(SafeRequestHandler.java:59)\n\tat io.appium.uiautomator2.server.AppiumServlet.handleRequest(AppiumServlet.java:266)\n\tat io.appium.uiautomator2.server.AppiumServlet.handleHttpRequest(AppiumServlet.java:260)\n\tat io.appium.uiautomator2.http.ServerHandler.channelRead(ServerHandler.java:68)\n\tat io.netty.channel.AbstractChannelHandlerContext.invokeChannelRead(AbstractChannelHandlerContext.java:366)\n\tat io.netty.channel.AbstractChannelHandlerContext.invokeChannelRead(AbstractChannelHandlerContext.java:352)\n\tat io.netty.chann...
[35m[HTTP][39m [37m<-- POST /wd/hub/session/0ab2c554-b46e-42a0-a44e-92d87b71c2d1/element [39m[32m-[39m [90m- ms - -[39m
[35m[HTTP][39m [90m[39m
[35m[WD Proxy][39m Got response with status 404: {"sessionId":"73e752dd-876d-48cc-973c-ed6b30ef7cdc","value":{"error":"no such element","message":"An element could not be located on the page using the given search parameters","stacktrace":"io.appium.uiautomator2.common.exceptions.ElementNotFoundException: An element could not be located on the page using the given search parameters\n\tat io.appium.uiautomator2.handler.FindElement.safeHandle(FindElement.java:70)\n\tat io.appium.uiautomator2.handler.request.SafeRequestHandler.handle(SafeRequestHandler.java:59)\n\tat io.appium.uiautomator2.server.AppiumServlet.handleRequest(AppiumServlet.java:266)\n\tat io.appium.uiautomator2.server.AppiumServlet.handleHttpRequest(AppiumServlet.java:260)\n\tat io.appium.uiautomator2.http.ServerHandler.channelRead(ServerHandler.java:68)\n\tat io.netty.channel.AbstractChannelHandlerContext.invokeChannelRead(AbstractChannelHandlerContext.java:366)\n\tat io.netty.channel.AbstractChannelHandlerContext.invokeChannelRead(AbstractChannelHandlerContext.java:352)\n\tat io.netty.chann...
[35m[WD Proxy][39m Got response with status 404: {"sessionId":"73e752dd-876d-48cc-973c-ed6b30ef7cdc","value":{"error":"no such element","message":"An element could not be located on the page using the given search parameters","stacktrace":"io.appium.uiautomator2.common.exceptions.ElementNotFoundException: An element could not be located on the page using the given search parameters\n\tat io.appium.uiautomator2.handler.FindElement.safeHandle(FindElement.java:70)\n\tat io.appium.uiautomator2.handler.request.SafeRequestHandler.handle(SafeRequestHandler.java:59)\n\tat io.appium.uiautomator2.server.AppiumServlet.handleRequest(AppiumServlet.java:266)\n\tat io.appium.uiautomator2.server.AppiumServlet.handleHttpRequest(AppiumServlet.java:260)\n\tat io.appium.uiautomator2.http.ServerHandler.channelRead(ServerHandler.java:68)\n\tat io.netty.channel.AbstractChannelHandlerContext.invokeChannelRead(AbstractChannelHandlerContext.java:366)\n\tat io.netty.channel.AbstractChannelHandlerContext.invokeChannelRead(AbstractChannelHandlerContext.java:352)\n\tat io.netty.chann...
[35m[WD Proxy][39m Got response with status 404: {"sessionId":"73e752dd-876d-48cc-973c-ed6b30ef7cdc","value":{"error":"no such element","message":"An element could not be located on the page using the given search parameters","stacktrace":"io.appium.uiautomator2.common.exceptions.ElementNotFoundException: An element could not be located on the page using the given search parameters\n\tat io.appium.uiautomator2.handler.FindElement.safeHandle(FindElement.java:70)\n\tat io.appium.uiautomator2.handler.request.SafeRequestHandler.handle(SafeRequestHandler.java:59)\n\tat io.appium.uiautomator2.server.AppiumServlet.handleRequest(AppiumServlet.java:266)\n\tat io.appium.uiautomator2.server.AppiumServlet.handleHttpRequest(AppiumServlet.java:260)\n\tat io.appium.uiautomator2.http.ServerHandler.channelRead(ServerHandler.java:68)\n\tat io.netty.channel.AbstractChannelHandlerContext.invokeChannelRead(AbstractChannelHandlerContext.java:366)\n\tat io.netty.channel.AbstractChannelHandlerContext.invokeChannelRead(AbstractChannelHandlerContext.java:352)\n\tat io.netty.chann...
[35m[WD Proxy][39m socket hang up
