[35m[Appium][39m Welcome to Appium v1.22.1
[35m[Appium][39m Non-default server args:
[35m[Appium][39m   port: 54800
[35m[Appium][39m   loglevel: info
[35m[Appium][39m   tmpDir: /var/folders/ng/yn0fw_vs06sd52svk474lbd40000gn/T//Katalon/Appium/Temp1658298269961
[35m[Appium][39m   chromedriverPort: 54801
[35m[Appium][39m Deprecated server args:
[35m[Appium][39m   [31m--chromedriver-port[39m => --default-capabilities
[35m[Appium][39m Default capabilities, which will be added to each request unless overridden by desired capabilities:
[35m[Appium][39m   chromedriverPort: 54801
[35m[Appium][39m Appium REST http interface listener started on 0.0.0.0:54800
[35m[HTTP][39m [37m-->[39m [37mGET[39m [37m/wd/hub/status[39m
[35m[HTTP][39m [90m{}[39m
[35m[HTTP][39m [37m<-- GET /wd/hub/status [39m[32m200[39m [90m5 ms - 68[39m
[35m[HTTP][39m [90m[39m
[35m[HTTP][39m [37m-->[39m [37mPOST[39m [37m/wd/hub/session[39m
[35m[HTTP][39m [90m{"desiredCapabilities":{"app":"/Users/a00139272/Downloads/Archive/app-uat-release.apk","appPackage":"com.maybank2u.life.sit","noReset":true,"appWaitActivity":"*","deviceId":"002b9cc60508","deviceName":"Xiaomi 21061119AG (Android 11)","fullReset":false,"platform":"ANDROID","appActivity":"com.maybank2u.life.MainActivity","newCommandTimeout":1800,"platformVersion":"11","automationName":"uiautomator2","autoGrantPermissions":true,"platformName":"Android","udid":"002b9cc60508","systemPort":54799},"capabilities":{"firstMatch":[{"appium:app":"/Users/a00139272/Downloads/Archive/app-uat-release.apk","appium:appActivity":"com.maybank2u.life.MainActivity","appium:appPackage":"com.maybank2u.life.sit","appium:appWaitActivity":"*","appium:autoGrantPermissions":true,"appium:automationName":"uiautomator2","deviceId":"002b9cc60508","appium:deviceName":"Xiaomi 21061119AG (Android 11)","appium:fullReset":false,"appium:newCommandTimeout":1800,"appium:noReset":true,"platform":"ANDROID","platformName":"android","appium:platformV...[39m
[35m[BaseDriver][39m The following capabilities are not standard capabilities and should have an extension prefix:
[35m[BaseDriver][39m   deviceId
[35m[BaseDriver][39m   platform
[35m[BaseDriver][39m   chromedriverPort
[35m[Appium][39m Appium v1.22.1 creating new AndroidUiautomator2Driver (v1.70.1) session
[35m[BaseDriver][39m The following capabilities were provided, but are not recognized by Appium:
[35m[BaseDriver][39m   deviceId
[35m[BaseDriver][39m   platform
[35m[BaseDriver][39m Session created with session id: 77ced980-25af-4680-87b7-710d192e9f68
[35m[BaseDriver][39m Using local app '/Users/a00139272/Downloads/Archive/app-uat-release.apk'
[35m[ADB][39m Found 1 'build-tools' folders under '/Users/a00139272/.katalon/tools/android_sdk' (newest first):
[35m[ADB][39m     /Users/a00139272/.katalon/tools/android_sdk/build-tools/29.0.3
[35m[ADB][39m Using 'adb' from '/Users/a00139272/.katalon/tools/android_sdk/platform-tools/adb'
[35m[AndroidDriver][39m Retrieving device list
[35m[AndroidDriver][39m Using device: 002b9cc60508
[35m[ADB][39m Using 'adb' from '/Users/a00139272/.katalon/tools/android_sdk/platform-tools/adb'
[35m[ADB][39m Getting device platform version
[35m[UiAutomator2][39m Relaxing hidden api policy
[35m[ADB][39m Using 'apksigner.jar' from '/Users/a00139272/.katalon/tools/android_sdk/build-tools/29.0.3/lib/apksigner.jar'
[35m[ADB][39m '/usr/local/lib/node_modules/appium/node_modules/appium-uiautomator2-server/apks/appium-uiautomator2-server-v4.27.0.apk' is signed with the default certificate
[35m[ADB][39m '/usr/local/lib/node_modules/appium/node_modules/appium-uiautomator2-server/apks/appium-uiautomator2-server-debug-androidTest.apk' is signed with the default certificate
[35m[UiAutomator2][39m Server packages are not going to be (re)installed
[35m[ADB][39m Adding packages ["io.appium.settings","io.appium.uiautomator2.server","io.appium.uiautomator2.server.test"] to Doze whitelist
[35m[ADB][39m '/Users/a00139272/Downloads/Archive/app-uat-release.apk' is signed with a non-default certificate
[35m[UiAutomator2][39m Starting UIAutomator2 server 4.27.0
[35m[UiAutomator2][39m Using UIAutomator2 server from '/usr/local/lib/node_modules/appium/node_modules/appium-uiautomator2-server/apks/appium-uiautomator2-server-v4.27.0.apk' and test from '/usr/local/lib/node_modules/appium/node_modules/appium-uiautomator2-server/apks/appium-uiautomator2-server-debug-androidTest.apk'
[35m[UiAutomator2][39m Waiting up to 30000ms for UiAutomator2 to be online...
[35m[WD Proxy][39m socket hang up
[35m[WD Proxy][39m socket hang up
[35m[WD Proxy][39m socket hang up
[35m[WD Proxy][39m socket hang up
[35m[WD Proxy][39m Determined the downstream protocol as 'W3C'
[35m[AndroidDriver][39m Screen already unlocked, doing nothing
[35m[UiAutomator2][39m Starting 'com.maybank2u.life.sit/com.maybank2u.life.MainActivity and waiting for 'com.maybank2u.life.sit/*'
[35m[Appium][39m New AndroidUiautomator2Driver session created successfully, session 77ced980-25af-4680-87b7-710d192e9f68 added to master session list
[35m[HTTP][39m [37m<-- POST /wd/hub/session [39m[32m200[39m [90m10535 ms - 1503[39m
[35m[HTTP][39m [90m[39m
[35m[HTTP][39m [37m-->[39m [37mGET[39m [37m/wd/hub/session/77ced980-25af-4680-87b7-710d192e9f68[39m
[35m[HTTP][39m [90m{}[39m
[35m[HTTP][39m [37m<-- GET /wd/hub/session/77ced980-25af-4680-87b7-710d192e9f68 [39m[32m200[39m [90m13 ms - 1457[39m
[35m[HTTP][39m [90m[39m
[35m[HTTP][39m [37m-->[39m [37mGET[39m [37m/wd/hub/session/77ced980-25af-4680-87b7-710d192e9f68[39m
[35m[HTTP][39m [90m{}[39m
[35m[HTTP][39m [37m<-- GET /wd/hub/session/77ced980-25af-4680-87b7-710d192e9f68 [39m[32m200[39m [90m11 ms - 1457[39m
[35m[HTTP][39m [90m[39m
[35m[HTTP][39m [37m-->[39m [37mGET[39m [37m/wd/hub/status[39m
[35m[HTTP][39m [90m{}[39m
[35m[HTTP][39m [37m<-- GET /wd/hub/status [39m[32m200[39m [90m1 ms - 68[39m
[35m[HTTP][39m [90m[39m
[35m[HTTP][39m [37m-->[39m [37mPOST[39m [37m/wd/hub/session/77ced980-25af-4680-87b7-710d192e9f68/timeouts[39m
[35m[HTTP][39m [90m{"implicit":40000}[39m
[35m[HTTP][39m [37m<-- POST /wd/hub/session/77ced980-25af-4680-87b7-710d192e9f68/timeouts [39m[32m200[39m [90m2 ms - 14[39m
[35m[HTTP][39m [90m[39m
[35m[HTTP][39m [37m-->[39m [37mGET[39m [37m/wd/hub/session/77ced980-25af-4680-87b7-710d192e9f68/screenshot[39m
[35m[HTTP][39m [90m{}[39m
[35m[HTTP][39m [37m<-- GET /wd/hub/session/77ced980-25af-4680-87b7-710d192e9f68/screenshot [39m[32m200[39m [90m666 ms - 128516[39m
[35m[HTTP][39m [90m[39m
[35m[HTTP][39m [37m-->[39m [37mGET[39m [37m/wd/hub/session/77ced980-25af-4680-87b7-710d192e9f68/window/rect[39m
[35m[HTTP][39m [90m{}[39m
[35m[HTTP][39m [37m<-- GET /wd/hub/session/77ced980-25af-4680-87b7-710d192e9f68/window/rect [39m[32m200[39m [90m22 ms - 50[39m
[35m[HTTP][39m [90m[39m
[35m[HTTP][39m [37m-->[39m [37mGET[39m [37m/wd/hub/session/77ced980-25af-4680-87b7-710d192e9f68/appium/device/system_bars[39m
[35m[HTTP][39m [90m{}[39m
[35m[HTTP][39m [37m<-- GET /wd/hub/session/77ced980-25af-4680-87b7-710d192e9f68/appium/device/system_bars [39m[32m200[39m [90m77 ms - 149[39m
[35m[HTTP][39m [90m[39m
[35m[HTTP][39m [37m-->[39m [37mGET[39m [37m/wd/hub/session/77ced980-25af-4680-87b7-710d192e9f68/context[39m
[35m[HTTP][39m [90m{}[39m
[35m[HTTP][39m [37m<-- GET /wd/hub/session/77ced980-25af-4680-87b7-710d192e9f68/context [39m[32m200[39m [90m2 ms - 22[39m
[35m[HTTP][39m [90m[39m
[35m[HTTP][39m [37m-->[39m [37mGET[39m [37m/wd/hub/session/77ced980-25af-4680-87b7-710d192e9f68/contexts[39m
[35m[HTTP][39m [90m{}[39m
[35m[HTTP][39m [37m<-- GET /wd/hub/session/77ced980-25af-4680-87b7-710d192e9f68/contexts [39m[32m200[39m [90m47 ms - 24[39m
[35m[HTTP][39m [90m[39m
[35m[HTTP][39m [37m-->[39m [37mPOST[39m [37m/wd/hub/session/77ced980-25af-4680-87b7-710d192e9f68/context[39m
[35m[HTTP][39m [90m{"name":"NATIVE_APP"}[39m
[35m[HTTP][39m [37m<-- POST /wd/hub/session/77ced980-25af-4680-87b7-710d192e9f68/context [39m[32m200[39m [90m2 ms - 14[39m
[35m[HTTP][39m [90m[39m
[35m[HTTP][39m [37m-->[39m [37mGET[39m [37m/wd/hub/session/77ced980-25af-4680-87b7-710d192e9f68/window/rect[39m
[35m[HTTP][39m [90m{}[39m
[35m[HTTP][39m [37m<-- GET /wd/hub/session/77ced980-25af-4680-87b7-710d192e9f68/window/rect [39m[32m200[39m [90m13 ms - 50[39m
[35m[HTTP][39m [90m[39m
[35m[HTTP][39m [37m-->[39m [37mPOST[39m [37m/wd/hub/session/77ced980-25af-4680-87b7-710d192e9f68/context[39m
[35m[HTTP][39m [90m{"name":"NATIVE_APP"}[39m
[35m[HTTP][39m [37m<-- POST /wd/hub/session/77ced980-25af-4680-87b7-710d192e9f68/context [39m[32m200[39m [90m1 ms - 14[39m
[35m[HTTP][39m [90m[39m
[35m[HTTP][39m [37m-->[39m [37mGET[39m [37m/wd/hub/session/77ced980-25af-4680-87b7-710d192e9f68/context[39m
[35m[HTTP][39m [90m{}[39m
[35m[HTTP][39m [37m<-- GET /wd/hub/session/77ced980-25af-4680-87b7-710d192e9f68/context [39m[32m200[39m [90m1 ms - 22[39m
[35m[HTTP][39m [90m[39m
[35m[HTTP][39m [37m-->[39m [37mGET[39m [37m/wd/hub/session/77ced980-25af-4680-87b7-710d192e9f68/contexts[39m
[35m[HTTP][39m [90m{}[39m
[35m[HTTP][39m [37m<-- GET /wd/hub/session/77ced980-25af-4680-87b7-710d192e9f68/contexts [39m[32m200[39m [90m41 ms - 24[39m
[35m[HTTP][39m [90m[39m
[35m[HTTP][39m [37m-->[39m [37mPOST[39m [37m/wd/hub/session/77ced980-25af-4680-87b7-710d192e9f68/context[39m
[35m[HTTP][39m [90m{"name":"NATIVE_APP"}[39m
[35m[HTTP][39m [37m<-- POST /wd/hub/session/77ced980-25af-4680-87b7-710d192e9f68/context [39m[32m200[39m [90m1 ms - 14[39m
[35m[HTTP][39m [90m[39m
[35m[HTTP][39m [37m-->[39m [37mGET[39m [37m/wd/hub/session/77ced980-25af-4680-87b7-710d192e9f68/window/rect[39m
[35m[HTTP][39m [90m{}[39m
[35m[HTTP][39m [37m<-- GET /wd/hub/session/77ced980-25af-4680-87b7-710d192e9f68/window/rect [39m[32m200[39m [90m14 ms - 50[39m
[35m[HTTP][39m [90m[39m
[35m[HTTP][39m [37m-->[39m [37mPOST[39m [37m/wd/hub/session/77ced980-25af-4680-87b7-710d192e9f68/context[39m
[35m[HTTP][39m [90m{"name":"NATIVE_APP"}[39m
[35m[HTTP][39m [37m<-- POST /wd/hub/session/77ced980-25af-4680-87b7-710d192e9f68/context [39m[32m200[39m [90m1 ms - 14[39m
[35m[HTTP][39m [90m[39m
[35m[HTTP][39m [37m-->[39m [37mPOST[39m [37m/wd/hub/session/77ced980-25af-4680-87b7-710d192e9f68/touch/perform[39m
[35m[HTTP][39m [90m{"actions":[{"action":"tap","options":{"x":864,"y":2101}},{"action":"wait","options":{"ms":50}}]}[39m
[35m[HTTP][39m [37m<-- POST /wd/hub/session/77ced980-25af-4680-87b7-710d192e9f68/touch/perform [39m[32m200[39m [90m2295 ms - 14[39m
[35m[HTTP][39m [90m[39m
[35m[HTTP][39m [37m-->[39m [37mPOST[39m [37m/wd/hub/session/77ced980-25af-4680-87b7-710d192e9f68/timeouts[39m
[35m[HTTP][39m [90m{"implicit":50}[39m
[35m[HTTP][39m [37m<-- POST /wd/hub/session/77ced980-25af-4680-87b7-710d192e9f68/timeouts [39m[32m200[39m [90m1 ms - 14[39m
[35m[HTTP][39m [90m[39m
[35m[HTTP][39m [37m-->[39m [37mGET[39m [37m/wd/hub/session/77ced980-25af-4680-87b7-710d192e9f68/window/rect[39m
[35m[HTTP][39m [90m{}[39m
[35m[HTTP][39m [37m<-- GET /wd/hub/session/77ced980-25af-4680-87b7-710d192e9f68/window/rect [39m[32m200[39m [90m22 ms - 50[39m
[35m[HTTP][39m [90m[39m
[35m[HTTP][39m [37m-->[39m [37mPOST[39m [37m/wd/hub/session/77ced980-25af-4680-87b7-710d192e9f68/elements[39m
[35m[HTTP][39m [90m{"using":"xpath","value":"//*[@class = 'android.widget.TextView' and (@text = 'Settings' or . = 'Settings')]"}[39m
[35m[HTTP][39m [37m<-- POST /wd/hub/session/77ced980-25af-4680-87b7-710d192e9f68/elements [39m[32m200[39m [90m1021 ms - 139[39m
[35m[HTTP][39m [90m[39m
[35m[HTTP][39m [37m-->[39m [37mGET[39m [37m/wd/hub/session/77ced980-25af-4680-87b7-710d192e9f68/element/00000000-0000-0a42-ffff-ffff000001cf/location[39m
[35m[HTTP][39m [90m{}[39m
[35m[W3C (77ced980)][39m Driver proxy active, passing request on via HTTP proxy
[35m[WD Proxy][39m Replacing sessionId ba27282a-0534-406b-9999-5c958337483a with 77ced980-25af-4680-87b7-710d192e9f68
[35m[HTTP][39m [37m<-- GET /wd/hub/session/77ced980-25af-4680-87b7-710d192e9f68/element/00000000-0000-0a42-ffff-ffff000001cf/location [39m[32m200[39m [90m19 ms - 78[39m
[35m[HTTP][39m [90m[39m
[35m[HTTP][39m [37m-->[39m [37mPOST[39m [37m/wd/hub/session/77ced980-25af-4680-87b7-710d192e9f68/timeouts[39m
[35m[HTTP][39m [90m{"implicit":40000}[39m
[35m[HTTP][39m [37m<-- POST /wd/hub/session/77ced980-25af-4680-87b7-710d192e9f68/timeouts [39m[32m200[39m [90m1 ms - 14[39m
[35m[HTTP][39m [90m[39m
[35m[HTTP][39m [37m-->[39m [37mPOST[39m [37m/wd/hub/session/77ced980-25af-4680-87b7-710d192e9f68/element/00000000-0000-0a42-ffff-ffff000001cf/click[39m
[35m[HTTP][39m [90m{"id":"00000000-0000-0a42-ffff-ffff000001cf"}[39m
[35m[HTTP][39m [37m<-- POST /wd/hub/session/77ced980-25af-4680-87b7-710d192e9f68/element/00000000-0000-0a42-ffff-ffff000001cf/click [39m[32m200[39m [90m44 ms - 14[39m
[35m[HTTP][39m [90m[39m
[35m[HTTP][39m [37m-->[39m [37mPOST[39m [37m/wd/hub/session/77ced980-25af-4680-87b7-710d192e9f68/timeouts[39m
[35m[HTTP][39m [90m{"implicit":50}[39m
[35m[HTTP][39m [37m<-- POST /wd/hub/session/77ced980-25af-4680-87b7-710d192e9f68/timeouts [39m[32m200[39m [90m1 ms - 14[39m
[35m[HTTP][39m [90m[39m
[35m[HTTP][39m [37m-->[39m [37mGET[39m [37m/wd/hub/session/77ced980-25af-4680-87b7-710d192e9f68/window/rect[39m
[35m[HTTP][39m [90m{}[39m
[35m[HTTP][39m [37m<-- GET /wd/hub/session/77ced980-25af-4680-87b7-710d192e9f68/window/rect [39m[32m200[39m [90m7 ms - 50[39m
[35m[HTTP][39m [90m[39m
[35m[HTTP][39m [37m-->[39m [37mPOST[39m [37m/wd/hub/session/77ced980-25af-4680-87b7-710d192e9f68/elements[39m
[35m[HTTP][39m [90m{"using":"xpath","value":"//*[@class = 'android.widget.TextView' and (@text = 'Manage Maybank2u settings' or . = 'Manage Maybank2u settings')]"}[39m
[35m[HTTP][39m [37m<-- POST /wd/hub/session/77ced980-25af-4680-87b7-710d192e9f68/elements [39m[32m200[39m [90m519 ms - 12[39m
[35m[HTTP][39m [90m[39m
[35m[HTTP][39m [37m-->[39m [37mPOST[39m [37m/wd/hub/session/77ced980-25af-4680-87b7-710d192e9f68/elements[39m
[35m[HTTP][39m [90m{"using":"xpath","value":"//*[@class = 'android.widget.TextView' and (@text = 'Manage Maybank2u settings' or . = 'Manage Maybank2u settings')]"}[39m
[35m[HTTP][39m [37m<-- POST /wd/hub/session/77ced980-25af-4680-87b7-710d192e9f68/elements [39m[32m200[39m [90m1096 ms - 139[39m
[35m[HTTP][39m [90m[39m
[35m[HTTP][39m [37m-->[39m [37mGET[39m [37m/wd/hub/session/77ced980-25af-4680-87b7-710d192e9f68/element/00000000-0000-0a42-ffff-ffff00000228/location[39m
[35m[HTTP][39m [90m{}[39m
[35m[W3C (77ced980)][39m Driver proxy active, passing request on via HTTP proxy
[35m[WD Proxy][39m Replacing sessionId ba27282a-0534-406b-9999-5c958337483a with 77ced980-25af-4680-87b7-710d192e9f68
[35m[HTTP][39m [37m<-- GET /wd/hub/session/77ced980-25af-4680-87b7-710d192e9f68/element/00000000-0000-0a42-ffff-ffff00000228/location [39m[32m200[39m [90m19 ms - 77[39m
[35m[HTTP][39m [90m[39m
[35m[HTTP][39m [37m-->[39m [37mPOST[39m [37m/wd/hub/session/77ced980-25af-4680-87b7-710d192e9f68/timeouts[39m
[35m[HTTP][39m [90m{"implicit":40000}[39m
[35m[HTTP][39m [37m<-- POST /wd/hub/session/77ced980-25af-4680-87b7-710d192e9f68/timeouts [39m[32m200[39m [90m1 ms - 14[39m
[35m[HTTP][39m [90m[39m
[35m[HTTP][39m [37m-->[39m [37mPOST[39m [37m/wd/hub/session/77ced980-25af-4680-87b7-710d192e9f68/element/00000000-0000-0a42-ffff-ffff00000228/click[39m
[35m[HTTP][39m [90m{"id":"00000000-0000-0a42-ffff-ffff00000228"}[39m
[35m[HTTP][39m [37m<-- POST /wd/hub/session/77ced980-25af-4680-87b7-710d192e9f68/element/00000000-0000-0a42-ffff-ffff00000228/click [39m[32m200[39m [90m46 ms - 14[39m
[35m[HTTP][39m [90m[39m
[35m[HTTP][39m [37m-->[39m [37mPOST[39m [37m/wd/hub/session/77ced980-25af-4680-87b7-710d192e9f68/timeouts[39m
[35m[HTTP][39m [90m{"implicit":50}[39m
[35m[HTTP][39m [37m<-- POST /wd/hub/session/77ced980-25af-4680-87b7-710d192e9f68/timeouts [39m[32m200[39m [90m18 ms - 14[39m
[35m[HTTP][39m [90m[39m
[35m[HTTP][39m [37m-->[39m [37mGET[39m [37m/wd/hub/session/77ced980-25af-4680-87b7-710d192e9f68/window/rect[39m
[35m[HTTP][39m [90m{}[39m
[35m[HTTP][39m [37m<-- GET /wd/hub/session/77ced980-25af-4680-87b7-710d192e9f68/window/rect [39m[32m200[39m [90m26 ms - 50[39m
[35m[HTTP][39m [90m[39m
[35m[HTTP][39m [37m-->[39m [37mPOST[39m [37m/wd/hub/session/77ced980-25af-4680-87b7-710d192e9f68/elements[39m
[35m[HTTP][39m [90m{"using":"xpath","value":"//*[@class = 'android.widget.TextView' and (@text = 'Enter your password' or . = 'Enter your password')]"}[39m
[35m[HTTP][39m [37m<-- POST /wd/hub/session/77ced980-25af-4680-87b7-710d192e9f68/elements [39m[32m200[39m [90m379 ms - 12[39m
[35m[HTTP][39m [90m[39m
[35m[HTTP][39m [37m-->[39m [37mPOST[39m [37m/wd/hub/session/77ced980-25af-4680-87b7-710d192e9f68/elements[39m
[35m[HTTP][39m [90m{"using":"xpath","value":"//*[@class = 'android.widget.TextView' and (@text = 'Enter your password' or . = 'Enter your password')]"}[39m
[35m[HTTP][39m [37m<-- POST /wd/hub/session/77ced980-25af-4680-87b7-710d192e9f68/elements [39m[32m200[39m [90m215 ms - 12[39m
[35m[HTTP][39m [90m[39m
[35m[HTTP][39m [37m-->[39m [37mPOST[39m [37m/wd/hub/session/77ced980-25af-4680-87b7-710d192e9f68/elements[39m
[35m[HTTP][39m [90m{"using":"xpath","value":"//*[@class = 'android.widget.TextView' and (@text = 'Enter your password' or . = 'Enter your password')]"}[39m
[35m[HTTP][39m [37m<-- POST /wd/hub/session/77ced980-25af-4680-87b7-710d192e9f68/elements [39m[32m200[39m [90m596 ms - 12[39m
[35m[HTTP][39m [90m[39m
[35m[HTTP][39m [37m-->[39m [37mPOST[39m [37m/wd/hub/session/77ced980-25af-4680-87b7-710d192e9f68/elements[39m
[35m[HTTP][39m [90m{"using":"xpath","value":"//*[@class = 'android.widget.TextView' and (@text = 'Enter your password' or . = 'Enter your password')]"}[39m
[35m[HTTP][39m [37m<-- POST /wd/hub/session/77ced980-25af-4680-87b7-710d192e9f68/elements [39m[32m200[39m [90m346 ms - 12[39m
[35m[HTTP][39m [90m[39m
[35m[HTTP][39m [37m-->[39m [37mPOST[39m [37m/wd/hub/session/77ced980-25af-4680-87b7-710d192e9f68/elements[39m
[35m[HTTP][39m [90m{"using":"xpath","value":"//*[@class = 'android.widget.TextView' and (@text = 'Enter your password' or . = 'Enter your password')]"}[39m
[35m[HTTP][39m [37m<-- POST /wd/hub/session/77ced980-25af-4680-87b7-710d192e9f68/elements [39m[32m200[39m [90m2510 ms - 139[39m
[35m[HTTP][39m [90m[39m
[35m[HTTP][39m [37m-->[39m [37mGET[39m [37m/wd/hub/session/77ced980-25af-4680-87b7-710d192e9f68/element/00000000-0000-0a42-ffff-ffff00000253/location[39m
[35m[HTTP][39m [90m{}[39m
[35m[W3C (77ced980)][39m Driver proxy active, passing request on via HTTP proxy
[35m[WD Proxy][39m Replacing sessionId ba27282a-0534-406b-9999-5c958337483a with 77ced980-25af-4680-87b7-710d192e9f68
[35m[HTTP][39m [37m<-- GET /wd/hub/session/77ced980-25af-4680-87b7-710d192e9f68/element/00000000-0000-0a42-ffff-ffff00000253/location [39m[32m200[39m [90m18 ms - 77[39m
[35m[HTTP][39m [90m[39m
[35m[HTTP][39m [37m-->[39m [37mPOST[39m [37m/wd/hub/session/77ced980-25af-4680-87b7-710d192e9f68/timeouts[39m
[35m[HTTP][39m [90m{"implicit":40000}[39m
[35m[HTTP][39m [37m<-- POST /wd/hub/session/77ced980-25af-4680-87b7-710d192e9f68/timeouts [39m[32m200[39m [90m1 ms - 14[39m
[35m[HTTP][39m [90m[39m
[35m[HTTP][39m [37m-->[39m [37mGET[39m [37m/wd/hub/session/77ced980-25af-4680-87b7-710d192e9f68/element/00000000-0000-0a42-ffff-ffff00000253/displayed[39m
[35m[HTTP][39m [90m{}[39m
[35m[HTTP][39m [37m<-- GET /wd/hub/session/77ced980-25af-4680-87b7-710d192e9f68/element/00000000-0000-0a42-ffff-ffff00000253/displayed [39m[32m200[39m [90m15 ms - 14[39m
[35m[HTTP][39m [90m[39m
[35m[HTTP][39m [37m-->[39m [37mPOST[39m [37m/wd/hub/session/77ced980-25af-4680-87b7-710d192e9f68/timeouts[39m
[35m[HTTP][39m [90m{"implicit":50}[39m
[35m[HTTP][39m [37m<-- POST /wd/hub/session/77ced980-25af-4680-87b7-710d192e9f68/timeouts [39m[32m200[39m [90m1 ms - 14[39m
[35m[HTTP][39m [90m[39m
[35m[HTTP][39m [37m-->[39m [37mGET[39m [37m/wd/hub/session/77ced980-25af-4680-87b7-710d192e9f68/window/rect[39m
[35m[HTTP][39m [90m{}[39m
[35m[HTTP][39m [37m<-- GET /wd/hub/session/77ced980-25af-4680-87b7-710d192e9f68/window/rect [39m[32m200[39m [90m12 ms - 50[39m
[35m[HTTP][39m [90m[39m
[35m[HTTP][39m [37m-->[39m [37mPOST[39m [37m/wd/hub/session/77ced980-25af-4680-87b7-710d192e9f68/elements[39m
[35m[HTTP][39m [90m{"using":"xpath","value":"//*[@class = 'android.widget.EditText' and (@text = '' or . = '')]"}[39m
[35m[HTTP][39m [37m<-- POST /wd/hub/session/77ced980-25af-4680-87b7-710d192e9f68/elements [39m[32m200[39m [90m237 ms - 139[39m
[35m[HTTP][39m [90m[39m
[35m[HTTP][39m [37m-->[39m [37mGET[39m [37m/wd/hub/session/77ced980-25af-4680-87b7-710d192e9f68/element/00000000-0000-0a42-ffff-ffff00000255/location[39m
[35m[HTTP][39m [90m{}[39m
[35m[W3C (77ced980)][39m Driver proxy active, passing request on via HTTP proxy
[35m[WD Proxy][39m Replacing sessionId ba27282a-0534-406b-9999-5c958337483a with 77ced980-25af-4680-87b7-710d192e9f68
[35m[HTTP][39m [37m<-- GET /wd/hub/session/77ced980-25af-4680-87b7-710d192e9f68/element/00000000-0000-0a42-ffff-ffff00000255/location [39m[32m200[39m [90m18 ms - 77[39m
[35m[HTTP][39m [90m[39m
[35m[HTTP][39m [37m-->[39m [37mPOST[39m [37m/wd/hub/session/77ced980-25af-4680-87b7-710d192e9f68/timeouts[39m
[35m[HTTP][39m [90m{"implicit":40000}[39m
[35m[HTTP][39m [37m<-- POST /wd/hub/session/77ced980-25af-4680-87b7-710d192e9f68/timeouts [39m[32m200[39m [90m2 ms - 14[39m
[35m[HTTP][39m [90m[39m
[35m[HTTP][39m [37m-->[39m [37mPOST[39m [37m/wd/hub/session/77ced980-25af-4680-87b7-710d192e9f68/element/00000000-0000-0a42-ffff-ffff00000255/clear[39m
[35m[HTTP][39m [90m{"id":"00000000-0000-0a42-ffff-ffff00000255"}[39m
[35m[HTTP][39m [37m<-- POST /wd/hub/session/77ced980-25af-4680-87b7-710d192e9f68/element/00000000-0000-0a42-ffff-ffff00000255/clear [39m[32m200[39m [90m24 ms - 14[39m
[35m[HTTP][39m [90m[39m
[35m[HTTP][39m [37m-->[39m [37mPOST[39m [37m/wd/hub/session/77ced980-25af-4680-87b7-710d192e9f68/element/00000000-0000-0a42-ffff-ffff00000255/value[39m
[35m[HTTP][39m [90m{"id":"00000000-0000-0a42-ffff-ffff00000255","text":"pass1234","value":["p","a","s","s","1","2","3","4"]}[39m
[35m[HTTP][39m [37m<-- POST /wd/hub/session/77ced980-25af-4680-87b7-710d192e9f68/element/00000000-0000-0a42-ffff-ffff00000255/value [39m[32m200[39m [90m1245 ms - 14[39m
[35m[HTTP][39m [90m[39m
[35m[HTTP][39m [37m-->[39m [37mGET[39m [37m/wd/hub/session/77ced980-25af-4680-87b7-710d192e9f68/context[39m
[35m[HTTP][39m [90m{}[39m
[35m[HTTP][39m [37m<-- GET /wd/hub/session/77ced980-25af-4680-87b7-710d192e9f68/context [39m[32m200[39m [90m1 ms - 22[39m
[35m[HTTP][39m [90m[39m
[35m[HTTP][39m [37m-->[39m [37mGET[39m [37m/wd/hub/session/77ced980-25af-4680-87b7-710d192e9f68/contexts[39m
[35m[HTTP][39m [90m{}[39m
[35m[HTTP][39m [37m<-- GET /wd/hub/session/77ced980-25af-4680-87b7-710d192e9f68/contexts [39m[32m200[39m [90m54 ms - 24[39m
[35m[HTTP][39m [90m[39m
[35m[HTTP][39m [37m-->[39m [37mPOST[39m [37m/wd/hub/session/77ced980-25af-4680-87b7-710d192e9f68/context[39m
[35m[HTTP][39m [90m{"name":"NATIVE_APP"}[39m
[35m[HTTP][39m [37m<-- POST /wd/hub/session/77ced980-25af-4680-87b7-710d192e9f68/context [39m[32m200[39m [90m1 ms - 14[39m
[35m[HTTP][39m [90m[39m
[35m[HTTP][39m [37m-->[39m [37mPOST[39m [37m/wd/hub/session/77ced980-25af-4680-87b7-710d192e9f68/appium/device/hide_keyboard[39m
[35m[HTTP][39m [90m{}[39m
[35m[HTTP][39m [37m<-- POST /wd/hub/session/77ced980-25af-4680-87b7-710d192e9f68/appium/device/hide_keyboard [39m[32m200[39m [90m4558 ms - 14[39m
[35m[HTTP][39m [90m[39m
[35m[HTTP][39m [37m-->[39m [37mPOST[39m [37m/wd/hub/session/77ced980-25af-4680-87b7-710d192e9f68/context[39m
[35m[HTTP][39m [90m{"name":"NATIVE_APP"}[39m
[35m[HTTP][39m [37m<-- POST /wd/hub/session/77ced980-25af-4680-87b7-710d192e9f68/context [39m[32m200[39m [90m1 ms - 14[39m
[35m[HTTP][39m [90m[39m
[35m[HTTP][39m [37m-->[39m [37mPOST[39m [37m/wd/hub/session/77ced980-25af-4680-87b7-710d192e9f68/timeouts[39m
[35m[HTTP][39m [90m{"implicit":50}[39m
[35m[HTTP][39m [37m<-- POST /wd/hub/session/77ced980-25af-4680-87b7-710d192e9f68/timeouts [39m[32m200[39m [90m1 ms - 14[39m
[35m[HTTP][39m [90m[39m
[35m[HTTP][39m [37m-->[39m [37mGET[39m [37m/wd/hub/session/77ced980-25af-4680-87b7-710d192e9f68/window/rect[39m
[35m[HTTP][39m [90m{}[39m
[35m[HTTP][39m [37m<-- GET /wd/hub/session/77ced980-25af-4680-87b7-710d192e9f68/window/rect [39m[32m200[39m [90m28 ms - 50[39m
[35m[HTTP][39m [90m[39m
[35m[HTTP][39m [37m-->[39m [37mPOST[39m [37m/wd/hub/session/77ced980-25af-4680-87b7-710d192e9f68/elements[39m
[35m[HTTP][39m [90m{"using":"xpath","value":"//*[@class = 'android.widget.TextView' and (@text = 'Continue' or . = 'Continue')]"}[39m
[35m[HTTP][39m [37m<-- POST /wd/hub/session/77ced980-25af-4680-87b7-710d192e9f68/elements [39m[32m200[39m [90m427 ms - 139[39m
[35m[HTTP][39m [90m[39m
[35m[HTTP][39m [37m-->[39m [37mGET[39m [37m/wd/hub/session/77ced980-25af-4680-87b7-710d192e9f68/element/00000000-0000-0a42-ffff-ffff0000025d/location[39m
[35m[HTTP][39m [90m{}[39m
[35m[W3C (77ced980)][39m Driver proxy active, passing request on via HTTP proxy
[35m[WD Proxy][39m Replacing sessionId ba27282a-0534-406b-9999-5c958337483a with 77ced980-25af-4680-87b7-710d192e9f68
[35m[HTTP][39m [37m<-- GET /wd/hub/session/77ced980-25af-4680-87b7-710d192e9f68/element/00000000-0000-0a42-ffff-ffff0000025d/location [39m[32m200[39m [90m17 ms - 79[39m
[35m[HTTP][39m [90m[39m
[35m[HTTP][39m [37m-->[39m [37mPOST[39m [37m/wd/hub/session/77ced980-25af-4680-87b7-710d192e9f68/timeouts[39m
[35m[HTTP][39m [90m{"implicit":40000}[39m
[35m[HTTP][39m [37m<-- POST /wd/hub/session/77ced980-25af-4680-87b7-710d192e9f68/timeouts [39m[32m200[39m [90m2 ms - 14[39m
[35m[HTTP][39m [90m[39m
[35m[HTTP][39m [37m-->[39m [37mPOST[39m [37m/wd/hub/session/77ced980-25af-4680-87b7-710d192e9f68/element/00000000-0000-0a42-ffff-ffff0000025d/click[39m
[35m[HTTP][39m [90m{"id":"00000000-0000-0a42-ffff-ffff0000025d"}[39m
[35m[HTTP][39m [37m<-- POST /wd/hub/session/77ced980-25af-4680-87b7-710d192e9f68/element/00000000-0000-0a42-ffff-ffff0000025d/click [39m[32m200[39m [90m50 ms - 14[39m
[35m[HTTP][39m [90m[39m
[35m[HTTP][39m [37m-->[39m [37mPOST[39m [37m/wd/hub/session/77ced980-25af-4680-87b7-710d192e9f68/timeouts[39m
[35m[HTTP][39m [90m{"implicit":50}[39m
[35m[HTTP][39m [37m<-- POST /wd/hub/session/77ced980-25af-4680-87b7-710d192e9f68/timeouts [39m[32m200[39m [90m1 ms - 14[39m
[35m[HTTP][39m [90m[39m
[35m[HTTP][39m [37m-->[39m [37mGET[39m [37m/wd/hub/session/77ced980-25af-4680-87b7-710d192e9f68/window/rect[39m
[35m[HTTP][39m [90m{}[39m
[35m[HTTP][39m [37m<-- GET /wd/hub/session/77ced980-25af-4680-87b7-710d192e9f68/window/rect [39m[32m200[39m [90m15 ms - 50[39m
[35m[HTTP][39m [90m[39m
[35m[HTTP][39m [37m-->[39m [37mPOST[39m [37m/wd/hub/session/77ced980-25af-4680-87b7-710d192e9f68/elements[39m
[35m[HTTP][39m [90m{"using":"xpath","value":"//hierarchy/android.widget.FrameLayout[1]/android.widget.LinearLayout[1]/android.widget.FrameLayout[1]/android.widget.LinearLayout[1]/android.widget.FrameLayout[1]/android.widget.FrameLayout[1]/android.view.ViewGroup[1]/android.view.ViewGroup[1]/android.view.ViewGroup[1]/android.view.ViewGroup[1]/android.view.ViewGroup[1]/android.widget.FrameLayout[1]/android.view.ViewGroup[1]/android.view.ViewGroup[1]/android.view.ViewGroup[1]/android.view.ViewGroup[1]/android.view.ViewGroup[1]/android.view.ViewGroup[1]/android.widget.FrameLayout[1]/android.view.ViewGroup[1]/android.view.ViewGroup[1]/android.view.ViewGroup[1]/android.view.ViewGroup[1]/android.view.ViewGroup[1]/android.view.ViewGroup[1]/android.widget.FrameLayout[1]/android.view.ViewGroup[1]/android.view.ViewGroup[1]/android.view.ViewGroup[1]/android.view.ViewGroup[1]/android.widget.FrameLayout[1]/android.view.ViewGroup[1]/android.view.ViewGroup[1]/android.view.ViewGroup[1]/android.view.ViewGroup[1]/android.view.ViewGroup[1]/andro...[39m
[35m[HTTP][39m [37m<-- POST /wd/hub/session/77ced980-25af-4680-87b7-710d192e9f68/elements [39m[32m200[39m [90m640 ms - 139[39m
[35m[HTTP][39m [90m[39m
[35m[HTTP][39m [37m-->[39m [37mGET[39m [37m/wd/hub/session/77ced980-25af-4680-87b7-710d192e9f68/element/00000000-0000-0a42-ffff-ffff00000279/location[39m
[35m[HTTP][39m [90m{}[39m
[35m[W3C (77ced980)][39m Driver proxy active, passing request on via HTTP proxy
[35m[WD Proxy][39m Replacing sessionId ba27282a-0534-406b-9999-5c958337483a with 77ced980-25af-4680-87b7-710d192e9f68
[35m[HTTP][39m [37m<-- GET /wd/hub/session/77ced980-25af-4680-87b7-710d192e9f68/element/00000000-0000-0a42-ffff-ffff00000279/location [39m[32m200[39m [90m22 ms - 79[39m
[35m[HTTP][39m [90m[39m
[35m[HTTP][39m [37m-->[39m [37mPOST[39m [37m/wd/hub/session/77ced980-25af-4680-87b7-710d192e9f68/timeouts[39m
[35m[HTTP][39m [90m{"implicit":40000}[39m
[35m[HTTP][39m [37m<-- POST /wd/hub/session/77ced980-25af-4680-87b7-710d192e9f68/timeouts [39m[32m200[39m [90m1 ms - 14[39m
[35m[HTTP][39m [90m[39m
[35m[HTTP][39m [37m-->[39m [37mPOST[39m [37m/wd/hub/session/77ced980-25af-4680-87b7-710d192e9f68/timeouts[39m
[35m[HTTP][39m [90m{"implicit":50}[39m
[35m[HTTP][39m [37m<-- POST /wd/hub/session/77ced980-25af-4680-87b7-710d192e9f68/timeouts [39m[32m200[39m [90m1 ms - 14[39m
[35m[HTTP][39m [90m[39m
[35m[HTTP][39m [37m-->[39m [37mGET[39m [37m/wd/hub/session/77ced980-25af-4680-87b7-710d192e9f68/window/rect[39m
[35m[HTTP][39m [90m{}[39m
[35m[HTTP][39m [37m<-- GET /wd/hub/session/77ced980-25af-4680-87b7-710d192e9f68/window/rect [39m[32m200[39m [90m13 ms - 50[39m
[35m[HTTP][39m [90m[39m
[35m[HTTP][39m [37m-->[39m [37mPOST[39m [37m/wd/hub/session/77ced980-25af-4680-87b7-710d192e9f68/elements[39m
[35m[HTTP][39m [90m{"using":"xpath","value":"//hierarchy/android.widget.FrameLayout[1]/android.widget.LinearLayout[1]/android.widget.FrameLayout[1]/android.widget.LinearLayout[1]/android.widget.FrameLayout[1]/android.widget.FrameLayout[1]/android.view.ViewGroup[1]/android.view.ViewGroup[1]/android.view.ViewGroup[1]/android.view.ViewGroup[1]/android.view.ViewGroup[1]/android.widget.FrameLayout[1]/android.view.ViewGroup[1]/android.view.ViewGroup[1]/android.view.ViewGroup[1]/android.view.ViewGroup[1]/android.view.ViewGroup[1]/android.view.ViewGroup[1]/android.widget.FrameLayout[1]/android.view.ViewGroup[1]/android.view.ViewGroup[1]/android.view.ViewGroup[1]/android.view.ViewGroup[1]/android.view.ViewGroup[1]/android.view.ViewGroup[1]/android.widget.FrameLayout[1]/android.view.ViewGroup[1]/android.view.ViewGroup[1]/android.view.ViewGroup[1]/android.view.ViewGroup[1]/android.widget.FrameLayout[1]/android.view.ViewGroup[1]/android.view.ViewGroup[1]/android.view.ViewGroup[1]/android.view.ViewGroup[1]/android.view.ViewGroup[1]/andro...[39m
[35m[HTTP][39m [37m<-- POST /wd/hub/session/77ced980-25af-4680-87b7-710d192e9f68/elements [39m[32m200[39m [90m284 ms - 139[39m
[35m[HTTP][39m [90m[39m
[35m[HTTP][39m [37m-->[39m [37mGET[39m [37m/wd/hub/session/77ced980-25af-4680-87b7-710d192e9f68/element/00000000-0000-0a42-ffff-ffff00000279/location[39m
[35m[HTTP][39m [90m{}[39m
[35m[W3C (77ced980)][39m Driver proxy active, passing request on via HTTP proxy
[35m[WD Proxy][39m Replacing sessionId ba27282a-0534-406b-9999-5c958337483a with 77ced980-25af-4680-87b7-710d192e9f68
[35m[HTTP][39m [37m<-- GET /wd/hub/session/77ced980-25af-4680-87b7-710d192e9f68/element/00000000-0000-0a42-ffff-ffff00000279/location [39m[32m200[39m [90m24 ms - 79[39m
[35m[HTTP][39m [90m[39m
[35m[HTTP][39m [37m-->[39m [37mPOST[39m [37m/wd/hub/session/77ced980-25af-4680-87b7-710d192e9f68/timeouts[39m
[35m[HTTP][39m [90m{"implicit":40000}[39m
[35m[HTTP][39m [37m<-- POST /wd/hub/session/77ced980-25af-4680-87b7-710d192e9f68/timeouts [39m[32m200[39m [90m1 ms - 14[39m
[35m[HTTP][39m [90m[39m
[35m[HTTP][39m [37m-->[39m [37mPOST[39m [37m/wd/hub/session/77ced980-25af-4680-87b7-710d192e9f68/element/00000000-0000-0a42-ffff-ffff00000279/click[39m
[35m[HTTP][39m [90m{"id":"00000000-0000-0a42-ffff-ffff00000279"}[39m
[35m[HTTP][39m [37m<-- POST /wd/hub/session/77ced980-25af-4680-87b7-710d192e9f68/element/00000000-0000-0a42-ffff-ffff00000279/click [39m[32m200[39m [90m49 ms - 14[39m
[35m[HTTP][39m [90m[39m
[35m[HTTP][39m [37m-->[39m [37mPOST[39m [37m/wd/hub/session/77ced980-25af-4680-87b7-710d192e9f68/timeouts[39m
[35m[HTTP][39m [90m{"implicit":50}[39m
[35m[HTTP][39m [37m<-- POST /wd/hub/session/77ced980-25af-4680-87b7-710d192e9f68/timeouts [39m[32m200[39m [90m1 ms - 14[39m
[35m[HTTP][39m [90m[39m
[35m[HTTP][39m [37m-->[39m [37mGET[39m [37m/wd/hub/session/77ced980-25af-4680-87b7-710d192e9f68/window/rect[39m
[35m[HTTP][39m [90m{}[39m
[35m[HTTP][39m [37m<-- GET /wd/hub/session/77ced980-25af-4680-87b7-710d192e9f68/window/rect [39m[32m200[39m [90m11 ms - 50[39m
[35m[HTTP][39m [90m[39m
[35m[HTTP][39m [37m-->[39m [37mPOST[39m [37m/wd/hub/session/77ced980-25af-4680-87b7-710d192e9f68/elements[39m
[35m[HTTP][39m [90m{"using":"xpath","value":"//*[@class = 'android.widget.TextView' and (@text = 'Activate Now' or . = 'Activate Now')]"}[39m
[35m[HTTP][39m [37m<-- POST /wd/hub/session/77ced980-25af-4680-87b7-710d192e9f68/elements [39m[32m200[39m [90m270 ms - 12[39m
[35m[HTTP][39m [90m[39m
[35m[HTTP][39m [37m-->[39m [37mPOST[39m [37m/wd/hub/session/77ced980-25af-4680-87b7-710d192e9f68/elements[39m
[35m[HTTP][39m [90m{"using":"xpath","value":"//*[@class = 'android.widget.TextView' and (@text = 'Activate Now' or . = 'Activate Now')]"}[39m
[35m[HTTP][39m [37m<-- POST /wd/hub/session/77ced980-25af-4680-87b7-710d192e9f68/elements [39m[32m200[39m [90m163 ms - 12[39m
[35m[HTTP][39m [90m[39m
[35m[HTTP][39m [37m-->[39m [37mPOST[39m [37m/wd/hub/session/77ced980-25af-4680-87b7-710d192e9f68/elements[39m
[35m[HTTP][39m [90m{"using":"xpath","value":"//*[@class = 'android.widget.TextView' and (@text = 'Activate Now' or . = 'Activate Now')]"}[39m
[35m[HTTP][39m [37m<-- POST /wd/hub/session/77ced980-25af-4680-87b7-710d192e9f68/elements [39m[32m200[39m [90m1921 ms - 12[39m
[35m[HTTP][39m [90m[39m
[35m[HTTP][39m [37m-->[39m [37mPOST[39m [37m/wd/hub/session/77ced980-25af-4680-87b7-710d192e9f68/elements[39m
[35m[HTTP][39m [90m{"using":"xpath","value":"//*[@class = 'android.widget.TextView' and (@text = 'Activate Now' or . = 'Activate Now')]"}[39m
[35m[HTTP][39m [37m<-- POST /wd/hub/session/77ced980-25af-4680-87b7-710d192e9f68/elements [39m[32m200[39m [90m107 ms - 12[39m
[35m[HTTP][39m [90m[39m
[35m[HTTP][39m [37m-->[39m [37mPOST[39m [37m/wd/hub/session/77ced980-25af-4680-87b7-710d192e9f68/elements[39m
[35m[HTTP][39m [90m{"using":"xpath","value":"//*[@class = 'android.widget.TextView' and (@text = 'Activate Now' or . = 'Activate Now')]"}[39m
[35m[HTTP][39m [37m<-- POST /wd/hub/session/77ced980-25af-4680-87b7-710d192e9f68/elements [39m[32m200[39m [90m76 ms - 12[39m
[35m[HTTP][39m [90m[39m
[35m[HTTP][39m [37m-->[39m [37mPOST[39m [37m/wd/hub/session/77ced980-25af-4680-87b7-710d192e9f68/elements[39m
[35m[HTTP][39m [90m{"using":"xpath","value":"//*[@class = 'android.widget.TextView' and (@text = 'Activate Now' or . = 'Activate Now')]"}[39m
[35m[HTTP][39m [37m<-- POST /wd/hub/session/77ced980-25af-4680-87b7-710d192e9f68/elements [39m[32m200[39m [90m71 ms - 12[39m
[35m[HTTP][39m [90m[39m
[35m[HTTP][39m [37m-->[39m [37mPOST[39m [37m/wd/hub/session/77ced980-25af-4680-87b7-710d192e9f68/elements[39m
[35m[HTTP][39m [90m{"using":"xpath","value":"//*[@class = 'android.widget.TextView' and (@text = 'Activate Now' or . = 'Activate Now')]"}[39m
[35m[HTTP][39m [37m<-- POST /wd/hub/session/77ced980-25af-4680-87b7-710d192e9f68/elements [39m[32m200[39m [90m83 ms - 12[39m
[35m[HTTP][39m [90m[39m
[35m[HTTP][39m [37m-->[39m [37mPOST[39m [37m/wd/hub/session/77ced980-25af-4680-87b7-710d192e9f68/elements[39m
[35m[HTTP][39m [90m{"using":"xpath","value":"//*[@class = 'android.widget.TextView' and (@text = 'Activate Now' or . = 'Activate Now')]"}[39m
[35m[HTTP][39m [37m<-- POST /wd/hub/session/77ced980-25af-4680-87b7-710d192e9f68/elements [39m[32m200[39m [90m73 ms - 12[39m
[35m[HTTP][39m [90m[39m
[35m[HTTP][39m [37m-->[39m [37mPOST[39m [37m/wd/hub/session/77ced980-25af-4680-87b7-710d192e9f68/elements[39m
[35m[HTTP][39m [90m{"using":"xpath","value":"//*[@class = 'android.widget.TextView' and (@text = 'Activate Now' or . = 'Activate Now')]"}[39m
[35m[HTTP][39m [37m<-- POST /wd/hub/session/77ced980-25af-4680-87b7-710d192e9f68/elements [39m[32m200[39m [90m82 ms - 12[39m
[35m[HTTP][39m [90m[39m
[35m[HTTP][39m [37m-->[39m [37mPOST[39m [37m/wd/hub/session/77ced980-25af-4680-87b7-710d192e9f68/elements[39m
[35m[HTTP][39m [90m{"using":"xpath","value":"//*[@class = 'android.widget.TextView' and (@text = 'Activate Now' or . = 'Activate Now')]"}[39m
[35m[HTTP][39m [37m<-- POST /wd/hub/session/77ced980-25af-4680-87b7-710d192e9f68/elements [39m[32m200[39m [90m73 ms - 12[39m
[35m[HTTP][39m [90m[39m
[35m[HTTP][39m [37m-->[39m [37mPOST[39m [37m/wd/hub/session/77ced980-25af-4680-87b7-710d192e9f68/elements[39m
[35m[HTTP][39m [90m{"using":"xpath","value":"//*[@class = 'android.widget.TextView' and (@text = 'Activate Now' or . = 'Activate Now')]"}[39m
[35m[HTTP][39m [37m<-- POST /wd/hub/session/77ced980-25af-4680-87b7-710d192e9f68/elements [39m[32m200[39m [90m87 ms - 12[39m
[35m[HTTP][39m [90m[39m
[35m[HTTP][39m [37m-->[39m [37mPOST[39m [37m/wd/hub/session/77ced980-25af-4680-87b7-710d192e9f68/elements[39m
[35m[HTTP][39m [90m{"using":"xpath","value":"//*[@class = 'android.widget.TextView' and (@text = 'Activate Now' or . = 'Activate Now')]"}[39m
[35m[HTTP][39m [37m<-- POST /wd/hub/session/77ced980-25af-4680-87b7-710d192e9f68/elements [39m[32m200[39m [90m74 ms - 12[39m
[35m[HTTP][39m [90m[39m
[35m[HTTP][39m [37m-->[39m [37mPOST[39m [37m/wd/hub/session/77ced980-25af-4680-87b7-710d192e9f68/elements[39m
[35m[HTTP][39m [90m{"using":"xpath","value":"//*[@class = 'android.widget.TextView' and (@text = 'Activate Now' or . = 'Activate Now')]"}[39m
[35m[HTTP][39m [37m<-- POST /wd/hub/session/77ced980-25af-4680-87b7-710d192e9f68/elements [39m[32m200[39m [90m86 ms - 12[39m
[35m[HTTP][39m [90m[39m
[35m[HTTP][39m [37m-->[39m [37mPOST[39m [37m/wd/hub/session/77ced980-25af-4680-87b7-710d192e9f68/elements[39m
[35m[HTTP][39m [90m{"using":"xpath","value":"//*[@class = 'android.widget.TextView' and (@text = 'Activate Now' or . = 'Activate Now')]"}[39m
[35m[HTTP][39m [37m<-- POST /wd/hub/session/77ced980-25af-4680-87b7-710d192e9f68/elements [39m[32m200[39m [90m75 ms - 12[39m
[35m[HTTP][39m [90m[39m
[35m[HTTP][39m [37m-->[39m [37mPOST[39m [37m/wd/hub/session/77ced980-25af-4680-87b7-710d192e9f68/elements[39m
[35m[HTTP][39m [90m{"using":"xpath","value":"//*[@class = 'android.widget.TextView' and (@text = 'Activate Now' or . = 'Activate Now')]"}[39m
[35m[HTTP][39m [37m<-- POST /wd/hub/session/77ced980-25af-4680-87b7-710d192e9f68/elements [39m[32m200[39m [90m84 ms - 12[39m
[35m[HTTP][39m [90m[39m
[35m[HTTP][39m [37m-->[39m [37mPOST[39m [37m/wd/hub/session/77ced980-25af-4680-87b7-710d192e9f68/elements[39m
[35m[HTTP][39m [90m{"using":"xpath","value":"//*[@class = 'android.widget.TextView' and (@text = 'Activate Now' or . = 'Activate Now')]"}[39m
[35m[HTTP][39m [37m<-- POST /wd/hub/session/77ced980-25af-4680-87b7-710d192e9f68/elements [39m[32m200[39m [90m67 ms - 12[39m
[35m[HTTP][39m [90m[39m
[35m[HTTP][39m [37m-->[39m [37mPOST[39m [37m/wd/hub/session/77ced980-25af-4680-87b7-710d192e9f68/elements[39m
[35m[HTTP][39m [90m{"using":"xpath","value":"//*[@class = 'android.widget.TextView' and (@text = 'Activate Now' or . = 'Activate Now')]"}[39m
[35m[HTTP][39m [37m<-- POST /wd/hub/session/77ced980-25af-4680-87b7-710d192e9f68/elements [39m[32m200[39m [90m83 ms - 12[39m
[35m[HTTP][39m [90m[39m
[35m[HTTP][39m [37m-->[39m [37mPOST[39m [37m/wd/hub/session/77ced980-25af-4680-87b7-710d192e9f68/elements[39m
[35m[HTTP][39m [90m{"using":"xpath","value":"//*[@class = 'android.widget.TextView' and (@text = 'Activate Now' or . = 'Activate Now')]"}[39m
[35m[HTTP][39m [37m<-- POST /wd/hub/session/77ced980-25af-4680-87b7-710d192e9f68/elements [39m[32m200[39m [90m73 ms - 12[39m
[35m[HTTP][39m [90m[39m
[35m[HTTP][39m [37m-->[39m [37mPOST[39m [37m/wd/hub/session/77ced980-25af-4680-87b7-710d192e9f68/elements[39m
[35m[HTTP][39m [90m{"using":"xpath","value":"//*[@class = 'android.widget.TextView' and (@text = 'Activate Now' or . = 'Activate Now')]"}[39m
[35m[HTTP][39m [37m<-- POST /wd/hub/session/77ced980-25af-4680-87b7-710d192e9f68/elements [39m[32m200[39m [90m86 ms - 12[39m
[35m[HTTP][39m [90m[39m
[35m[HTTP][39m [37m-->[39m [37mPOST[39m [37m/wd/hub/session/77ced980-25af-4680-87b7-710d192e9f68/elements[39m
[35m[HTTP][39m [90m{"using":"xpath","value":"//*[@class = 'android.widget.TextView' and (@text = 'Activate Now' or . = 'Activate Now')]"}[39m
[35m[HTTP][39m [37m<-- POST /wd/hub/session/77ced980-25af-4680-87b7-710d192e9f68/elements [39m[32m200[39m [90m75 ms - 12[39m
[35m[HTTP][39m [90m[39m
[35m[HTTP][39m [37m-->[39m [37mPOST[39m [37m/wd/hub/session/77ced980-25af-4680-87b7-710d192e9f68/elements[39m
[35m[HTTP][39m [90m{"using":"xpath","value":"//*[@class = 'android.widget.TextView' and (@text = 'Activate Now' or . = 'Activate Now')]"}[39m
[35m[HTTP][39m [37m<-- POST /wd/hub/session/77ced980-25af-4680-87b7-710d192e9f68/elements [39m[32m200[39m [90m86 ms - 12[39m
[35m[HTTP][39m [90m[39m
[35m[HTTP][39m [37m-->[39m [37mPOST[39m [37m/wd/hub/session/77ced980-25af-4680-87b7-710d192e9f68/elements[39m
[35m[HTTP][39m [90m{"using":"xpath","value":"//*[@class = 'android.widget.TextView' and (@text = 'Activate Now' or . = 'Activate Now')]"}[39m
[35m[HTTP][39m [37m<-- POST /wd/hub/session/77ced980-25af-4680-87b7-710d192e9f68/elements [39m[32m200[39m [90m70 ms - 12[39m
[35m[HTTP][39m [90m[39m
[35m[HTTP][39m [37m-->[39m [37mPOST[39m [37m/wd/hub/session/77ced980-25af-4680-87b7-710d192e9f68/elements[39m
[35m[HTTP][39m [90m{"using":"xpath","value":"//*[@class = 'android.widget.TextView' and (@text = 'Activate Now' or . = 'Activate Now')]"}[39m
[35m[HTTP][39m [37m<-- POST /wd/hub/session/77ced980-25af-4680-87b7-710d192e9f68/elements [39m[32m200[39m [90m82 ms - 12[39m
[35m[HTTP][39m [90m[39m
[35m[HTTP][39m [37m-->[39m [37mPOST[39m [37m/wd/hub/session/77ced980-25af-4680-87b7-710d192e9f68/elements[39m
[35m[HTTP][39m [90m{"using":"xpath","value":"//*[@class = 'android.widget.TextView' and (@text = 'Activate Now' or . = 'Activate Now')]"}[39m
[35m[HTTP][39m [37m<-- POST /wd/hub/session/77ced980-25af-4680-87b7-710d192e9f68/elements [39m[32m200[39m [90m73 ms - 12[39m
[35m[HTTP][39m [90m[39m
[35m[HTTP][39m [37m-->[39m [37mPOST[39m [37m/wd/hub/session/77ced980-25af-4680-87b7-710d192e9f68/elements[39m
[35m[HTTP][39m [90m{"using":"xpath","value":"//*[@class = 'android.widget.TextView' and (@text = 'Activate Now' or . = 'Activate Now')]"}[39m
[35m[HTTP][39m [37m<-- POST /wd/hub/session/77ced980-25af-4680-87b7-710d192e9f68/elements [39m[32m200[39m [90m82 ms - 12[39m
[35m[HTTP][39m [90m[39m
[35m[HTTP][39m [37m-->[39m [37mPOST[39m [37m/wd/hub/session/77ced980-25af-4680-87b7-710d192e9f68/elements[39m
[35m[HTTP][39m [90m{"using":"xpath","value":"//*[@class = 'android.widget.TextView' and (@text = 'Activate Now' or . = 'Activate Now')]"}[39m
[35m[HTTP][39m [37m<-- POST /wd/hub/session/77ced980-25af-4680-87b7-710d192e9f68/elements [39m[32m200[39m [90m69 ms - 12[39m
[35m[HTTP][39m [90m[39m
[35m[HTTP][39m [37m-->[39m [37mPOST[39m [37m/wd/hub/session/77ced980-25af-4680-87b7-710d192e9f68/elements[39m
[35m[HTTP][39m [90m{"using":"xpath","value":"//*[@class = 'android.widget.TextView' and (@text = 'Activate Now' or . = 'Activate Now')]"}[39m
[35m[HTTP][39m [37m<-- POST /wd/hub/session/77ced980-25af-4680-87b7-710d192e9f68/elements [39m[32m200[39m [90m82 ms - 12[39m
[35m[HTTP][39m [90m[39m
[35m[HTTP][39m [37m-->[39m [37mPOST[39m [37m/wd/hub/session/77ced980-25af-4680-87b7-710d192e9f68/elements[39m
[35m[HTTP][39m [90m{"using":"xpath","value":"//*[@class = 'android.widget.TextView' and (@text = 'Activate Now' or . = 'Activate Now')]"}[39m
[35m[HTTP][39m [37m<-- POST /wd/hub/session/77ced980-25af-4680-87b7-710d192e9f68/elements [39m[32m200[39m [90m70 ms - 12[39m
[35m[HTTP][39m [90m[39m
[35m[HTTP][39m [37m-->[39m [37mPOST[39m [37m/wd/hub/session/77ced980-25af-4680-87b7-710d192e9f68/elements[39m
[35m[HTTP][39m [90m{"using":"xpath","value":"//*[@class = 'android.widget.TextView' and (@text = 'Activate Now' or . = 'Activate Now')]"}[39m
[35m[HTTP][39m [37m<-- POST /wd/hub/session/77ced980-25af-4680-87b7-710d192e9f68/elements [39m[32m200[39m [90m78 ms - 12[39m
[35m[HTTP][39m [90m[39m
[35m[HTTP][39m [37m-->[39m [37mPOST[39m [37m/wd/hub/session/77ced980-25af-4680-87b7-710d192e9f68/elements[39m
[35m[HTTP][39m [90m{"using":"xpath","value":"//*[@class = 'android.widget.TextView' and (@text = 'Activate Now' or . = 'Activate Now')]"}[39m
[35m[HTTP][39m [37m<-- POST /wd/hub/session/77ced980-25af-4680-87b7-710d192e9f68/elements [39m[32m200[39m [90m68 ms - 12[39m
[35m[HTTP][39m [90m[39m
[35m[HTTP][39m [37m-->[39m [37mPOST[39m [37m/wd/hub/session/77ced980-25af-4680-87b7-710d192e9f68/elements[39m
[35m[HTTP][39m [90m{"using":"xpath","value":"//*[@class = 'android.widget.TextView' and (@text = 'Activate Now' or . = 'Activate Now')]"}[39m
[35m[HTTP][39m [37m<-- POST /wd/hub/session/77ced980-25af-4680-87b7-710d192e9f68/elements [39m[32m200[39m [90m78 ms - 12[39m
[35m[HTTP][39m [90m[39m
[35m[HTTP][39m [37m-->[39m [37mPOST[39m [37m/wd/hub/session/77ced980-25af-4680-87b7-710d192e9f68/elements[39m
[35m[HTTP][39m [90m{"using":"xpath","value":"//*[@class = 'android.widget.TextView' and (@text = 'Activate Now' or . = 'Activate Now')]"}[39m
[35m[HTTP][39m [37m<-- POST /wd/hub/session/77ced980-25af-4680-87b7-710d192e9f68/elements [39m[32m200[39m [90m71 ms - 12[39m
[35m[HTTP][39m [90m[39m
[35m[HTTP][39m [37m-->[39m [37mPOST[39m [37m/wd/hub/session/77ced980-25af-4680-87b7-710d192e9f68/elements[39m
[35m[HTTP][39m [90m{"using":"xpath","value":"//*[@class = 'android.widget.TextView' and (@text = 'Activate Now' or . = 'Activate Now')]"}[39m
[35m[HTTP][39m [37m<-- POST /wd/hub/session/77ced980-25af-4680-87b7-710d192e9f68/elements [39m[32m200[39m [90m74 ms - 12[39m
[35m[HTTP][39m [90m[39m
[35m[HTTP][39m [37m-->[39m [37mPOST[39m [37m/wd/hub/session/77ced980-25af-4680-87b7-710d192e9f68/elements[39m
[35m[HTTP][39m [90m{"using":"xpath","value":"//*[@class = 'android.widget.TextView' and (@text = 'Activate Now' or . = 'Activate Now')]"}[39m
[35m[HTTP][39m [37m<-- POST /wd/hub/session/77ced980-25af-4680-87b7-710d192e9f68/elements [39m[32m200[39m [90m70 ms - 12[39m
[35m[HTTP][39m [90m[39m
[35m[HTTP][39m [37m-->[39m [37mPOST[39m [37m/wd/hub/session/77ced980-25af-4680-87b7-710d192e9f68/elements[39m
[35m[HTTP][39m [90m{"using":"xpath","value":"//*[@class = 'android.widget.TextView' and (@text = 'Activate Now' or . = 'Activate Now')]"}[39m
[35m[HTTP][39m [37m<-- POST /wd/hub/session/77ced980-25af-4680-87b7-710d192e9f68/elements [39m[32m200[39m [90m73 ms - 12[39m
[35m[HTTP][39m [90m[39m
[35m[HTTP][39m [37m-->[39m [37mPOST[39m [37m/wd/hub/session/77ced980-25af-4680-87b7-710d192e9f68/elements[39m
[35m[HTTP][39m [90m{"using":"xpath","value":"//*[@class = 'android.widget.TextView' and (@text = 'Activate Now' or . = 'Activate Now')]"}[39m
[35m[HTTP][39m [37m<-- POST /wd/hub/session/77ced980-25af-4680-87b7-710d192e9f68/elements [39m[32m200[39m [90m68 ms - 12[39m
[35m[HTTP][39m [90m[39m
[35m[HTTP][39m [37m-->[39m [37mPOST[39m [37m/wd/hub/session/77ced980-25af-4680-87b7-710d192e9f68/elements[39m
[35m[HTTP][39m [90m{"using":"xpath","value":"//*[@class = 'android.widget.TextView' and (@text = 'Activate Now' or . = 'Activate Now')]"}[39m
[35m[HTTP][39m [37m<-- POST /wd/hub/session/77ced980-25af-4680-87b7-710d192e9f68/elements [39m[32m200[39m [90m73 ms - 12[39m
[35m[HTTP][39m [90m[39m
[35m[HTTP][39m [37m-->[39m [37mPOST[39m [37m/wd/hub/session/77ced980-25af-4680-87b7-710d192e9f68/elements[39m
[35m[HTTP][39m [90m{"using":"xpath","value":"//*[@class = 'android.widget.TextView' and (@text = 'Activate Now' or . = 'Activate Now')]"}[39m
[35m[HTTP][39m [37m<-- POST /wd/hub/session/77ced980-25af-4680-87b7-710d192e9f68/elements [39m[32m200[39m [90m68 ms - 12[39m
[35m[HTTP][39m [90m[39m
[35m[HTTP][39m [37m-->[39m [37mPOST[39m [37m/wd/hub/session/77ced980-25af-4680-87b7-710d192e9f68/elements[39m
[35m[HTTP][39m [90m{"using":"xpath","value":"//*[@class = 'android.widget.TextView' and (@text = 'Activate Now' or . = 'Activate Now')]"}[39m
[35m[HTTP][39m [37m<-- POST /wd/hub/session/77ced980-25af-4680-87b7-710d192e9f68/elements [39m[32m200[39m [90m73 ms - 12[39m
[35m[HTTP][39m [90m[39m
[35m[HTTP][39m [37m-->[39m [37mPOST[39m [37m/wd/hub/session/77ced980-25af-4680-87b7-710d192e9f68/elements[39m
[35m[HTTP][39m [90m{"using":"xpath","value":"//*[@class = 'android.widget.TextView' and (@text = 'Activate Now' or . = 'Activate Now')]"}[39m
[35m[HTTP][39m [37m<-- POST /wd/hub/session/77ced980-25af-4680-87b7-710d192e9f68/elements [39m[32m200[39m [90m69 ms - 12[39m
[35m[HTTP][39m [90m[39m
[35m[HTTP][39m [37m-->[39m [37mPOST[39m [37m/wd/hub/session/77ced980-25af-4680-87b7-710d192e9f68/elements[39m
[35m[HTTP][39m [90m{"using":"xpath","value":"//*[@class = 'android.widget.TextView' and (@text = 'Activate Now' or . = 'Activate Now')]"}[39m
[35m[HTTP][39m [37m<-- POST /wd/hub/session/77ced980-25af-4680-87b7-710d192e9f68/elements [39m[32m200[39m [90m83 ms - 12[39m
[35m[HTTP][39m [90m[39m
[35m[HTTP][39m [37m-->[39m [37mPOST[39m [37m/wd/hub/session/77ced980-25af-4680-87b7-710d192e9f68/elements[39m
[35m[HTTP][39m [90m{"using":"xpath","value":"//*[@class = 'android.widget.TextView' and (@text = 'Activate Now' or . = 'Activate Now')]"}[39m
[35m[HTTP][39m [37m<-- POST /wd/hub/session/77ced980-25af-4680-87b7-710d192e9f68/elements [39m[32m200[39m [90m56 ms - 12[39m
[35m[HTTP][39m [90m[39m
[35m[HTTP][39m [37m-->[39m [37mPOST[39m [37m/wd/hub/session/77ced980-25af-4680-87b7-710d192e9f68/elements[39m
[35m[HTTP][39m [90m{"using":"xpath","value":"//*[@class = 'android.widget.TextView' and (@text = 'Activate Now' or . = 'Activate Now')]"}[39m
[35m[HTTP][39m [37m<-- POST /wd/hub/session/77ced980-25af-4680-87b7-710d192e9f68/elements [39m[32m200[39m [90m66 ms - 12[39m
[35m[HTTP][39m [90m[39m
[35m[HTTP][39m [37m-->[39m [37mPOST[39m [37m/wd/hub/session/77ced980-25af-4680-87b7-710d192e9f68/elements[39m
[35m[HTTP][39m [90m{"using":"xpath","value":"//*[@class = 'android.widget.TextView' and (@text = 'Activate Now' or . = 'Activate Now')]"}[39m
[35m[HTTP][39m [37m<-- POST /wd/hub/session/77ced980-25af-4680-87b7-710d192e9f68/elements [39m[32m200[39m [90m65 ms - 12[39m
[35m[HTTP][39m [90m[39m
[35m[HTTP][39m [37m-->[39m [37mPOST[39m [37m/wd/hub/session/77ced980-25af-4680-87b7-710d192e9f68/elements[39m
[35m[HTTP][39m [90m{"using":"xpath","value":"//*[@class = 'android.widget.TextView' and (@text = 'Activate Now' or . = 'Activate Now')]"}[39m
[35m[HTTP][39m [37m<-- POST /wd/hub/session/77ced980-25af-4680-87b7-710d192e9f68/elements [39m[32m200[39m [90m75 ms - 12[39m
[35m[HTTP][39m [90m[39m
[35m[HTTP][39m [37m-->[39m [37mPOST[39m [37m/wd/hub/session/77ced980-25af-4680-87b7-710d192e9f68/elements[39m
[35m[HTTP][39m [90m{"using":"xpath","value":"//*[@class = 'android.widget.TextView' and (@text = 'Activate Now' or . = 'Activate Now')]"}[39m
[35m[HTTP][39m [37m<-- POST /wd/hub/session/77ced980-25af-4680-87b7-710d192e9f68/elements [39m[32m200[39m [90m67 ms - 12[39m
[35m[HTTP][39m [90m[39m
[35m[HTTP][39m [37m-->[39m [37mPOST[39m [37m/wd/hub/session/77ced980-25af-4680-87b7-710d192e9f68/elements[39m
[35m[HTTP][39m [90m{"using":"xpath","value":"//*[@class = 'android.widget.TextView' and (@text = 'Activate Now' or . = 'Activate Now')]"}[39m
[35m[HTTP][39m [37m<-- POST /wd/hub/session/77ced980-25af-4680-87b7-710d192e9f68/elements [39m[32m200[39m [90m69 ms - 12[39m
[35m[HTTP][39m [90m[39m
[35m[HTTP][39m [37m-->[39m [37mPOST[39m [37m/wd/hub/session/77ced980-25af-4680-87b7-710d192e9f68/elements[39m
[35m[HTTP][39m [90m{"using":"xpath","value":"//*[@class = 'android.widget.TextView' and (@text = 'Activate Now' or . = 'Activate Now')]"}[39m
[35m[HTTP][39m [37m<-- POST /wd/hub/session/77ced980-25af-4680-87b7-710d192e9f68/elements [39m[32m200[39m [90m61 ms - 12[39m
[35m[HTTP][39m [90m[39m
[35m[HTTP][39m [37m-->[39m [37mPOST[39m [37m/wd/hub/session/77ced980-25af-4680-87b7-710d192e9f68/elements[39m
[35m[HTTP][39m [90m{"using":"xpath","value":"//*[@class = 'android.widget.TextView' and (@text = 'Activate Now' or . = 'Activate Now')]"}[39m
[35m[HTTP][39m [37m<-- POST /wd/hub/session/77ced980-25af-4680-87b7-710d192e9f68/elements [39m[32m200[39m [90m68 ms - 12[39m
[35m[HTTP][39m [90m[39m
[35m[HTTP][39m [37m-->[39m [37mPOST[39m [37m/wd/hub/session/77ced980-25af-4680-87b7-710d192e9f68/elements[39m
[35m[HTTP][39m [90m{"using":"xpath","value":"//*[@class = 'android.widget.TextView' and (@text = 'Activate Now' or . = 'Activate Now')]"}[39m
[35m[HTTP][39m [37m<-- POST /wd/hub/session/77ced980-25af-4680-87b7-710d192e9f68/elements [39m[32m200[39m [90m65 ms - 12[39m
[35m[HTTP][39m [90m[39m
[35m[HTTP][39m [37m-->[39m [37mPOST[39m [37m/wd/hub/session/77ced980-25af-4680-87b7-710d192e9f68/elements[39m
[35m[HTTP][39m [90m{"using":"xpath","value":"//*[@class = 'android.widget.TextView' and (@text = 'Activate Now' or . = 'Activate Now')]"}[39m
[35m[HTTP][39m [37m<-- POST /wd/hub/session/77ced980-25af-4680-87b7-710d192e9f68/elements [39m[32m200[39m [90m64 ms - 12[39m
[35m[HTTP][39m [90m[39m
[35m[HTTP][39m [37m-->[39m [37mPOST[39m [37m/wd/hub/session/77ced980-25af-4680-87b7-710d192e9f68/elements[39m
[35m[HTTP][39m [90m{"using":"xpath","value":"//*[@class = 'android.widget.TextView' and (@text = 'Activate Now' or . = 'Activate Now')]"}[39m
[35m[HTTP][39m [37m<-- POST /wd/hub/session/77ced980-25af-4680-87b7-710d192e9f68/elements [39m[32m200[39m [90m60 ms - 12[39m
[35m[HTTP][39m [90m[39m
[35m[HTTP][39m [37m-->[39m [37mPOST[39m [37m/wd/hub/session/77ced980-25af-4680-87b7-710d192e9f68/elements[39m
[35m[HTTP][39m [90m{"using":"xpath","value":"//*[@class = 'android.widget.TextView' and (@text = 'Activate Now' or . = 'Activate Now')]"}[39m
[35m[HTTP][39m [37m<-- POST /wd/hub/session/77ced980-25af-4680-87b7-710d192e9f68/elements [39m[32m200[39m [90m69 ms - 12[39m
[35m[HTTP][39m [90m[39m
[35m[HTTP][39m [37m-->[39m [37mPOST[39m [37m/wd/hub/session/77ced980-25af-4680-87b7-710d192e9f68/elements[39m
[35m[HTTP][39m [90m{"using":"xpath","value":"//*[@class = 'android.widget.TextView' and (@text = 'Activate Now' or . = 'Activate Now')]"}[39m
[35m[HTTP][39m [37m<-- POST /wd/hub/session/77ced980-25af-4680-87b7-710d192e9f68/elements [39m[32m200[39m [90m65 ms - 12[39m
[35m[HTTP][39m [90m[39m
[35m[HTTP][39m [37m-->[39m [37mPOST[39m [37m/wd/hub/session/77ced980-25af-4680-87b7-710d192e9f68/elements[39m
[35m[HTTP][39m [90m{"using":"xpath","value":"//*[@class = 'android.widget.TextView' and (@text = 'Activate Now' or . = 'Activate Now')]"}[39m
[35m[HTTP][39m [37m<-- POST /wd/hub/session/77ced980-25af-4680-87b7-710d192e9f68/elements [39m[32m200[39m [90m61 ms - 12[39m
[35m[HTTP][39m [90m[39m
[35m[HTTP][39m [37m-->[39m [37mPOST[39m [37m/wd/hub/session/77ced980-25af-4680-87b7-710d192e9f68/elements[39m
[35m[HTTP][39m [90m{"using":"xpath","value":"//*[@class = 'android.widget.TextView' and (@text = 'Activate Now' or . = 'Activate Now')]"}[39m
[35m[HTTP][39m [37m<-- POST /wd/hub/session/77ced980-25af-4680-87b7-710d192e9f68/elements [39m[32m200[39m [90m62 ms - 12[39m
[35m[HTTP][39m [90m[39m
[35m[HTTP][39m [37m-->[39m [37mPOST[39m [37m/wd/hub/session/77ced980-25af-4680-87b7-710d192e9f68/elements[39m
[35m[HTTP][39m [90m{"using":"xpath","value":"//*[@class = 'android.widget.TextView' and (@text = 'Activate Now' or . = 'Activate Now')]"}[39m
[35m[HTTP][39m [37m<-- POST /wd/hub/session/77ced980-25af-4680-87b7-710d192e9f68/elements [39m[32m200[39m [90m61 ms - 12[39m
[35m[HTTP][39m [90m[39m
[35m[HTTP][39m [37m-->[39m [37mPOST[39m [37m/wd/hub/session/77ced980-25af-4680-87b7-710d192e9f68/elements[39m
[35m[HTTP][39m [90m{"using":"xpath","value":"//*[@class = 'android.widget.TextView' and (@text = 'Activate Now' or . = 'Activate Now')]"}[39m
[35m[HTTP][39m [37m<-- POST /wd/hub/session/77ced980-25af-4680-87b7-710d192e9f68/elements [39m[32m200[39m [90m68 ms - 12[39m
[35m[HTTP][39m [90m[39m
[35m[HTTP][39m [37m-->[39m [37mPOST[39m [37m/wd/hub/session/77ced980-25af-4680-87b7-710d192e9f68/elements[39m
[35m[HTTP][39m [90m{"using":"xpath","value":"//*[@class = 'android.widget.TextView' and (@text = 'Activate Now' or . = 'Activate Now')]"}[39m
[35m[HTTP][39m [37m<-- POST /wd/hub/session/77ced980-25af-4680-87b7-710d192e9f68/elements [39m[32m200[39m [90m65 ms - 12[39m
[35m[HTTP][39m [90m[39m
[35m[HTTP][39m [37m-->[39m [37mPOST[39m [37m/wd/hub/session/77ced980-25af-4680-87b7-710d192e9f68/elements[39m
[35m[HTTP][39m [90m{"using":"xpath","value":"//*[@class = 'android.widget.TextView' and (@text = 'Activate Now' or . = 'Activate Now')]"}[39m
[35m[HTTP][39m [37m<-- POST /wd/hub/session/77ced980-25af-4680-87b7-710d192e9f68/elements [39m[32m200[39m [90m61 ms - 12[39m
[35m[HTTP][39m [90m[39m
[35m[HTTP][39m [37m-->[39m [37mPOST[39m [37m/wd/hub/session/77ced980-25af-4680-87b7-710d192e9f68/elements[39m
[35m[HTTP][39m [90m{"using":"xpath","value":"//*[@class = 'android.widget.TextView' and (@text = 'Activate Now' or . = 'Activate Now')]"}[39m
[35m[HTTP][39m [37m<-- POST /wd/hub/session/77ced980-25af-4680-87b7-710d192e9f68/elements [39m[32m200[39m [90m66 ms - 12[39m
[35m[HTTP][39m [90m[39m
[35m[HTTP][39m [37m-->[39m [37mPOST[39m [37m/wd/hub/session/77ced980-25af-4680-87b7-710d192e9f68/elements[39m
[35m[HTTP][39m [90m{"using":"xpath","value":"//*[@class = 'android.widget.TextView' and (@text = 'Activate Now' or . = 'Activate Now')]"}[39m
[35m[HTTP][39m [37m<-- POST /wd/hub/session/77ced980-25af-4680-87b7-710d192e9f68/elements [39m[32m200[39m [90m61 ms - 12[39m
[35m[HTTP][39m [90m[39m
[35m[HTTP][39m [37m-->[39m [37mPOST[39m [37m/wd/hub/session/77ced980-25af-4680-87b7-710d192e9f68/elements[39m
[35m[HTTP][39m [90m{"using":"xpath","value":"//*[@class = 'android.widget.TextView' and (@text = 'Activate Now' or . = 'Activate Now')]"}[39m
[35m[HTTP][39m [37m<-- POST /wd/hub/session/77ced980-25af-4680-87b7-710d192e9f68/elements [39m[32m200[39m [90m69 ms - 12[39m
[35m[HTTP][39m [90m[39m
[35m[HTTP][39m [37m-->[39m [37mPOST[39m [37m/wd/hub/session/77ced980-25af-4680-87b7-710d192e9f68/elements[39m
[35m[HTTP][39m [90m{"using":"xpath","value":"//*[@class = 'android.widget.TextView' and (@text = 'Activate Now' or . = 'Activate Now')]"}[39m
[35m[HTTP][39m [37m<-- POST /wd/hub/session/77ced980-25af-4680-87b7-710d192e9f68/elements [39m[32m200[39m [90m62 ms - 12[39m
[35m[HTTP][39m [90m[39m
[35m[HTTP][39m [37m-->[39m [37mPOST[39m [37m/wd/hub/session/77ced980-25af-4680-87b7-710d192e9f68/elements[39m
[35m[HTTP][39m [90m{"using":"xpath","value":"//*[@class = 'android.widget.TextView' and (@text = 'Activate Now' or . = 'Activate Now')]"}[39m
[35m[HTTP][39m [37m<-- POST /wd/hub/session/77ced980-25af-4680-87b7-710d192e9f68/elements [39m[32m200[39m [90m69 ms - 12[39m
[35m[HTTP][39m [90m[39m
[35m[HTTP][39m [37m-->[39m [37mPOST[39m [37m/wd/hub/session/77ced980-25af-4680-87b7-710d192e9f68/elements[39m
[35m[HTTP][39m [90m{"using":"xpath","value":"//*[@class = 'android.widget.TextView' and (@text = 'Activate Now' or . = 'Activate Now')]"}[39m
[35m[HTTP][39m [37m<-- POST /wd/hub/session/77ced980-25af-4680-87b7-710d192e9f68/elements [39m[32m200[39m [90m74 ms - 12[39m
[35m[HTTP][39m [90m[39m
[35m[HTTP][39m [37m-->[39m [37mPOST[39m [37m/wd/hub/session/77ced980-25af-4680-87b7-710d192e9f68/elements[39m
[35m[HTTP][39m [90m{"using":"xpath","value":"//*[@class = 'android.widget.TextView' and (@text = 'Activate Now' or . = 'Activate Now')]"}[39m
[35m[HTTP][39m [37m<-- POST /wd/hub/session/77ced980-25af-4680-87b7-710d192e9f68/elements [39m[32m200[39m [90m61 ms - 12[39m
[35m[HTTP][39m [90m[39m
[35m[HTTP][39m [37m-->[39m [37mPOST[39m [37m/wd/hub/session/77ced980-25af-4680-87b7-710d192e9f68/elements[39m
[35m[HTTP][39m [90m{"using":"xpath","value":"//*[@class = 'android.widget.TextView' and (@text = 'Activate Now' or . = 'Activate Now')]"}[39m
[35m[HTTP][39m [37m<-- POST /wd/hub/session/77ced980-25af-4680-87b7-710d192e9f68/elements [39m[32m200[39m [90m69 ms - 12[39m
[35m[HTTP][39m [90m[39m
[35m[HTTP][39m [37m-->[39m [37mPOST[39m [37m/wd/hub/session/77ced980-25af-4680-87b7-710d192e9f68/elements[39m
[35m[HTTP][39m [90m{"using":"xpath","value":"//*[@class = 'android.widget.TextView' and (@text = 'Activate Now' or . = 'Activate Now')]"}[39m
[35m[HTTP][39m [37m<-- POST /wd/hub/session/77ced980-25af-4680-87b7-710d192e9f68/elements [39m[32m200[39m [90m61 ms - 12[39m
[35m[HTTP][39m [90m[39m
[35m[HTTP][39m [37m-->[39m [37mPOST[39m [37m/wd/hub/session/77ced980-25af-4680-87b7-710d192e9f68/elements[39m
[35m[HTTP][39m [90m{"using":"xpath","value":"//*[@class = 'android.widget.TextView' and (@text = 'Activate Now' or . = 'Activate Now')]"}[39m
[35m[HTTP][39m [37m<-- POST /wd/hub/session/77ced980-25af-4680-87b7-710d192e9f68/elements [39m[32m200[39m [90m59 ms - 12[39m
[35m[HTTP][39m [90m[39m
[35m[HTTP][39m [37m-->[39m [37mPOST[39m [37m/wd/hub/session/77ced980-25af-4680-87b7-710d192e9f68/elements[39m
[35m[HTTP][39m [90m{"using":"xpath","value":"//*[@class = 'android.widget.TextView' and (@text = 'Activate Now' or . = 'Activate Now')]"}[39m
[35m[HTTP][39m [37m<-- POST /wd/hub/session/77ced980-25af-4680-87b7-710d192e9f68/elements [39m[32m200[39m [90m64 ms - 12[39m
[35m[HTTP][39m [90m[39m
[35m[HTTP][39m [37m-->[39m [37mPOST[39m [37m/wd/hub/session/77ced980-25af-4680-87b7-710d192e9f68/elements[39m
[35m[HTTP][39m [90m{"using":"xpath","value":"//*[@class = 'android.widget.TextView' and (@text = 'Activate Now' or . = 'Activate Now')]"}[39m
[35m[HTTP][39m [37m<-- POST /wd/hub/session/77ced980-25af-4680-87b7-710d192e9f68/elements [39m[32m200[39m [90m70 ms - 12[39m
[35m[HTTP][39m [90m[39m
[35m[HTTP][39m [37m-->[39m [37mPOST[39m [37m/wd/hub/session/77ced980-25af-4680-87b7-710d192e9f68/elements[39m
[35m[HTTP][39m [90m{"using":"xpath","value":"//*[@class = 'android.widget.TextView' and (@text = 'Activate Now' or . = 'Activate Now')]"}[39m
[35m[HTTP][39m [37m<-- POST /wd/hub/session/77ced980-25af-4680-87b7-710d192e9f68/elements [39m[32m200[39m [90m67 ms - 12[39m
[35m[HTTP][39m [90m[39m
[35m[HTTP][39m [37m-->[39m [37mPOST[39m [37m/wd/hub/session/77ced980-25af-4680-87b7-710d192e9f68/elements[39m
[35m[HTTP][39m [90m{"using":"xpath","value":"//*[@class = 'android.widget.TextView' and (@text = 'Activate Now' or . = 'Activate Now')]"}[39m
[35m[HTTP][39m [37m<-- POST /wd/hub/session/77ced980-25af-4680-87b7-710d192e9f68/elements [39m[32m200[39m [90m70 ms - 12[39m
[35m[HTTP][39m [90m[39m
[35m[HTTP][39m [37m-->[39m [37mPOST[39m [37m/wd/hub/session/77ced980-25af-4680-87b7-710d192e9f68/elements[39m
[35m[HTTP][39m [90m{"using":"xpath","value":"//*[@class = 'android.widget.TextView' and (@text = 'Activate Now' or . = 'Activate Now')]"}[39m
[35m[HTTP][39m [37m<-- POST /wd/hub/session/77ced980-25af-4680-87b7-710d192e9f68/elements [39m[32m200[39m [90m72 ms - 12[39m
[35m[HTTP][39m [90m[39m
[35m[HTTP][39m [37m-->[39m [37mPOST[39m [37m/wd/hub/session/77ced980-25af-4680-87b7-710d192e9f68/elements[39m
[35m[HTTP][39m [90m{"using":"xpath","value":"//*[@class = 'android.widget.TextView' and (@text = 'Activate Now' or . = 'Activate Now')]"}[39m
[35m[HTTP][39m [37m<-- POST /wd/hub/session/77ced980-25af-4680-87b7-710d192e9f68/elements [39m[32m200[39m [90m78 ms - 12[39m
[35m[HTTP][39m [90m[39m
[35m[HTTP][39m [37m-->[39m [37mPOST[39m [37m/wd/hub/session/77ced980-25af-4680-87b7-710d192e9f68/elements[39m
[35m[HTTP][39m [90m{"using":"xpath","value":"//*[@class = 'android.widget.TextView' and (@text = 'Activate Now' or . = 'Activate Now')]"}[39m
[35m[HTTP][39m [37m<-- POST /wd/hub/session/77ced980-25af-4680-87b7-710d192e9f68/elements [39m[32m200[39m [90m77 ms - 12[39m
[35m[HTTP][39m [90m[39m
[35m[HTTP][39m [37m-->[39m [37mPOST[39m [37m/wd/hub/session/77ced980-25af-4680-87b7-710d192e9f68/elements[39m
[35m[HTTP][39m [90m{"using":"xpath","value":"//*[@class = 'android.widget.TextView' and (@text = 'Activate Now' or . = 'Activate Now')]"}[39m
[35m[HTTP][39m [37m<-- POST /wd/hub/session/77ced980-25af-4680-87b7-710d192e9f68/elements [39m[32m200[39m [90m77 ms - 12[39m
[35m[HTTP][39m [90m[39m
[35m[HTTP][39m [37m-->[39m [37mPOST[39m [37m/wd/hub/session/77ced980-25af-4680-87b7-710d192e9f68/elements[39m
[35m[HTTP][39m [90m{"using":"xpath","value":"//*[@class = 'android.widget.TextView' and (@text = 'Activate Now' or . = 'Activate Now')]"}[39m
[35m[HTTP][39m [37m<-- POST /wd/hub/session/77ced980-25af-4680-87b7-710d192e9f68/elements [39m[32m200[39m [90m91 ms - 12[39m
[35m[HTTP][39m [90m[39m
[35m[HTTP][39m [37m-->[39m [37mPOST[39m [37m/wd/hub/session/77ced980-25af-4680-87b7-710d192e9f68/elements[39m
[35m[HTTP][39m [90m{"using":"xpath","value":"//*[@class = 'android.widget.TextView' and (@text = 'Activate Now' or . = 'Activate Now')]"}[39m
[35m[HTTP][39m [37m<-- POST /wd/hub/session/77ced980-25af-4680-87b7-710d192e9f68/elements [39m[32m200[39m [90m84 ms - 12[39m
[35m[HTTP][39m [90m[39m
[35m[HTTP][39m [37m-->[39m [37mPOST[39m [37m/wd/hub/session/77ced980-25af-4680-87b7-710d192e9f68/elements[39m
[35m[HTTP][39m [90m{"using":"xpath","value":"//*[@class = 'android.widget.TextView' and (@text = 'Activate Now' or . = 'Activate Now')]"}[39m
[35m[HTTP][39m [37m<-- POST /wd/hub/session/77ced980-25af-4680-87b7-710d192e9f68/elements [39m[32m200[39m [90m85 ms - 12[39m
[35m[HTTP][39m [90m[39m
[35m[HTTP][39m [37m-->[39m [37mPOST[39m [37m/wd/hub/session/77ced980-25af-4680-87b7-710d192e9f68/elements[39m
[35m[HTTP][39m [90m{"using":"xpath","value":"//*[@class = 'android.widget.TextView' and (@text = 'Activate Now' or . = 'Activate Now')]"}[39m
[35m[HTTP][39m [37m<-- POST /wd/hub/session/77ced980-25af-4680-87b7-710d192e9f68/elements [39m[32m200[39m [90m88 ms - 12[39m
[35m[HTTP][39m [90m[39m
[35m[HTTP][39m [37m-->[39m [37mPOST[39m [37m/wd/hub/session/77ced980-25af-4680-87b7-710d192e9f68/elements[39m
[35m[HTTP][39m [90m{"using":"xpath","value":"//*[@class = 'android.widget.TextView' and (@text = 'Activate Now' or . = 'Activate Now')]"}[39m
[35m[HTTP][39m [37m<-- POST /wd/hub/session/77ced980-25af-4680-87b7-710d192e9f68/elements [39m[32m200[39m [90m94 ms - 12[39m
[35m[HTTP][39m [90m[39m
[35m[HTTP][39m [37m-->[39m [37mPOST[39m [37m/wd/hub/session/77ced980-25af-4680-87b7-710d192e9f68/elements[39m
[35m[HTTP][39m [90m{"using":"xpath","value":"//*[@class = 'android.widget.TextView' and (@text = 'Activate Now' or . = 'Activate Now')]"}[39m
[35m[HTTP][39m [37m<-- POST /wd/hub/session/77ced980-25af-4680-87b7-710d192e9f68/elements [39m[32m200[39m [90m88 ms - 12[39m
[35m[HTTP][39m [90m[39m
[35m[HTTP][39m [37m-->[39m [37mPOST[39m [37m/wd/hub/session/77ced980-25af-4680-87b7-710d192e9f68/elements[39m
[35m[HTTP][39m [90m{"using":"xpath","value":"//*[@class = 'android.widget.TextView' and (@text = 'Activate Now' or . = 'Activate Now')]"}[39m
[35m[HTTP][39m [37m<-- POST /wd/hub/session/77ced980-25af-4680-87b7-710d192e9f68/elements [39m[32m200[39m [90m91 ms - 12[39m
[35m[HTTP][39m [90m[39m
[35m[HTTP][39m [37m-->[39m [37mPOST[39m [37m/wd/hub/session/77ced980-25af-4680-87b7-710d192e9f68/elements[39m
[35m[HTTP][39m [90m{"using":"xpath","value":"//*[@class = 'android.widget.TextView' and (@text = 'Activate Now' or . = 'Activate Now')]"}[39m
[35m[HTTP][39m [37m<-- POST /wd/hub/session/77ced980-25af-4680-87b7-710d192e9f68/elements [39m[32m200[39m [90m95 ms - 12[39m
[35m[HTTP][39m [90m[39m
[35m[HTTP][39m [37m-->[39m [37mPOST[39m [37m/wd/hub/session/77ced980-25af-4680-87b7-710d192e9f68/elements[39m
[35m[HTTP][39m [90m{"using":"xpath","value":"//*[@class = 'android.widget.TextView' and (@text = 'Activate Now' or . = 'Activate Now')]"}[39m
[35m[HTTP][39m [37m<-- POST /wd/hub/session/77ced980-25af-4680-87b7-710d192e9f68/elements [39m[32m200[39m [90m87 ms - 12[39m
[35m[HTTP][39m [90m[39m
[35m[HTTP][39m [37m-->[39m [37mPOST[39m [37m/wd/hub/session/77ced980-25af-4680-87b7-710d192e9f68/elements[39m
[35m[HTTP][39m [90m{"using":"xpath","value":"//*[@class = 'android.widget.TextView' and (@text = 'Activate Now' or . = 'Activate Now')]"}[39m
[35m[HTTP][39m [37m<-- POST /wd/hub/session/77ced980-25af-4680-87b7-710d192e9f68/elements [39m[32m200[39m [90m86 ms - 12[39m
[35m[HTTP][39m [90m[39m
[35m[HTTP][39m [37m-->[39m [37mPOST[39m [37m/wd/hub/session/77ced980-25af-4680-87b7-710d192e9f68/elements[39m
[35m[HTTP][39m [90m{"using":"xpath","value":"//*[@class = 'android.widget.TextView' and (@text = 'Activate Now' or . = 'Activate Now')]"}[39m
[35m[HTTP][39m [37m<-- POST /wd/hub/session/77ced980-25af-4680-87b7-710d192e9f68/elements [39m[32m200[39m [90m86 ms - 12[39m
[35m[HTTP][39m [90m[39m
[35m[HTTP][39m [37m-->[39m [37mPOST[39m [37m/wd/hub/session/77ced980-25af-4680-87b7-710d192e9f68/elements[39m
[35m[HTTP][39m [90m{"using":"xpath","value":"//*[@class = 'android.widget.TextView' and (@text = 'Activate Now' or . = 'Activate Now')]"}[39m
[35m[HTTP][39m [37m<-- POST /wd/hub/session/77ced980-25af-4680-87b7-710d192e9f68/elements [39m[32m200[39m [90m96 ms - 12[39m
[35m[HTTP][39m [90m[39m
[35m[HTTP][39m [37m-->[39m [37mPOST[39m [37m/wd/hub/session/77ced980-25af-4680-87b7-710d192e9f68/elements[39m
[35m[HTTP][39m [90m{"using":"xpath","value":"//*[@class = 'android.widget.TextView' and (@text = 'Activate Now' or . = 'Activate Now')]"}[39m
[35m[HTTP][39m [37m<-- POST /wd/hub/session/77ced980-25af-4680-87b7-710d192e9f68/elements [39m[32m200[39m [90m87 ms - 12[39m
[35m[HTTP][39m [90m[39m
[35m[HTTP][39m [37m-->[39m [37mPOST[39m [37m/wd/hub/session/77ced980-25af-4680-87b7-710d192e9f68/elements[39m
[35m[HTTP][39m [90m{"using":"xpath","value":"//*[@class = 'android.widget.TextView' and (@text = 'Activate Now' or . = 'Activate Now')]"}[39m
[35m[HTTP][39m [37m<-- POST /wd/hub/session/77ced980-25af-4680-87b7-710d192e9f68/elements [39m[32m200[39m [90m97 ms - 12[39m
[35m[HTTP][39m [90m[39m
[35m[HTTP][39m [37m-->[39m [37mPOST[39m [37m/wd/hub/session/77ced980-25af-4680-87b7-710d192e9f68/elements[39m
[35m[HTTP][39m [90m{"using":"xpath","value":"//*[@class = 'android.widget.TextView' and (@text = 'Activate Now' or . = 'Activate Now')]"}[39m
[35m[HTTP][39m [37m<-- POST /wd/hub/session/77ced980-25af-4680-87b7-710d192e9f68/elements [39m[32m200[39m [90m85 ms - 12[39m
[35m[HTTP][39m [90m[39m
[35m[HTTP][39m [37m-->[39m [37mPOST[39m [37m/wd/hub/session/77ced980-25af-4680-87b7-710d192e9f68/elements[39m
[35m[HTTP][39m [90m{"using":"xpath","value":"//*[@class = 'android.widget.TextView' and (@text = 'Activate Now' or . = 'Activate Now')]"}[39m
[35m[HTTP][39m [37m<-- POST /wd/hub/session/77ced980-25af-4680-87b7-710d192e9f68/elements [39m[32m200[39m [90m84 ms - 12[39m
[35m[HTTP][39m [90m[39m
[35m[HTTP][39m [37m-->[39m [37mPOST[39m [37m/wd/hub/session/77ced980-25af-4680-87b7-710d192e9f68/elements[39m
[35m[HTTP][39m [90m{"using":"xpath","value":"//*[@class = 'android.widget.TextView' and (@text = 'Activate Now' or . = 'Activate Now')]"}[39m
[35m[HTTP][39m [37m<-- POST /wd/hub/session/77ced980-25af-4680-87b7-710d192e9f68/elements [39m[32m200[39m [90m92 ms - 12[39m
[35m[HTTP][39m [90m[39m
[35m[HTTP][39m [37m-->[39m [37mPOST[39m [37m/wd/hub/session/77ced980-25af-4680-87b7-710d192e9f68/elements[39m
[35m[HTTP][39m [90m{"using":"xpath","value":"//*[@class = 'android.widget.TextView' and (@text = 'Activate Now' or . = 'Activate Now')]"}[39m
[35m[HTTP][39m [37m<-- POST /wd/hub/session/77ced980-25af-4680-87b7-710d192e9f68/elements [39m[32m200[39m [90m80 ms - 12[39m
[35m[HTTP][39m [90m[39m
[35m[HTTP][39m [37m-->[39m [37mPOST[39m [37m/wd/hub/session/77ced980-25af-4680-87b7-710d192e9f68/elements[39m
[35m[HTTP][39m [90m{"using":"xpath","value":"//*[@class = 'android.widget.TextView' and (@text = 'Activate Now' or . = 'Activate Now')]"}[39m
[35m[HTTP][39m [37m<-- POST /wd/hub/session/77ced980-25af-4680-87b7-710d192e9f68/elements [39m[32m200[39m [90m96 ms - 12[39m
[35m[HTTP][39m [90m[39m
[35m[HTTP][39m [37m-->[39m [37mPOST[39m [37m/wd/hub/session/77ced980-25af-4680-87b7-710d192e9f68/elements[39m
[35m[HTTP][39m [90m{"using":"xpath","value":"//*[@class = 'android.widget.TextView' and (@text = 'Activate Now' or . = 'Activate Now')]"}[39m
[35m[HTTP][39m [37m<-- POST /wd/hub/session/77ced980-25af-4680-87b7-710d192e9f68/elements [39m[32m200[39m [90m77 ms - 12[39m
[35m[HTTP][39m [90m[39m
[35m[HTTP][39m [37m-->[39m [37mPOST[39m [37m/wd/hub/session/77ced980-25af-4680-87b7-710d192e9f68/elements[39m
[35m[HTTP][39m [90m{"using":"xpath","value":"//*[@class = 'android.widget.TextView' and (@text = 'Activate Now' or . = 'Activate Now')]"}[39m
[35m[HTTP][39m [37m<-- POST /wd/hub/session/77ced980-25af-4680-87b7-710d192e9f68/elements [39m[32m200[39m [90m79 ms - 12[39m
[35m[HTTP][39m [90m[39m
[35m[HTTP][39m [37m-->[39m [37mPOST[39m [37m/wd/hub/session/77ced980-25af-4680-87b7-710d192e9f68/elements[39m
[35m[HTTP][39m [90m{"using":"xpath","value":"//*[@class = 'android.widget.TextView' and (@text = 'Activate Now' or . = 'Activate Now')]"}[39m
[35m[HTTP][39m [37m<-- POST /wd/hub/session/77ced980-25af-4680-87b7-710d192e9f68/elements [39m[32m200[39m [90m90 ms - 12[39m
[35m[HTTP][39m [90m[39m
[35m[HTTP][39m [37m-->[39m [37mPOST[39m [37m/wd/hub/session/77ced980-25af-4680-87b7-710d192e9f68/elements[39m
[35m[HTTP][39m [90m{"using":"xpath","value":"//*[@class = 'android.widget.TextView' and (@text = 'Activate Now' or . = 'Activate Now')]"}[39m
[35m[HTTP][39m [37m<-- POST /wd/hub/session/77ced980-25af-4680-87b7-710d192e9f68/elements [39m[32m200[39m [90m73 ms - 12[39m
[35m[HTTP][39m [90m[39m
[35m[HTTP][39m [37m-->[39m [37mPOST[39m [37m/wd/hub/session/77ced980-25af-4680-87b7-710d192e9f68/elements[39m
[35m[HTTP][39m [90m{"using":"xpath","value":"//*[@class = 'android.widget.TextView' and (@text = 'Activate Now' or . = 'Activate Now')]"}[39m
[35m[HTTP][39m [37m<-- POST /wd/hub/session/77ced980-25af-4680-87b7-710d192e9f68/elements [39m[32m200[39m [90m60 ms - 12[39m
[35m[HTTP][39m [90m[39m
[35m[HTTP][39m [37m-->[39m [37mPOST[39m [37m/wd/hub/session/77ced980-25af-4680-87b7-710d192e9f68/elements[39m
[35m[HTTP][39m [90m{"using":"xpath","value":"//*[@class = 'android.widget.TextView' and (@text = 'Activate Now' or . = 'Activate Now')]"}[39m
[35m[HTTP][39m [37m<-- POST /wd/hub/session/77ced980-25af-4680-87b7-710d192e9f68/elements [39m[32m200[39m [90m93 ms - 12[39m
[35m[HTTP][39m [90m[39m
[35m[HTTP][39m [37m-->[39m [37mPOST[39m [37m/wd/hub/session/77ced980-25af-4680-87b7-710d192e9f68/elements[39m
[35m[HTTP][39m [90m{"using":"xpath","value":"//*[@class = 'android.widget.TextView' and (@text = 'Activate Now' or . = 'Activate Now')]"}[39m
[35m[HTTP][39m [37m<-- POST /wd/hub/session/77ced980-25af-4680-87b7-710d192e9f68/elements [39m[32m-[39m [90m- ms - -[39m
[35m[HTTP][39m [90m[39m
